
--------------------------------------------------------------------------------
--- Ligand                                                                   ---
--------------------------------------------------------------------------------
  Ligand loaded from file                  : /nfs/home/myuecel3/Frontiers_MedChem/data/output/gold_docking_step1/prep_ligand_12.mol2
  Ligand name                              :  
  "RDKit          3D                                                        "

--------------------------------------------------------------------------------
  N.plc donors                             : 
  none found

  Acidic nitrogen acceptors                : 
  none found
  Sulfur acceptors                         :
  22 : (thiol or thioether)    (S)  

  Donor atoms                              :      2
  5   6   
  Acceptor atoms                           :      4
  5   8   10  18  

  Hydrogens                                :  (n = 2)
  32   33   

  Lone pairs added to molecule             :      6
  Numbering                                : from 43 to 48

--------------------------------------------------------------------------------
--- Postprocessing of typing                                                 ---
--------------------------------------------------------------------------------
  Fragment file                            : /appl/ccdc/CSDS2022/Discovery_2022/GOLD/gold/rotatable_bond_override.mol2
  acylurea fragment                        : no matches
  thioacylthiourea fragment                : no matches
  acylthiourea fragment                    : no matches
  thioacylurea fragment                    : no matches
  diarylamine fragment >C.ar-NH-C.ar<      : no matches
  sec-amine (1) fragment                   : no matches
  sec-amine (2) fragment                   : 1 matches
  Ligand bond 6-7  set to 1
  Ligand bond 6-3  set to 1
  Ligand bond 6-33  set to 1
  sec-amine (3) fragment                   : no matches
  carboxylic ester                         : no matches

* Rotatable bonds in /nfs/home/myuecel3/F  :
  [   2    3] [   3    4] [   4    5] [   3    6] 
  [   6    7] [  13   14] [  17   18] 
  No. of rotatable bonds                   :      7


* Reading torsional distributions from file:
  /appl/ccdc/CSDS2022/Discovery_2022/GOLD/gold/gold.tordist
  No. of bins in torsional distributions   :     36
  Minimum size of largest peak             :      0
  Removing high energy torsions            : on
  Delta E set to                           :   2.500

* Fragments found in /nfs/home/myuecel3/F  :
  atom  14: benzene
  atom  15: benzene
  atom  16: benzene
  atom  17: benzene
  atom  20: benzene
  atom  21: benzene


* Checking torsion distributions:                                               
  Rotatable bond [20 17 18 19] matches torsion: aromatic methoxy
   C.ar ( 1H ) | C.ar ( C.ar ( 1H ) ) | O.3 | C.3 ( 3H ) 
  No. of matched torsions                  :      1

--------------------------------------------------------------------------------
--- Shape fitting atoms selection (hydrophobic atoms)                        ---
--------------------------------------------------------------------------------
  Molecule                                 : /nfs/home/myuecel3/Frontiers_MedChem/data/output/gold_docking_step1/prep_ligand_12.mol2
  Selection                                : carbons only
  Atom numbers                             :  (n = 11)
  1    2    3    4    9    12   15   16   19   20   
  21   


--------------------------------------------------------------------------------
--- ChemScore ligand setup summary                                           ---
--------------------------------------------------------------------------------
  ChemScore ligand acceptors               :      4
  5 8 10 18 
  ChemScore ligand donors                  :      2
  5 ( 32  ) 6 ( 33  ) 
  ChemScore ligand CH donors               :      1
  9 ( 34 ) 

  ChemScore ligand lipophilic atoms        :  (n = 16)
  1    2    3    4    11   12   13   14   15   16   
  17   19   20   21   22   23   

  ChemScore ligand rotatable bonds         :      7
  2   (C2 ) - 3   (C3 ): SP3_SP3_BOND
  3   (C3 ) - 4   (C4 ): SP3_SP3_BOND
  4   (C4 ) - 5   (O5 ): SP3_SP3_BOND
  3   (C3 ) - 6   (N6 ): SP3_SP2_BOND
  6   (N6 ) - 7   (C7 ): SP2_SP2_BOND
  13  (C13) - 14  (C14): SP2_SP2_BOND
  17  (C17) - 18  (O18): SP3_SP2_BOND

--------------------------------------------------------------------------------
--- PLP ligand setup summary                                                 ---
--------------------------------------------------------------------------------
    1    C1   C.3 NONPOLAR
    2    C2   C.3 NONPOLAR
    3    C3   C.3 NONPOLAR
    4    C4   C.3 NONPOLAR
    5    O5   O.3 DONACC
    6    N6 N.pl3 DONOR
    7    C7  C.ar NONPOLAR
    8    N8  N.ar ACCEPTOR
    9    C9  C.ar NONPOLAR
   10   N10  N.ar ACCEPTOR
   11   C11  C.ar NONPOLAR
   12   C12   C.2 NONPOLAR
   13   C13   C.2 NONPOLAR
   14   C14  C.ar NONPOLAR
   15   C15  C.ar NONPOLAR
   16   C16  C.ar NONPOLAR
   17   C17  C.ar NONPOLAR
   18   O18   O.3 ACCEPTOR
   19   C19   C.3 NONPOLAR
   20   C20  C.ar NONPOLAR
   21   C21  C.ar NONPOLAR
   22   S22   S.3 NONPOLAR
   23   C23  C.ar NONPOLAR

--------------------------------------------------------------------------------
--- Automatic parameter setting                                              ---
--------------------------------------------------------------------------------
  Contribution base                        :   2500
  Contribution per rotatable bond          :   6000
  Contribution per df                      :   4000
  Contribution per water                   :  10000
  Ligand rotatable bonds                   :      7
  Protein flexible side chain bonds        :      0
  Total rotatable bonds                    :      7
  Hydrophobic vol ratio (P/L)              :   1.321
  Base multiplier (polar)                  :   1.200
  Base multiplier (apolar)                 :   2.907
  Base contribution                        : 10000.000
  Fitting points                           :      6
  Estimated maxops needed (optimal)        :  52500
  Autoscale factor (in percent)            :     10
  Scaled maxops                            :   5500

--------------------------------------------------------------------------------

* Population settings                                                           
  maxops                                   :   5500
  popsiz                                   :    100
  select_pressure                          :   1.100
  n_islands                                :      1
  niche_siz                                :      2

* GA settings                                                                   
  pt_crosswt                               :    100
  allele_mutatewt                          :    100
  migratewt                                :      0

* Search settings                                                               
  start_vdw_linear_cutoff                  :   4.000
  initial_virtual_pt_match_max             :   3.000

--------------------------------------------------------------------------------

* Ligand initialisation time :                                                  
  total  0.0071 user  0.0071 sys  0.0000

--------------------------------------------------------------------------------

--------------------------------------------------------------------------------
** Docking run number  1 **
--------------------------------------------------------------------------------
  Rank fitness base is 5000.00 ; increment is 11.2233

* Initialising population(s) ...                                                
Number of constraints mappings 0
Number of constraints 0
  Population no.                           :      1
  Population size                          :    100
  Number of duplicates                     :      0
  Number of niche violations               :      0
  Number of errors                         :    174


Doing GA, no. of population(s) 1 size 100 selection pressure 1.100000

 Operation      Score     S(PLP)   S(hbond)     S(cho)   S(metal)  DE(clash)   DE(tors)     intcor
         0       9.30      -9.74       0.76       0.00       0.00       0.00       1.66       0.58
        70      17.78     -21.18       0.02       0.00       0.00       0.00       2.02       0.58
       124      20.97     -27.39       0.00       0.00       0.00       0.25       3.38       0.58
       749      28.91     -37.46       0.00       0.00       0.00       5.76       1.69       0.58
      1218      28.91     -37.46       0.00       0.00       0.00       5.76       1.69       0.58
      1373      30.17     -33.08       0.00       0.00       0.00       0.00       1.75       0.58
      1409      31.18     -34.09       0.00       0.00       0.00       0.00       1.75       0.58
      1572      31.53     -34.04       0.07       0.00       0.00       0.00       1.65       0.58
      1763      32.95     -35.27       0.00       0.00       0.00       0.00       1.45       0.58
      1916      33.35     -35.31       0.09       0.00       0.00       0.00       1.41       0.58
      2188      34.36     -35.99       0.00       0.00       0.00       0.00       1.11       0.58
      2485      35.48     -38.80       0.00       0.00       0.00       0.00       1.95       0.58
      2511      38.92     -42.57       0.00       0.00       0.00       0.00       2.11       0.58
      3049      39.25     -42.89       0.00       0.00       0.00       0.00       2.11       0.58
      3095      40.57     -43.65       0.00       0.00       0.00       0.00       1.83       0.58
      3219      40.60     -43.58       0.00       0.00       0.00       0.00       1.78       0.58
      3371      41.14     -43.76       0.00       0.00       0.00       0.00       1.60       0.58
      3382      42.36     -45.06       0.00       0.00       0.00       0.00       1.64       0.58
      4073      43.05     -45.42       0.00       0.00       0.00       0.00       1.48       0.58
      4348      43.43     -43.64       0.87       0.00       0.00       0.00       1.69       0.58
      4457      43.56     -45.78       0.40       0.00       0.00       0.00       2.00       0.58
      4521      44.09     -44.96       0.63       0.00       0.00       0.00       1.67       0.58
      4646      46.34     -45.70       1.36       0.00       0.00       0.00       2.00       0.58
      5198      47.27     -45.78       1.60       0.00       0.00       0.00       1.96       0.58
--------------------------------------------------------------------------------
Best docking solution after GA:
      5500      47.27     -45.78       1.60       0.00       0.00       0.00       1.96       0.58

#ops:       5500 #mutates:   2713 #cross:     2787 #dups:      1521 
#niche:     3199 #errors:     114 
--------------------------------------------------------------------------------

Doing AMOEBA simplex on best individual
Done simplexing #iterations 596, best score  49.68

Ligand is stored in gold_soln_prep_ligand_12_m1_1.mol2


--------------------------------------------------------------------------------
--- CHEMPLP breakdown of terms                                               ---
--------------------------------------------------------------------------------
CHEMPLP = - ( 1.0000*S(PLP) + -3.0000*S(hbond) + -6.0000*S(metal) + -3.0000*S(cho) )

Score = CHEMPLP - 1.0000*DE(clash) - 2.0000*DE(tors)

Internal energy term has been corrected with the best internal energy encountered.

--------------------------------------------------------------------------------


     Score     S(PLP)   S(hbond)     S(cho)   S(metal)  DE(clash)   DE(tors)     intcor
     49.68     -46.68       1.92       0.00       0.00       0.00       1.67       0.58

--------------------------------------------------------------------------------
--- PLP analysis of protein-ligand interactions                              ---
--------------------------------------------------------------------------------
hydrogen bonding        :      -2.00
metal                   :       0.00
buried (polar-nonpolar) :      -8.70
nonpolar                :     -37.53
repulsive               :       0.14
--------------------------------------------------------------------------------


--------------------------------------------------------------------------------
--- ChemScore analysis of protein-ligand interactions                        ---
--------------------------------------------------------------------------------

* Hydrogen bonds                                                                
Ligand donor    5 hydrogen   32 Protein acceptor  386 bond energy  1.00 wt 1.00
Protein donor 5035 hydrogen 5036 Ligand acceptor    5 bond energy  1.00 wt 0.92


* CH..O interactions                                                            
  CH group selection                       : activated ring CH (adjacent to hetatom)

--------------------------------------------------------------------------------


--------------------------------------------------------------------------------
--- Intra-ligand clashes                                                     ---
--------------------------------------------------------------------------------

Ligand
--------------------------------------------------------------------------------


--------------------------------------------------------------------------------
--- Chromosome decoded                                                       ---
--------------------------------------------------------------------------------
Ligand Torsions
[   1    2    3    4]  176.91
[   5    4    3    2] -115.48
[  32    5    4    3]  -59.29
[   2    3    6    7]  -52.53
[   3    6    7    8]   88.67
[  15   14   13   12]   -7.39
[  20   17   18   19]  180.00    matched torsion: aromatic methoxy
Protein Torsions
[ 489  484  483  480]   -2.79 
[1635 1626 1625 1623]   60.84 
[1707 1702 1701 1698]  -25.61 
[1839 1828 1827 1826]  162.82 
Mapping
Ligand acceptors to protein hydrogens (mapping then atom ids)
Ligand hydrogens to protein acceptors (mapping then atom ids)
Ligand shape atoms to protein points (mapping then atom ids & coords)
  1  7154 [  1->( -9.000  13.250  19.500)]
  2  7082 [  2->(-10.000  13.250  19.500)]
  3  6624 [  3->(-11.500  13.500  19.750)]
  4  6640 [  4->(-11.500  14.750  19.250)]
  5  4580 [  9->(-15.250  14.000  19.500)]
  6  3393 [ 12->(-16.750  17.000  20.500)]
  9  1231 [ 19->(-21.000  22.250  19.750)]
Chromosome values
Integers:
  -1   -1   -1   -1   -1   -1 7153 7081 6623 6639 4579 3392 
  -1   -1 1230   -1   -1 
--------------------------------------------------------------------------------

Current Ranking  1

--------------------------------------------------------------------------------

* GA execution time :                                                           
  total  0.0926 user  0.0926 sys  0.0000

--------------------------------------------------------------------------------
Fitness function evaluations: 11717

--------------------------------------------------------------------------------
** Docking run number  2 **
--------------------------------------------------------------------------------
  Rank fitness base is 5000.00 ; increment is 11.2233

* Initialising population(s) ...                                                
Number of constraints mappings 0
Number of constraints 0
  Population no.                           :      1
  Population size                          :    100
  Number of duplicates                     :      0
  Number of niche violations               :      0
  Number of errors                         :    160


Doing GA, no. of population(s) 1 size 100 selection pressure 1.100000

 Operation      Score     S(PLP)   S(hbond)     S(cho)   S(metal)  DE(clash)   DE(tors)     intcor
         0      14.33     -22.61       0.32       0.00       0.00       3.75       3.03       0.58
       131      17.61     -25.28       0.32       0.00       0.00       3.75       2.72       0.58
       396      20.46     -25.84       0.88       0.00       0.00       3.75       2.43       0.58
       398      21.48     -24.53       0.00       0.00       0.00       0.21       1.71       0.58
       579      28.96     -34.32       0.56       0.00       0.00       2.86       2.37       0.58
      1005      29.06     -32.55       0.00       0.14       0.00       0.00       2.24       0.58
      1182      33.98     -41.61       0.00       0.00       0.00       5.40       1.41       0.58
      1423      34.01     -34.80       0.00       0.00       0.00       0.00       0.69       0.58
      1763      34.59     -42.22       0.00       0.00       0.00       5.40       1.41       0.58
      1792      36.48     -37.27       0.00       0.00       0.00       0.00       0.69       0.58
      1877      36.98     -37.73       0.00       0.00       0.00       0.00       0.67       0.58
      2645      37.14     -37.90       0.00       0.00       0.00       0.00       0.67       0.58
      2658      38.14     -38.51       0.71       0.00       0.00       0.00       1.54       0.58
      3218      38.25     -40.06       0.00       0.00       0.00       0.00       1.19       0.58
      3359      38.74     -40.04       0.00       0.00       0.00       0.00       0.94       0.58
      3401      39.06     -41.17       0.00       0.00       0.00       0.00       1.34       0.58
      3524      39.22     -40.71       0.00       0.00       0.00       0.00       1.03       0.58
      3715      39.27     -40.53       0.00       0.00       0.00       0.00       0.92       0.58
      3718      40.70     -42.01       0.00       0.00       0.00       0.00       0.94       0.58
      4523      41.42     -43.00       0.00       0.00       0.00       0.00       1.08       0.58
      4843      41.45     -43.00       0.00       0.00       0.00       0.00       1.07       0.58
      4989      41.60     -42.23       0.00       0.00       0.00       0.00       0.60       0.58
      5111      41.68     -42.49       0.00       0.00       0.00       0.00       0.69       0.58
      5115      41.91     -43.23       0.08       0.00       0.00       0.00       1.08       0.58
      5206      42.23     -43.40       0.00       0.00       0.00       0.00       0.87       0.58
      5331      42.27     -43.77       0.00       0.00       0.00       0.00       1.04       0.58
      5358      43.14     -44.70       0.00       0.00       0.00       0.00       1.07       0.58
--------------------------------------------------------------------------------
Best docking solution after GA:
      5500      43.14     -44.70       0.00       0.00       0.00       0.00       1.07       0.58

#ops:       5500 #mutates:   2736 #cross:     2764 #dups:      1202 
#niche:     3268 #errors:      95 
--------------------------------------------------------------------------------

Doing AMOEBA simplex on best individual
Done simplexing #iterations 502, best score  45.16

Ligand is stored in gold_soln_prep_ligand_12_m1_2.mol2


--------------------------------------------------------------------------------
--- CHEMPLP breakdown of terms                                               ---
--------------------------------------------------------------------------------
CHEMPLP = - ( 1.0000*S(PLP) + -3.0000*S(hbond) + -6.0000*S(metal) + -3.0000*S(cho) )

Score = CHEMPLP - 1.0000*DE(clash) - 2.0000*DE(tors)

Internal energy term has been corrected with the best internal energy encountered.

--------------------------------------------------------------------------------


     Score     S(PLP)   S(hbond)     S(cho)   S(metal)  DE(clash)   DE(tors)     intcor
     45.16     -47.10       0.00       0.00       0.00       0.00       1.26       0.58

--------------------------------------------------------------------------------
--- PLP analysis of protein-ligand interactions                              ---
--------------------------------------------------------------------------------
hydrogen bonding        :      -1.40
metal                   :       0.00
buried (polar-nonpolar) :      -6.30
nonpolar                :     -40.43
repulsive               :       0.11
--------------------------------------------------------------------------------


--------------------------------------------------------------------------------
--- ChemScore analysis of protein-ligand interactions                        ---
--------------------------------------------------------------------------------

* Hydrogen bonds                                                                


* CH..O interactions                                                            
  CH group selection                       : activated ring CH (adjacent to hetatom)

--------------------------------------------------------------------------------


--------------------------------------------------------------------------------
--- Intra-ligand clashes                                                     ---
--------------------------------------------------------------------------------

Ligand
--------------------------------------------------------------------------------


--------------------------------------------------------------------------------
--- Chromosome decoded                                                       ---
--------------------------------------------------------------------------------
Ligand Torsions
[   1    2    3    4]  172.69
[   5    4    3    2]   83.41
[  32    5    4    3]  -77.98
[   2    3    6    7]   90.68
[   3    6    7    8]  -40.95
[  15   14   13   12] -155.74
[  20   17   18   19]  -12.94    matched torsion: aromatic methoxy
Protein Torsions
[ 489  484  483  480]  107.29 
[1635 1626 1625 1623]  137.98 
[1707 1702 1701 1698]  -44.23 
[1839 1828 1827 1826]  -83.16 
Mapping
Ligand acceptors to protein hydrogens (mapping then atom ids)
Ligand hydrogens to protein acceptors (mapping then atom ids)
Ligand shape atoms to protein points (mapping then atom ids & coords)
  3  5754 [  3->(-13.000  15.000  20.250)]
  5  3930 [  9->(-16.000  12.250  20.250)]
  6  3172 [ 12->(-17.000  16.000  20.000)]
  8  3007 [ 16->(-17.500  19.500  19.750)]
  9  1174 [ 19->(-21.000  20.250  20.750)]
 10  2896 [ 20->(-17.750  19.250  20.000)]
 11  2708 [ 21->(-18.000  17.750  21.250)]
Chromosome values
Integers:
  -1   -1   -1   -1   -1   -1   -1   -1 5753   -1 3929 3171 
  -1 3006 1173 2895 2707 
--------------------------------------------------------------------------------

Current Ranking  1  2

--------------------------------------------------------------------------------

* GA execution time :                                                           
  total  0.0822 user  0.0822 sys  0.0000

--------------------------------------------------------------------------------
Fitness function evaluations: 11597

--------------------------------------------------------------------------------
** Docking run number  3 **
--------------------------------------------------------------------------------
  Rank fitness base is 5000.00 ; increment is 11.2233

* Initialising population(s) ...                                                
Number of constraints mappings 0
Number of constraints 0
  Population no.                           :      1
  Population size                          :    100
  Number of duplicates                     :      0
  Number of niche violations               :      0
  Number of errors                         :    193


Doing GA, no. of population(s) 1 size 100 selection pressure 1.100000

 Operation      Score     S(PLP)   S(hbond)     S(cho)   S(metal)  DE(clash)   DE(tors)     intcor
         0      17.02     -17.84       0.31       0.00       0.00       0.00       1.17       0.31
       466      24.82     -29.24       0.00       0.39       0.00       1.31       2.29       0.31
       841      27.28     -28.19       0.00       1.00       0.00       0.00       2.11       0.31
      1283      29.83     -30.73       0.00       1.00       0.00       0.00       2.11       0.31
      1296      35.75     -37.40       2.00       1.00       0.00       5.77       2.60       0.31
      1720      43.51     -41.05       1.19       1.00       0.00       0.39       2.01       0.31
      3395      44.78     -41.05       1.61       1.00       0.00       0.39       2.01       0.31
      5063      45.10     -41.44       1.61       1.00       0.00       0.39       2.04       0.31
      5377      46.57     -43.81       1.28       1.00       0.00       0.39       2.01       0.31
--------------------------------------------------------------------------------
Best docking solution after GA:
      5500      46.57     -43.81       1.28       1.00       0.00       0.39       2.01       0.31

#ops:       5500 #mutates:   2724 #cross:     2776 #dups:      1531 
#niche:     3343 #errors:     181 
--------------------------------------------------------------------------------

Doing AMOEBA simplex on best individual
Done simplexing #iterations 764, best score  63.81

Ligand is stored in gold_soln_prep_ligand_12_m1_3.mol2


--------------------------------------------------------------------------------
--- CHEMPLP breakdown of terms                                               ---
--------------------------------------------------------------------------------
CHEMPLP = - ( 1.0000*S(PLP) + -3.0000*S(hbond) + -6.0000*S(metal) + -3.0000*S(cho) )

Score = CHEMPLP - 1.0000*DE(clash) - 2.0000*DE(tors)

Internal energy term has been corrected with the best internal energy encountered.

--------------------------------------------------------------------------------


     Score     S(PLP)   S(hbond)     S(cho)   S(metal)  DE(clash)   DE(tors)     intcor
     63.81     -57.73       2.00       1.00       0.00       0.00       1.62       0.31

--------------------------------------------------------------------------------
--- PLP analysis of protein-ligand interactions                              ---
--------------------------------------------------------------------------------
hydrogen bonding        :      -3.69
metal                   :       0.00
buried (polar-nonpolar) :      -0.52
nonpolar                :     -52.68
repulsive               :       0.18
--------------------------------------------------------------------------------


--------------------------------------------------------------------------------
--- ChemScore analysis of protein-ligand interactions                        ---
--------------------------------------------------------------------------------

* Hydrogen bonds                                                                
Ligand donor    5 hydrogen   32 Protein acceptor 2696 bond energy  1.00 wt 1.00
Protein donor 1636 hydrogen 1644 Ligand acceptor   10 bond energy  1.00 wt 1.00


* CH..O interactions                                                            
  CH group selection                       : activated ring CH (adjacent to hetatom)
Ligand carbon    9 hydrogen   34 Protein acceptor 1603 bond energy  1.00 wt 1.00

--------------------------------------------------------------------------------


--------------------------------------------------------------------------------
--- Intra-ligand clashes                                                     ---
--------------------------------------------------------------------------------

Ligand
--------------------------------------------------------------------------------


--------------------------------------------------------------------------------
--- Chromosome decoded                                                       ---
--------------------------------------------------------------------------------
Ligand Torsions
[   1    2    3    4]  118.57
[   5    4    3    2] -175.56
[  32    5    4    3]  172.79
[   2    3    6    7]  -76.75
[   3    6    7    8] -100.33
[  15   14   13   12]   -3.66
[  20   17   18   19]    3.22    matched torsion: aromatic methoxy
Protein Torsions
[ 489  484  483  480]   19.94 
[1635 1626 1625 1623]   14.76 
[1707 1702 1701 1698] -125.26 
[1839 1828 1827 1826] -126.88 
Mapping
Ligand acceptors to protein hydrogens (mapping then atom ids)
Ligand hydrogens to protein acceptors (mapping then atom ids)
Ligand shape atoms to protein points (mapping then atom ids & coords)
  2  5293 [  2->(-13.750  15.000  20.500)]
  5  5841 [  9->(-12.750  11.250  19.000)]
  6  6967 [ 12->(-10.500  12.250  19.000)]
Chromosome values
Integers:
  -1   -1   -1   -1   -1   -1   -1 5292   -1   -1 5840 6966 
  -1   -1   -1   -1   -1 
--------------------------------------------------------------------------------

Current Ranking  3  1  2

--------------------------------------------------------------------------------

* GA execution time :                                                           
  total  0.0822 user  0.0812 sys  0.0010

--------------------------------------------------------------------------------
Fitness function evaluations: 11985

--------------------------------------------------------------------------------
** Docking run number  4 **
--------------------------------------------------------------------------------
  Rank fitness base is 5000.00 ; increment is 11.2233

* Initialising population(s) ...                                                
Number of constraints mappings 0
Number of constraints 0
  Population no.                           :      1
  Population size                          :    100
  Number of duplicates                     :      0
  Number of niche violations               :      0
  Number of errors                         :    160


Doing GA, no. of population(s) 1 size 100 selection pressure 1.100000

 Operation      Score     S(PLP)   S(hbond)     S(cho)   S(metal)  DE(clash)   DE(tors)     intcor
         0      14.10     -18.69       0.00       0.00       0.00       2.38       1.26       0.31
        20      23.42     -28.13       0.00       0.00       0.00       0.42       2.30       0.31
       158      23.77     -28.64       0.00       0.00       0.00       0.42       2.38       0.31
       870      27.00     -30.96       0.00       0.00       0.00       0.00       2.14       0.31
      1046      30.18     -32.20       0.00       0.84       0.00       0.00       2.43       0.31
      1106      31.16     -38.55       0.00       0.50       0.00       2.48       3.36       0.31
      1631      31.71     -37.91       0.25       0.31       0.00       2.14       3.02       0.31
      1817      32.02     -34.44       0.00       0.92       0.00       0.00       2.74       0.31
      2032      34.13     -36.61       0.03       0.36       0.00       0.00       1.98       0.31
      2450      36.82     -38.64       0.04       0.57       0.00       0.00       1.98       0.31
      2523      36.87     -38.68       0.05       0.57       0.00       0.00       1.99       0.31
      2668      36.87     -38.88       0.02       0.55       0.00       0.00       2.02       0.31
      2897      37.12     -39.33       0.01       0.65       0.00       0.00       2.25       0.31
      2906      38.00     -38.31       0.00       0.94       0.00       0.00       1.71       0.31
      3019      39.92     -38.28       0.67       0.93       0.00       0.00       1.73       0.31
      3367      40.31     -38.72       0.64       0.94       0.00       0.00       1.73       0.31
      3618      40.69     -44.32       0.15       0.73       0.00       2.35       2.11       0.31
      4405      41.25     -42.69       0.00       0.76       0.00       0.00       2.01       0.31
      4780      42.56     -43.23       0.00       0.69       0.00       0.00       1.52       0.31
      4814      42.59     -43.27       0.00       0.69       0.00       0.00       1.53       0.31
      4824      42.64     -44.18       0.15       0.73       0.00       0.00       2.24       0.31
      5146      43.17     -44.29       0.00       0.70       0.00       0.00       1.76       0.31
      5235      44.95     -46.51       0.19       0.75       0.00       0.00       2.34       0.31
      5473      44.96     -46.94       0.13       0.69       0.00       0.00       2.37       0.31
--------------------------------------------------------------------------------
Best docking solution after GA:
      5500      44.96     -46.94       0.13       0.69       0.00       0.00       2.37       0.31

#ops:       5500 #mutates:   2721 #cross:     2779 #dups:      1420 
#niche:     3152 #errors:     205 
--------------------------------------------------------------------------------

Doing AMOEBA simplex on best individual
Done simplexing #iterations 913, best score  48.95

Ligand is stored in gold_soln_prep_ligand_12_m1_4.mol2


--------------------------------------------------------------------------------
--- CHEMPLP breakdown of terms                                               ---
--------------------------------------------------------------------------------
CHEMPLP = - ( 1.0000*S(PLP) + -3.0000*S(hbond) + -6.0000*S(metal) + -3.0000*S(cho) )

Score = CHEMPLP - 1.0000*DE(clash) - 2.0000*DE(tors)

Internal energy term has been corrected with the best internal energy encountered.

--------------------------------------------------------------------------------


     Score     S(PLP)   S(hbond)     S(cho)   S(metal)  DE(clash)   DE(tors)     intcor
     48.95     -49.72       0.55       0.62       0.00       0.00       2.29       0.31

--------------------------------------------------------------------------------
--- PLP analysis of protein-ligand interactions                              ---
--------------------------------------------------------------------------------
hydrogen bonding        :      -1.89
metal                   :       0.00
buried (polar-nonpolar) :      -7.83
nonpolar                :     -40.74
repulsive               :       0.16
--------------------------------------------------------------------------------


--------------------------------------------------------------------------------
--- ChemScore analysis of protein-ligand interactions                        ---
--------------------------------------------------------------------------------

* Hydrogen bonds                                                                
Ligand donor    5 hydrogen   32 Protein acceptor 1603 bond energy  1.00 wt 0.55


* CH..O interactions                                                            
  CH group selection                       : activated ring CH (adjacent to hetatom)
Ligand carbon    9 hydrogen   34 Protein acceptor  386 bond energy  1.00 wt 0.62

--------------------------------------------------------------------------------


--------------------------------------------------------------------------------
--- Intra-ligand clashes                                                     ---
--------------------------------------------------------------------------------

Ligand
--------------------------------------------------------------------------------


--------------------------------------------------------------------------------
--- Chromosome decoded                                                       ---
--------------------------------------------------------------------------------
Ligand Torsions
[   1    2    3    4]   75.61
[   5    4    3    2]  -87.26
[  32    5    4    3]  132.38
[   2    3    6    7]   13.04
[   3    6    7    8]    9.73
[  15   14   13   12]   75.16
[  20   17   18   19]  180.00    matched torsion: aromatic methoxy
Protein Torsions
[ 489  484  483  480]  111.02 
[1635 1626 1625 1623]   77.81 
[1707 1702 1701 1698]  127.74 
[1839 1828 1827 1826]   77.48 
Mapping
Ligand acceptors to protein hydrogens (mapping then atom ids)
Ligand hydrogens to protein acceptors (mapping then atom ids)
Ligand shape atoms to protein points (mapping then atom ids & coords)
  2  5385 [  2->(-13.500  11.750  19.750)]
  3  6038 [  3->(-12.500  12.750  19.500)]
  6  4905 [ 12->(-14.750  18.250  21.500)]
  9   484 [ 19->(-22.500  20.250  20.750)]
Chromosome values
Integers:
  -1   -1   -1   -1   -1   -1   -1 5384 6037   -1   -1 4904 
  -1   -1  483   -1   -1 
--------------------------------------------------------------------------------

Current Ranking  3  1  4  2

--------------------------------------------------------------------------------

* GA execution time :                                                           
  total  0.0859 user  0.0859 sys  0.0000

--------------------------------------------------------------------------------
Fitness function evaluations: 12178

--------------------------------------------------------------------------------
** Docking run number  5 **
--------------------------------------------------------------------------------
  Rank fitness base is 5000.00 ; increment is 11.2233

* Initialising population(s) ...                                                
Number of constraints mappings 0
Number of constraints 0
  Population no.                           :      1
  Population size                          :    100
  Number of duplicates                     :      0
  Number of niche violations               :      0
  Number of errors                         :    159


Doing GA, no. of population(s) 1 size 100 selection pressure 1.100000

 Operation      Score     S(PLP)   S(hbond)     S(cho)   S(metal)  DE(clash)   DE(tors)     intcor
         0      15.85     -16.24       0.12       0.00       0.00       0.00       0.53       0.31
        77      19.28     -19.97       0.14       0.00       0.00       0.00       0.71       0.31
       448      20.77     -19.89       0.00       0.54       0.00       0.00       0.53       0.31
       581      26.40     -25.24       0.00       0.63       0.00       0.00       0.53       0.31
       621      26.40     -25.24       0.00       0.63       0.00       0.00       0.53       0.31
       674      26.79     -29.51       0.00       0.00       0.00       0.00       1.51       0.31
       924      31.40     -33.14       0.00       0.00       0.00       0.00       1.02       0.31
      1553      33.52     -34.65       0.00       0.00       0.00       0.00       0.72       0.31
      1887      34.24     -38.23       0.00       0.48       0.00       0.00       2.87       0.31
      2548      34.41     -36.56       0.00       0.00       0.00       0.00       1.23       0.31
      2672      34.50     -36.61       0.00       0.00       0.00       0.00       1.21       0.31
      2947      34.82     -33.07       1.00       0.00       0.00       0.00       0.78       0.31
      2983      36.27     -37.88       0.00       0.00       0.00       0.00       0.96       0.31
      3335      36.39     -38.19       0.00       0.00       0.00       0.00       1.05       0.31
      3596      36.47     -38.20       0.00       0.00       0.00       0.00       1.02       0.31
      3675      36.81     -38.57       0.00       0.00       0.00       0.00       1.03       0.31
      3934      36.84     -38.64       0.00       0.00       0.00       0.00       1.06       0.31
      3978      37.04     -38.92       0.00       0.00       0.00       0.00       1.10       0.31
      4065      37.26     -38.97       0.00       0.00       0.00       0.00       1.01       0.31
      4378      37.48     -39.16       0.00       0.00       0.00       0.00       0.99       0.31
      4601      38.13     -38.95       0.25       0.00       0.00       0.00       0.94       0.31
      4709      41.71     -43.38       0.00       0.00       0.00       0.00       0.99       0.31
      4756      41.71     -43.38       0.00       0.00       0.00       0.00       0.99       0.31
      4959      41.72     -43.43       0.00       0.00       0.00       0.00       1.01       0.31
      5301      41.91     -43.55       0.00       0.00       0.00       0.00       0.97       0.31
      5364      43.01     -44.29       0.00       0.00       0.00       0.00       0.79       0.31
--------------------------------------------------------------------------------
Best docking solution after GA:
      5500      43.01     -44.29       0.00       0.00       0.00       0.00       0.79       0.31

#ops:       5500 #mutates:   2660 #cross:     2840 #dups:      1487 
#niche:     3156 #errors:     183 
--------------------------------------------------------------------------------

Doing AMOEBA simplex on best individual
Done simplexing #iterations 1096, best score  54.82

Ligand is stored in gold_soln_prep_ligand_12_m1_5.mol2


--------------------------------------------------------------------------------
--- CHEMPLP breakdown of terms                                               ---
--------------------------------------------------------------------------------
CHEMPLP = - ( 1.0000*S(PLP) + -3.0000*S(hbond) + -6.0000*S(metal) + -3.0000*S(cho) )

Score = CHEMPLP - 1.0000*DE(clash) - 2.0000*DE(tors)

Internal energy term has been corrected with the best internal energy encountered.

--------------------------------------------------------------------------------


     Score     S(PLP)   S(hbond)     S(cho)   S(metal)  DE(clash)   DE(tors)     intcor
     54.82     -52.09       0.54       0.79       0.00       0.00       0.79       0.31

--------------------------------------------------------------------------------
--- PLP analysis of protein-ligand interactions                              ---
--------------------------------------------------------------------------------
hydrogen bonding        :      -1.54
metal                   :       0.00
buried (polar-nonpolar) :      -6.49
nonpolar                :     -43.92
repulsive               :       0.24
--------------------------------------------------------------------------------


--------------------------------------------------------------------------------
--- ChemScore analysis of protein-ligand interactions                        ---
--------------------------------------------------------------------------------

* Hydrogen bonds                                                                
Ligand donor    5 hydrogen   32 Protein acceptor 1658 bond energy  1.00 wt 0.54


* CH..O interactions                                                            
  CH group selection                       : activated ring CH (adjacent to hetatom)
Ligand carbon    9 hydrogen   34 Protein acceptor 1639 bond energy  1.00 wt 0.79

--------------------------------------------------------------------------------


--------------------------------------------------------------------------------
--- Intra-ligand clashes                                                     ---
--------------------------------------------------------------------------------

Ligand
--------------------------------------------------------------------------------


--------------------------------------------------------------------------------
--- Chromosome decoded                                                       ---
--------------------------------------------------------------------------------
Ligand Torsions
[   1    2    3    4]   58.11
[   5    4    3    2]  -95.81
[  32    5    4    3] -103.96
[   2    3    6    7] -173.67
[   3    6    7    8]   15.12
[  15   14   13   12]   -8.89
[  20   17   18   19]  180.00    matched torsion: aromatic methoxy
Protein Torsions
[ 489  484  483  480]  -31.38 
[1635 1626 1625 1623]   11.50 
[1707 1702 1701 1698] -179.54 
[1839 1828 1827 1826]  -62.79 
Mapping
Ligand acceptors to protein hydrogens (mapping then atom ids)
Ligand hydrogens to protein acceptors (mapping then atom ids)
Ligand shape atoms to protein points (mapping then atom ids & coords)
  5  6196 [  9->(-12.250  13.000  19.500)]
  6  5041 [ 12->(-14.250  13.750  20.000)]
 10  3877 [ 20->(-16.250  18.000  22.500)]
Chromosome values
Integers:
  -1   -1   -1   -1   -1   -1   -1   -1   -1   -1 6195 5040 
  -1   -1   -1 3876   -1 
--------------------------------------------------------------------------------

Current Ranking  3  5  1  4  2

--------------------------------------------------------------------------------

* GA execution time :                                                           
  total  0.0845 user  0.0835 sys  0.0010

--------------------------------------------------------------------------------
Fitness function evaluations: 12491

--------------------------------------------------------------------------------
** Docking run number  6 **
--------------------------------------------------------------------------------
  Rank fitness base is 5000.00 ; increment is 11.2233

* Initialising population(s) ...                                                
Number of constraints mappings 0
Number of constraints 0
  Population no.                           :      1
  Population size                          :    100
  Number of duplicates                     :      0
  Number of niche violations               :      0
  Number of errors                         :    167


Doing GA, no. of population(s) 1 size 100 selection pressure 1.100000

 Operation      Score     S(PLP)   S(hbond)     S(cho)   S(metal)  DE(clash)   DE(tors)     intcor
         0       5.37      -6.51       0.00       0.87       0.00       0.00       2.02       0.31
        65       8.01      -7.38       1.00       0.00       0.00       0.00       1.34       0.31
        88       9.04      -9.92       0.00       0.83       0.00       0.00       1.84       0.31
        97      10.07     -10.86       0.98       0.00       0.00       0.00       2.03       0.31
       145      10.23     -10.89       0.98       0.00       0.00       0.00       1.96       0.31
       384      12.99     -16.80       0.00       0.00       0.00       0.00       2.06       0.31
       548      13.90     -21.34       0.00       0.22       0.00       2.70       2.85       0.31
       633      32.88     -33.91       0.20       0.25       0.00       0.00       1.34       0.31
      1074      36.18     -34.66       0.00       1.00       0.00       0.00       0.89       0.31
      1877      36.18     -34.83       0.00       1.00       0.00       0.00       0.98       0.31
      2005      36.46     -35.91       0.00       1.00       0.00       0.00       1.38       0.31
      2598      36.57     -36.02       0.00       1.00       0.00       0.00       1.38       0.31
      2628      37.45     -36.75       0.00       1.00       0.00       0.00       1.31       0.31
      2726      38.18     -40.13       0.22       0.00       0.00       0.00       1.46       0.31
      3226      38.24     -39.89       0.25       0.00       0.00       0.00       1.35       0.31
--------------------------------------------------------------------------------
Best docking solution after GA:
      5500      38.24     -39.89       0.25       0.00       0.00       0.00       1.35       0.31

#ops:       5500 #mutates:   2807 #cross:     2693 #dups:      1734 
#niche:     3001 #errors:     158 
--------------------------------------------------------------------------------

Doing AMOEBA simplex on best individual
Done simplexing #iterations 1172, best score  47.31

Ligand is stored in gold_soln_prep_ligand_12_m1_6.mol2


--------------------------------------------------------------------------------
--- CHEMPLP breakdown of terms                                               ---
--------------------------------------------------------------------------------
CHEMPLP = - ( 1.0000*S(PLP) + -3.0000*S(hbond) + -6.0000*S(metal) + -3.0000*S(cho) )

Score = CHEMPLP - 1.0000*DE(clash) - 2.0000*DE(tors)

Internal energy term has been corrected with the best internal energy encountered.

--------------------------------------------------------------------------------


     Score     S(PLP)   S(hbond)     S(cho)   S(metal)  DE(clash)   DE(tors)     intcor
     47.31     -46.44       1.13       0.00       0.00       0.00       1.42       0.31

--------------------------------------------------------------------------------
--- PLP analysis of protein-ligand interactions                              ---
--------------------------------------------------------------------------------
hydrogen bonding        :      -5.77
metal                   :       0.00
buried (polar-nonpolar) :      -9.45
nonpolar                :     -32.98
repulsive               :       0.28
--------------------------------------------------------------------------------


--------------------------------------------------------------------------------
--- ChemScore analysis of protein-ligand interactions                        ---
--------------------------------------------------------------------------------

* Hydrogen bonds                                                                
Ligand donor    5 hydrogen   32 Protein acceptor 2414 bond energy  1.00 wt 0.88
Ligand donor    6 hydrogen   33 Protein acceptor 2707 bond energy  1.00 wt 0.25


* CH..O interactions                                                            
  CH group selection                       : activated ring CH (adjacent to hetatom)

--------------------------------------------------------------------------------


--------------------------------------------------------------------------------
--- Intra-ligand clashes                                                     ---
--------------------------------------------------------------------------------

Ligand
--------------------------------------------------------------------------------


--------------------------------------------------------------------------------
--- Chromosome decoded                                                       ---
--------------------------------------------------------------------------------
Ligand Torsions
[   1    2    3    4]  -70.56
[   5    4    3    2]  -81.88
[  32    5    4    3]   11.23
[   2    3    6    7]  -75.37
[   3    6    7    8]   67.38
[  15   14   13   12]  178.15
[  20   17   18   19]   22.05    matched torsion: aromatic methoxy
Protein Torsions
[ 489  484  483  480]  -30.87 
[1635 1626 1625 1623]   88.81 
[1707 1702 1701 1698] -117.98 
[1839 1828 1827 1826] -144.44 
Mapping
Ligand acceptors to protein hydrogens (mapping then atom ids)
Ligand hydrogens to protein acceptors (mapping then atom ids)
Ligand shape atoms to protein points (mapping then atom ids & coords)
  2   211 [  2->(-23.250  21.250  19.500)]
  4  2424 [  4->(-18.750  21.750  19.250)]
  5  2069 [  9->(-19.250  17.500  23.000)]
  7  4615 [ 15->(-15.250  16.000  18.750)]
  8  5967 [ 16->(-12.750  16.500  20.750)]
  9  7165 [ 19->( -8.750  14.000  19.750)]
Chromosome values
Integers:
  -1   -1   -1   -1   -1   -1   -1  210   -1 2423 2068   -1 
4614 5966 7164   -1   -1 
--------------------------------------------------------------------------------

Current Ranking  3  5  1  4  6  2

--------------------------------------------------------------------------------

* GA execution time :                                                           
  total  0.0855 user  0.0845 sys  0.0010

--------------------------------------------------------------------------------
Fitness function evaluations: 12434

--------------------------------------------------------------------------------
** Docking run number  7 **
--------------------------------------------------------------------------------
  Rank fitness base is 5000.00 ; increment is 11.2233

* Initialising population(s) ...                                                
Number of constraints mappings 0
Number of constraints 0
  Population no.                           :      1
  Population size                          :    100
  Number of duplicates                     :      0
  Number of niche violations               :      0
  Number of errors                         :    180


Doing GA, no. of population(s) 1 size 100 selection pressure 1.100000

 Operation      Score     S(PLP)   S(hbond)     S(cho)   S(metal)  DE(clash)   DE(tors)     intcor
         0      25.91     -30.59       0.00       0.00       0.00       0.00       2.49       0.31
       193      26.45     -30.96       0.00       0.00       0.00       0.00       2.41       0.31
       254      26.52     -30.95       0.00       0.00       0.00       0.00       2.37       0.31
       475      29.05     -32.72       0.06       0.00       0.00       0.00       2.07       0.31
       956      30.45     -29.25       1.00       0.91       0.00       0.01       2.42       0.31
      1521      30.88     -29.50       1.00       0.92       0.00       0.01       2.34       0.31
      1541      35.95     -38.25       0.00       0.89       0.00       0.00       2.64       0.31
      1909      36.03     -38.24       0.01       0.87       0.00       0.00       2.59       0.31
      2231      36.31     -39.10       0.00       0.86       0.00       0.00       2.85       0.31
      3417      40.00     -41.99       0.00       0.79       0.00       0.00       2.33       0.31
      4782      40.76     -42.70       0.00       0.78       0.00       0.00       2.30       0.31
      4967      42.36     -43.29       0.00       0.78       0.00       0.00       1.79       0.31
      5257      43.65     -44.56       0.00       0.77       0.00       0.00       1.76       0.31
      5313      43.81     -44.84       0.00       0.77       0.00       0.00       1.82       0.31
      5375      44.08     -45.27       0.00       0.74       0.00       0.00       1.86       0.31
--------------------------------------------------------------------------------
Best docking solution after GA:
      5500      44.08     -45.27       0.00       0.74       0.00       0.00       1.86       0.31

#ops:       5500 #mutates:   2752 #cross:     2748 #dups:      1174 
#niche:     3257 #errors:     347 
--------------------------------------------------------------------------------

Doing AMOEBA simplex on best individual
Done simplexing #iterations 536, best score  45.90

Ligand is stored in gold_soln_prep_ligand_12_m1_7.mol2


--------------------------------------------------------------------------------
--- CHEMPLP breakdown of terms                                               ---
--------------------------------------------------------------------------------
CHEMPLP = - ( 1.0000*S(PLP) + -3.0000*S(hbond) + -6.0000*S(metal) + -3.0000*S(cho) )

Score = CHEMPLP - 1.0000*DE(clash) - 2.0000*DE(tors)

Internal energy term has been corrected with the best internal energy encountered.

--------------------------------------------------------------------------------


     Score     S(PLP)   S(hbond)     S(cho)   S(metal)  DE(clash)   DE(tors)     intcor
     45.90     -47.49       0.00       0.63       0.00       0.00       1.90       0.31

--------------------------------------------------------------------------------
--- PLP analysis of protein-ligand interactions                              ---
--------------------------------------------------------------------------------
hydrogen bonding        :      -1.65
metal                   :       0.00
buried (polar-nonpolar) :      -5.59
nonpolar                :     -40.89
repulsive               :       0.35
--------------------------------------------------------------------------------


--------------------------------------------------------------------------------
--- ChemScore analysis of protein-ligand interactions                        ---
--------------------------------------------------------------------------------

* Hydrogen bonds                                                                


* CH..O interactions                                                            
  CH group selection                       : activated ring CH (adjacent to hetatom)
Ligand carbon    9 hydrogen   34 Protein acceptor  386 bond energy  1.00 wt 0.63

--------------------------------------------------------------------------------


--------------------------------------------------------------------------------
--- Intra-ligand clashes                                                     ---
--------------------------------------------------------------------------------

Ligand
--------------------------------------------------------------------------------


--------------------------------------------------------------------------------
--- Chromosome decoded                                                       ---
--------------------------------------------------------------------------------
Ligand Torsions
[   1    2    3    4]   70.91
[   5    4    3    2]  170.28
[  32    5    4    3]  -94.53
[   2    3    6    7]    2.08
[   3    6    7    8]   26.69
[  15   14   13   12] -102.92
[  20   17   18   19]    1.77    matched torsion: aromatic methoxy
Protein Torsions
[ 489  484  483  480]   70.29 
[1635 1626 1625 1623]  -48.06 
[1707 1702 1701 1698]   84.23 
[1839 1828 1827 1826]    7.73 
Mapping
Ligand acceptors to protein hydrogens (mapping then atom ids)
Ligand hydrogens to protein acceptors (mapping then atom ids)
Ligand shape atoms to protein points (mapping then atom ids & coords)
  4  4710 [  4->(-15.000  12.500  20.000)]
  5  5814 [  9->(-13.000  16.750  21.000)]
  8  1966 [ 16->(-19.500  18.000  22.500)]
  9  1165 [ 19->(-21.000  20.000  21.000)]
Chromosome values
Integers:
  -1   -1   -1   -1   -1   -1   -1   -1   -1 4709 5813   -1 
  -1 1965 1164   -1   -1 
--------------------------------------------------------------------------------

Current Ranking  3  5  1  4  6  7  2

--------------------------------------------------------------------------------

* GA execution time :                                                           
  total  0.0812 user  0.0812 sys  0.0000

--------------------------------------------------------------------------------
Fitness function evaluations: 11848

--------------------------------------------------------------------------------
** Docking run number  8 **
--------------------------------------------------------------------------------
  Rank fitness base is 5000.00 ; increment is 11.2233

* Initialising population(s) ...                                                
Number of constraints mappings 0
Number of constraints 0
  Population no.                           :      1
  Population size                          :    100
  Number of duplicates                     :      0
  Number of niche violations               :      0
  Number of errors                         :    174


Doing GA, no. of population(s) 1 size 100 selection pressure 1.100000

 Operation      Score     S(PLP)   S(hbond)     S(cho)   S(metal)  DE(clash)   DE(tors)     intcor
         0      11.60     -15.12       0.01       0.23       0.00       0.00       2.27       0.31
       425      17.21     -25.08       0.00       0.18       0.00       2.42       3.15       0.31
       540      17.92     -25.08       0.24       0.18       0.00       2.42       3.15       0.31
       557      18.42     -22.53       0.26       0.39       0.00       2.29       2.05       0.31
       576      20.04     -25.66       0.00       0.66       0.00       5.33       1.29       0.31
       670      21.53     -27.45       0.00       0.45       0.00       5.33       1.12       0.31
       958      22.78     -23.91       0.03       0.35       0.00       0.00       1.30       0.31
       988      24.50     -29.42       0.00       1.00       0.00       3.55       2.34       0.31
      1043      27.69     -31.77       0.96       0.10       0.00       2.61       2.48       0.31
      1051      29.06     -29.19       0.00       0.72       0.00       0.00       1.31       0.31
      1184      30.17     -35.00       0.46       0.14       0.00       2.42       2.26       0.31
      1302      31.75     -35.67       0.00       0.00       0.00       0.00       2.12       0.31
      1401      32.51     -34.33       0.15       0.00       0.00       0.00       1.30       0.31
      1522      32.82     -33.78       0.38       0.00       0.00       0.00       1.21       0.31
      1596      33.54     -34.89       0.00       0.25       0.00       0.00       1.21       0.31
      1651      34.14     -38.06       0.00       0.00       0.00       0.00       2.12       0.31
      1754      34.23     -38.05       0.00       0.00       0.00       0.00       2.07       0.31
      1921      35.32     -37.28       0.00       0.00       0.00       0.00       1.13       0.31
      2186      36.25     -36.43       0.00       0.59       0.00       0.00       1.13       0.31
      2276      36.34     -38.30       0.00       0.00       0.00       0.00       1.13       0.31
      2371      36.39     -36.88       0.00       0.49       0.00       0.00       1.13       0.31
      2374      36.43     -38.84       0.00       0.04       0.00       0.00       1.42       0.31
      2482      36.53     -38.49       0.00       0.00       0.00       0.00       1.14       0.31
      2488      36.96     -37.78       0.00       0.73       0.00       0.00       1.66       0.31
      2870      37.30     -38.49       0.00       0.45       0.00       0.00       1.42       0.31
      3067      37.53     -40.26       0.00       0.00       0.00       0.00       1.52       0.31
      3138      37.60     -40.14       0.00       0.00       0.00       0.00       1.42       0.31
      3171      39.01     -41.78       0.00       0.00       0.00       0.00       1.54       0.31
      3841      39.10     -41.95       0.00       0.00       0.00       0.00       1.58       0.31
      4281      39.16     -41.95       0.00       0.00       0.00       0.00       1.55       0.31
      4432      39.34     -41.74       0.00       0.00       0.00       0.00       1.35       0.31
      4635      39.59     -41.96       0.00       0.00       0.00       0.00       1.34       0.31
      4732      40.06     -42.39       0.00       0.00       0.00       0.00       1.32       0.31
      4784      40.57     -42.86       0.00       0.00       0.00       0.00       1.30       0.31
      5060      40.64     -42.80       0.30       0.00       0.00       0.00       1.68       0.31
      5137      40.71     -43.20       0.00       0.00       0.00       0.00       1.40       0.31
      5304      41.14     -42.44       0.42       0.00       0.00       0.00       1.44       0.31
      5487      41.82     -42.66       0.70       0.00       0.00       0.00       1.63       0.31
--------------------------------------------------------------------------------
Best docking solution after GA:
      5500      41.82     -42.66       0.70       0.00       0.00       0.00       1.63       0.31

#ops:       5500 #mutates:   2711 #cross:     2789 #dups:      1565 
#niche:     3598 #errors:     124 
--------------------------------------------------------------------------------

Doing AMOEBA simplex on best individual
Done simplexing #iterations 745, best score  45.98

Ligand is stored in gold_soln_prep_ligand_12_m1_8.mol2


--------------------------------------------------------------------------------
--- CHEMPLP breakdown of terms                                               ---
--------------------------------------------------------------------------------
CHEMPLP = - ( 1.0000*S(PLP) + -3.0000*S(hbond) + -6.0000*S(metal) + -3.0000*S(cho) )

Score = CHEMPLP - 1.0000*DE(clash) - 2.0000*DE(tors)

Internal energy term has been corrected with the best internal energy encountered.

--------------------------------------------------------------------------------


     Score     S(PLP)   S(hbond)     S(cho)   S(metal)  DE(clash)   DE(tors)     intcor
     45.98     -45.91       1.00       0.00       0.00       0.00       1.62       0.31

--------------------------------------------------------------------------------
--- PLP analysis of protein-ligand interactions                              ---
--------------------------------------------------------------------------------
hydrogen bonding        :      -1.74
metal                   :       0.00
buried (polar-nonpolar) :      -9.79
nonpolar                :     -35.44
repulsive               :       0.26
--------------------------------------------------------------------------------


--------------------------------------------------------------------------------
--- ChemScore analysis of protein-ligand interactions                        ---
--------------------------------------------------------------------------------

* Hydrogen bonds                                                                
Ligand donor    5 hydrogen   32 Protein acceptor 2492 bond energy  1.00 wt 1.00


* CH..O interactions                                                            
  CH group selection                       : activated ring CH (adjacent to hetatom)

--------------------------------------------------------------------------------


--------------------------------------------------------------------------------
--- Intra-ligand clashes                                                     ---
--------------------------------------------------------------------------------

Ligand
--------------------------------------------------------------------------------


--------------------------------------------------------------------------------
--- Chromosome decoded                                                       ---
--------------------------------------------------------------------------------
Ligand Torsions
[   1    2    3    4]   53.20
[   5    4    3    2]  175.94
[  32    5    4    3]   58.44
[   2    3    6    7]   -1.95
[   3    6    7    8]   -0.43
[  15   14   13   12]   73.14
[  20   17   18   19] -166.43    matched torsion: aromatic methoxy
Protein Torsions
[ 489  484  483  480] -111.96 
[1635 1626 1625 1623]  -55.58 
[1707 1702 1701 1698]   79.47 
[1839 1828 1827 1826]   38.82 
Mapping
Ligand acceptors to protein hydrogens (mapping then atom ids)
Ligand hydrogens to protein acceptors (mapping then atom ids)
Ligand shape atoms to protein points (mapping then atom ids & coords)
  3  1719 [  3->(-20.000  19.500  20.000)]
  5  1686 [  9->(-20.000  18.000  22.750)]
  7  5461 [ 15->(-13.500  16.000  20.500)]
  9  7032 [ 19->(-10.250  12.750  19.250)]
 11  4968 [ 21->(-14.500  16.250  20.500)]
Chromosome values
Integers:
  -1   -1   -1   -1   -1   -1   -1   -1 1718   -1 1685   -1 
5460   -1 7031   -1 4967 
--------------------------------------------------------------------------------

Current Ranking  3  5  1  4  6  8  7  2

--------------------------------------------------------------------------------

* GA execution time :                                                           
  total  0.0859 user  0.0859 sys  0.0000

--------------------------------------------------------------------------------
Fitness function evaluations: 11967

--------------------------------------------------------------------------------
** Docking run number  9 **
--------------------------------------------------------------------------------
  Rank fitness base is 5000.00 ; increment is 11.2233

* Initialising population(s) ...                                                
Number of constraints mappings 0
Number of constraints 0
  Population no.                           :      1
  Population size                          :    100
  Number of duplicates                     :      0
  Number of niche violations               :      0
  Number of errors                         :    160


Doing GA, no. of population(s) 1 size 100 selection pressure 1.100000

 Operation      Score     S(PLP)   S(hbond)     S(cho)   S(metal)  DE(clash)   DE(tors)     intcor
         0      16.42     -20.42       0.40       0.00       0.00       0.00       2.76       0.31
        55      17.48     -20.86       0.00       0.11       0.00       0.00       2.01       0.31
       119      21.92     -30.89       0.14       0.00       0.00       6.21       1.75       0.31
       378      25.93     -31.05       0.06       0.00       0.00       2.18       1.72       0.31
       399      28.19     -29.40       0.00       0.72       0.00       0.00       1.84       0.31
       834      28.87     -28.36       0.00       0.90       0.00       0.00       1.25       0.31
       973      30.80     -33.69       0.20       0.00       0.00       0.00       1.90       0.31
      1191      31.48     -32.27       0.42       0.48       0.00       0.00       1.89       0.31
      1310      33.24     -34.52       0.85       0.00       0.00       0.00       2.07       0.31
      1651      33.49     -35.59       0.06       0.51       0.00       0.00       2.07       0.31
      2047      34.00     -35.83       0.00       0.67       0.00       0.00       2.07       0.31
      2090      34.56     -31.79       0.71       0.92       0.00       0.00       1.21       0.31
      2099      35.90     -37.25       0.37       0.00       0.00       0.00       1.38       0.31
      2392      38.35     -38.46       0.74       0.00       0.00       0.00       1.31       0.31
      3080      38.86     -39.11       0.69       0.00       0.00       0.00       1.31       0.31
      5099      39.18     -39.19       0.69       0.00       0.00       0.00       1.19       0.31
      5473      39.96     -38.78       1.00       0.69       0.00       0.00       2.09       0.31
--------------------------------------------------------------------------------
Best docking solution after GA:
      5500      39.96     -38.78       1.00       0.69       0.00       0.00       2.09       0.31

#ops:       5500 #mutates:   2718 #cross:     2782 #dups:      1279 
#niche:     3576 #errors:     112 
--------------------------------------------------------------------------------

Doing AMOEBA simplex on best individual
Done simplexing #iterations 672, best score  44.01

Ligand is stored in gold_soln_prep_ligand_12_m1_9.mol2


--------------------------------------------------------------------------------
--- CHEMPLP breakdown of terms                                               ---
--------------------------------------------------------------------------------
CHEMPLP = - ( 1.0000*S(PLP) + -3.0000*S(hbond) + -6.0000*S(metal) + -3.0000*S(cho) )

Score = CHEMPLP - 1.0000*DE(clash) - 2.0000*DE(tors)

Internal energy term has been corrected with the best internal energy encountered.

--------------------------------------------------------------------------------


     Score     S(PLP)   S(hbond)     S(cho)   S(metal)  DE(clash)   DE(tors)     intcor
     44.01     -44.48       1.00       0.45       0.00       0.00       2.56       0.31

--------------------------------------------------------------------------------
--- PLP analysis of protein-ligand interactions                              ---
--------------------------------------------------------------------------------
hydrogen bonding        :      -4.10
metal                   :       0.00
buried (polar-nonpolar) :      -6.85
nonpolar                :     -35.66
repulsive               :       0.23
--------------------------------------------------------------------------------


--------------------------------------------------------------------------------
--- ChemScore analysis of protein-ligand interactions                        ---
--------------------------------------------------------------------------------

* Hydrogen bonds                                                                
Protein donor 2493 hydrogen 2498 Ligand acceptor    5 bond energy  1.00 wt 1.00


* CH..O interactions                                                            
  CH group selection                       : activated ring CH (adjacent to hetatom)
Ligand carbon    9 hydrogen   34 Protein acceptor 5275 bond energy  1.00 wt 0.45

--------------------------------------------------------------------------------


--------------------------------------------------------------------------------
--- Intra-ligand clashes                                                     ---
--------------------------------------------------------------------------------

Ligand
--------------------------------------------------------------------------------


--------------------------------------------------------------------------------
--- Chromosome decoded                                                       ---
--------------------------------------------------------------------------------
Ligand Torsions
[   1    2    3    4]  -78.10
[   5    4    3    2]  -85.60
[  32    5    4    3]  169.61
[   2    3    6    7]   24.38
[   3    6    7    8]  -39.64
[  15   14   13   12]   76.67
[  20   17   18   19] -175.51    matched torsion: aromatic methoxy
Protein Torsions
[ 489  484  483  480]  -24.77 
[1635 1626 1625 1623]  176.24 
[1707 1702 1701 1698]   94.24 
[1839 1828 1827 1826]  -43.41 
Mapping
Ligand acceptors to protein hydrogens (mapping then atom ids)
Ligand hydrogens to protein acceptors (mapping then atom ids)
Ligand shape atoms to protein points (mapping then atom ids & coords)
  1  1213 [  1->(-21.000  21.500  20.250)]
  2  1185 [  2->(-21.000  20.750  18.750)]
  3  1765 [  3->(-20.000  21.250  19.750)]
  4  1221 [  4->(-21.000  22.000  18.750)]
  5  1959 [  9->(-19.500  17.750  23.250)]
  7  4853 [ 15->(-14.750  15.250  20.000)]
 10  5613 [ 20->(-13.250  15.750  21.000)]
 11  5798 [ 21->(-13.000  16.250  21.500)]
Chromosome values
Integers:
  -1   -1   -1   -1   -1   -1 1212 1184 1764 1220 1958   -1 
4852   -1   -1 5612 5797 
--------------------------------------------------------------------------------

Current Ranking  3  5  1  4  6  8  7  2  9

--------------------------------------------------------------------------------

* GA execution time :                                                           
  total  0.0834 user  0.0824 sys  0.0010

--------------------------------------------------------------------------------
Fitness function evaluations: 11855

--------------------------------------------------------------------------------
** Docking run number 10 **
--------------------------------------------------------------------------------
  Rank fitness base is 5000.00 ; increment is 11.2233

* Initialising population(s) ...                                                
Number of constraints mappings 0
Number of constraints 0
  Population no.                           :      1
  Population size                          :    100
  Number of duplicates                     :      0
  Number of niche violations               :      0
  Number of errors                         :    164


Doing GA, no. of population(s) 1 size 100 selection pressure 1.100000

 Operation      Score     S(PLP)   S(hbond)     S(cho)   S(metal)  DE(clash)   DE(tors)     intcor
         0       8.99     -19.33       0.46       0.00       0.00       6.93       2.55       0.31
       232       9.00     -19.31       0.46       0.00       0.00       6.93       2.54       0.31
       280      21.97     -26.29       0.00       0.22       0.00       0.00       2.65       0.31
       408      24.63     -29.32       0.00       0.56       0.00       0.00       3.35       0.31
       773      32.61     -35.85       0.02       0.56       0.00       0.00       2.65       0.31
       919      33.35     -36.27       0.02       0.56       0.00       0.00       2.49       0.31
      1021      35.54     -39.51       0.00       0.35       0.00       0.00       2.67       0.31
      1163      36.71     -39.88       0.00       0.50       0.00       0.00       2.49       0.31
      1306      36.77     -39.90       0.00       0.46       0.00       0.00       2.42       0.31
      1650      36.77     -39.90       0.00       0.46       0.00       0.00       2.40       0.31
      1727      36.80     -39.84       0.00       0.46       0.00       0.00       2.36       0.31
      1817      38.13     -42.92       0.00       0.56       0.00       0.00       3.40       0.31
      2305      39.80     -44.90       0.00       0.46       0.00       0.00       3.40       0.31
      2831      40.51     -45.50       0.00       0.00       0.00       1.42       1.94       0.31
      2870      40.91     -44.77       0.00       0.57       0.00       0.00       2.93       0.31
      3282      41.71     -46.31       0.00       0.14       0.00       0.00       2.67       0.31
      3461      41.80     -45.99       0.00       0.46       0.00       0.00       2.93       0.31
      3641      42.56     -47.62       0.00       0.18       0.00       0.00       2.96       0.31
      4234      43.06     -47.21       0.00       0.48       0.00       0.00       2.93       0.29
      4440      43.77     -47.67       0.00       0.42       0.00       0.00       2.72       0.29
      4641      43.84     -48.31       0.00       0.42       0.00       0.00       3.01       0.29
      4735      45.19     -43.84       1.00       0.13       0.00       0.00       1.17       0.29
      4779      46.13     -44.83       1.00       0.14       0.00       0.00       1.20       0.29
--------------------------------------------------------------------------------
Best docking solution after GA:
      5500      46.13     -44.83       1.00       0.14       0.00       0.00       1.20       0.29

#ops:       5500 #mutates:   2768 #cross:     2732 #dups:      1193 
#niche:     3025 #errors:     254 
--------------------------------------------------------------------------------

Doing AMOEBA simplex on best individual
Done simplexing #iterations 938, best score  52.69

Ligand is stored in gold_soln_prep_ligand_12_m1_10.mol2


--------------------------------------------------------------------------------
--- CHEMPLP breakdown of terms                                               ---
--------------------------------------------------------------------------------
CHEMPLP = - ( 1.0000*S(PLP) + -3.0000*S(hbond) + -6.0000*S(metal) + -3.0000*S(cho) )

Score = CHEMPLP - 1.0000*DE(clash) - 2.0000*DE(tors)

Internal energy term has been corrected with the best internal energy encountered.

--------------------------------------------------------------------------------


     Score     S(PLP)   S(hbond)     S(cho)   S(metal)  DE(clash)   DE(tors)     intcor
     52.69     -50.38       0.90       0.58       0.00       0.00       1.21       0.29

--------------------------------------------------------------------------------
--- PLP analysis of protein-ligand interactions                              ---
--------------------------------------------------------------------------------
hydrogen bonding        :      -2.63
metal                   :       0.00
buried (polar-nonpolar) :      -0.31
nonpolar                :     -47.21
repulsive               :       0.34
--------------------------------------------------------------------------------


--------------------------------------------------------------------------------
--- ChemScore analysis of protein-ligand interactions                        ---
--------------------------------------------------------------------------------

* Hydrogen bonds                                                                
Protein donor 1626 hydrogen 1635 Ligand acceptor   18 bond energy  1.00 wt 0.90


* CH..O interactions                                                            
  CH group selection                       : activated ring CH (adjacent to hetatom)
Ligand carbon    9 hydrogen   34 Protein acceptor 2696 bond energy  1.00 wt 0.58

--------------------------------------------------------------------------------


--------------------------------------------------------------------------------
--- Intra-ligand clashes                                                     ---
--------------------------------------------------------------------------------

Ligand
--------------------------------------------------------------------------------


--------------------------------------------------------------------------------
--- Chromosome decoded                                                       ---
--------------------------------------------------------------------------------
Ligand Torsions
[   1    2    3    4]  -73.44
[   5    4    3    2]  152.43
[  32    5    4    3]  153.94
[   2    3    6    7]  116.40
[   3    6    7    8]   48.80
[  15   14   13   12]    4.33
[  20   17   18   19]   21.10    matched torsion: aromatic methoxy
Protein Torsions
[ 489  484  483  480]  136.36 
[1635 1626 1625 1623]  -49.39 
[1707 1702 1701 1698]  147.13 
[1839 1828 1827 1826]   26.80 
Mapping
Ligand acceptors to protein hydrogens (mapping then atom ids)
Ligand hydrogens to protein acceptors (mapping then atom ids)
Ligand shape atoms to protein points (mapping then atom ids & coords)
  3  3419 [  3->(-16.750  17.500  22.000)]
  7  7022 [ 15->(-10.250  12.250  19.250)]
  8  7114 [ 16->( -9.750  13.250  19.750)]
Chromosome values
Integers:
  -1   -1   -1   -1   -1   -1   -1   -1 3418   -1   -1   -1 
7021 7113   -1   -1   -1 
--------------------------------------------------------------------------------

Current Ranking  3  5 10  1  4  6  8  7  2  9

--------------------------------------------------------------------------------

* GA execution time :                                                           
  total  0.0817 user  0.0816 sys  0.0000

--------------------------------------------------------------------------------
Fitness function evaluations: 12219

--------------------------------------------------------------------------------
--- Ranking analysis                                                         ---
--------------------------------------------------------------------------------


* Final ranked order of GA solutions:                                           
   3  5 10  1  4  6  8  7  2  9 

  _______________________________
  RMSD Matrix of RANKED solutions

        2    3    4    5    6    7    8    9   10  

   1 :  7.8  3.5  8.3  9.1  8.3  8.1  9.2  8.5  8.3
   2 :       8.0  3.9  4.9  9.9  9.7  5.0  4.1  9.7
   3 :            7.9  8.8  5.6  5.3  8.8  8.2  5.4
   4 :                 3.5  8.3  8.3  3.4  1.0  8.3
   5 :                      8.7  8.7  0.6  3.1  8.8
   6 :                           1.0  8.5  8.4  1.1
   7 :                                8.6  8.4  0.8
   8 :                                     3.1  8.6
   9 :                                          8.4

  Clustering method                        : complete linkage
  Structure ids in cluster table           : rank nos.
  Ordering of clusters and their members   : by rank (order if from rms_analysis)

  Distance | Clusters
   0.61    |  1 |  2 |  3 |  4 |  5  8 |  6 |  7 |  9 | 10 |
   0.77    |  1 |  2 |  3 |  4 |  5  8 |  6 |  7 10 |  9 |
   1.04    |  1 |  2 |  3 |  4  9 |  5  8 |  6 |  7 10 |
   1.14    |  1 |  2 |  3 |  4  9 |  5  8 |  6  7 10 |
   3.49    |  1 |  2 |  3 |  4  5  8  9 |  6  7 10 |
   3.54    |  1  3 |  2 |  4  5  8  9 |  6  7 10 |
   5.04    |  1  3 |  2  4  5  8  9 |  6  7 10 |
   8.33    |  1  3  6  7 10 |  2  4  5  8  9 |
   9.87    |  1  2  3  4  5  6  7  8  9 10 |
  Finished Docking Ligand                  : /nfs/home/myuecel3/Frontiers_MedChem/data/output/gold_docking_step1/prep_ligand_12.mol2
--------------------------------------------------------------------------------

  Relative_Ligand_Energy (best encountered) :   0.286
  Relative_Ligand_Energy: fitness values have been corrected using this amount
