
--------------------------------------------------------------------------------
--- Ligand                                                                   ---
--------------------------------------------------------------------------------
  Ligand loaded from file                  : /nfs/home/myuecel3/Frontiers_MedChem/data/output/gold_docking_step1/prep_ligand_16.mol2
  Ligand name                              :  
  "RDKit          3D                                                        "

--------------------------------------------------------------------------------
  N.plc donors                             : 
  none found

  Acidic nitrogen acceptors                : 
  none found
  Sulfur acceptors                         :
  none found

  17 (SO2 acceptor)
  18 (SO2 acceptor)

  Donor atoms                              :      1
  8   
  Acceptor atoms                           :      4
  7   17  18  27  

  Hydrogens                                :  (n = 1)
  34   

  Lone pairs added to molecule             :      5
  Numbering                                : from 49 to 51

--------------------------------------------------------------------------------
--- Postprocessing of typing                                                 ---
--------------------------------------------------------------------------------
  Fragment file                            : /appl/ccdc/CSDS2022/Discovery_2022/GOLD/gold/rotatable_bond_override.mol2
  acylurea fragment                        : no matches
  thioacylthiourea fragment                : no matches
  acylthiourea fragment                    : no matches
  thioacylurea fragment                    : no matches
  diarylamine fragment >C.ar-NH-C.ar<      : no matches
  sec-amine (1) fragment                   : no matches
  sec-amine (2) fragment                   : no matches
  sec-amine (3) fragment                   : no matches
  carboxylic ester                         : no matches

* Rotatable bonds in /nfs/home/myuecel3/F  :
  [   2    3] [   5    6] [   8    9] [   9   10] 
  [  15   16] [  16   19] 
  No. of rotatable bonds                   :      6


* Reading torsional distributions from file:
  /appl/ccdc/CSDS2022/Discovery_2022/GOLD/gold/gold.tordist
  No. of bins in torsional distributions   :     36
  Minimum size of largest peak             :      0
  Removing high energy torsions            : on
  Delta E set to                           :   2.500

* Fragments found in /nfs/home/myuecel3/F  :
  atom  10: benzene
  atom  11: benzene
  atom  12: benzene
  atom  13: benzene
  atom  14: benzene
  atom  15: benzene
  atom  19: benzene
  atom  20: benzene
  atom  21: benzene
  atom  22: benzene
  atom  23: benzene
  atom  24: benzene


* Checking torsion distributions:                                               
  No. of matched torsions                  :      0

--------------------------------------------------------------------------------
--- Shape fitting atoms selection (hydrophobic atoms)                        ---
--------------------------------------------------------------------------------
  Molecule                                 : /nfs/home/myuecel3/Frontiers_MedChem/data/output/gold_docking_step1/prep_ligand_16.mol2
  Selection                                : carbons only
  Atom numbers                             :  (n = 14)
  1    2    4    9    11   12   13   14   20   21   
  22   23   24   26   


--------------------------------------------------------------------------------
--- ChemScore ligand setup summary                                           ---
--------------------------------------------------------------------------------
  ChemScore ligand acceptors               :      4
  7 17 18 27 
  ChemScore ligand donors                  :      1
  8 ( 34  ) 
  ChemScore ligand CH donors               :      0
  

  ChemScore ligand lipophilic atoms        :  (n = 19)
  1    2    3    4    5    9    10   11   12   13   
  14   15   19   20   21   22   23   24   26   

  ChemScore ligand rotatable bonds         :      6
  2   (C2 ) - 3   (C3 ): SP3_SP2_BOND
  5   (C5 ) - 6   (C6 ): SP2_SP2_BOND
  8   (N8 ) - 9   (C9 ): SP3_SP2_BOND
  9   (C9 ) - 10  (C10): SP3_SP2_BOND
  15  (C15) - 16  (S16): SP2_SP2_BOND
  16  (S16) - 19  (C19): SP2_SP2_BOND

--------------------------------------------------------------------------------
--- PLP ligand setup summary                                                 ---
--------------------------------------------------------------------------------
    1    C1   C.3 NONPOLAR
    2    C2   C.3 NONPOLAR
    3    C3   C.2 NONPOLAR
    4    C4   C.2 NONPOLAR
    5    C5   C.2 NONPOLAR
    6    C6   C.2 NONPOLAR
    7    O7   O.2 ACCEPTOR
    8    N8  N.am DONOR
    9    C9   C.3 NONPOLAR
   10   C10  C.ar NONPOLAR
   11   C11  C.ar NONPOLAR
   12   C12  C.ar NONPOLAR
   13   C13  C.ar NONPOLAR
   14   C14  C.ar NONPOLAR
   15   C15  C.ar NONPOLAR
   16   S16  S.o2 NONPOLAR
   17   O17   O.2 ACCEPTOR
   18   O18   O.2 ACCEPTOR
   19   C19  C.ar NONPOLAR
   20   C20  C.ar NONPOLAR
   21   C21  C.ar NONPOLAR
   22   C22  C.ar NONPOLAR
   23   C23  C.ar NONPOLAR
   24   C24  C.ar NONPOLAR
   25   N25 N.pl3 NONPOLAR
   26   C26   C.3 NONPOLAR
   27   N27   N.2 ACCEPTOR

--------------------------------------------------------------------------------
--- Automatic parameter setting                                              ---
--------------------------------------------------------------------------------
  Contribution base                        :   2500
  Contribution per rotatable bond          :   6000
  Contribution per df                      :   4000
  Contribution per water                   :  10000
  Ligand rotatable bonds                   :      6
  Protein flexible side chain bonds        :      0
  Total rotatable bonds                    :      6
  Hydrophobic vol ratio (P/L)              :   1.038
  Base multiplier (polar)                  :   1.000
  Base multiplier (apolar)                 :   2.907
  Base contribution                        : 7500.000
  Fitting points                           :      5
  Estimated maxops needed (optimal)        :  44000
  Autoscale factor (in percent)            :     10
  Scaled maxops                            :   4500

--------------------------------------------------------------------------------

* Population settings                                                           
  maxops                                   :   4500
  popsiz                                   :    100
  select_pressure                          :   1.100
  n_islands                                :      1
  niche_siz                                :      2

* GA settings                                                                   
  pt_crosswt                               :    100
  allele_mutatewt                          :    100
  migratewt                                :      0

* Search settings                                                               
  start_vdw_linear_cutoff                  :   4.000
  initial_virtual_pt_match_max             :   3.000

--------------------------------------------------------------------------------

* Ligand initialisation time :                                                  
  total  0.0089 user  0.0079 sys  0.0010

--------------------------------------------------------------------------------

--------------------------------------------------------------------------------
** Docking run number  1 **
--------------------------------------------------------------------------------
  Rank fitness base is 5000.00 ; increment is 11.2233

* Initialising population(s) ...                                                
Number of constraints mappings 0
Number of constraints 0
  Population no.                           :      1
  Population size                          :    100
  Number of duplicates                     :      0
  Number of niche violations               :      0
  Number of errors                         :     41


Doing GA, no. of population(s) 1 size 100 selection pressure 1.100000

 Operation      Score     S(PLP)   S(hbond)     S(cho)   S(metal)  DE(clash)   DE(tors)     intcor
         0       1.84      -9.04       0.00       0.00       0.00       6.66       2.58       4.63
       194       3.09      -4.34       0.02       0.00       0.00       0.00       2.97       4.63
       225      12.03     -12.17       0.54       0.00       0.00       0.00       3.20       4.63
       301      12.90     -12.52       0.72       0.00       0.00       0.00       3.20       4.63
       386      27.55     -30.85       0.90       0.00       0.00       4.65       2.99       4.63
       857      37.42     -37.38       0.89       0.00       0.00       2.19       2.53       4.63
      1122      39.71     -43.69       0.74       0.00       0.00       4.65       2.99       4.44
      1155      41.37     -44.19       0.00       0.00       0.00       2.19       2.53       4.44
      1648      48.48     -52.47       0.66       0.00       0.00       4.65       2.88       4.44
      3244      49.04     -52.90       0.70       0.00       0.00       4.65       2.88       4.44
      3903      49.46     -53.18       0.71       0.00       0.00       4.65       2.82       4.44
--------------------------------------------------------------------------------
Best docking solution after GA:
      4500      49.46     -53.18       0.71       0.00       0.00       4.65       2.82       4.44

#ops:       4500 #mutates:   2190 #cross:     2310 #dups:       774 
#niche:     2226 #errors:      99 
--------------------------------------------------------------------------------

Doing AMOEBA simplex on best individual
Done simplexing #iterations 870, best score  59.63

Ligand is stored in gold_soln_prep_ligand_16_m1_1.mol2


--------------------------------------------------------------------------------
--- CHEMPLP breakdown of terms                                               ---
--------------------------------------------------------------------------------
CHEMPLP = - ( 1.0000*S(PLP) + -3.0000*S(hbond) + -6.0000*S(metal) + -3.0000*S(cho) )

Score = CHEMPLP - 1.0000*DE(clash) - 2.0000*DE(tors)

Internal energy term has been corrected with the best internal energy encountered.

--------------------------------------------------------------------------------


     Score     S(PLP)   S(hbond)     S(cho)   S(metal)  DE(clash)   DE(tors)     intcor
     59.63     -61.71       0.90       0.00       0.00       3.06       3.07       4.44

--------------------------------------------------------------------------------
--- PLP analysis of protein-ligand interactions                              ---
--------------------------------------------------------------------------------
hydrogen bonding        :      -2.80
metal                   :       0.00
buried (polar-nonpolar) :     -11.00
nonpolar                :     -48.87
repulsive               :       0.37
--------------------------------------------------------------------------------


--------------------------------------------------------------------------------
--- ChemScore analysis of protein-ligand interactions                        ---
--------------------------------------------------------------------------------

* Hydrogen bonds                                                                
Protein donor 5227 hydrogen 5229 Ligand acceptor   17 bond energy  1.00 wt 0.90


* CH..O interactions                                                            
  CH group selection                       : activated ring CH (adjacent to hetatom)

--------------------------------------------------------------------------------


--------------------------------------------------------------------------------
--- Intra-ligand clashes                                                     ---
--------------------------------------------------------------------------------

Ligand
 17 (O17  ) -   9 (C9   ):   3.06 (dist   2.66)
--------------------------------------------------------------------------------


--------------------------------------------------------------------------------
--- Chromosome decoded                                                       ---
--------------------------------------------------------------------------------
Ligand Torsions
[   1    2    3    4]  -49.07
[   4    5    6    7]   32.03
[   6    8    9   10]  102.09
[  11   10    9    8]   47.84
[  17   16   15   14]  174.42
[  20   19   16   15] -104.36
Protein Torsions
[ 489  484  483  480]    8.72 
[1635 1626 1625 1623]   34.84 
[1707 1702 1701 1698]  147.72 
[1839 1828 1827 1826]   81.66 
Mapping
Ligand acceptors to protein hydrogens (mapping then atom ids)
Ligand hydrogens to protein acceptors (mapping then atom ids)
Ligand shape atoms to protein points (mapping then atom ids & coords)
  3  2300 [  4->(-19.000  22.500  19.750)]
 10  5798 [ 21->(-13.000  16.250  21.500)]
 12  4731 [ 23->(-15.000  14.500  19.750)]
 14  1637 [ 26->(-20.250  21.750  20.250)]
Chromosome values
Integers:
  -1   -1   -1   -1   -1   -1   -1 2299   -1   -1   -1   -1 
  -1   -1 5797   -1 4730   -1 1636 
--------------------------------------------------------------------------------

Current Ranking  1

--------------------------------------------------------------------------------

* GA execution time :                                                           
  total  0.0823 user  0.0823 sys  0.0000

--------------------------------------------------------------------------------
Fitness function evaluations: 10629

--------------------------------------------------------------------------------
** Docking run number  2 **
--------------------------------------------------------------------------------
  Rank fitness base is 5000.00 ; increment is 11.2233

* Initialising population(s) ...                                                
Number of constraints mappings 0
Number of constraints 0
  Population no.                           :      1
  Population size                          :    100
  Number of duplicates                     :      0
  Number of niche violations               :      0
  Number of errors                         :     54


Doing GA, no. of population(s) 1 size 100 selection pressure 1.100000

 Operation      Score     S(PLP)   S(hbond)     S(cho)   S(metal)  DE(clash)   DE(tors)     intcor
         0      11.48     -14.09       0.43       0.00       0.00       0.00       4.17       4.44
        94      12.60     -19.82       0.36       0.00       0.00       4.73       4.00       4.44
       292      14.06     -20.61       0.57       0.00       0.00       4.73       3.99       4.44
       302      18.33     -16.02       1.00       0.00       0.00       0.00       2.56       4.44
       505      28.65     -26.34       1.00       0.00       0.00       0.00       2.56       4.44
       810      36.55     -34.24       1.00       0.00       0.00       0.00       2.56       4.44
      1618      36.62     -39.62       0.00       0.00       0.00       0.00       3.72       4.44
      1690      36.77     -37.46       0.00       0.00       0.00       0.00       2.56       4.44
      1757      39.52     -37.58       0.88       0.00       0.00       0.00       2.56       4.44
      2257      40.89     -38.71       0.96       0.00       0.00       0.00       2.56       4.44
      2683      40.94     -38.63       1.00       0.00       0.00       0.00       2.56       4.44
      2852      43.87     -41.56       1.00       0.00       0.00       0.00       2.56       4.44
      2859      48.83     -47.35       0.96       0.00       0.00       0.00       2.92       4.44
      3064      50.47     -48.87       1.00       0.00       0.00       0.00       2.92       4.44
      3326      50.99     -49.38       1.00       0.00       0.00       0.00       2.92       4.44
      3476      51.09     -49.49       1.00       0.00       0.00       0.00       2.92       4.44
      3720      51.11     -49.65       1.00       0.00       0.00       0.20       2.89       4.44
      3773      51.13     -49.52       1.00       0.00       0.00       0.00       2.91       4.44
      4243      51.16     -49.69       1.00       0.00       0.00       0.20       2.89       4.44
      4303      51.38     -49.78       1.00       0.00       0.00       0.00       2.92       4.44
      4389      52.02     -49.91       1.00       0.00       0.00       0.00       2.66       4.44
--------------------------------------------------------------------------------
Best docking solution after GA:
      4500      52.02     -49.91       1.00       0.00       0.00       0.00       2.66       4.44

#ops:       4500 #mutates:   2239 #cross:     2261 #dups:       939 
#niche:     2282 #errors:      94 
--------------------------------------------------------------------------------

Doing AMOEBA simplex on best individual
Done simplexing #iterations 979, best score  55.65

Ligand is stored in gold_soln_prep_ligand_16_m1_2.mol2


--------------------------------------------------------------------------------
--- CHEMPLP breakdown of terms                                               ---
--------------------------------------------------------------------------------
CHEMPLP = - ( 1.0000*S(PLP) + -3.0000*S(hbond) + -6.0000*S(metal) + -3.0000*S(cho) )

Score = CHEMPLP - 1.0000*DE(clash) - 2.0000*DE(tors)

Internal energy term has been corrected with the best internal energy encountered.

--------------------------------------------------------------------------------


     Score     S(PLP)   S(hbond)     S(cho)   S(metal)  DE(clash)   DE(tors)     intcor
     55.65     -53.43       1.00       0.00       0.00       0.09       2.56       4.44

--------------------------------------------------------------------------------
--- PLP analysis of protein-ligand interactions                              ---
--------------------------------------------------------------------------------
hydrogen bonding        :      -1.56
metal                   :       0.00
buried (polar-nonpolar) :      -9.86
nonpolar                :     -42.68
repulsive               :       0.39
--------------------------------------------------------------------------------


--------------------------------------------------------------------------------
--- ChemScore analysis of protein-ligand interactions                        ---
--------------------------------------------------------------------------------

* Hydrogen bonds                                                                
Protein donor 5227 hydrogen 5229 Ligand acceptor   17 bond energy  1.00 wt 1.00


* CH..O interactions                                                            
  CH group selection                       : activated ring CH (adjacent to hetatom)

--------------------------------------------------------------------------------


--------------------------------------------------------------------------------
--- Intra-ligand clashes                                                     ---
--------------------------------------------------------------------------------

Ligand
 26 (C26  ) -   8 (N8   ):   0.09 (dist   3.00)
--------------------------------------------------------------------------------


--------------------------------------------------------------------------------
--- Chromosome decoded                                                       ---
--------------------------------------------------------------------------------
Ligand Torsions
[   1    2    3    4] -178.97
[   4    5    6    7]  -22.52
[   6    8    9   10]  178.41
[  11   10    9    8]  -11.56
[  17   16   15   14]  158.03
[  20   19   16   15]   46.79
Protein Torsions
[ 489  484  483  480]   -3.33 
[1635 1626 1625 1623]   18.85 
[1707 1702 1701 1698]  169.97 
[1839 1828 1827 1826]   49.40 
Mapping
Ligand acceptors to protein hydrogens (mapping then atom ids)
Ligand hydrogens to protein acceptors (mapping then atom ids)
Ligand shape atoms to protein points (mapping then atom ids & coords)
  3  2042 [  4->(-19.500  22.250  20.000)]
  4  3267 [  9->(-17.000  18.500  21.250)]
  5  2741 [ 11->(-18.000  18.250  21.750)]
  6  2208 [ 12->(-19.000  17.750  21.500)]
  7  2596 [ 13->(-18.250  17.750  23.250)]
 11  4560 [ 22->(-15.250  12.250  20.000)]
 12  5576 [ 23->(-13.250  14.250  20.750)]
 14  1483 [ 26->(-20.500  21.250  19.250)]
Chromosome values
Integers:
  -1   -1   -1   -1   -1   -1   -1 2041 3266 2740 2207 2595 
  -1   -1   -1 4559 5575   -1 1482 
--------------------------------------------------------------------------------

Current Ranking  1  2

--------------------------------------------------------------------------------

* GA execution time :                                                           
  total  0.0787 user  0.0787 sys  0.0000

--------------------------------------------------------------------------------
Fitness function evaluations: 10755

--------------------------------------------------------------------------------
** Docking run number  3 **
--------------------------------------------------------------------------------
  Rank fitness base is 5000.00 ; increment is 11.2233

* Initialising population(s) ...                                                
Number of constraints mappings 0
Number of constraints 0
  Population no.                           :      1
  Population size                          :    100
  Number of duplicates                     :      0
  Number of niche violations               :      0
  Number of errors                         :     57


Doing GA, no. of population(s) 1 size 100 selection pressure 1.100000

 Operation      Score     S(PLP)   S(hbond)     S(cho)   S(metal)  DE(clash)   DE(tors)     intcor
         0      -5.18       3.12       0.00       0.00       0.00       0.00       3.25       4.44
       100       8.69     -14.23       0.05       0.00       0.00       3.91       3.10       4.44
       320      10.04     -13.95       0.59       0.00       0.00       3.91       3.10       4.44
       446      20.33     -23.35       0.00       0.00       0.00       0.00       3.73       4.44
       740      22.34     -26.32       0.72       0.00       0.00       4.93       2.83       4.44
       952      23.89     -25.35       0.00       0.00       0.00       0.23       2.83       4.44
      1345      24.07     -25.41       0.00       0.00       0.00       0.23       2.78       4.44
      1388      25.72     -28.93       0.74       0.00       0.00       4.16       2.85       4.44
      1595      34.80     -35.39       0.29       0.00       0.00       0.23       2.83       4.44
      2006      38.21     -39.51       0.00       0.00       0.00       0.28       2.73       4.44
      2170      44.20     -42.51       1.00       0.00       0.00       0.00       2.87       4.44
      2593      44.36     -42.77       1.00       0.00       0.00       0.00       2.92       4.44
      3516      44.74     -42.97       1.00       0.00       0.00       0.00       2.84       4.44
      4137      44.74     -42.97       1.00       0.00       0.00       0.00       2.84       4.44
      4387      45.74     -43.98       1.00       0.00       0.00       0.00       2.84       4.44
--------------------------------------------------------------------------------
Best docking solution after GA:
      4500      45.74     -43.98       1.00       0.00       0.00       0.00       2.84       4.44

#ops:       4500 #mutates:   2247 #cross:     2253 #dups:      1059 
#niche:     1994 #errors:     226 
--------------------------------------------------------------------------------

Doing AMOEBA simplex on best individual
Done simplexing #iterations 799, best score  53.21

Ligand is stored in gold_soln_prep_ligand_16_m1_3.mol2


--------------------------------------------------------------------------------
--- CHEMPLP breakdown of terms                                               ---
--------------------------------------------------------------------------------
CHEMPLP = - ( 1.0000*S(PLP) + -3.0000*S(hbond) + -6.0000*S(metal) + -3.0000*S(cho) )

Score = CHEMPLP - 1.0000*DE(clash) - 2.0000*DE(tors)

Internal energy term has been corrected with the best internal energy encountered.

--------------------------------------------------------------------------------


     Score     S(PLP)   S(hbond)     S(cho)   S(metal)  DE(clash)   DE(tors)     intcor
     53.21     -51.47       1.00       0.00       0.00       0.00       2.85       4.44

--------------------------------------------------------------------------------
--- PLP analysis of protein-ligand interactions                              ---
--------------------------------------------------------------------------------
hydrogen bonding        :      -2.00
metal                   :       0.00
buried (polar-nonpolar) :      -9.86
nonpolar                :     -40.82
repulsive               :       0.67
--------------------------------------------------------------------------------


--------------------------------------------------------------------------------
--- ChemScore analysis of protein-ligand interactions                        ---
--------------------------------------------------------------------------------

* Hydrogen bonds                                                                
Protein donor 5227 hydrogen 5229 Ligand acceptor   18 bond energy  1.00 wt 1.00


* CH..O interactions                                                            
  CH group selection                       : activated ring CH (adjacent to hetatom)

--------------------------------------------------------------------------------


--------------------------------------------------------------------------------
--- Intra-ligand clashes                                                     ---
--------------------------------------------------------------------------------

Ligand
--------------------------------------------------------------------------------


--------------------------------------------------------------------------------
--- Chromosome decoded                                                       ---
--------------------------------------------------------------------------------
Ligand Torsions
[   1    2    3    4]  124.24
[   4    5    6    7] -168.16
[   6    8    9   10]  -28.71
[  11   10    9    8]  -35.54
[  17   16   15   14]   94.74
[  20   19   16   15] -109.04
Protein Torsions
[ 489  484  483  480]  133.95 
[1635 1626 1625 1623]  142.23 
[1707 1702 1701 1698] -112.47 
[1839 1828 1827 1826]  -97.59 
Mapping
Ligand acceptors to protein hydrogens (mapping then atom ids)
Ligand hydrogens to protein acceptors (mapping then atom ids)
Ligand shape atoms to protein points (mapping then atom ids & coords)
  4  3278 [  9->(-17.000  19.000  21.000)]
  5  2890 [ 11->(-17.750  18.750  21.500)]
 11  4820 [ 22->(-14.750  12.000  19.750)]
 14  1330 [ 26->(-20.750  20.500  20.500)]
Chromosome values
Integers:
  -1   -1   -1   -1   -1   -1   -1   -1 3277 2889   -1   -1 
  -1   -1   -1 4819   -1   -1 1329 
--------------------------------------------------------------------------------

Current Ranking  1  2  3

--------------------------------------------------------------------------------

* GA execution time :                                                           
  total  0.0722 user  0.0712 sys  0.0010

--------------------------------------------------------------------------------
Fitness function evaluations: 10386

--------------------------------------------------------------------------------
** Docking run number  4 **
--------------------------------------------------------------------------------
  Rank fitness base is 5000.00 ; increment is 11.2233

* Initialising population(s) ...                                                
Number of constraints mappings 0
Number of constraints 0
  Population no.                           :      1
  Population size                          :    100
  Number of duplicates                     :      0
  Number of niche violations               :      0
  Number of errors                         :     56


Doing GA, no. of population(s) 1 size 100 selection pressure 1.100000

 Operation      Score     S(PLP)   S(hbond)     S(cho)   S(metal)  DE(clash)   DE(tors)     intcor
         0      13.26     -16.43       0.00       0.00       0.00       0.00       3.81       4.44
       238      13.99     -17.18       0.00       0.00       0.00       0.00       3.81       4.44
       591      21.55     -24.15       0.29       0.00       0.00       0.00       3.95       4.44
       657      36.98     -40.37       0.44       0.00       0.00       3.17       2.99       4.44
      2138      48.72     -51.15       0.32       0.00       0.00       0.00       3.92       4.44
      2148      50.40     -52.77       0.32       0.00       0.00       0.00       3.89       4.44
      2324      51.90     -55.24       0.00       0.00       0.00       0.00       3.89       4.44
      2493      52.14     -55.50       0.00       0.00       0.00       0.00       3.90       4.44
      2892      52.40     -55.77       0.00       0.00       0.00       0.00       3.90       4.44
      3062      55.26     -56.29       0.89       0.00       0.00       0.00       4.08       4.44
      4110      57.79     -60.04       0.49       0.00       0.00       0.00       4.08       4.44
--------------------------------------------------------------------------------
Best docking solution after GA:
      4500      57.79     -60.04       0.49       0.00       0.00       0.00       4.08       4.44

#ops:       4500 #mutates:   2281 #cross:     2219 #dups:       771 
#niche:     2290 #errors:      74 
--------------------------------------------------------------------------------

Doing AMOEBA simplex on best individual
Done simplexing #iterations 627, best score  65.34

Ligand is stored in gold_soln_prep_ligand_16_m1_4.mol2


--------------------------------------------------------------------------------
--- CHEMPLP breakdown of terms                                               ---
--------------------------------------------------------------------------------
CHEMPLP = - ( 1.0000*S(PLP) + -3.0000*S(hbond) + -6.0000*S(metal) + -3.0000*S(cho) )

Score = CHEMPLP - 1.0000*DE(clash) - 2.0000*DE(tors)

Internal energy term has been corrected with the best internal energy encountered.

--------------------------------------------------------------------------------


     Score     S(PLP)   S(hbond)     S(cho)   S(metal)  DE(clash)   DE(tors)     intcor
     65.34     -66.27       0.97       0.00       0.00       0.00       4.13       4.44

--------------------------------------------------------------------------------
--- PLP analysis of protein-ligand interactions                              ---
--------------------------------------------------------------------------------
hydrogen bonding        :      -3.00
metal                   :       0.00
buried (polar-nonpolar) :     -10.43
nonpolar                :     -53.27
repulsive               :       0.35
--------------------------------------------------------------------------------


--------------------------------------------------------------------------------
--- ChemScore analysis of protein-ligand interactions                        ---
--------------------------------------------------------------------------------

* Hydrogen bonds                                                                
Protein donor 5227 hydrogen 5229 Ligand acceptor    7 bond energy  1.00 wt 0.97


* CH..O interactions                                                            
  CH group selection                       : activated ring CH (adjacent to hetatom)

--------------------------------------------------------------------------------


--------------------------------------------------------------------------------
--- Intra-ligand clashes                                                     ---
--------------------------------------------------------------------------------

Ligand
--------------------------------------------------------------------------------


--------------------------------------------------------------------------------
--- Chromosome decoded                                                       ---
--------------------------------------------------------------------------------
Ligand Torsions
[   1    2    3    4]  122.76
[   4    5    6    7]  -93.06
[   6    8    9   10]   98.81
[  11   10    9    8]   64.44
[  17   16   15   14]  139.65
[  20   19   16   15]  119.91
Protein Torsions
[ 489  484  483  480]  112.19 
[1635 1626 1625 1623] -135.08 
[1707 1702 1701 1698] -133.67 
[1839 1828 1827 1826]  128.75 
Mapping
Ligand acceptors to protein hydrogens (mapping then atom ids)
Ligand hydrogens to protein acceptors (mapping then atom ids)
Ligand shape atoms to protein points (mapping then atom ids & coords)
  1  5990 [  1->(-12.500  10.500  19.250)]
  3  5053 [  4->(-14.250  15.250  20.250)]
  4  4887 [  9->(-14.750  17.250  21.000)]
  7  2335 [ 13->(-18.750  17.500  22.500)]
  8  2489 [ 14->(-18.500  18.000  22.000)]
 12  1629 [ 23->(-20.250  21.500  20.000)]
Chromosome values
Integers:
  -1   -1   -1   -1   -1 5989   -1 5052 4886   -1   -1 2334 
2488   -1   -1   -1 1628   -1   -1 
--------------------------------------------------------------------------------

Current Ranking  4  1  2  3

--------------------------------------------------------------------------------

* GA execution time :                                                           
  total  0.0727 user  0.0727 sys  0.0000

--------------------------------------------------------------------------------
Fitness function evaluations: 10250

--------------------------------------------------------------------------------
** Docking run number  5 **
--------------------------------------------------------------------------------
  Rank fitness base is 5000.00 ; increment is 11.2233

* Initialising population(s) ...                                                
Number of constraints mappings 0
Number of constraints 0
  Population no.                           :      1
  Population size                          :    100
  Number of duplicates                     :      0
  Number of niche violations               :      0
  Number of errors                         :     41


Doing GA, no. of population(s) 1 size 100 selection pressure 1.100000

 Operation      Score     S(PLP)   S(hbond)     S(cho)   S(metal)  DE(clash)   DE(tors)     intcor
         0       6.48     -19.75       0.00       0.00       0.00      12.36       2.67       4.44
       383      13.22     -17.10       0.00       0.00       0.00       0.00       4.16       4.44
       517      22.88     -30.90       0.00       0.00       0.00       6.71       2.87       4.44
       628      22.88     -30.90       0.00       0.00       0.00       6.71       2.87       4.44
       886      35.23     -40.42       0.00       0.00       0.00       3.59       3.02       4.44
       890      35.74     -38.83       0.00       0.00       0.00       0.00       3.76       4.44
      1735      36.53     -37.75       0.02       0.00       0.00       0.52       2.60       4.44
      2006      36.58     -39.80       0.00       0.00       0.00       0.00       3.83       4.44
      2099      36.83     -36.44       0.50       0.00       0.00       0.52       2.52       4.44
      2121      37.00     -42.19       0.00       0.00       0.00       3.59       3.02       4.44
      2246      37.22     -38.42       0.02       0.00       0.00       0.52       2.58       4.44
      2323      39.19     -41.83       0.00       0.00       0.00       1.51       2.78       4.44
      2328      39.92     -42.81       0.00       0.00       0.00       1.76       2.78       4.44
      2365      40.44     -42.15       0.00       0.00       0.00       0.52       2.81       4.44
      2421      46.17     -47.33       0.00       0.00       0.00       0.52       2.53       4.44
      2855      51.57     -53.45       0.00       0.00       0.00       0.52       2.90       4.44
      3524      52.23     -54.92       0.00       0.00       0.00       1.51       2.81       4.44
      4269      52.39     -54.39       0.00       0.00       0.00       1.51       2.46       4.44
      4435      53.04     -55.71       0.01       0.00       0.00       1.51       2.81       4.44
      4464      53.15     -55.15       0.00       0.00       0.00       1.51       2.46       4.44
      4477      53.88     -56.40       0.00       0.00       0.00       1.29       2.83       4.44
--------------------------------------------------------------------------------
Best docking solution after GA:
      4500      53.88     -56.40       0.00       0.00       0.00       1.29       2.83       4.44

#ops:       4500 #mutates:   2272 #cross:     2228 #dups:       910 
#niche:     2316 #errors:     120 
--------------------------------------------------------------------------------

Doing AMOEBA simplex on best individual
Done simplexing #iterations 990, best score  60.18

Ligand is stored in gold_soln_prep_ligand_16_m1_5.mol2


--------------------------------------------------------------------------------
--- CHEMPLP breakdown of terms                                               ---
--------------------------------------------------------------------------------
CHEMPLP = - ( 1.0000*S(PLP) + -3.0000*S(hbond) + -6.0000*S(metal) + -3.0000*S(cho) )

Score = CHEMPLP - 1.0000*DE(clash) - 2.0000*DE(tors)

Internal energy term has been corrected with the best internal energy encountered.

--------------------------------------------------------------------------------


     Score     S(PLP)   S(hbond)     S(cho)   S(metal)  DE(clash)   DE(tors)     intcor
     60.18     -61.09       0.00       0.00       0.00       0.00       2.67       4.44

--------------------------------------------------------------------------------
--- PLP analysis of protein-ligand interactions                              ---
--------------------------------------------------------------------------------
hydrogen bonding        :      -2.47
metal                   :       0.00
buried (polar-nonpolar) :     -11.70
nonpolar                :     -48.20
repulsive               :       0.36
--------------------------------------------------------------------------------


--------------------------------------------------------------------------------
--- ChemScore analysis of protein-ligand interactions                        ---
--------------------------------------------------------------------------------

* Hydrogen bonds                                                                


* CH..O interactions                                                            
  CH group selection                       : activated ring CH (adjacent to hetatom)

--------------------------------------------------------------------------------


--------------------------------------------------------------------------------
--- Intra-ligand clashes                                                     ---
--------------------------------------------------------------------------------

Ligand
--------------------------------------------------------------------------------


--------------------------------------------------------------------------------
--- Chromosome decoded                                                       ---
--------------------------------------------------------------------------------
Ligand Torsions
[   1    2    3    4]  129.19
[   4    5    6    7]   24.38
[   6    8    9   10]  -67.05
[  11   10    9    8]   -9.39
[  17   16   15   14]   80.92
[  20   19   16   15]  -46.35
Protein Torsions
[ 489  484  483  480]  125.32 
[1635 1626 1625 1623]  -87.75 
[1707 1702 1701 1698]   22.60 
[1839 1828 1827 1826]   40.10 
Mapping
Ligand acceptors to protein hydrogens (mapping then atom ids)
Ligand hydrogens to protein acceptors (mapping then atom ids)
Ligand shape atoms to protein points (mapping then atom ids & coords)
  3  1760 [  4->(-20.000  21.000  20.250)]
  4  3366 [  9->(-16.750  16.500  19.750)]
  9  6520 [ 20->(-11.750  15.000  20.250)]
 10  6491 [ 21->(-11.750  13.000  19.750)]
 14  1967 [ 26->(-19.500  18.000  22.750)]
Chromosome values
Integers:
  -1   -1   -1   -1   -1   -1   -1 1759 3365   -1   -1   -1 
  -1 6519 6490   -1   -1   -1 1966 
--------------------------------------------------------------------------------

Current Ranking  4  5  1  2  3

--------------------------------------------------------------------------------

* GA execution time :                                                           
  total  0.0740 user  0.0740 sys  0.0000

--------------------------------------------------------------------------------
Fitness function evaluations: 10679

--------------------------------------------------------------------------------
** Docking run number  6 **
--------------------------------------------------------------------------------
  Rank fitness base is 5000.00 ; increment is 11.2233

* Initialising population(s) ...                                                
Number of constraints mappings 0
Number of constraints 0
  Population no.                           :      1
  Population size                          :    100
  Number of duplicates                     :      0
  Number of niche violations               :      0
  Number of errors                         :     43


Doing GA, no. of population(s) 1 size 100 selection pressure 1.100000

 Operation      Score     S(PLP)   S(hbond)     S(cho)   S(metal)  DE(clash)   DE(tors)     intcor
         0      17.50     -23.28       0.00       0.00       0.00       4.52       2.85       4.44
        83      17.50     -23.28       0.00       0.00       0.00       4.52       2.85       4.44
       672      38.40     -39.31       0.78       0.00       0.00       0.00       3.85       4.44
      1695      39.88     -44.62       0.00       0.00       0.00       1.88       3.65       4.44
      2599      44.38     -48.79       0.11       0.00       0.00       1.88       3.65       4.44
      2664      48.24     -50.45       0.91       0.00       0.00       1.88       3.76       4.44
      3372      49.76     -52.13       0.86       0.00       0.00       1.88       3.76       4.44
      3785      50.41     -52.91       0.85       0.00       0.00       1.88       3.80       4.44
      4064      50.50     -53.34       0.70       0.00       0.00       1.88       3.76       4.44
      4243      50.96     -53.75       0.75       0.00       0.00       1.88       3.80       4.44
      4330      51.77     -54.41       0.80       0.00       0.00       1.88       3.80       4.44
      4339      53.56     -56.54       0.69       0.00       0.00       1.88       3.80       4.44
      4364      54.74     -57.82       0.69       0.00       0.00       1.88       3.85       4.44
--------------------------------------------------------------------------------
Best docking solution after GA:
      4500      54.74     -57.82       0.69       0.00       0.00       1.88       3.85       4.44

#ops:       4500 #mutates:   2275 #cross:     2225 #dups:       984 
#niche:     2106 #errors:     175 
--------------------------------------------------------------------------------

Doing AMOEBA simplex on best individual
Done simplexing #iterations 909, best score  64.63

Ligand is stored in gold_soln_prep_ligand_16_m1_6.mol2


--------------------------------------------------------------------------------
--- CHEMPLP breakdown of terms                                               ---
--------------------------------------------------------------------------------
CHEMPLP = - ( 1.0000*S(PLP) + -3.0000*S(hbond) + -6.0000*S(metal) + -3.0000*S(cho) )

Score = CHEMPLP - 1.0000*DE(clash) - 2.0000*DE(tors)

Internal energy term has been corrected with the best internal energy encountered.

--------------------------------------------------------------------------------


     Score     S(PLP)   S(hbond)     S(cho)   S(metal)  DE(clash)   DE(tors)     intcor
     64.63     -66.39       0.22       0.00       0.00       0.00       3.42       4.44

--------------------------------------------------------------------------------
--- PLP analysis of protein-ligand interactions                              ---
--------------------------------------------------------------------------------
hydrogen bonding        :      -1.92
metal                   :       0.00
buried (polar-nonpolar) :      -9.77
nonpolar                :     -54.24
repulsive               :       0.31
--------------------------------------------------------------------------------


--------------------------------------------------------------------------------
--- ChemScore analysis of protein-ligand interactions                        ---
--------------------------------------------------------------------------------

* Hydrogen bonds                                                                
Protein donor 5227 hydrogen 5229 Ligand acceptor   18 bond energy  1.00 wt 0.22


* CH..O interactions                                                            
  CH group selection                       : activated ring CH (adjacent to hetatom)

--------------------------------------------------------------------------------


--------------------------------------------------------------------------------
--- Intra-ligand clashes                                                     ---
--------------------------------------------------------------------------------

Ligand
--------------------------------------------------------------------------------


--------------------------------------------------------------------------------
--- Chromosome decoded                                                       ---
--------------------------------------------------------------------------------
Ligand Torsions
[   1    2    3    4]  179.28
[   4    5    6    7]   46.91
[   6    8    9   10]  135.79
[  11   10    9    8]   67.11
[  17   16   15   14]  133.90
[  20   19   16   15]  -59.96
Protein Torsions
[ 489  484  483  480]  -49.81 
[1635 1626 1625 1623]  -51.82 
[1707 1702 1701 1698]  -67.66 
[1839 1828 1827 1826]  103.00 
Mapping
Ligand acceptors to protein hydrogens (mapping then atom ids)
Ligand hydrogens to protein acceptors (mapping then atom ids)
Ligand shape atoms to protein points (mapping then atom ids & coords)
  2  6447 [  2->(-11.750  11.000  19.750)]
  4  3664 [  9->(-16.500  18.750  22.250)]
  6  2471 [ 12->(-18.500  17.500  23.750)]
  8  3101 [ 14->(-17.250  18.250  21.000)]
 10  2005 [ 21->(-19.500  20.500  20.000)]
 11  2165 [ 22->(-19.250  22.250  19.250)]
 13  4374 [ 24->(-15.750  22.250  20.250)]
Chromosome values
Integers:
  -1   -1   -1   -1   -1   -1 6446   -1 3663   -1 2470   -1 
3100   -1 2004 2164   -1 4373   -1 
--------------------------------------------------------------------------------

Current Ranking  4  6  5  1  2  3

--------------------------------------------------------------------------------

* GA execution time :                                                           
  total  0.0729 user  0.0719 sys  0.0010

--------------------------------------------------------------------------------
Fitness function evaluations: 10571

--------------------------------------------------------------------------------
** Docking run number  7 **
--------------------------------------------------------------------------------
  Rank fitness base is 5000.00 ; increment is 11.2233

* Initialising population(s) ...                                                
Number of constraints mappings 0
Number of constraints 0
  Population no.                           :      1
  Population size                          :    100
  Number of duplicates                     :      0
  Number of niche violations               :      0
  Number of errors                         :     49


Doing GA, no. of population(s) 1 size 100 selection pressure 1.100000

 Operation      Score     S(PLP)   S(hbond)     S(cho)   S(metal)  DE(clash)   DE(tors)     intcor
         0       2.13     -16.66       0.01       0.00       0.00      12.37       3.31       4.44
       246       3.14     -18.97       0.00       0.00       0.00      11.10       4.58       4.44
       262      17.67     -25.47       0.06       0.00       0.00       4.15       4.14       4.44
       521      30.65     -37.64       0.17       0.00       0.00       6.69       2.62       4.44
       700      33.72     -40.67       0.18       0.00       0.00       6.69       2.62       4.44
      1363      33.76     -39.80       0.15       0.00       0.00       5.70       2.61       4.44
      1478      34.32     -40.84       0.32       0.00       0.00       6.69       2.62       4.44
      1508      34.57     -41.14       0.35       0.00       0.00       6.28       2.89       4.44
      1558      35.16     -43.17       0.13       0.00       0.00       4.15       4.34       4.44
      1590      35.38     -42.54       0.15       0.00       0.00       6.28       2.89       4.44
      1732      35.71     -42.08       0.42       0.00       0.00       6.28       2.89       4.44
      1930      37.35     -41.53       0.45       0.00       0.00       4.15       2.90       4.44
      2208      37.45     -41.18       0.43       0.00       0.00       3.66       2.90       4.44
      2534      37.84     -42.52       0.28       0.00       0.00       4.15       2.90       4.44
      2632      38.10     -42.25       0.43       0.00       0.00       4.15       2.86       4.44
      2881      39.22     -42.08       0.58       0.00       0.00       3.66       2.68       4.44
      3054      39.76     -41.46       0.58       0.00       0.00       2.48       2.69       4.44
      3234      39.80     -38.96       0.61       0.00       0.00       0.00       2.71       4.44
      3522      40.00     -39.30       0.56       0.00       0.00       0.00       2.71       4.44
      3697      40.24     -39.51       0.58       0.00       0.00       0.00       2.72       4.44
      4061      40.62     -39.91       0.56       0.00       0.00       0.00       2.71       4.44
--------------------------------------------------------------------------------
Best docking solution after GA:
      4500      40.62     -39.91       0.56       0.00       0.00       0.00       2.71       4.44

#ops:       4500 #mutates:   2292 #cross:     2208 #dups:      1148 
#niche:     2860 #errors:      82 
--------------------------------------------------------------------------------

Doing AMOEBA simplex on best individual
Done simplexing #iterations 843, best score  43.78

Ligand is stored in gold_soln_prep_ligand_16_m1_7.mol2


--------------------------------------------------------------------------------
--- CHEMPLP breakdown of terms                                               ---
--------------------------------------------------------------------------------
CHEMPLP = - ( 1.0000*S(PLP) + -3.0000*S(hbond) + -6.0000*S(metal) + -3.0000*S(cho) )

Score = CHEMPLP - 1.0000*DE(clash) - 2.0000*DE(tors)

Internal energy term has been corrected with the best internal energy encountered.

--------------------------------------------------------------------------------


     Score     S(PLP)   S(hbond)     S(cho)   S(metal)  DE(clash)   DE(tors)     intcor
     43.78     -43.34       0.44       0.00       0.00       0.00       2.67       4.44

--------------------------------------------------------------------------------
--- PLP analysis of protein-ligand interactions                              ---
--------------------------------------------------------------------------------
hydrogen bonding        :      -2.44
metal                   :       0.00
buried (polar-nonpolar) :      -4.93
nonpolar                :     -38.41
repulsive               :       2.57
--------------------------------------------------------------------------------


--------------------------------------------------------------------------------
--- ChemScore analysis of protein-ligand interactions                        ---
--------------------------------------------------------------------------------

* Hydrogen bonds                                                                
Protein donor 5227 hydrogen 5229 Ligand acceptor   17 bond energy  1.00 wt 0.44


* CH..O interactions                                                            
  CH group selection                       : activated ring CH (adjacent to hetatom)

--------------------------------------------------------------------------------


--------------------------------------------------------------------------------
--- Intra-ligand clashes                                                     ---
--------------------------------------------------------------------------------

Ligand
--------------------------------------------------------------------------------


--------------------------------------------------------------------------------
--- Chromosome decoded                                                       ---
--------------------------------------------------------------------------------
Ligand Torsions
[   1    2    3    4]  170.14
[   4    5    6    7]  -24.09
[   6    8    9   10] -122.98
[  11   10    9    8]  -55.00
[  17   16   15   14]   90.61
[  20   19   16   15]  142.09
Protein Torsions
[ 489  484  483  480] -154.92 
[1635 1626 1625 1623] -172.63 
[1707 1702 1701 1698]  -27.49 
[1839 1828 1827 1826]    2.41 
Mapping
Ligand acceptors to protein hydrogens (mapping then atom ids)
Ligand hydrogens to protein acceptors (mapping then atom ids)
Ligand shape atoms to protein points (mapping then atom ids & coords)
  2  1680 [  2->(-20.250  24.000  19.250)]
  5  3220 [ 11->(-17.000  17.250  21.250)]
  6  3324 [ 12->(-16.750  14.750  20.000)]
  8  5278 [ 14->(-13.750  13.750  20.000)]
  9  6525 [ 20->(-11.750  15.250  20.250)]
 10  6930 [ 21->(-10.750  14.000  19.500)]
 11  6598 [ 22->(-11.500  12.250  18.500)]
 13  6235 [ 24->(-12.250  15.250  20.250)]
Chromosome values
Integers:
  -1   -1   -1   -1   -1   -1 1679   -1   -1 3219 3323   -1 
5277 6524 6929 6597   -1 6234   -1 
--------------------------------------------------------------------------------

Current Ranking  4  6  5  1  2  3  7

--------------------------------------------------------------------------------

* GA execution time :                                                           
  total  0.0763 user  0.0753 sys  0.0010

--------------------------------------------------------------------------------
Fitness function evaluations: 10478

--------------------------------------------------------------------------------
** Docking run number  8 **
--------------------------------------------------------------------------------
  Rank fitness base is 5000.00 ; increment is 11.2233

* Initialising population(s) ...                                                
Number of constraints mappings 0
Number of constraints 0
  Population no.                           :      1
  Population size                          :    100
  Number of duplicates                     :      0
  Number of niche violations               :      0
  Number of errors                         :     48


Doing GA, no. of population(s) 1 size 100 selection pressure 1.100000

 Operation      Score     S(PLP)   S(hbond)     S(cho)   S(metal)  DE(clash)   DE(tors)     intcor
         0      19.15     -32.17       0.00       0.00       0.00      11.17       3.14       4.44
       612      20.90     -21.97       0.27       0.00       0.00       1.49       2.40       4.44
       694      24.33     -24.61       0.53       0.00       0.00       1.49       2.40       4.44
       735      28.62     -29.33       0.38       0.00       0.00       1.49       2.40       4.44
      1719      32.66     -37.09       0.00       0.00       0.00       3.61       2.63       4.44
      2513      33.54     -37.97       0.00       0.00       0.00       3.61       2.63       4.44
      3105      35.29     -34.86       0.43       0.00       0.00       0.00       2.66       4.44
      3456      35.86     -37.70       0.00       0.00       0.00       0.00       3.14       4.44
      3510      36.33     -38.17       0.00       0.00       0.00       0.00       3.14       4.44
      3587      36.94     -41.38       0.00       0.00       0.00       3.61       2.63       4.44
      3722      37.31     -36.85       0.48       0.00       0.00       0.00       2.71       4.44
      3753      37.78     -41.26       0.00       0.00       0.00       2.09       2.91       4.44
      4018      42.09     -45.22       0.00       0.00       0.00       2.54       2.51       4.44
      4384      42.58     -45.93       0.00       0.00       0.00       2.54       2.62       4.44
--------------------------------------------------------------------------------
Best docking solution after GA:
      4500      42.58     -45.93       0.00       0.00       0.00       2.54       2.62       4.44

#ops:       4500 #mutates:   2279 #cross:     2221 #dups:       906 
#niche:     2190 #errors:     152 
--------------------------------------------------------------------------------

Doing AMOEBA simplex on best individual
Done simplexing #iterations 615, best score  53.63

Ligand is stored in gold_soln_prep_ligand_16_m1_8.mol2


--------------------------------------------------------------------------------
--- CHEMPLP breakdown of terms                                               ---
--------------------------------------------------------------------------------
CHEMPLP = - ( 1.0000*S(PLP) + -3.0000*S(hbond) + -6.0000*S(metal) + -3.0000*S(cho) )

Score = CHEMPLP - 1.0000*DE(clash) - 2.0000*DE(tors)

Internal energy term has been corrected with the best internal energy encountered.

--------------------------------------------------------------------------------


     Score     S(PLP)   S(hbond)     S(cho)   S(metal)  DE(clash)   DE(tors)     intcor
     53.63     -55.50       0.00       0.00       0.00       0.00       3.15       4.44

--------------------------------------------------------------------------------
--- PLP analysis of protein-ligand interactions                              ---
--------------------------------------------------------------------------------
hydrogen bonding        :      -0.73
metal                   :       0.00
buried (polar-nonpolar) :      -7.11
nonpolar                :     -48.10
repulsive               :       0.39
--------------------------------------------------------------------------------


--------------------------------------------------------------------------------
--- ChemScore analysis of protein-ligand interactions                        ---
--------------------------------------------------------------------------------

* Hydrogen bonds                                                                


* CH..O interactions                                                            
  CH group selection                       : activated ring CH (adjacent to hetatom)

--------------------------------------------------------------------------------


--------------------------------------------------------------------------------
--- Intra-ligand clashes                                                     ---
--------------------------------------------------------------------------------

Ligand
--------------------------------------------------------------------------------


--------------------------------------------------------------------------------
--- Chromosome decoded                                                       ---
--------------------------------------------------------------------------------
Ligand Torsions
[   1    2    3    4]   39.69
[   4    5    6    7]   23.55
[   6    8    9   10]   59.81
[  11   10    9    8]  -34.25
[  17   16   15   14]   81.85
[  20   19   16   15]  134.75
Protein Torsions
[ 489  484  483  480]  143.95 
[1635 1626 1625 1623]  100.46 
[1707 1702 1701 1698] -126.31 
[1839 1828 1827 1826]  -61.51 
Mapping
Ligand acceptors to protein hydrogens (mapping then atom ids)
Ligand hydrogens to protein acceptors (mapping then atom ids)
Ligand shape atoms to protein points (mapping then atom ids & coords)
  1  5668 [  1->(-13.000  10.250  19.250)]
  5  3383 [ 11->(-16.750  16.750  21.000)]
 11  1356 [ 22->(-20.750  21.500  19.250)]
 13  2157 [ 24->(-19.250  21.750  19.750)]
 14  6383 [ 26->(-12.000  15.250  19.750)]
Chromosome values
Integers:
  -1   -1   -1   -1   -1 5667   -1   -1   -1 3382   -1   -1 
  -1   -1   -1 1355   -1 2156 6382 
--------------------------------------------------------------------------------

Current Ranking  4  6  5  1  2  8  3  7

--------------------------------------------------------------------------------

* GA execution time :                                                           
  total  0.0738 user  0.0738 sys  0.0000

--------------------------------------------------------------------------------
Fitness function evaluations: 10203

--------------------------------------------------------------------------------
** Docking run number  9 **
--------------------------------------------------------------------------------
  Rank fitness base is 5000.00 ; increment is 11.2233

* Initialising population(s) ...                                                
Number of constraints mappings 0
Number of constraints 0
  Population no.                           :      1
  Population size                          :    100
  Number of duplicates                     :      0
  Number of niche violations               :      0
  Number of errors                         :     54


Doing GA, no. of population(s) 1 size 100 selection pressure 1.100000

 Operation      Score     S(PLP)   S(hbond)     S(cho)   S(metal)  DE(clash)   DE(tors)     intcor
         0      18.30     -22.30       0.00       0.00       0.00       0.00       4.22       4.44
       351      29.53     -32.07       0.48       0.00       0.00       0.00       4.21       4.44
       585      31.89     -36.64       0.00       0.00       0.00       2.08       3.56       4.44
       633      34.87     -38.47       0.01       0.00       0.00       0.93       3.56       4.44
      1165      34.94     -39.22       0.00       0.00       0.00       3.51       2.60       4.44
      1182      36.25     -38.33       0.06       0.00       0.00       0.00       3.35       4.44
      1613      36.62     -40.24       0.00       0.00       0.00       0.93       3.56       4.44
      2023      39.97     -41.95       0.00       0.00       0.00       0.00       3.21       4.44
      2471      44.94     -48.34       0.00       0.00       0.00       2.60       2.61       4.44
      2664      45.88     -49.18       0.00       0.00       0.00       2.60       2.57       4.44
      3296      46.65     -50.74       0.00       0.00       0.00       3.51       2.51       4.44
      3553      46.79     -50.37       0.00       0.00       0.00       2.60       2.71       4.44
      3838      48.41     -51.65       0.00       0.00       0.00       2.60       2.54       4.44
      4091      48.58     -51.82       0.00       0.00       0.00       2.60       2.53       4.44
      4435      50.53     -53.95       0.00       0.00       0.00       2.58       2.64       4.44
      4452      51.15     -54.40       0.00       0.00       0.00       2.60       2.54       4.44
--------------------------------------------------------------------------------
Best docking solution after GA:
      4500      51.15     -54.40       0.00       0.00       0.00       2.60       2.54       4.44

#ops:       4500 #mutates:   2229 #cross:     2271 #dups:       883 
#niche:     2104 #errors:     112 
--------------------------------------------------------------------------------

Doing AMOEBA simplex on best individual
Done simplexing #iterations 1032, best score  62.53

Ligand is stored in gold_soln_prep_ligand_16_m1_9.mol2


--------------------------------------------------------------------------------
--- CHEMPLP breakdown of terms                                               ---
--------------------------------------------------------------------------------
CHEMPLP = - ( 1.0000*S(PLP) + -3.0000*S(hbond) + -6.0000*S(metal) + -3.0000*S(cho) )

Score = CHEMPLP - 1.0000*DE(clash) - 2.0000*DE(tors)

Internal energy term has been corrected with the best internal energy encountered.

--------------------------------------------------------------------------------


     Score     S(PLP)   S(hbond)     S(cho)   S(metal)  DE(clash)   DE(tors)     intcor
     62.53     -63.91       0.00       0.00       0.00       0.00       2.91       4.44

--------------------------------------------------------------------------------
--- PLP analysis of protein-ligand interactions                              ---
--------------------------------------------------------------------------------
hydrogen bonding        :      -3.66
metal                   :       0.00
buried (polar-nonpolar) :     -11.79
nonpolar                :     -49.82
repulsive               :       1.90
--------------------------------------------------------------------------------


--------------------------------------------------------------------------------
--- ChemScore analysis of protein-ligand interactions                        ---
--------------------------------------------------------------------------------

* Hydrogen bonds                                                                


* CH..O interactions                                                            
  CH group selection                       : activated ring CH (adjacent to hetatom)

--------------------------------------------------------------------------------


--------------------------------------------------------------------------------
--- Intra-ligand clashes                                                     ---
--------------------------------------------------------------------------------

Ligand
--------------------------------------------------------------------------------


--------------------------------------------------------------------------------
--- Chromosome decoded                                                       ---
--------------------------------------------------------------------------------
Ligand Torsions
[   1    2    3    4]    7.61
[   4    5    6    7]   23.83
[   6    8    9   10]  156.69
[  11   10    9    8]   56.73
[  17   16   15   14]  154.42
[  20   19   16   15]  117.63
Protein Torsions
[ 489  484  483  480]  -90.90 
[1635 1626 1625 1623]  149.74 
[1707 1702 1701 1698]  -66.78 
[1839 1828 1827 1826]  113.19 
Mapping
Ligand acceptors to protein hydrogens (mapping then atom ids)
Ligand hydrogens to protein acceptors (mapping then atom ids)
Ligand shape atoms to protein points (mapping then atom ids & coords)
  1  7140 [  1->( -9.250  12.750  19.250)]
  3  6229 [  4->(-12.250  15.000  20.000)]
  6  2189 [ 12->(-19.000  17.250  22.000)]
Chromosome values
Integers:
  -1   -1   -1   -1   -1 7139   -1 6228   -1   -1 2188   -1 
  -1   -1   -1   -1   -1   -1   -1 
--------------------------------------------------------------------------------

Current Ranking  4  6  9  5  1  2  8  3  7

--------------------------------------------------------------------------------

* GA execution time :                                                           
  total  0.0730 user  0.0730 sys  0.0000

--------------------------------------------------------------------------------
Fitness function evaluations: 10868

--------------------------------------------------------------------------------
** Docking run number 10 **
--------------------------------------------------------------------------------
  Rank fitness base is 5000.00 ; increment is 11.2233

* Initialising population(s) ...                                                
Number of constraints mappings 0
Number of constraints 0
  Population no.                           :      1
  Population size                          :    100
  Number of duplicates                     :      0
  Number of niche violations               :      0
  Number of errors                         :     42


Doing GA, no. of population(s) 1 size 100 selection pressure 1.100000

 Operation      Score     S(PLP)   S(hbond)     S(cho)   S(metal)  DE(clash)   DE(tors)     intcor
         0      10.87     -27.40       0.43       0.00       0.00      14.08       4.09       4.44
       221      19.48     -23.38       0.04       0.00       0.00       2.52       2.97       4.44
       669      21.27     -25.30       0.00       0.00       0.00       2.52       2.98       4.44
       745      26.12     -27.44       0.00       0.00       0.00       0.00       2.88       4.44
       880      39.38     -41.05       0.43       0.00       0.00       1.14       3.12       4.44
      1346      42.89     -43.98       0.69       0.00       0.00       1.14       3.22       4.44
      1584      44.26     -45.74       0.56       0.00       0.00       1.14       3.22       4.44
      1864      44.91     -46.58       0.58       0.00       0.00       1.14       3.34       4.44
      1889      47.28     -48.70       0.56       0.00       0.00       1.14       3.20       4.44
      1909      48.50     -49.67       0.54       0.00       0.00       0.85       3.20       4.44
      2182      48.66     -49.79       0.56       0.00       0.00       0.85       3.20       4.44
      2561      50.49     -51.94       0.45       0.00       0.00       0.85       3.20       4.44
      2764      51.32     -52.92       0.42       0.00       0.00       0.85       3.22       4.44
      4273      52.53     -53.56       0.61       0.00       0.00       0.85       3.22       4.44
--------------------------------------------------------------------------------
Best docking solution after GA:
      4500      52.53     -53.56       0.61       0.00       0.00       0.85       3.22       4.44

#ops:       4500 #mutates:   2204 #cross:     2296 #dups:       895 
#niche:     2387 #errors:      95 
--------------------------------------------------------------------------------

Doing AMOEBA simplex on best individual
Done simplexing #iterations 788, best score  63.80

Ligand is stored in gold_soln_prep_ligand_16_m1_10.mol2


--------------------------------------------------------------------------------
--- CHEMPLP breakdown of terms                                               ---
--------------------------------------------------------------------------------
CHEMPLP = - ( 1.0000*S(PLP) + -3.0000*S(hbond) + -6.0000*S(metal) + -3.0000*S(cho) )

Score = CHEMPLP - 1.0000*DE(clash) - 2.0000*DE(tors)

Internal energy term has been corrected with the best internal energy encountered.

--------------------------------------------------------------------------------


     Score     S(PLP)   S(hbond)     S(cho)   S(metal)  DE(clash)   DE(tors)     intcor
     63.80     -64.17       0.51       0.00       0.00       0.00       3.17       4.44

--------------------------------------------------------------------------------
--- PLP analysis of protein-ligand interactions                              ---
--------------------------------------------------------------------------------
hydrogen bonding        :      -3.00
metal                   :       0.00
buried (polar-nonpolar) :      -9.19
nonpolar                :     -53.30
repulsive               :       0.39
--------------------------------------------------------------------------------


--------------------------------------------------------------------------------
--- ChemScore analysis of protein-ligand interactions                        ---
--------------------------------------------------------------------------------

* Hydrogen bonds                                                                
Protein donor 5227 hydrogen 5229 Ligand acceptor   18 bond energy  1.00 wt 0.51


* CH..O interactions                                                            
  CH group selection                       : activated ring CH (adjacent to hetatom)

--------------------------------------------------------------------------------


--------------------------------------------------------------------------------
--- Intra-ligand clashes                                                     ---
--------------------------------------------------------------------------------

Ligand
--------------------------------------------------------------------------------


--------------------------------------------------------------------------------
--- Chromosome decoded                                                       ---
--------------------------------------------------------------------------------
Ligand Torsions
[   1    2    3    4] -140.83
[   4    5    6    7] -159.74
[   6    8    9   10]  125.27
[  11   10    9    8]   98.83
[  17   16   15   14]  155.04
[  20   19   16   15]  -50.62
Protein Torsions
[ 489  484  483  480]  -22.00 
[1635 1626 1625 1623]  103.43 
[1707 1702 1701 1698]  151.55 
[1839 1828 1827 1826] -139.95 
Mapping
Ligand acceptors to protein hydrogens (mapping then atom ids)
Ligand hydrogens to protein acceptors (mapping then atom ids)
Ligand shape atoms to protein points (mapping then atom ids & coords)
  1  5999 [  1->(-12.500  11.000  19.750)]
  2  6608 [  2->(-11.500  12.500  19.750)]
  3  5910 [  4->(-12.750  14.750  20.000)]
  6  2314 [ 12->(-18.750  17.000  22.500)]
  7  2715 [ 13->(-18.000  17.750  23.000)]
 10  1220 [ 21->(-21.000  21.750  20.250)]
Chromosome values
Integers:
  -1   -1   -1   -1   -1 5998 6607 5909   -1   -1 2313 2714 
  -1   -1 1219   -1   -1   -1   -1 
--------------------------------------------------------------------------------

Current Ranking  4  6 10  9  5  1  2  8  3  7

--------------------------------------------------------------------------------

* GA execution time :                                                           
  total  0.0735 user  0.0725 sys  0.0010

--------------------------------------------------------------------------------
Fitness function evaluations: 10509

--------------------------------------------------------------------------------
--- Ranking analysis                                                         ---
--------------------------------------------------------------------------------


* Final ranked order of GA solutions:                                           
   4  6 10  9  5  1  2  8  3  7 

  _______________________________
  RMSD Matrix of RANKED solutions

        2    3    4    5    6    7    8    9   10  

   1 :  1.5  1.0  1.8  8.9  8.8  8.9  1.5  9.0  8.6
   2 :       1.6  1.5  8.8  8.8  8.9  1.7  8.9  8.6
   3 :            1.9  8.5  8.5  8.7  1.9  8.8  8.3
   4 :                 9.1  8.9  9.1  2.3  9.1  8.6
   5 :                      3.9  4.1  9.0  3.9  2.8
   6 :                           1.2  9.0  1.7  3.3
   7 :                                9.2  1.6  3.3
   8 :                                     9.2  9.0
   9 :                                          3.3

  Clustering method                        : complete linkage
  Structure ids in cluster table           : rank nos.
  Ordering of clusters and their members   : by rank (order if from rms_analysis)

  Distance | Clusters
   1.03    |  1  3 |  2 |  4 |  5 |  6 |  7 |  8 |  9 | 10 |
   1.20    |  1  3 |  2 |  4 |  5 |  6  7 |  8 |  9 | 10 |
   1.49    |  1  3 |  2  4 |  5 |  6  7 |  8 |  9 | 10 |
   1.67    |  1  3 |  2  4 |  5 |  6  7  9 |  8 | 10 |
   1.86    |  1  2  3  4 |  5 |  6  7  9 |  8 | 10 |
   2.32    |  1  2  3  4  8 |  5 |  6  7  9 | 10 |
   2.81    |  1  2  3  4  8 |  5 10 |  6  7  9 |
   4.08    |  1  2  3  4  8 |  5  6  7  9 10 |
   9.22    |  1  2  3  4  5  6  7  8  9 10 |
  Finished Docking Ligand                  : /nfs/home/myuecel3/Frontiers_MedChem/data/output/gold_docking_step1/prep_ligand_16.mol2
--------------------------------------------------------------------------------

  Relative_Ligand_Energy (best encountered) :   4.436
  Relative_Ligand_Energy: fitness values have been corrected using this amount
