
--------------------------------------------------------------------------------
--- Ligand                                                                   ---
--------------------------------------------------------------------------------
  Ligand loaded from file                  : /nfs/home/myuecel3/Frontiers_MedChem/data/output/gold_docking_step1/prep_ligand_6.mol2
  Ligand name                              :  
  "RDKit          3D                                                        "

--------------------------------------------------------------------------------
  N.plc donors                             : 
  none found

  Acidic nitrogen acceptors                : 
  none found
  Sulfur acceptors                         :
  none found


  Donor atoms                              :      2
  5   19  
  Acceptor atoms                           :      3
  4   18  27  

  Hydrogens                                :  (n = 2)
  34   46   

  Lone pairs added to molecule             :      6
  Numbering                                : from 56 to 61

--------------------------------------------------------------------------------
--- Postprocessing of typing                                                 ---
--------------------------------------------------------------------------------
  Fragment file                            : /appl/ccdc/CSDS2022/Discovery_2022/GOLD/gold/rotatable_bond_override.mol2
  acylurea fragment                        : no matches
  thioacylthiourea fragment                : no matches
  acylthiourea fragment                    : no matches
  thioacylurea fragment                    : no matches
  diarylamine fragment >C.ar-NH-C.ar<      : no matches
  sec-amine (1) fragment                   : no matches
  sec-amine (2) fragment                   : no matches
  sec-amine (3) fragment                   : no matches
  carboxylic ester                         : no matches

* Rotatable bonds in /nfs/home/myuecel3/F  :
  [   2    3] [   5    6] [   9   10] [  16   17 (flip) ]     
  [  19   20] [  24   25] 
  No. of rotatable bonds                   :      6


* Reading torsional distributions from file:
  /appl/ccdc/CSDS2022/Discovery_2022/GOLD/gold/gold.tordist
  No. of bins in torsional distributions   :     36
  Minimum size of largest peak             :      0
  Removing high energy torsions            : on
  Delta E set to                           :   2.500

* Fragments found in /nfs/home/myuecel3/F  :
  atom   6: benzene
  atom   7: benzene
  atom   8: benzene
  atom   9: benzene
  atom  20: benzene
  atom  21: benzene
  atom  22: benzene
  atom  23: benzene
  atom  24: benzene
  atom  28: benzene
  atom  29: benzene
  atom  30: benzene


* Checking torsion distributions:                                               
  Rotatable bond [ 7  6  5  3] matches torsion: aromatic amide
   C.ar ( 1H ) | C.ar | N.am ( 1H ) | C.2 ( O.2 ) 
  Flippable bond [15 16 17 19] matches torsion: ureido links
   C | N.am | C.2 ( O.2 ) | N.am 
  Rotatable bond [21 20 19 17] matches torsion: aromatic amide
   C.ar ( 1H ) | C.ar | N.am ( 1H ) | C.2 ( O.2 ) 
  No. of matched torsions                  :      3

--------------------------------------------------------------------------------
--- Shape fitting atoms selection (hydrophobic atoms)                        ---
--------------------------------------------------------------------------------
  Molecule                                 : /nfs/home/myuecel3/Frontiers_MedChem/data/output/gold_docking_step1/prep_ligand_6.mol2
  Selection                                : carbons only
  Atom numbers                             :  (n = 17)
  1    2    7    8    10   11   12   13   14   15   
  21   22   23   26   28   29   30   


--------------------------------------------------------------------------------
--- ChemScore ligand setup summary                                           ---
--------------------------------------------------------------------------------
  ChemScore ligand acceptors               :      3
  4 18 27 
  ChemScore ligand donors                  :      2
  5 ( 34  ) 19 ( 46  ) 
  ChemScore ligand CH donors               :      0
  

  ChemScore ligand lipophilic atoms        :  (n = 21)
  1    2    6    7    8    9    10   11   12   13   
  14   15   20   21   22   23   24   26   28   29   
  30   

  ChemScore ligand rotatable bonds         :      6
  2   (C2 ) - 3   (C3 ): SP2_SP2_BOND
  5   (N5 ) - 6   (C6 ): SP2_SP2_BOND
  9   (C9 ) - 10  (C10): SP3_SP2_BOND
  16  (N16) - 17  (C17): SP2_SP2_BOND
  19  (N19) - 20  (C20): SP2_SP2_BOND
  24  (C24) - 25  (C25): SP2_SP2_BOND

--------------------------------------------------------------------------------
--- PLP ligand setup summary                                                 ---
--------------------------------------------------------------------------------
    1    C1   C.2 NONPOLAR
    2    C2   C.2 NONPOLAR
    3    C3   C.2 NONPOLAR
    4    O4   O.2 ACCEPTOR
    5    N5  N.am DONOR
    6    C6  C.ar NONPOLAR
    7    C7  C.ar NONPOLAR
    8    C8  C.ar NONPOLAR
    9    C9  C.ar NONPOLAR
   10   C10   C.3 NONPOLAR
   11   C11   C.3 NONPOLAR
   12   C12   C.3 NONPOLAR
   13   C13   C.3 NONPOLAR
   14   C14   C.3 NONPOLAR
   15   C15   C.3 NONPOLAR
   16   N16  N.am NONPOLAR
   17   C17   C.2 NONPOLAR
   18   O18   O.2 ACCEPTOR
   19   N19  N.am DONOR
   20   C20  C.ar NONPOLAR
   21   C21  C.ar NONPOLAR
   22   C22  C.ar NONPOLAR
   23   C23  C.ar NONPOLAR
   24   C24  C.ar NONPOLAR
   25   C25   C.2 NONPOLAR
   26   C26   C.3 NONPOLAR
   27   O27   O.2 ACCEPTOR
   28   C28  C.ar NONPOLAR
   29   C29  C.ar NONPOLAR
   30   C30  C.ar NONPOLAR

--------------------------------------------------------------------------------
--- Automatic parameter setting                                              ---
--------------------------------------------------------------------------------
  Contribution base                        :   2500
  Contribution per rotatable bond          :   6000
  Contribution per df                      :   4000
  Contribution per water                   :  10000
  Ligand rotatable bonds                   :      6
  Protein flexible side chain bonds        :      0
  Total rotatable bonds                    :      6
  Hydrophobic vol ratio (P/L)              :   0.855
  Base multiplier (polar)                  :   1.000
  Base multiplier (apolar)                 :   2.907
  Base contribution                        : 7500.000
  Fitting points                           :      5
  Estimated maxops needed (optimal)        :  44000
  Autoscale factor (in percent)            :     10
  Scaled maxops                            :   4500

--------------------------------------------------------------------------------

* Population settings                                                           
  maxops                                   :   4500
  popsiz                                   :    100
  select_pressure                          :   1.100
  n_islands                                :      1
  niche_siz                                :      2

* GA settings                                                                   
  pt_crosswt                               :    100
  allele_mutatewt                          :    100
  migratewt                                :      0

* Search settings                                                               
  start_vdw_linear_cutoff                  :   4.000
  initial_virtual_pt_match_max             :   3.000

--------------------------------------------------------------------------------

* Ligand initialisation time :                                                  
  total  0.0178 user  0.0168 sys  0.0010

--------------------------------------------------------------------------------

--------------------------------------------------------------------------------
** Docking run number  1 **
--------------------------------------------------------------------------------
  Rank fitness base is 5000.00 ; increment is 11.2233

* Initialising population(s) ...                                                
Number of constraints mappings 0
Number of constraints 0
  Population no.                           :      1
  Population size                          :    100
  Number of duplicates                     :      0
  Number of niche violations               :      0
  Number of errors                         :     22


Doing GA, no. of population(s) 1 size 100 selection pressure 1.100000

 Operation      Score     S(PLP)   S(hbond)     S(cho)   S(metal)  DE(clash)   DE(tors)     intcor
         0     -16.87       0.84       0.37       0.00       0.00      23.09       1.71       9.37
       148      -0.64     -20.26       0.00       0.00       0.00      26.19       2.04       9.37
       462       0.07      -6.06       0.00       0.00       0.00      12.13       1.61       9.37
       464      10.90     -16.04       0.00       0.00       0.00      11.05       1.73       9.37
       767      14.01     -20.03       0.00       0.00       0.00      12.13       1.63       9.37
       811      14.46     -19.71       0.00       0.00       0.00      12.13       1.24       9.37
       913      15.20     -19.49       0.00       0.00       0.00      11.05       1.30       9.37
      1043      16.45     -20.74       0.00       0.00       0.00      11.05       1.30       9.37
      1330      19.94     -26.16       0.51       0.00       0.00      12.33       2.40       9.37
      1359      20.64     -29.05       0.00       0.00       0.00      13.12       2.33       9.37
      1615      23.13     -31.54       0.00       0.00       0.00      13.12       2.33       9.37
      2149      27.23     -30.97       0.91       0.00       0.00      12.78       1.53       9.37
      2285      27.32     -31.07       0.91       0.00       0.00      12.78       1.54       9.37
      2408      27.75     -31.09       0.91       0.00       0.00      12.33       1.55       9.37
      2540      28.17     -28.98       0.91       0.00       0.00       9.29       1.81       9.37
      2673      28.58     -28.99       0.91       0.00       0.00       9.29       1.61       9.37
      2924      33.45     -32.30       1.74       0.00       0.00       9.52       1.96       9.37
      4380      33.71     -33.09       1.56       0.00       0.00       9.52       1.96       9.37
      4454      34.07     -33.08       1.66       0.00       0.00       9.52       1.92       9.37
--------------------------------------------------------------------------------
Best docking solution after GA:
      4500      34.07     -33.08       1.66       0.00       0.00       9.52       1.92       9.37

#ops:       4500 #mutates:   2192 #cross:     2308 #dups:      1047 
#niche:     3056 #errors:      29 
--------------------------------------------------------------------------------

Doing AMOEBA simplex on best individual
AMOEBA simplex failed to converge after 2000 iterations
Done simplexing #iterations 2000, best score  47.01

Ligand is stored in gold_soln_prep_ligand_6_m1_1.mol2


--------------------------------------------------------------------------------
--- CHEMPLP breakdown of terms                                               ---
--------------------------------------------------------------------------------
CHEMPLP = - ( 1.0000*S(PLP) + -3.0000*S(hbond) + -6.0000*S(metal) + -3.0000*S(cho) )

Score = CHEMPLP - 1.0000*DE(clash) - 2.0000*DE(tors)

Internal energy term has been corrected with the best internal energy encountered.

--------------------------------------------------------------------------------


     Score     S(PLP)   S(hbond)     S(cho)   S(metal)  DE(clash)   DE(tors)     intcor
     47.01     -42.69       1.70       0.00       0.00       5.79       2.08       9.18

--------------------------------------------------------------------------------
--- PLP analysis of protein-ligand interactions                              ---
--------------------------------------------------------------------------------
hydrogen bonding        :      -3.73
metal                   :       0.00
buried (polar-nonpolar) :      -3.18
nonpolar                :     -37.67
repulsive               :       0.24
--------------------------------------------------------------------------------


--------------------------------------------------------------------------------
--- ChemScore analysis of protein-ligand interactions                        ---
--------------------------------------------------------------------------------

* Hydrogen bonds                                                                
Ligand donor   19 hydrogen   46 Protein acceptor  444 bond energy  1.00 wt 0.21
Protein donor 5227 hydrogen 5229 Ligand acceptor    4 bond energy  1.00 wt 0.83
Protein donor 1737 hydrogen 1750 Ligand acceptor   27 bond energy  1.00 wt 0.66


* CH..O interactions                                                            
  CH group selection                       : activated ring CH (adjacent to hetatom)

--------------------------------------------------------------------------------


--------------------------------------------------------------------------------
--- Intra-ligand clashes                                                     ---
--------------------------------------------------------------------------------

Ligand
 28 (C28  ) -  18 (O18  ):   1.54 (dist   2.71)
 30 (C30  ) -   4 (O4   ):   5.79 (dist   2.63)
--------------------------------------------------------------------------------


--------------------------------------------------------------------------------
--- Chromosome decoded                                                       ---
--------------------------------------------------------------------------------
Ligand Torsions
[   1    2    3    4]  -44.25
[   7    6    5    3] -140.08    matched torsion: aromatic amide
[   8    9   10   11]   12.00
[  15   16   17   19]  160.32    matched torsion: ureido links
[  21   20   19   17] -140.19    matched torsion: aromatic amide
[  26   25   24   23]  -40.48
Protein Torsions
[ 489  484  483  480]  158.52 
[1635 1626 1625 1623] -157.66 
[1707 1702 1701 1698]  121.91 
[1839 1828 1827 1826]  128.00 
Mapping
Ligand acceptors to protein hydrogens (mapping then atom ids)
Ligand hydrogens to protein acceptors (mapping then atom ids)
Ligand shape atoms to protein points (mapping then atom ids & coords)
  1  6557 [  1->(-11.750  16.500  19.750)]
  3  2670 [  7->(-18.000  16.500  21.500)]
  4  2084 [  8->(-19.250  18.000  21.500)]
  8   729 [ 13->(-22.000  21.750  20.000)]
Chromosome values
Integers:
  -1   -1   -1   -1   -1 6556   -1 2669 2083   -1   -1   -1 
 728   -1   -1   -1   -1   -1   -1   -1   -1   -1 
--------------------------------------------------------------------------------

Current Ranking  1

--------------------------------------------------------------------------------

* GA execution time :                                                           
  total  0.1023 user  0.1013 sys  0.0010

--------------------------------------------------------------------------------
Fitness function evaluations: 14814

--------------------------------------------------------------------------------
** Docking run number  2 **
--------------------------------------------------------------------------------
  Rank fitness base is 5000.00 ; increment is 11.2233

* Initialising population(s) ...                                                
Number of constraints mappings 0
Number of constraints 0
  Population no.                           :      1
  Population size                          :    100
  Number of duplicates                     :      0
  Number of niche violations               :      0
  Number of errors                         :     17


Doing GA, no. of population(s) 1 size 100 selection pressure 1.100000

 Operation      Score     S(PLP)   S(hbond)     S(cho)   S(metal)  DE(clash)   DE(tors)     intcor
         0      16.35     -24.44       0.86       0.00       0.00      15.52       2.17       9.18
       326      18.57     -26.03       0.86       0.00       0.00      15.52       1.85       9.18
       499      19.74     -27.36       0.86       0.00       0.00      15.70       1.85       9.18
       658      21.26     -28.88       0.86       0.00       0.00      15.70       1.85       9.18
       701      23.41     -30.83       0.41       0.00       0.00      14.38       1.72       9.18
      1767      26.33     -33.52       0.41       0.00       0.00      15.23       1.18       9.18
      2129      29.12     -33.68       0.83       0.00       0.00      12.80       1.72       9.18
      2252      31.47     -34.20       1.00       0.00       0.00      13.03       0.94       9.18
      2302      33.03     -39.04       0.80       0.00       0.00      15.23       1.18       9.18
      2478      41.34     -42.98       0.86       0.00       0.00       9.94       1.66       9.03
      2806      41.40     -42.62       1.00       0.00       0.00       9.94       1.66       9.03
      2853      42.90     -42.46       1.00       0.00       0.00       9.26       1.17       9.03
      2933      43.08     -41.45       1.00       0.00       0.00       8.09       1.16       9.03
      3218      44.55     -44.79       1.00       0.00       0.00       9.29       1.49       9.03
      3441      45.02     -45.96       1.00       0.00       0.00       9.06       1.68       8.46
      3729      45.11     -46.15       1.00       0.00       0.00       9.29       1.61       8.46
      3750      45.49     -46.30       1.00       0.00       0.00       9.29       1.49       8.46
      3856      45.58     -46.61       1.00       0.00       0.00       9.29       1.61       8.46
      3890      45.69     -45.58       1.00       0.00       0.00       7.79       1.78       8.46
      3979      46.23     -44.99       1.00       0.00       0.00       6.59       1.82       8.46
      4057      47.02     -45.40       2.00       0.00       0.00       9.49       1.68       8.46
      4066      49.19     -47.57       2.00       0.00       0.00       9.49       1.68       8.46
      4143      50.04     -47.65       2.00       0.00       0.00       9.49       1.29       8.46
      4282      51.64     -47.76       2.00       0.00       0.00       7.56       1.51       8.46
      4480      51.73     -47.98       2.00       0.00       0.00       7.56       1.58       8.46
--------------------------------------------------------------------------------
Best docking solution after GA:
      4500      51.73     -47.98       2.00       0.00       0.00       7.56       1.58       8.46

#ops:       4500 #mutates:   2222 #cross:     2278 #dups:      1235 
#niche:     2388 #errors:      93 
--------------------------------------------------------------------------------

Doing AMOEBA simplex on best individual
Done simplexing #iterations 553, best score  54.83

Ligand is stored in gold_soln_prep_ligand_6_m1_2.mol2


--------------------------------------------------------------------------------
--- CHEMPLP breakdown of terms                                               ---
--------------------------------------------------------------------------------
CHEMPLP = - ( 1.0000*S(PLP) + -3.0000*S(hbond) + -6.0000*S(metal) + -3.0000*S(cho) )

Score = CHEMPLP - 1.0000*DE(clash) - 2.0000*DE(tors)

Internal energy term has been corrected with the best internal energy encountered.

--------------------------------------------------------------------------------


     Score     S(PLP)   S(hbond)     S(cho)   S(metal)  DE(clash)   DE(tors)     intcor
     54.83     -49.36       2.00       0.00       0.00       6.30       1.35       8.46

--------------------------------------------------------------------------------
--- PLP analysis of protein-ligand interactions                              ---
--------------------------------------------------------------------------------
hydrogen bonding        :      -2.49
metal                   :       0.00
buried (polar-nonpolar) :      -9.47
nonpolar                :     -37.54
repulsive               :       0.23
--------------------------------------------------------------------------------


--------------------------------------------------------------------------------
--- ChemScore analysis of protein-ligand interactions                        ---
--------------------------------------------------------------------------------

* Hydrogen bonds                                                                
Ligand donor   19 hydrogen   46 Protein acceptor 2492 bond energy  1.00 wt 1.00
Protein donor 1737 hydrogen 1750 Ligand acceptor    4 bond energy  1.00 wt 1.00


* CH..O interactions                                                            
  CH group selection                       : activated ring CH (adjacent to hetatom)

--------------------------------------------------------------------------------


--------------------------------------------------------------------------------
--- Intra-ligand clashes                                                     ---
--------------------------------------------------------------------------------

Ligand
  7 (C7   ) -   4 (O4   ):   4.63 (dist   2.62)
 28 (C28  ) -  18 (O18  ):   6.30 (dist   2.70)
--------------------------------------------------------------------------------


--------------------------------------------------------------------------------
--- Chromosome decoded                                                       ---
--------------------------------------------------------------------------------
Ligand Torsions
[   1    2    3    4] -145.70
[   7    6    5    3]   40.00    matched torsion: aromatic amide
[   8    9   10   11]  -50.03
[  15   16   17   19] -160.31    matched torsion: ureido links
[  21   20   19   17]  140.54    matched torsion: aromatic amide
[  26   25   24   23]   15.42
Protein Torsions
[ 489  484  483  480]  -75.19 
[1635 1626 1625 1623]  151.60 
[1707 1702 1701 1698]  -18.47 
[1839 1828 1827 1826]  162.20 
Mapping
Ligand acceptors to protein hydrogens (mapping then atom ids)
Ligand hydrogens to protein acceptors (mapping then atom ids)
  2  11 [ 46->2492]
Ligand shape atoms to protein points (mapping then atom ids & coords)
  5  1675 [ 10->(-20.250  23.250  19.750)]
  6  2035 [ 11->(-19.500  22.000  19.250)]
  9  1284 [ 14->(-20.750  19.250  21.250)]
 12  4308 [ 22->(-15.750  16.750  18.250)]
 14  5318 [ 26->(-13.750  16.000  21.000)]
 15  3597 [ 28->(-16.500  16.500  19.750)]
Chromosome values
Integers:
  -1   -1   -1   -1   10   -1   -1   -1   -1 1674 2034   -1 
  -1 1283   -1   -1 4307   -1 5317 3596   -1   -1 
--------------------------------------------------------------------------------

Current Ranking  2  1

--------------------------------------------------------------------------------

* GA execution time :                                                           
  total  0.0838 user  0.0828 sys  0.0010

--------------------------------------------------------------------------------
Fitness function evaluations: 10094

--------------------------------------------------------------------------------
** Docking run number  3 **
--------------------------------------------------------------------------------
  Rank fitness base is 5000.00 ; increment is 11.2233

* Initialising population(s) ...                                                
Number of constraints mappings 0
Number of constraints 0
  Population no.                           :      1
  Population size                          :    100
  Number of duplicates                     :      0
  Number of niche violations               :      0
  Number of errors                         :     10


Doing GA, no. of population(s) 1 size 100 selection pressure 1.100000

 Operation      Score     S(PLP)   S(hbond)     S(cho)   S(metal)  DE(clash)   DE(tors)     intcor
         0      -0.79     -11.66       0.40       0.00       0.00      21.18       0.47       8.46
        12      -0.44     -11.95       0.42       0.00       0.00      21.18       0.46       8.46
       175       4.77     -16.66       0.00       0.00       0.00      17.27       1.54       8.46
       281      15.56     -24.84       0.91       0.00       0.00      19.04       0.72       8.46
      1039      16.57     -32.47       0.00       0.00       0.00      22.70       0.83       8.46
      1207      23.21     -32.46       0.00       0.00       0.00      15.77       0.97       8.46
      1521      24.16     -32.59       0.00       0.00       0.00      14.89       1.01       8.46
      1592      24.80     -32.91       0.00       0.00       0.00      15.42       0.58       8.46
      1814      25.45     -35.48       0.00       0.00       0.00      16.31       1.09       8.46
      2127      28.20     -36.32       0.00       0.00       0.00      15.42       0.58       8.46
      3107      28.61     -36.27       0.00       0.00       0.00      14.89       0.62       8.46
      3233      28.69     -30.71       0.00       0.00       0.00       8.81       0.84       8.46
      3407      28.72     -30.73       0.00       0.00       0.00       8.81       0.84       8.46
      3460      28.88     -30.83       0.00       0.00       0.00       8.81       0.80       8.46
      3464      31.08     -32.90       0.00       0.00       0.00       8.81       0.74       8.46
      3587      31.44     -31.44       0.00       0.00       0.00       6.59       0.84       8.26
      4004      31.48     -31.48       0.00       0.00       0.00       6.59       0.84       8.26
      4123      31.57     -31.61       0.00       0.00       0.00       6.59       0.81       8.18
--------------------------------------------------------------------------------
Best docking solution after GA:
      4500      31.57     -31.61       0.00       0.00       0.00       6.59       0.81       8.07

#ops:       4500 #mutates:   2227 #cross:     2273 #dups:      1158 
#niche:     2567 #errors:      76 
--------------------------------------------------------------------------------

Doing AMOEBA simplex on best individual
AMOEBA simplex failed to converge after 2000 iterations
Done simplexing #iterations 2000, best score  32.06

Ligand is stored in gold_soln_prep_ligand_6_m1_3.mol2


--------------------------------------------------------------------------------
--- CHEMPLP breakdown of terms                                               ---
--------------------------------------------------------------------------------
CHEMPLP = - ( 1.0000*S(PLP) + -3.0000*S(hbond) + -6.0000*S(metal) + -3.0000*S(cho) )

Score = CHEMPLP - 1.0000*DE(clash) - 2.0000*DE(tors)

Internal energy term has been corrected with the best internal energy encountered.

--------------------------------------------------------------------------------


     Score     S(PLP)   S(hbond)     S(cho)   S(metal)  DE(clash)   DE(tors)     intcor
     32.06     -32.60       0.00       0.00       0.00       6.20       0.88       7.44

--------------------------------------------------------------------------------
--- PLP analysis of protein-ligand interactions                              ---
--------------------------------------------------------------------------------
hydrogen bonding        :      -0.75
metal                   :       0.00
buried (polar-nonpolar) :      -3.54
nonpolar                :     -27.92
repulsive               :       0.14
--------------------------------------------------------------------------------


--------------------------------------------------------------------------------
--- ChemScore analysis of protein-ligand interactions                        ---
--------------------------------------------------------------------------------

* Hydrogen bonds                                                                


* CH..O interactions                                                            
  CH group selection                       : activated ring CH (adjacent to hetatom)

--------------------------------------------------------------------------------


--------------------------------------------------------------------------------
--- Intra-ligand clashes                                                     ---
--------------------------------------------------------------------------------

Ligand
  7 (C7   ) -   4 (O4   ):   4.75 (dist   2.62)
 28 (C28  ) -  18 (O18  ):   6.20 (dist   2.71)
--------------------------------------------------------------------------------


--------------------------------------------------------------------------------
--- Chromosome decoded                                                       ---
--------------------------------------------------------------------------------
Ligand Torsions
[   1    2    3    4]   18.40
[   7    6    5    3]  -39.71    matched torsion: aromatic amide
[   8    9   10   11]  169.15
[  15   16   17   19]  180.00    matched torsion: ureido links
[  21   20   19   17] -140.00    matched torsion: aromatic amide
[  26   25   24   23]   -4.05
Protein Torsions
[ 489  484  483  480]    8.75 
[1635 1626 1625 1623]    1.07 
[1707 1702 1701 1698]    8.19 
[1839 1828 1827 1826]   51.47 
Mapping
Ligand acceptors to protein hydrogens (mapping then atom ids)
Ligand hydrogens to protein acceptors (mapping then atom ids)
  1   1 [ 34-> 386]
Ligand shape atoms to protein points (mapping then atom ids & coords)
  1  6511 [  1->(-11.750  14.500  20.250)]
  4  3837 [  8->(-16.250  16.750  18.750)]
  5  2119 [ 10->(-19.250  19.750  19.750)]
  6  2097 [ 11->(-19.250  18.250  22.000)]
  8  1235 [ 13->(-21.000  22.500  19.250)]
  9   812 [ 14->(-21.750  20.750  19.250)]
Chromosome values
Integers:
  -1   -1   -1    0   -1 6510   -1   -1 3836 2118 2096   -1 
1234  811   -1   -1   -1   -1   -1   -1   -1   -1 
--------------------------------------------------------------------------------

Current Ranking  2  1  3

--------------------------------------------------------------------------------

* GA execution time :                                                           
  total  0.1005 user  0.0995 sys  0.0010

--------------------------------------------------------------------------------
Fitness function evaluations: 14262

--------------------------------------------------------------------------------
** Docking run number  4 **
--------------------------------------------------------------------------------
  Rank fitness base is 5000.00 ; increment is 11.2233

* Initialising population(s) ...                                                
Number of constraints mappings 0
Number of constraints 0
  Population no.                           :      1
  Population size                          :    100
  Number of duplicates                     :      0
  Number of niche violations               :      0
  Number of errors                         :     24


Doing GA, no. of population(s) 1 size 100 selection pressure 1.100000

 Operation      Score     S(PLP)   S(hbond)     S(cho)   S(metal)  DE(clash)   DE(tors)     intcor
         0     -25.48      15.20       0.00       0.00       0.00      15.22       1.25       7.44
       275     -20.03      10.64       0.94       0.00       0.00      16.09       1.77       7.44
       302      -6.28      -1.86       0.53       0.00       0.00      13.13       2.02       7.44
       433      -1.97     -11.34       0.94       0.00       0.00      21.54       1.00       7.44
       462       4.87     -18.76       0.74       0.00       0.00      21.54       1.00       7.44
       819       5.10     -18.75       0.74       0.00       0.00      21.54       0.88       7.44
       821       5.55     -19.35       0.70       0.00       0.00      21.54       0.90       7.44
       880      15.53     -24.46       0.51       0.00       0.00      16.94       0.48       7.44
      1644      17.54     -21.71       0.76       0.00       0.00      11.36       1.26       7.44
      2133      18.86     -24.47       0.43       0.00       0.00      13.30       0.52       7.44
      2751      19.08     -24.19       0.42       0.00       0.00      12.71       0.54       7.44
      3096      19.12     -25.79       0.16       0.00       0.00      13.30       0.63       7.44
      3184      21.34     -25.58       0.73       0.00       0.00      11.36       1.26       7.44
      3420      26.27     -29.37       0.96       0.00       0.00      11.58       0.91       7.44
      3916      31.43     -34.91       0.88       0.00       0.00      12.02       0.76       7.44
      4476      32.69     -33.78       0.73       0.00       0.00       8.97       0.87       7.44
--------------------------------------------------------------------------------
Best docking solution after GA:
      4500      32.69     -33.78       0.73       0.00       0.00       8.97       0.87       7.44

#ops:       4500 #mutates:   2213 #cross:     2287 #dups:       876 
#niche:     2331 #errors:      53 
--------------------------------------------------------------------------------

Doing AMOEBA simplex on best individual
Done simplexing #iterations 951, best score  41.34

Ligand is stored in gold_soln_prep_ligand_6_m1_4.mol2


--------------------------------------------------------------------------------
--- CHEMPLP breakdown of terms                                               ---
--------------------------------------------------------------------------------
CHEMPLP = - ( 1.0000*S(PLP) + -3.0000*S(hbond) + -6.0000*S(metal) + -3.0000*S(cho) )

Score = CHEMPLP - 1.0000*DE(clash) - 2.0000*DE(tors)

Internal energy term has been corrected with the best internal energy encountered.

--------------------------------------------------------------------------------


     Score     S(PLP)   S(hbond)     S(cho)   S(metal)  DE(clash)   DE(tors)     intcor
     41.34     -38.79       1.00       0.00       0.00       6.10       0.89       7.44

--------------------------------------------------------------------------------
--- PLP analysis of protein-ligand interactions                              ---
--------------------------------------------------------------------------------
hydrogen bonding        :      -1.00
metal                   :       0.00
buried (polar-nonpolar) :      -6.44
nonpolar                :     -32.21
repulsive               :       0.26
--------------------------------------------------------------------------------


--------------------------------------------------------------------------------
--- ChemScore analysis of protein-ligand interactions                        ---
--------------------------------------------------------------------------------

* Hydrogen bonds                                                                
Protein donor 1737 hydrogen 1750 Ligand acceptor   27 bond energy  1.00 wt 1.00


* CH..O interactions                                                            
  CH group selection                       : activated ring CH (adjacent to hetatom)

--------------------------------------------------------------------------------


--------------------------------------------------------------------------------
--- Intra-ligand clashes                                                     ---
--------------------------------------------------------------------------------

Ligand
  7 (C7   ) -   4 (O4   ):   4.63 (dist   2.62)
 28 (C28  ) -  18 (O18  ):   6.10 (dist   2.71)
--------------------------------------------------------------------------------


--------------------------------------------------------------------------------
--- Chromosome decoded                                                       ---
--------------------------------------------------------------------------------
Ligand Torsions
[   1    2    3    4]   35.17
[   7    6    5    3]   39.99    matched torsion: aromatic amide
[   8    9   10   11]  120.52
[  15   16   17   19]  173.74    matched torsion: ureido links
[  21   20   19   17]  140.04    matched torsion: aromatic amide
[  26   25   24   23]    0.94
Protein Torsions
[ 489  484  483  480]   18.59 
[1635 1626 1625 1623]   23.45 
[1707 1702 1701 1698]  -70.36 
[1839 1828 1827 1826]  139.07 
Mapping
Ligand acceptors to protein hydrogens (mapping then atom ids)
Ligand hydrogens to protein acceptors (mapping then atom ids)
Ligand shape atoms to protein points (mapping then atom ids & coords)
  4  3788 [  8->(-16.250  15.750  20.000)]
  5  1142 [ 10->(-21.000  19.500  20.500)]
  6  2498 [ 11->(-18.500  18.250  21.000)]
  7   838 [ 12->(-21.750  21.500  20.250)]
  8   476 [ 13->(-22.500  20.000  20.250)]
  9  1424 [ 14->(-20.500  19.250  20.000)]
 17  4523 [ 30->(-15.500  18.500  21.750)]
Chromosome values
Integers:
  -1   -1   -1   -1   -1   -1   -1   -1 3787 1141 2497  837 
 475 1423   -1   -1   -1   -1   -1   -1   -1 4522 
--------------------------------------------------------------------------------

Current Ranking  2  1  4  3

--------------------------------------------------------------------------------

* GA execution time :                                                           
  total  0.0813 user  0.0813 sys  0.0000

--------------------------------------------------------------------------------
Fitness function evaluations: 10772

--------------------------------------------------------------------------------
** Docking run number  5 **
--------------------------------------------------------------------------------
  Rank fitness base is 5000.00 ; increment is 11.2233

* Initialising population(s) ...                                                
Number of constraints mappings 0
Number of constraints 0
  Population no.                           :      1
  Population size                          :    100
  Number of duplicates                     :      0
  Number of niche violations               :      0
  Number of errors                         :     20


Doing GA, no. of population(s) 1 size 100 selection pressure 1.100000

 Operation      Score     S(PLP)   S(hbond)     S(cho)   S(metal)  DE(clash)   DE(tors)     intcor
         0      -0.75     -16.44       0.00       0.00       0.00      19.16       2.73       7.44
       143      12.12     -28.41       0.00       0.00       0.00      20.95       1.39       7.44
       510      14.47     -30.77       0.00       0.00       0.00      20.95       1.39       7.44
       747      21.05     -28.27       0.00       0.00       0.00      11.00       1.83       7.44
       806      21.68     -28.90       0.00       0.00       0.00      11.00       1.83       7.44
      1181      21.81     -29.19       0.00       0.00       0.00      11.22       1.80       7.44
      1294      22.63     -29.56       0.00       0.00       0.00      11.00       1.68       7.44
      1678      23.04     -30.25       0.00       0.00       0.00      11.00       1.83       7.44
      1705      24.68     -29.83       0.00       0.00       0.00       9.09       1.75       7.44
      1798      25.51     -30.55       0.00       0.00       0.00       9.09       1.69       7.44
      2027      26.99     -32.03       0.00       0.00       0.00       9.09       1.69       7.44
      2218      27.35     -32.50       0.00       0.00       0.00       9.09       1.75       7.44
      2377      28.24     -33.39       0.00       0.00       0.00       9.09       1.75       7.44
      2550      28.37     -32.85       0.00       0.00       0.00       9.09       1.41       7.44
      2752      29.07     -33.56       0.00       0.00       0.00       9.09       1.41       7.44
      2850      29.22     -34.05       0.00       0.00       0.00       9.09       1.59       7.44
      2890      29.24     -34.11       0.00       0.00       0.00       9.09       1.60       7.44
      3129      29.28     -34.09       0.00       0.00       0.00       9.09       1.57       7.44
      3590      30.22     -34.71       0.00       0.00       0.00       9.09       1.41       7.44
      3673      30.32     -35.25       0.00       0.00       0.00       9.09       1.63       7.44
      4150      33.33     -35.98       0.72       0.00       0.00       9.09       1.57       7.44
--------------------------------------------------------------------------------
Best docking solution after GA:
      4500      33.33     -35.98       0.72       0.00       0.00       9.09       1.57       7.44

#ops:       4500 #mutates:   2343 #cross:     2157 #dups:      1230 
#niche:     2742 #errors:      38 
--------------------------------------------------------------------------------

Doing AMOEBA simplex on best individual
Done simplexing #iterations 909, best score  37.76

Ligand is stored in gold_soln_prep_ligand_6_m1_5.mol2


--------------------------------------------------------------------------------
--- CHEMPLP breakdown of terms                                               ---
--------------------------------------------------------------------------------
CHEMPLP = - ( 1.0000*S(PLP) + -3.0000*S(hbond) + -6.0000*S(metal) + -3.0000*S(cho) )

Score = CHEMPLP - 1.0000*DE(clash) - 2.0000*DE(tors)

Internal energy term has been corrected with the best internal energy encountered.

--------------------------------------------------------------------------------


     Score     S(PLP)   S(hbond)     S(cho)   S(metal)  DE(clash)   DE(tors)     intcor
     37.76     -39.09       0.91       0.00       0.00       8.38       1.56       7.44

--------------------------------------------------------------------------------
--- PLP analysis of protein-ligand interactions                              ---
--------------------------------------------------------------------------------
hydrogen bonding        :      -1.00
metal                   :       0.00
buried (polar-nonpolar) :      -4.55
nonpolar                :     -34.58
repulsive               :       0.30
--------------------------------------------------------------------------------


--------------------------------------------------------------------------------
--- ChemScore analysis of protein-ligand interactions                        ---
--------------------------------------------------------------------------------

* Hydrogen bonds                                                                
Protein donor 5227 hydrogen 5229 Ligand acceptor    4 bond energy  1.00 wt 0.91


* CH..O interactions                                                            
  CH group selection                       : activated ring CH (adjacent to hetatom)

--------------------------------------------------------------------------------


--------------------------------------------------------------------------------
--- Intra-ligand clashes                                                     ---
--------------------------------------------------------------------------------

Ligand
  7 (C7   ) -   4 (O4   ):   4.66 (dist   2.62)
 21 (C21  ) -  18 (O18  ):   8.38 (dist   2.65)
--------------------------------------------------------------------------------


--------------------------------------------------------------------------------
--- Chromosome decoded                                                       ---
--------------------------------------------------------------------------------
Ligand Torsions
[   1    2    3    4]  -65.51
[   7    6    5    3]   39.91    matched torsion: aromatic amide
[   8    9   10   11]  166.90
[  15   16   17   19]  170.81    matched torsion: ureido links
[  21   20   19   17]   39.91    matched torsion: aromatic amide
[  26   25   24   23] -173.43
Protein Torsions
[ 489  484  483  480]  153.20 
[1635 1626 1625 1623]  132.78 
[1707 1702 1701 1698]   89.19 
[1839 1828 1827 1826] -129.89 
Mapping
Ligand acceptors to protein hydrogens (mapping then atom ids)
Ligand hydrogens to protein acceptors (mapping then atom ids)
Ligand shape atoms to protein points (mapping then atom ids & coords)
  1  6945 [  1->(-10.750  15.250  19.750)]
  8  1163 [ 13->(-21.000  20.000  20.500)]
  9  1462 [ 14->(-20.500  20.500  19.250)]
Chromosome values
Integers:
  -1   -1   -1   -1   -1 6944   -1   -1   -1   -1   -1   -1 
1162 1461   -1   -1   -1   -1   -1   -1   -1   -1 
--------------------------------------------------------------------------------

Current Ranking  2  1  4  5  3

--------------------------------------------------------------------------------

* GA execution time :                                                           
  total  0.0846 user  0.0846 sys  0.0000

--------------------------------------------------------------------------------
Fitness function evaluations: 10462

--------------------------------------------------------------------------------
** Docking run number  6 **
--------------------------------------------------------------------------------
  Rank fitness base is 5000.00 ; increment is 11.2233

* Initialising population(s) ...                                                
Number of constraints mappings 0
Number of constraints 0
  Population no.                           :      1
  Population size                          :    100
  Number of duplicates                     :      0
  Number of niche violations               :      0
  Number of errors                         :     14


Doing GA, no. of population(s) 1 size 100 selection pressure 1.100000

 Operation      Score     S(PLP)   S(hbond)     S(cho)   S(metal)  DE(clash)   DE(tors)     intcor
         0     -10.08      -7.56       0.70       0.00       0.00      23.40       1.89       7.44
       186      -6.81       0.36       1.63       0.00       0.00      14.81       1.98       7.44
       372      -1.65     -15.89       0.14       0.00       0.00      23.40       1.01       7.44
       689      -0.67     -16.44       0.00       0.00       0.00      19.33       2.61       7.44
       711       0.35     -17.87       0.16       0.00       0.00      23.40       1.01       7.44
       788       2.81     -13.11       0.00       0.00       0.00      12.35       2.69       7.44
       907       5.64     -15.94       0.00       0.00       0.00      12.35       2.69       7.44
      1331       6.65     -17.92       0.59       0.00       0.00      15.57       2.46       7.44
      1420       7.17     -15.83       0.00       0.00       0.00      10.59       2.75       7.44
      1515      15.22     -25.56       0.00       0.00       0.00      14.66       1.56       7.44
      1704      15.69     -26.03       0.00       0.00       0.00      14.66       1.56       7.44
      2238      16.56     -27.03       0.00       0.00       0.00      14.66       1.62       7.44
      2694      16.64     -27.03       0.00       0.00       0.00      14.66       1.58       7.44
      3019      21.45     -31.92       0.00       0.00       0.00      14.66       1.62       7.44
      3064      23.26     -32.25       0.00       0.00       0.00      12.41       2.01       7.44
      3490      24.49     -32.71       0.00       0.00       0.00      12.41       1.62       7.44
      3514      27.02     -32.58       0.00       0.00       0.00       6.66       3.17       7.44
      3623      27.47     -35.68       0.00       0.00       0.00      12.41       1.62       7.44
      3826      33.69     -42.48       0.00       0.00       0.00       9.83       3.20       7.44
      4016      33.69     -42.48       0.00       0.00       0.00       9.83       3.20       7.44
      4230      34.21     -42.54       0.00       0.00       0.00       9.34       3.21       7.44
--------------------------------------------------------------------------------
Best docking solution after GA:
      4500      34.21     -42.54       0.00       0.00       0.00       9.34       3.21       7.44

#ops:       4500 #mutates:   2242 #cross:     2258 #dups:       893 
#niche:     2183 #errors:      59 
--------------------------------------------------------------------------------

Doing AMOEBA simplex on best individual
Done simplexing #iterations 1203, best score  48.70

Ligand is stored in gold_soln_prep_ligand_6_m1_6.mol2


--------------------------------------------------------------------------------
--- CHEMPLP breakdown of terms                                               ---
--------------------------------------------------------------------------------
CHEMPLP = - ( 1.0000*S(PLP) + -3.0000*S(hbond) + -6.0000*S(metal) + -3.0000*S(cho) )

Score = CHEMPLP - 1.0000*DE(clash) - 2.0000*DE(tors)

Internal energy term has been corrected with the best internal energy encountered.

--------------------------------------------------------------------------------


     Score     S(PLP)   S(hbond)     S(cho)   S(metal)  DE(clash)   DE(tors)     intcor
     48.70     -54.63       0.00       0.00       0.00       8.43       2.47       7.44

--------------------------------------------------------------------------------
--- PLP analysis of protein-ligand interactions                              ---
--------------------------------------------------------------------------------
hydrogen bonding        :       0.00
metal                   :       0.00
buried (polar-nonpolar) :      -8.70
nonpolar                :     -45.34
repulsive               :       0.36
--------------------------------------------------------------------------------


--------------------------------------------------------------------------------
--- ChemScore analysis of protein-ligand interactions                        ---
--------------------------------------------------------------------------------

* Hydrogen bonds                                                                


* CH..O interactions                                                            
  CH group selection                       : activated ring CH (adjacent to hetatom)

--------------------------------------------------------------------------------


--------------------------------------------------------------------------------
--- Intra-ligand clashes                                                     ---
--------------------------------------------------------------------------------

Ligand
  7 (C7   ) -   4 (O4   ):   4.63 (dist   2.62)
 21 (C21  ) -  18 (O18  ):   8.43 (dist   2.64)
--------------------------------------------------------------------------------


--------------------------------------------------------------------------------
--- Chromosome decoded                                                       ---
--------------------------------------------------------------------------------
Ligand Torsions
[   1    2    3    4]  -53.38
[   7    6    5    3]  -40.00    matched torsion: aromatic amide
[   8    9   10   11] -120.56
[  15   16   17   19]  160.22    matched torsion: ureido links
[  21   20   19   17]  -39.72    matched torsion: aromatic amide
[  26   25   24   23]  116.77
Protein Torsions
[ 489  484  483  480]  -80.97 
[1635 1626 1625 1623]    4.67 
[1707 1702 1701 1698] -122.34 
[1839 1828 1827 1826]   45.15 
Mapping
Ligand acceptors to protein hydrogens (mapping then atom ids)
Ligand hydrogens to protein acceptors (mapping then atom ids)
Ligand shape atoms to protein points (mapping then atom ids & coords)
  4  2734 [  8->(-18.000  18.250  20.000)]
 10  1713 [ 15->(-20.000  19.250  20.000)]
 16  2489 [ 29->(-18.500  18.000  22.000)]
Chromosome values
Integers:
  -1   -1   -1   -1   -1   -1   -1   -1 2733   -1   -1   -1 
  -1   -1 1712   -1   -1   -1   -1   -1 2488   -1 
--------------------------------------------------------------------------------

Current Ranking  2  6  1  4  5  3

--------------------------------------------------------------------------------

* GA execution time :                                                           
  total  0.0806 user  0.0806 sys  0.0000

--------------------------------------------------------------------------------
Fitness function evaluations: 11080

--------------------------------------------------------------------------------
** Docking run number  7 **
--------------------------------------------------------------------------------
  Rank fitness base is 5000.00 ; increment is 11.2233

* Initialising population(s) ...                                                
Number of constraints mappings 0
Number of constraints 0
  Population no.                           :      1
  Population size                          :    100
  Number of duplicates                     :      0
  Number of niche violations               :      0
  Number of errors                         :     14


Doing GA, no. of population(s) 1 size 100 selection pressure 1.100000

 Operation      Score     S(PLP)   S(hbond)     S(cho)   S(metal)  DE(clash)   DE(tors)     intcor
         0     -26.79      15.25       0.24       0.00       0.00      15.75       1.97       7.44
       284     -22.77       9.39       0.00       0.00       0.00      16.74       2.04       7.44
       558      -7.52      -4.68       0.00       0.00       0.00      15.82       1.91       7.44
       771      -5.35      -8.04       0.00       0.00       0.00      16.74       2.04       7.44
       785       6.58     -19.40       0.00       0.00       0.00      16.31       1.97       7.44
      1139      20.78     -33.09       0.00       0.00       0.00      15.41       2.16       7.44
      1244      22.54     -34.84       0.00       0.00       0.00      15.41       2.16       7.44
      1514      22.68     -34.56       0.00       0.00       0.00      14.95       2.18       7.44
      1547      23.83     -36.08       0.00       0.00       0.00      15.41       2.14       7.44
      1880      24.96     -37.27       0.00       0.00       0.00      15.41       2.16       7.44
      1903      24.98     -37.94       0.00       0.00       0.00      16.13       2.13       7.44
      2270      25.27     -37.52       0.00       0.00       0.00      15.41       2.14       7.44
      2938      25.51     -37.64       0.00       0.00       0.00      15.41       2.07       7.44
      2948      25.99     -37.18       0.00       0.00       0.00      15.41       1.61       7.44
      3139      26.02     -35.46       1.00       0.00       0.00      16.20       1.84       7.44
      3256      26.26     -37.50       0.00       0.00       0.00      14.49       2.09       7.44
      3261      26.57     -35.98       1.00       0.00       0.00      16.20       1.82       7.44
      3400      30.67     -37.05       1.00       0.00       0.00      14.29       1.26       7.44
      4097      30.68     -37.34       0.91       0.00       0.00      14.30       1.26       7.44
      4240      30.77     -37.08       1.00       0.00       0.00      14.22       1.26       7.44
      4418      30.89     -37.56       0.91       0.00       0.00      14.30       1.26       7.44
--------------------------------------------------------------------------------
Best docking solution after GA:
      4500      30.89     -37.56       0.91       0.00       0.00      14.30       1.26       7.44

#ops:       4500 #mutates:   2242 #cross:     2258 #dups:      1117 
#niche:     2779 #errors:      71 
--------------------------------------------------------------------------------

Doing AMOEBA simplex on best individual
Done simplexing #iterations 929, best score  40.69

Ligand is stored in gold_soln_prep_ligand_6_m1_7.mol2


--------------------------------------------------------------------------------
--- CHEMPLP breakdown of terms                                               ---
--------------------------------------------------------------------------------
CHEMPLP = - ( 1.0000*S(PLP) + -3.0000*S(hbond) + -6.0000*S(metal) + -3.0000*S(cho) )

Score = CHEMPLP - 1.0000*DE(clash) - 2.0000*DE(tors)

Internal energy term has been corrected with the best internal energy encountered.

--------------------------------------------------------------------------------


     Score     S(PLP)   S(hbond)     S(cho)   S(metal)  DE(clash)   DE(tors)     intcor
     40.69     -37.84       1.00       0.00       0.00       5.72       0.87       7.30

--------------------------------------------------------------------------------
--- PLP analysis of protein-ligand interactions                              ---
--------------------------------------------------------------------------------
hydrogen bonding        :      -3.00
metal                   :       0.00
buried (polar-nonpolar) :      -1.47
nonpolar                :     -34.61
repulsive               :       0.18
--------------------------------------------------------------------------------


--------------------------------------------------------------------------------
--- ChemScore analysis of protein-ligand interactions                        ---
--------------------------------------------------------------------------------

* Hydrogen bonds                                                                
Protein donor 1626 hydrogen 1635 Ligand acceptor    4 bond energy  1.00 wt 1.00


* CH..O interactions                                                            
  CH group selection                       : activated ring CH (adjacent to hetatom)

--------------------------------------------------------------------------------


--------------------------------------------------------------------------------
--- Intra-ligand clashes                                                     ---
--------------------------------------------------------------------------------

Ligand
 28 (C28  ) -  18 (O18  ):   1.46 (dist   2.71)
 30 (C30  ) -   4 (O4   ):   5.72 (dist   2.63)
--------------------------------------------------------------------------------


--------------------------------------------------------------------------------
--- Chromosome decoded                                                       ---
--------------------------------------------------------------------------------
Ligand Torsions
[   1    2    3    4] -170.89
[   7    6    5    3]  140.09    matched torsion: aromatic amide
[   8    9   10   11]  -58.97
[  15   16   17   19]  160.01    matched torsion: ureido links
[  21   20   19   17]  140.02    matched torsion: aromatic amide
[  26   25   24   23]  -10.08
Protein Torsions
[ 489  484  483  480]   21.62 
[1635 1626 1625 1623]  -25.51 
[1707 1702 1701 1698] -158.60 
[1839 1828 1827 1826]    7.81 
Mapping
Ligand acceptors to protein hydrogens (mapping then atom ids)
Ligand hydrogens to protein acceptors (mapping then atom ids)
Ligand shape atoms to protein points (mapping then atom ids & coords)
  1  7523 [  1->( -6.000  17.250  19.750)]
  2  7468 [  2->( -6.250  16.000  21.000)]
  8  3928 [ 13->(-16.000  12.250  19.750)]
 11  3409 [ 21->(-16.750  17.250  21.250)]
Chromosome values
Integers:
  -1   -1   -1   -1   -1 7522 7467   -1   -1   -1   -1   -1 
3927   -1   -1 3408   -1   -1   -1   -1   -1   -1 
--------------------------------------------------------------------------------

Current Ranking  2  6  1  4  7  5  3

--------------------------------------------------------------------------------

* GA execution time :                                                           
  total  0.0809 user  0.0809 sys  0.0000

--------------------------------------------------------------------------------
Fitness function evaluations: 10611

--------------------------------------------------------------------------------
** Docking run number  8 **
--------------------------------------------------------------------------------
  Rank fitness base is 5000.00 ; increment is 11.2233

* Initialising population(s) ...                                                
Number of constraints mappings 0
Number of constraints 0
  Population no.                           :      1
  Population size                          :    100
  Number of duplicates                     :      0
  Number of niche violations               :      0
  Number of errors                         :     20


Doing GA, no. of population(s) 1 size 100 selection pressure 1.100000

 Operation      Score     S(PLP)   S(hbond)     S(cho)   S(metal)  DE(clash)   DE(tors)     intcor
         0     -23.86      10.83       0.14       0.00       0.00      16.72       2.02       7.30
        33     -15.02       0.97       0.00       0.00       0.00      15.72       2.82       7.30
       187     -10.07      -6.64       0.44       0.00       0.00      21.63       1.85       7.30
       256       5.15     -18.38       1.04       0.00       0.00      22.38       0.63       7.30
       581       7.69     -21.37       1.00       0.00       0.00      22.63       0.68       7.30
       679      10.13     -22.60       1.00       0.00       0.00      18.80       1.99       7.30
      1375      10.31     -16.85       2.38       0.00       0.00      19.02       0.98       7.30
      1539      14.01     -30.51       0.00       0.00       0.00      22.01       0.90       7.30
      2044      16.24     -25.48       1.00       0.00       0.00      18.04       0.75       7.30
      2270      17.33     -28.12       1.00       0.00       0.00      18.80       1.14       7.30
      2280      18.34     -29.35       1.00       0.00       0.00      18.63       1.34       7.30
      2310      21.44     -32.53       0.00       0.00       0.00      16.64       0.88       7.30
      2764      24.23     -30.13       0.00       0.00       0.00      11.48       0.87       7.30
      2789      25.46     -31.39       0.00       0.00       0.00      11.48       0.88       7.30
      2907      27.01     -32.40       0.00       0.00       0.00      11.48       0.61       7.30
      3391      28.60     -34.54       0.00       0.00       0.00      11.48       0.88       7.30
      3654      29.83     -34.73       0.00       0.00       0.00      11.01       0.60       7.30
      4015      30.15     -36.76       0.83       0.00       0.00      14.21       1.09       7.30
      4210      31.16     -39.06       0.65       0.00       0.00      15.03       1.06       7.30
--------------------------------------------------------------------------------
Best docking solution after GA:
      4500      31.16     -39.06       0.65       0.00       0.00      15.03       1.06       7.30

#ops:       4500 #mutates:   2316 #cross:     2184 #dups:      1168 
#niche:     2280 #errors:      87 
--------------------------------------------------------------------------------

Doing AMOEBA simplex on best individual
Done simplexing #iterations 929, best score  52.33

Ligand is stored in gold_soln_prep_ligand_6_m1_8.mol2


--------------------------------------------------------------------------------
--- CHEMPLP breakdown of terms                                               ---
--------------------------------------------------------------------------------
CHEMPLP = - ( 1.0000*S(PLP) + -3.0000*S(hbond) + -6.0000*S(metal) + -3.0000*S(cho) )

Score = CHEMPLP - 1.0000*DE(clash) - 2.0000*DE(tors)

Internal energy term has been corrected with the best internal energy encountered.

--------------------------------------------------------------------------------


     Score     S(PLP)   S(hbond)     S(cho)   S(metal)  DE(clash)   DE(tors)     intcor
     52.33     -48.29       2.00       0.00       0.00       6.39       1.43       7.30

--------------------------------------------------------------------------------
--- PLP analysis of protein-ligand interactions                              ---
--------------------------------------------------------------------------------
hydrogen bonding        :      -2.14
metal                   :       0.00
buried (polar-nonpolar) :     -10.56
nonpolar                :     -36.70
repulsive               :       0.23
--------------------------------------------------------------------------------


--------------------------------------------------------------------------------
--- ChemScore analysis of protein-ligand interactions                        ---
--------------------------------------------------------------------------------

* Hydrogen bonds                                                                
Ligand donor   19 hydrogen   46 Protein acceptor 2492 bond energy  1.00 wt 1.00
Protein donor 1737 hydrogen 1750 Ligand acceptor    4 bond energy  1.00 wt 1.00


* CH..O interactions                                                            
  CH group selection                       : activated ring CH (adjacent to hetatom)

--------------------------------------------------------------------------------


--------------------------------------------------------------------------------
--- Intra-ligand clashes                                                     ---
--------------------------------------------------------------------------------

Ligand
  7 (C7   ) -   4 (O4   ):   4.63 (dist   2.62)
 28 (C28  ) -  18 (O18  ):   6.39 (dist   2.70)
--------------------------------------------------------------------------------


--------------------------------------------------------------------------------
--- Chromosome decoded                                                       ---
--------------------------------------------------------------------------------
Ligand Torsions
[   1    2    3    4]  -66.77
[   7    6    5    3]   39.98    matched torsion: aromatic amide
[   8    9   10   11]  -63.44
[  15   16   17   19] -160.43    matched torsion: ureido links
[  21   20   19   17]  140.75    matched torsion: aromatic amide
[  26   25   24   23]    4.33
Protein Torsions
[ 489  484  483  480]   68.25 
[1635 1626 1625 1623]  171.01 
[1707 1702 1701 1698] -175.36 
[1839 1828 1827 1826]   58.78 
Mapping
Ligand acceptors to protein hydrogens (mapping then atom ids)
Ligand hydrogens to protein acceptors (mapping then atom ids)
Ligand shape atoms to protein points (mapping then atom ids & coords)
  6  2540 [ 11->(-18.500  21.500  19.000)]
  8   479 [ 13->(-22.500  20.250  19.500)]
 14  5324 [ 26->(-13.750  16.250  20.500)]
Chromosome values
Integers:
  -1   -1   -1   -1   -1   -1   -1   -1   -1   -1 2539   -1 
 478   -1   -1   -1   -1   -1 5323   -1   -1   -1 
--------------------------------------------------------------------------------

Current Ranking  2  8  6  1  4  7  5  3

--------------------------------------------------------------------------------

* GA execution time :                                                           
  total  0.0789 user  0.0789 sys  0.0000

--------------------------------------------------------------------------------
Fitness function evaluations: 10627

--------------------------------------------------------------------------------
** Docking run number  9 **
--------------------------------------------------------------------------------
  Rank fitness base is 5000.00 ; increment is 11.2233

* Initialising population(s) ...                                                
Number of constraints mappings 0
Number of constraints 0
  Population no.                           :      1
  Population size                          :    100
  Number of duplicates                     :      0
  Number of niche violations               :      0
  Number of errors                         :     16


Doing GA, no. of population(s) 1 size 100 selection pressure 1.100000

 Operation      Score     S(PLP)   S(hbond)     S(cho)   S(metal)  DE(clash)   DE(tors)     intcor
         0     -37.59      33.95       1.42       0.00       0.00      12.87       1.16       7.30
        50     -25.73       5.65       1.20       0.00       0.00      26.51       2.24       7.30
        94     -17.00       2.53       0.00       0.00       0.00      21.35       0.21       7.30
       231     -16.90       2.38       0.00       0.00       0.00      21.41       0.21       7.30
       452      -0.61      -5.81       1.75       0.00       0.00      15.29       1.85       7.30
       761       7.90     -13.92       0.00       0.00       0.00      10.57       1.37       7.30
       811      22.36     -28.37       0.00       0.00       0.00      10.57       1.37       7.30
       874      22.58     -26.78       0.49       0.00       0.00      10.57       1.20       7.30
      1155      23.33     -27.55       0.79       0.00       0.00      10.65       1.62       7.30
      1228      26.82     -31.59       0.61       0.00       0.00      10.65       1.62       7.30
      1514      27.46     -31.36       0.60       0.00       0.00       9.70       1.66       7.30
      1556      27.47     -28.64       0.50       0.00       0.00       7.38       1.30       7.30
      1640      28.11     -30.91       0.60       0.00       0.00       9.70       1.11       7.30
      1658      31.38     -33.58       0.47       0.00       0.00       8.36       1.27       7.30
      1869      31.78     -33.79       1.23       0.00       0.00       9.70       1.66       7.30
      2040      32.28     -33.89       0.37       0.00       0.00       7.41       1.31       7.30
      2441      33.21     -33.73       0.43       0.00       0.00       6.43       1.34       7.30
      2892      33.39     -33.88       0.46       0.00       0.00       6.43       1.37       7.30
      2940      33.70     -33.94       0.37       0.00       0.00       6.43       1.12       7.30
      3055      34.10     -34.05       0.64       0.00       0.00       6.43       1.37       7.30
      3585      34.31     -33.94       0.78       0.00       0.00       6.43       1.43       7.30
      4246      34.45     -34.07       0.74       0.00       0.00       6.43       1.35       7.30
--------------------------------------------------------------------------------
Best docking solution after GA:
      4500      34.45     -34.07       0.74       0.00       0.00       6.43       1.35       7.30

#ops:       4500 #mutates:   2263 #cross:     2237 #dups:      1343 
#niche:     2951 #errors:      38 
--------------------------------------------------------------------------------

Doing AMOEBA simplex on best individual
Done simplexing #iterations 690, best score  36.89

Ligand is stored in gold_soln_prep_ligand_6_m1_9.mol2


--------------------------------------------------------------------------------
--- CHEMPLP breakdown of terms                                               ---
--------------------------------------------------------------------------------
CHEMPLP = - ( 1.0000*S(PLP) + -3.0000*S(hbond) + -6.0000*S(metal) + -3.0000*S(cho) )

Score = CHEMPLP - 1.0000*DE(clash) - 2.0000*DE(tors)

Internal energy term has been corrected with the best internal energy encountered.

--------------------------------------------------------------------------------


     Score     S(PLP)   S(hbond)     S(cho)   S(metal)  DE(clash)   DE(tors)     intcor
     36.89     -35.04       0.70       0.00       0.00       5.80       0.89       7.30

--------------------------------------------------------------------------------
--- PLP analysis of protein-ligand interactions                              ---
--------------------------------------------------------------------------------
hydrogen bonding        :      -4.20
metal                   :       0.00
buried (polar-nonpolar) :       8.89
nonpolar                :     -39.68
repulsive               :       0.27
--------------------------------------------------------------------------------


--------------------------------------------------------------------------------
--- ChemScore analysis of protein-ligand interactions                        ---
--------------------------------------------------------------------------------

* Hydrogen bonds                                                                
Protein donor 5227 hydrogen 5229 Ligand acceptor   18 bond energy  1.00 wt 0.70


* CH..O interactions                                                            
  CH group selection                       : activated ring CH (adjacent to hetatom)

--------------------------------------------------------------------------------


--------------------------------------------------------------------------------
--- Intra-ligand clashes                                                     ---
--------------------------------------------------------------------------------

Ligand
 28 (C28  ) -  18 (O18  ):   1.49 (dist   2.71)
 30 (C30  ) -   4 (O4   ):   5.80 (dist   2.63)
--------------------------------------------------------------------------------


--------------------------------------------------------------------------------
--- Chromosome decoded                                                       ---
--------------------------------------------------------------------------------
Ligand Torsions
[   1    2    3    4]   -6.59
[   7    6    5    3]  140.23    matched torsion: aromatic amide
[   8    9   10   11]  -54.38
[  15   16   17   19]  166.40    matched torsion: ureido links
[  21   20   19   17]  140.07    matched torsion: aromatic amide
[  26   25   24   23]   14.25
Protein Torsions
[ 489  484  483  480]  -13.92 
[1635 1626 1625 1623]   27.32 
[1707 1702 1701 1698] -171.57 
[1839 1828 1827 1826] -168.16 
Mapping
Ligand acceptors to protein hydrogens (mapping then atom ids)
  2  20 [ 18->5229]
Ligand hydrogens to protein acceptors (mapping then atom ids)
Ligand shape atoms to protein points (mapping then atom ids & coords)
  1  7350 [  1->( -7.000  17.000  21.000)]
  3  6561 [  7->(-11.750  16.750  19.000)]
  4  6112 [  8->(-12.500  16.250  20.250)]
 11  2902 [ 21->(-17.750  19.750  20.000)]
 15  2395 [ 28->(-18.750  19.750  20.000)]
 16  6647 [ 29->(-11.500  15.000  19.750)]
 17  6837 [ 30->(-11.000  13.500  19.500)]
Chromosome values
Integers:
  -1   19   -1   -1   -1 7349   -1 6560 6111   -1   -1   -1 
  -1   -1   -1 2901   -1   -1   -1 2394 6646 6836 
--------------------------------------------------------------------------------

Current Ranking  2  8  6  1  4  7  5  9  3

--------------------------------------------------------------------------------

* GA execution time :                                                           
  total  0.0823 user  0.0823 sys  0.0000

--------------------------------------------------------------------------------
Fitness function evaluations: 10215

--------------------------------------------------------------------------------
** Docking run number 10 **
--------------------------------------------------------------------------------
  Rank fitness base is 5000.00 ; increment is 11.2233

* Initialising population(s) ...                                                
Number of constraints mappings 0
Number of constraints 0
  Population no.                           :      1
  Population size                          :    100
  Number of duplicates                     :      0
  Number of niche violations               :      0
  Number of errors                         :     17


Doing GA, no. of population(s) 1 size 100 selection pressure 1.100000

 Operation      Score     S(PLP)   S(hbond)     S(cho)   S(metal)  DE(clash)   DE(tors)     intcor
         0     -14.92       5.11       0.22       0.00       0.00      14.37       1.70       7.30
        76     -14.06       0.41       0.00       0.00       0.00      17.56       1.70       7.30
       213       3.11     -22.42       0.00       0.00       0.00      22.34       2.14       7.30
       336       6.07     -25.37       0.00       0.00       0.00      22.51       2.05       7.30
       427      14.23     -21.60       0.00       0.00       0.00       9.45       2.61       7.30
       773      15.48     -22.85       0.00       0.00       0.00       9.45       2.61       7.30
       816      18.30     -25.67       0.00       0.00       0.00       9.45       2.61       7.30
      1077      19.44     -24.74       0.00       0.00       0.00       9.45       1.57       7.30
      1138      19.78     -24.74       0.11       0.00       0.00       9.45       1.57       7.30
      1246      20.54     -30.44       0.00       0.00       0.00      11.59       2.81       7.30
      1451      21.54     -31.95       0.62       0.00       0.00      16.43       1.57       7.30
      1619      23.22     -30.44       0.89       0.00       0.00      11.59       2.81       7.30
      1640      24.86     -33.72       0.83       0.00       0.00      15.51       1.57       7.30
      1649      25.40     -34.52       0.83       0.00       0.00      15.51       1.70       7.30
      1908      25.62     -34.72       0.83       0.00       0.00      15.51       1.69       7.30
      2167      25.68     -34.72       0.83       0.00       0.00      15.51       1.65       7.30
      2384      25.69     -37.91       0.00       0.00       0.00      16.62       1.45       7.30
      2398      26.26     -34.85       1.00       0.00       0.00      15.51       1.69       7.30
      2545      26.29     -39.76       0.36       0.00       0.00      19.02       1.41       7.30
      2567      26.50     -36.14       0.65       0.00       0.00      15.51       1.69       7.30
      2600      26.60     -36.21       0.63       0.00       0.00      15.51       1.65       7.30
      2845      27.40     -39.64       0.76       0.00       0.00      19.02       1.41       7.30
      2866      27.44     -36.73       0.98       0.00       0.00      16.62       1.45       7.30
      2913      28.75     -36.64       1.00       0.00       0.00      15.18       1.51       7.30
      3474      29.55     -36.15       1.00       0.00       0.00      13.29       1.81       7.30
      3910      29.88     -36.26       1.00       0.00       0.00      13.29       1.70       7.30
      3976      29.92     -36.42       1.00       0.00       0.00      13.29       1.76       7.30
      4261      30.02     -36.40       1.00       0.00       0.00      13.29       1.70       7.30
--------------------------------------------------------------------------------
Best docking solution after GA:
      4500      30.02     -36.40       1.00       0.00       0.00      13.29       1.70       7.30

#ops:       4500 #mutates:   2243 #cross:     2257 #dups:      1435 
#niche:     3084 #errors:      27 
--------------------------------------------------------------------------------

Doing AMOEBA simplex on best individual
Done simplexing #iterations 977, best score  39.70

Ligand is stored in gold_soln_prep_ligand_6_m1_10.mol2


--------------------------------------------------------------------------------
--- CHEMPLP breakdown of terms                                               ---
--------------------------------------------------------------------------------
CHEMPLP = - ( 1.0000*S(PLP) + -3.0000*S(hbond) + -6.0000*S(metal) + -3.0000*S(cho) )

Score = CHEMPLP - 1.0000*DE(clash) - 2.0000*DE(tors)

Internal energy term has been corrected with the best internal energy encountered.

--------------------------------------------------------------------------------


     Score     S(PLP)   S(hbond)     S(cho)   S(metal)  DE(clash)   DE(tors)     intcor
     39.70     -37.75       1.00       0.00       0.00       6.09       1.13       7.30

--------------------------------------------------------------------------------
--- PLP analysis of protein-ligand interactions                              ---
--------------------------------------------------------------------------------
hydrogen bonding        :      -1.00
metal                   :       0.00
buried (polar-nonpolar) :       0.10
nonpolar                :     -37.78
repulsive               :       0.22
--------------------------------------------------------------------------------


--------------------------------------------------------------------------------
--- ChemScore analysis of protein-ligand interactions                        ---
--------------------------------------------------------------------------------

* Hydrogen bonds                                                                
Protein donor 1626 hydrogen 1635 Ligand acceptor    4 bond energy  1.00 wt 1.00


* CH..O interactions                                                            
  CH group selection                       : activated ring CH (adjacent to hetatom)

--------------------------------------------------------------------------------


--------------------------------------------------------------------------------
--- Intra-ligand clashes                                                     ---
--------------------------------------------------------------------------------

Ligand
  7 (C7   ) -   4 (O4   ):   4.63 (dist   2.62)
 28 (C28  ) -  18 (O18  ):   6.09 (dist   2.71)
--------------------------------------------------------------------------------


--------------------------------------------------------------------------------
--- Chromosome decoded                                                       ---
--------------------------------------------------------------------------------
Ligand Torsions
[   1    2    3    4] -177.17
[   7    6    5    3]  -39.99    matched torsion: aromatic amide
[   8    9   10   11]  118.88
[  15   16   17   19]  168.32    matched torsion: ureido links
[  21   20   19   17]  140.01    matched torsion: aromatic amide
[  26   25   24   23]  146.95
Protein Torsions
[ 489  484  483  480]   21.84 
[1635 1626 1625 1623]  -36.39 
[1707 1702 1701 1698]   89.52 
[1839 1828 1827 1826]   19.91 
Mapping
Ligand acceptors to protein hydrogens (mapping then atom ids)
Ligand hydrogens to protein acceptors (mapping then atom ids)
Ligand shape atoms to protein points (mapping then atom ids & coords)
  2  7343 [  2->( -7.000  16.500  21.000)]
  3  7028 [  7->(-10.250  12.500  19.500)]
  4  7084 [  8->(-10.000  13.500  19.250)]
  5  5848 [ 10->(-12.750  11.500  19.500)]
 12  2745 [ 22->(-18.000  18.250  22.750)]
 13  3262 [ 23->(-17.000  18.250  22.250)]
 15  3408 [ 28->(-16.750  17.250  21.000)]
Chromosome values
Integers:
  -1   -1   -1   -1   -1   -1 7342 7027 7083 5847   -1   -1 
  -1   -1   -1   -1 2744 3261   -1 3407   -1   -1 
--------------------------------------------------------------------------------

Current Ranking  2  8  6  1  4  7 10  5  9  3

--------------------------------------------------------------------------------

* GA execution time :                                                           
  total  0.0826 user  0.0826 sys  0.0000

--------------------------------------------------------------------------------
Fitness function evaluations: 10598

--------------------------------------------------------------------------------
--- Ranking analysis                                                         ---
--------------------------------------------------------------------------------


* Final ranked order of GA solutions:                                           
   2  8  6  1  4  7 10  5  9  3 

  _______________________________
  RMSD Matrix of RANKED solutions

        2    3    4    5    6    7    8    9   10  

   1 :  0.4  7.9  7.5  7.3  9.0  9.2  7.4  8.1  7.8
   2 :       7.8  7.4  7.2  9.1  9.2  7.4  8.1  7.7
   3 :            2.6  2.7  8.5  9.1  2.7  7.0  2.9
   4 :                 1.4  8.0  8.6  2.0  6.7  1.5
   5 :                      7.3  7.9  1.8  5.9  1.6
   6 :                           1.2  7.4  1.8  7.3
   7 :                                8.0  2.6  8.0
   8 :                                     6.1  2.3
   9 :                                          6.1

  Clustering method                        : complete linkage
  Structure ids in cluster table           : rank nos.
  Ordering of clusters and their members   : by rank (order if from rms_analysis)

  Distance | Clusters
   0.36    |  1  2 |  3 |  4 |  5 |  6 |  7 |  8 |  9 | 10 |
   1.22    |  1  2 |  3 |  4 |  5 |  6  7 |  8 |  9 | 10 |
   1.42    |  1  2 |  3 |  4  5 |  6  7 |  8 |  9 | 10 |
   1.61    |  1  2 |  3 |  4  5 10 |  6  7 |  8 |  9 |
   2.30    |  1  2 |  3 |  4  5  8 10 |  6  7 |  9 |
   2.59    |  1  2 |  3 |  4  5  8 10 |  6  7  9 |
   2.88    |  1  2 |  3  4  5  8 10 |  6  7  9 |
   7.88    |  1  2  3  4  5  8 10 |  6  7  9 |
   9.22    |  1  2  3  4  5  6  7  8  9 10 |
  Finished Docking Ligand                  : /nfs/home/myuecel3/Frontiers_MedChem/data/output/gold_docking_step1/prep_ligand_6.mol2
--------------------------------------------------------------------------------

  Relative_Ligand_Energy (best encountered) :   7.304
  Relative_Ligand_Energy: fitness values have been corrected using this amount
