
--------------------------------------------------------------------------------
--- Ligand                                                                   ---
--------------------------------------------------------------------------------
  Ligand loaded from file                  : /nfs/home/myuecel3/Frontiers_MedChem/data/output/gold_docking_step1/prep_ligand_18.mol2
  Ligand name                              :  
  "RDKit          3D                                                        "

--------------------------------------------------------------------------------
  N.plc donors                             : 
  none found

  Acidic nitrogen acceptors                : 
  none found
  Sulfur acceptors                         :
  none found


  Donor atoms                              :      1
  17  
  Acceptor atoms                           :      4
  3   16  25  28  

  Hydrogens                                :  (n = 1)
  43   

  Lone pairs added to molecule             :      5
  Numbering                                : from 52 to 56

--------------------------------------------------------------------------------
--- Postprocessing of typing                                                 ---
--------------------------------------------------------------------------------
  Fragment file                            : /appl/ccdc/CSDS2022/Discovery_2022/GOLD/gold/rotatable_bond_override.mol2
  acylurea fragment                        : no matches
  thioacylthiourea fragment                : no matches
  acylthiourea fragment                    : no matches
  thioacylurea fragment                    : no matches
  diarylamine fragment >C.ar-NH-C.ar<      : no matches
  sec-amine (1) fragment                   : no matches
  sec-amine (2) fragment                   : no matches
  sec-amine (3) fragment                   : no matches
  carboxylic ester                         : no matches

* Rotatable bonds in /nfs/home/myuecel3/F  :
  [   4    5] [  13   14] [  14   15] [  17   18] 
  [  18   19] [  23   24] 
  No. of rotatable bonds                   :      6


* Reading torsional distributions from file:
  /appl/ccdc/CSDS2022/Discovery_2022/GOLD/gold/gold.tordist
  No. of bins in torsional distributions   :     36
  Minimum size of largest peak             :      0
  Removing high energy torsions            : on
  Delta E set to                           :   2.500

* Fragments found in /nfs/home/myuecel3/F  :
  atom   5: benzene
  atom   6: benzene
  atom   7: benzene
  atom   8: benzene
  atom   9: benzene
  atom  10: benzene
  atom  19: benzene
  atom  20: benzene
  atom  21: benzene
  atom  22: benzene
  atom  23: benzene
  atom  29: benzene


* Checking torsion distributions:                                               
  No. of matched torsions                  :      0

--------------------------------------------------------------------------------
--- Shape fitting atoms selection (hydrophobic atoms)                        ---
--------------------------------------------------------------------------------
  Molecule                                 : /nfs/home/myuecel3/Frontiers_MedChem/data/output/gold_docking_step1/prep_ligand_18.mol2
  Selection                                : carbons only
  Atom numbers                             :  (n = 15)
  1    6    7    8    9    10   12   14   18   20   
  21   22   26   27   29   


--------------------------------------------------------------------------------
--- ChemScore ligand setup summary                                           ---
--------------------------------------------------------------------------------
  ChemScore ligand acceptors               :      4
  3 16 25 28 
  ChemScore ligand donors                  :      1
  17 ( 43  ) 
  ChemScore ligand CH donors               :      2
  26 ( 49 ) 27 ( 50 ) 

  ChemScore ligand lipophilic atoms        :  (n = 21)
  1    2    5    6    7    8    9    10   11   12   
  13   14   18   19   20   21   22   23   26   27   
  29   

  ChemScore ligand rotatable bonds         :      6
  4   (N4 ) - 5   (C5 ): SP2_SP2_BOND
  13  (C13) - 14  (C14): SP3_SP2_BOND
  14  (C14) - 15  (C15): SP3_SP2_BOND
  17  (N17) - 18  (C18): SP3_SP2_BOND
  18  (C18) - 19  (C19): SP3_SP2_BOND
  23  (C23) - 24  (N24): SP2_SP2_BOND

--------------------------------------------------------------------------------
--- PLP ligand setup summary                                                 ---
--------------------------------------------------------------------------------
    1    C1   C.3 NONPOLAR
    2    C2   C.2 NONPOLAR
    3    N3   N.2 ACCEPTOR
    4    N4 N.pl3 NONPOLAR
    5    C5  C.ar NONPOLAR
    6    C6  C.ar NONPOLAR
    7    C7  C.ar NONPOLAR
    8    C8  C.ar NONPOLAR
    9    C9  C.ar NONPOLAR
   10   C10  C.ar NONPOLAR
   11   C11   C.2 NONPOLAR
   12   C12   C.3 NONPOLAR
   13   C13   C.2 NONPOLAR
   14   C14   C.3 NONPOLAR
   15   C15   C.2 NONPOLAR
   16   O16   O.2 ACCEPTOR
   17   N17  N.am DONOR
   18   C18   C.3 NONPOLAR
   19   C19  C.ar NONPOLAR
   20   C20  C.ar NONPOLAR
   21   C21  C.ar NONPOLAR
   22   C22  C.ar NONPOLAR
   23   C23  C.ar NONPOLAR
   24   N24 N.pl3 NONPOLAR
   25   N25   N.2 ACCEPTOR
   26   C26   C.2 NONPOLAR
   27   C27   C.2 NONPOLAR
   28   N28   N.2 ACCEPTOR
   29   C29  C.ar NONPOLAR

--------------------------------------------------------------------------------
--- Automatic parameter setting                                              ---
--------------------------------------------------------------------------------
  Contribution base                        :   2500
  Contribution per rotatable bond          :   6000
  Contribution per df                      :   4000
  Contribution per water                   :  10000
  Ligand rotatable bonds                   :      6
  Protein flexible side chain bonds        :      0
  Total rotatable bonds                    :      6
  Hydrophobic vol ratio (P/L)              :   0.969
  Base multiplier (polar)                  :   1.000
  Base multiplier (apolar)                 :   2.907
  Base contribution                        : 7500.000
  Fitting points                           :      5
  Estimated maxops needed (optimal)        :  44000
  Autoscale factor (in percent)            :     10
  Scaled maxops                            :   4500

--------------------------------------------------------------------------------

* Population settings                                                           
  maxops                                   :   4500
  popsiz                                   :    100
  select_pressure                          :   1.100
  n_islands                                :      1
  niche_siz                                :      2

* GA settings                                                                   
  pt_crosswt                               :    100
  allele_mutatewt                          :    100
  migratewt                                :      0

* Search settings                                                               
  start_vdw_linear_cutoff                  :   4.000
  initial_virtual_pt_match_max             :   3.000

--------------------------------------------------------------------------------

* Ligand initialisation time :                                                  
  total  0.0112 user  0.0112 sys  0.0000

--------------------------------------------------------------------------------

--------------------------------------------------------------------------------
** Docking run number  1 **
--------------------------------------------------------------------------------
  Rank fitness base is 5000.00 ; increment is 11.2233

* Initialising population(s) ...                                                
Number of constraints mappings 0
Number of constraints 0
  Population no.                           :      1
  Population size                          :    100
  Number of duplicates                     :      0
  Number of niche violations               :      0
  Number of errors                         :     92


Doing GA, no. of population(s) 1 size 100 selection pressure 1.100000

 Operation      Score     S(PLP)   S(hbond)     S(cho)   S(metal)  DE(clash)   DE(tors)     intcor
         0      23.03     -23.61       0.00       0.00       0.00       0.00       1.05       1.52
       239      31.76     -37.37       0.00       0.00       0.00       5.00       1.07       1.52
       951      33.69     -39.27       0.00       0.00       0.00       5.00       1.05       1.52
       977      34.62     -40.32       0.00       0.00       0.00       5.09       1.07       1.52
      1063      42.82     -38.28       0.93       0.84       0.00       0.57       0.85       1.52
      1662      43.32     -39.72       1.00       0.45       0.00       0.57       0.85       1.52
      1802      52.14     -46.77       1.21       1.00       0.00       0.00       1.39       1.52
      1853      52.97     -48.72       0.83       1.00       0.00       0.00       1.39       1.52
      2090      52.97     -48.72       0.83       1.00       0.00       0.00       1.39       1.52
      2589      53.55     -48.41       1.00       0.92       0.00       0.57       0.78       1.52
      2634      53.86     -49.32       0.99       0.87       0.00       1.11       0.73       1.52
--------------------------------------------------------------------------------
Best docking solution after GA:
      4500      53.86     -49.32       0.99       0.87       0.00       1.11       0.73       0.96

#ops:       4500 #mutates:   2208 #cross:     2292 #dups:       879 
#niche:     2059 #errors:     575 
--------------------------------------------------------------------------------

Doing AMOEBA simplex on best individual
Done simplexing #iterations 917, best score  59.97

Ligand is stored in gold_soln_prep_ligand_18_m1_1.mol2


--------------------------------------------------------------------------------
--- CHEMPLP breakdown of terms                                               ---
--------------------------------------------------------------------------------
CHEMPLP = - ( 1.0000*S(PLP) + -3.0000*S(hbond) + -6.0000*S(metal) + -3.0000*S(cho) )

Score = CHEMPLP - 1.0000*DE(clash) - 2.0000*DE(tors)

Internal energy term has been corrected with the best internal energy encountered.

--------------------------------------------------------------------------------


     Score     S(PLP)   S(hbond)     S(cho)   S(metal)  DE(clash)   DE(tors)     intcor
     59.97     -54.70       0.94       1.22       0.00       0.00       1.08       0.96

--------------------------------------------------------------------------------
--- PLP analysis of protein-ligand interactions                              ---
--------------------------------------------------------------------------------
hydrogen bonding        :      -2.00
metal                   :       0.00
buried (polar-nonpolar) :       0.88
nonpolar                :     -54.77
repulsive               :       0.27
--------------------------------------------------------------------------------


--------------------------------------------------------------------------------
--- ChemScore analysis of protein-ligand interactions                        ---
--------------------------------------------------------------------------------

* Hydrogen bonds                                                                
Protein donor 5227 hydrogen 5229 Ligand acceptor   16 bond energy  1.00 wt 0.94


* CH..O interactions                                                            
  CH group selection                       : activated ring CH (adjacent to hetatom)
Ligand carbon   26 hydrogen   49 Protein acceptor 1639 bond energy  1.00 wt 0.22
Ligand carbon   27 hydrogen   50 Protein acceptor 1603 bond energy  1.00 wt 1.00

--------------------------------------------------------------------------------


--------------------------------------------------------------------------------
--- Intra-ligand clashes                                                     ---
--------------------------------------------------------------------------------

Ligand
--------------------------------------------------------------------------------


--------------------------------------------------------------------------------
--- Chromosome decoded                                                       ---
--------------------------------------------------------------------------------
Ligand Torsions
[   6    5    4    3] -161.32
[  11   13   14   15]  -74.92
[  16   15   14   13]   98.22
[  19   18   17   15]   81.64
[  20   19   18   17]  -44.19
[  25   24   23   22]  -13.41
Protein Torsions
[ 489  484  483  480] -141.28 
[1635 1626 1625 1623]  -81.48 
[1707 1702 1701 1698]  -64.20 
[1839 1828 1827 1826]  -75.50 
Mapping
Ligand acceptors to protein hydrogens (mapping then atom ids)
Ligand hydrogens to protein acceptors (mapping then atom ids)
Ligand shape atoms to protein points (mapping then atom ids & coords)
  2  1447 [  6->(-20.500  20.000  19.250)]
  4   517 [  8->(-22.500  21.500  19.250)]
  6   201 [ 10->(-23.250  20.750  21.000)]
 10  5790 [ 20->(-13.000  16.250  19.500)]
 12  5939 [ 22->(-12.750  15.750  20.750)]
 14  5356 [ 27->(-13.500   9.750  18.750)]
Chromosome values
Integers:
  -1   -1   -1   -1   -1   -1 1446   -1  516   -1  200   -1 
  -1   -1 5789   -1 5938   -1 5355   -1 
--------------------------------------------------------------------------------

Current Ranking  1

--------------------------------------------------------------------------------

* GA execution time :                                                           
  total  0.0866 user  0.0836 sys  0.0030

--------------------------------------------------------------------------------
Fitness function evaluations: 10782

--------------------------------------------------------------------------------
** Docking run number  2 **
--------------------------------------------------------------------------------
  Rank fitness base is 5000.00 ; increment is 11.2233

* Initialising population(s) ...                                                
Number of constraints mappings 0
Number of constraints 0
  Population no.                           :      1
  Population size                          :    100
  Number of duplicates                     :      0
  Number of niche violations               :      0
  Number of errors                         :    112


Doing GA, no. of population(s) 1 size 100 selection pressure 1.100000

 Operation      Score     S(PLP)   S(hbond)     S(cho)   S(metal)  DE(clash)   DE(tors)     intcor
         0       2.61      -7.28       0.00       0.00       0.00       3.66       0.99       0.96
        87       7.60     -12.86       0.00       0.00       0.00       0.00       3.11       0.96
       152      15.34     -23.06       0.02       0.00       0.00       4.60       2.06       0.96
       305      19.39     -20.94       0.00       0.00       0.00       0.00       1.25       0.96
       336      20.16     -24.48       0.00       0.00       0.00       1.13       2.07       0.96
       388      21.55     -26.73       0.00       0.00       0.00       2.62       1.76       0.96
       483      22.46     -26.04       0.33       0.00       0.00       3.66       0.93       0.96
       609      24.57     -28.28       0.14       0.03       0.00       1.90       1.65       0.96
       648      26.93     -29.83       0.03       0.41       0.00       1.90       1.65       0.96
       694      29.08     -31.57       0.03       0.54       0.00       1.90       1.63       0.96
       723      33.03     -34.41       0.00       0.95       0.00       1.90       1.65       0.96
       871      41.91     -43.05       0.38       1.02       0.00       3.66       1.31       0.96
       942      47.99     -48.59       0.67       0.65       0.00       3.66       0.93       0.96
      1015      52.07     -54.77       0.12       0.53       0.00       3.66       0.99       0.96
      2048      52.39     -55.26       0.28       0.67       0.00       4.37       1.11       0.88
      2135      52.49     -55.32       0.28       0.76       0.00       4.37       1.18       0.77
      2447      53.42     -56.52       0.19       0.71       0.00       4.37       1.11       0.77
      2479      53.61     -56.46       0.19       0.80       0.00       4.37       1.11       0.77
      2609      55.55     -52.43       0.78       0.74       0.00       0.23       0.99       0.77
      2776      55.99     -52.78       0.78       0.77       0.00       0.23       0.99       0.77
      3089      56.83     -53.89       0.84       0.74       0.00       0.23       1.17       0.77
      3630      58.34     -55.06       0.88       0.76       0.00       0.23       1.09       0.77
      3945      59.10     -56.85       0.96       0.40       0.00       0.23       1.17       0.77
      4158      59.40     -57.13       0.96       0.45       0.00       0.23       1.24       0.77
      4195      60.79     -56.45       0.99       1.00       0.00       0.23       1.09       0.77
      4237      60.92     -56.85       0.96       1.00       0.00       0.23       1.17       0.77
      4251      61.33     -59.03       0.93       0.45       0.00       0.23       1.19       0.77
      4342      62.29     -58.64       0.83       0.99       0.00       0.23       1.17       0.77
      4471      63.21     -59.24       0.99       0.92       0.00       0.23       1.15       0.77
--------------------------------------------------------------------------------
Best docking solution after GA:
      4500      63.21     -59.24       0.99       0.92       0.00       0.23       1.15       0.77

#ops:       4500 #mutates:   2304 #cross:     2196 #dups:       956 
#niche:     2783 #errors:     100 
--------------------------------------------------------------------------------

Doing AMOEBA simplex on best individual
Done simplexing #iterations 574, best score  66.68

Ligand is stored in gold_soln_prep_ligand_18_m1_2.mol2


--------------------------------------------------------------------------------
--- CHEMPLP breakdown of terms                                               ---
--------------------------------------------------------------------------------
CHEMPLP = - ( 1.0000*S(PLP) + -3.0000*S(hbond) + -6.0000*S(metal) + -3.0000*S(cho) )

Score = CHEMPLP - 1.0000*DE(clash) - 2.0000*DE(tors)

Internal energy term has been corrected with the best internal energy encountered.

--------------------------------------------------------------------------------


     Score     S(PLP)   S(hbond)     S(cho)   S(metal)  DE(clash)   DE(tors)     intcor
     66.68     -61.92       0.98       1.00       0.00       0.00       0.97       0.77

--------------------------------------------------------------------------------
--- PLP analysis of protein-ligand interactions                              ---
--------------------------------------------------------------------------------
hydrogen bonding        :      -1.00
metal                   :       0.00
buried (polar-nonpolar) :      -7.04
nonpolar                :     -54.52
repulsive               :       0.66
--------------------------------------------------------------------------------


--------------------------------------------------------------------------------
--- ChemScore analysis of protein-ligand interactions                        ---
--------------------------------------------------------------------------------

* Hydrogen bonds                                                                
Protein donor 5227 hydrogen 5229 Ligand acceptor   16 bond energy  1.00 wt 0.98


* CH..O interactions                                                            
  CH group selection                       : activated ring CH (adjacent to hetatom)
Ligand carbon   26 hydrogen   49 Protein acceptor 1626 bond energy  1.00 wt 1.00

--------------------------------------------------------------------------------


--------------------------------------------------------------------------------
--- Intra-ligand clashes                                                     ---
--------------------------------------------------------------------------------

Ligand
 12 (C12  ) -   6 (C6   ):   0.00 (dist   3.00)
--------------------------------------------------------------------------------


--------------------------------------------------------------------------------
--- Chromosome decoded                                                       ---
--------------------------------------------------------------------------------
Ligand Torsions
[   6    5    4    3]  163.21
[  11   13   14   15]  -61.20
[  16   15   14   13]   58.49
[  19   18   17   15]  157.60
[  20   19   18   17]   83.22
[  25   24   23   22]   28.95
Protein Torsions
[ 489  484  483  480] -165.32 
[1635 1626 1625 1623]  125.61 
[1707 1702 1701 1698] -153.35 
[1839 1828 1827 1826]  -41.82 
Mapping
Ligand acceptors to protein hydrogens (mapping then atom ids)
Ligand hydrogens to protein acceptors (mapping then atom ids)
Ligand shape atoms to protein points (mapping then atom ids & coords)
  2  1633 [  6->(-20.250  21.750  19.250)]
  5   306 [  9->(-23.000  21.000  20.750)]
  9  5178 [ 18->(-14.000  15.750  19.750)]
 10  5147 [ 20->(-14.000  12.750  19.500)]
 15  5278 [ 29->(-13.750  13.750  20.000)]
Chromosome values
Integers:
  -1   -1   -1   -1   -1   -1 1632   -1   -1  305   -1   -1 
  -1 5177 5146   -1   -1   -1   -1 5277 
--------------------------------------------------------------------------------

Current Ranking  2  1

--------------------------------------------------------------------------------

* GA execution time :                                                           
  total  0.0856 user  0.0846 sys  0.0010

--------------------------------------------------------------------------------
Fitness function evaluations: 10166

--------------------------------------------------------------------------------
** Docking run number  3 **
--------------------------------------------------------------------------------
  Rank fitness base is 5000.00 ; increment is 11.2233

* Initialising population(s) ...                                                
Number of constraints mappings 0
Number of constraints 0
  Population no.                           :      1
  Population size                          :    100
  Number of duplicates                     :      0
  Number of niche violations               :      0
  Number of errors                         :     77


Doing GA, no. of population(s) 1 size 100 selection pressure 1.100000

 Operation      Score     S(PLP)   S(hbond)     S(cho)   S(metal)  DE(clash)   DE(tors)     intcor
         0      33.70     -36.38       0.38       0.00       0.00       2.70       0.95       0.77
       528      34.52     -36.76       0.53       0.00       0.00       2.70       0.95       0.77
       910      37.20     -40.52       0.68       0.00       0.00       4.18       0.98       0.77
       913      37.94     -41.92       0.46       0.00       0.00       4.18       0.98       0.77
       947      42.99     -46.95       0.47       0.00       0.00       4.18       0.98       0.77
       957      52.51     -55.57       0.77       0.00       0.00       4.18       0.98       0.77
      1295      54.15     -52.86       0.81       0.00       0.00       0.21       0.84       0.77
      1402      54.15     -52.86       0.81       0.00       0.00       0.21       0.84       0.77
      1640      55.86     -56.41       0.88       0.00       0.00       2.11       0.92       0.77
      2555      56.20     -56.45       0.99       0.00       0.00       2.11       0.95       0.77
      2663      56.98     -56.12       1.27       0.00       0.00       0.00       1.86       0.77
      3170      57.09     -55.92       1.38       0.00       0.00       0.00       1.86       0.77
      3473      58.09     -55.31       1.91       0.00       0.00       0.00       1.86       0.77
      3786      59.20     -58.09       1.35       0.00       0.00       0.00       1.86       0.77
--------------------------------------------------------------------------------
Best docking solution after GA:
      4500      59.20     -58.09       1.35       0.00       0.00       0.00       1.86       0.77

#ops:       4500 #mutates:   2234 #cross:     2266 #dups:      1324 
#niche:     2431 #errors:     200 
--------------------------------------------------------------------------------

Doing AMOEBA simplex on best individual
Done simplexing #iterations 765, best score  68.83

Ligand is stored in gold_soln_prep_ligand_18_m1_3.mol2


--------------------------------------------------------------------------------
--- CHEMPLP breakdown of terms                                               ---
--------------------------------------------------------------------------------
CHEMPLP = - ( 1.0000*S(PLP) + -3.0000*S(hbond) + -6.0000*S(metal) + -3.0000*S(cho) )

Score = CHEMPLP - 1.0000*DE(clash) - 2.0000*DE(tors)

Internal energy term has been corrected with the best internal energy encountered.

--------------------------------------------------------------------------------


     Score     S(PLP)   S(hbond)     S(cho)   S(metal)  DE(clash)   DE(tors)     intcor
     68.83     -65.88       1.70       0.00       0.00       0.00       1.46       0.77

--------------------------------------------------------------------------------
--- PLP analysis of protein-ligand interactions                              ---
--------------------------------------------------------------------------------
hydrogen bonding        :      -3.00
metal                   :       0.00
buried (polar-nonpolar) :     -10.49
nonpolar                :     -54.09
repulsive               :       0.47
--------------------------------------------------------------------------------


--------------------------------------------------------------------------------
--- ChemScore analysis of protein-ligand interactions                        ---
--------------------------------------------------------------------------------

* Hydrogen bonds                                                                
Protein donor 5227 hydrogen 5229 Ligand acceptor   16 bond energy  1.00 wt 0.56
Protein donor  445 hydrogen  450 Ligand acceptor   28 bond energy  1.00 wt 0.61
Protein donor 2469 hydrogen 2481 Ligand acceptor   25 bond energy  1.00 wt 0.54


* CH..O interactions                                                            
  CH group selection                       : activated ring CH (adjacent to hetatom)

--------------------------------------------------------------------------------


--------------------------------------------------------------------------------
--- Intra-ligand clashes                                                     ---
--------------------------------------------------------------------------------

Ligand
--------------------------------------------------------------------------------


--------------------------------------------------------------------------------
--- Chromosome decoded                                                       ---
--------------------------------------------------------------------------------
Ligand Torsions
[   6    5    4    3]  -39.08
[  11   13   14   15] -120.55
[  16   15   14   13]   33.23
[  19   18   17   15]  157.89
[  20   19   18   17]   14.69
[  25   24   23   22] -160.70
Protein Torsions
[ 489  484  483  480]  -14.37 
[1635 1626 1625 1623]  -60.21 
[1707 1702 1701 1698]   90.62 
[1839 1828 1827 1826]  115.27 
Mapping
Ligand acceptors to protein hydrogens (mapping then atom ids)
Ligand hydrogens to protein acceptors (mapping then atom ids)
Ligand shape atoms to protein points (mapping then atom ids & coords)
  2  6653 [  6->(-11.500  15.250  20.000)]
  4  7088 [  8->(-10.000  13.750  19.500)]
  5  6453 [  9->(-11.750  11.250  20.000)]
  8  3041 [ 14->(-17.250  16.750  20.750)]
 11   702 [ 21->(-22.000  20.750  20.000)]
Chromosome values
Integers:
  -1   -1   -1   -1   -1   -1 6652   -1 7087 6452   -1   -1 
3040   -1   -1  701   -1   -1   -1   -1 
--------------------------------------------------------------------------------

Current Ranking  3  2  1

--------------------------------------------------------------------------------

* GA execution time :                                                           
  total  0.0789 user  0.0789 sys  0.0000

--------------------------------------------------------------------------------
Fitness function evaluations: 10392

--------------------------------------------------------------------------------
** Docking run number  4 **
--------------------------------------------------------------------------------
  Rank fitness base is 5000.00 ; increment is 11.2233

* Initialising population(s) ...                                                
Number of constraints mappings 0
Number of constraints 0
  Population no.                           :      1
  Population size                          :    100
  Number of duplicates                     :      0
  Number of niche violations               :      0
  Number of errors                         :    114


Doing GA, no. of population(s) 1 size 100 selection pressure 1.100000

 Operation      Score     S(PLP)   S(hbond)     S(cho)   S(metal)  DE(clash)   DE(tors)     intcor
         0       7.91     -12.12       0.00       0.00       0.00       0.00       2.48       0.77
        96       8.92     -12.43       0.00       0.00       0.00       0.55       1.87       0.77
       203      24.36     -27.70       0.07       0.00       0.00       0.00       2.16       0.77
       456      24.87     -28.19       0.07       0.00       0.00       0.00       2.15       0.77
       534      25.58     -28.84       0.09       0.00       0.00       0.00       2.15       0.77
       576      30.12     -30.95       0.11       0.00       0.00       0.00       0.97       0.77
       657      46.01     -44.25       1.76       0.00       0.00       0.00       2.15       0.77
       673      46.41     -44.37       1.86       0.00       0.00       0.00       2.15       0.77
      1367      50.84     -48.69       1.90       0.00       0.00       0.00       2.15       0.77
      1868      51.11     -48.98       1.88       0.00       0.00       0.00       2.14       0.77
      2386      51.56     -49.12       1.99       0.00       0.00       0.00       2.15       0.77
      2573      53.11     -50.98       1.88       0.00       0.00       0.00       2.14       0.77
      3051      53.69     -52.10       1.70       0.00       0.00       0.00       2.14       0.77
      3258      53.79     -52.21       1.74       0.00       0.00       0.00       2.20       0.77
      3537      54.19     -52.37       1.81       0.00       0.00       0.00       2.19       0.77
      3692      55.18     -53.46       1.79       0.00       0.00       0.00       2.20       0.77
      4141      55.69     -53.36       1.98       0.00       0.00       0.00       2.19       0.77
--------------------------------------------------------------------------------
Best docking solution after GA:
      4500      55.69     -53.36       1.98       0.00       0.00       0.00       2.19       0.77

#ops:       4500 #mutates:   2238 #cross:     2262 #dups:      1100 
#niche:     2742 #errors:     137 
--------------------------------------------------------------------------------

Doing AMOEBA simplex on best individual
Done simplexing #iterations 545, best score  57.12

Ligand is stored in gold_soln_prep_ligand_18_m1_4.mol2


--------------------------------------------------------------------------------
--- CHEMPLP breakdown of terms                                               ---
--------------------------------------------------------------------------------
CHEMPLP = - ( 1.0000*S(PLP) + -3.0000*S(hbond) + -6.0000*S(metal) + -3.0000*S(cho) )

Score = CHEMPLP - 1.0000*DE(clash) - 2.0000*DE(tors)

Internal energy term has been corrected with the best internal energy encountered.

--------------------------------------------------------------------------------


     Score     S(PLP)   S(hbond)     S(cho)   S(metal)  DE(clash)   DE(tors)     intcor
     57.12     -54.52       2.00       0.00       0.00       0.01       2.08       0.77

--------------------------------------------------------------------------------
--- PLP analysis of protein-ligand interactions                              ---
--------------------------------------------------------------------------------
hydrogen bonding        :      -3.00
metal                   :       0.00
buried (polar-nonpolar) :      -8.20
nonpolar                :     -43.65
repulsive               :       0.24
--------------------------------------------------------------------------------


--------------------------------------------------------------------------------
--- ChemScore analysis of protein-ligand interactions                        ---
--------------------------------------------------------------------------------

* Hydrogen bonds                                                                
Ligand donor   17 hydrogen   43 Protein acceptor 2492 bond energy  1.00 wt 1.00
Protein donor  445 hydrogen  450 Ligand acceptor   28 bond energy  1.00 wt 1.00


* CH..O interactions                                                            
  CH group selection                       : activated ring CH (adjacent to hetatom)

--------------------------------------------------------------------------------


--------------------------------------------------------------------------------
--- Intra-ligand clashes                                                     ---
--------------------------------------------------------------------------------

Ligand
 16 (O16  ) -   1 (C1   ):   0.01 (dist   2.75)
--------------------------------------------------------------------------------


--------------------------------------------------------------------------------
--- Chromosome decoded                                                       ---
--------------------------------------------------------------------------------
Ligand Torsions
[   6    5    4    3] -105.66
[  11   13   14   15] -115.69
[  16   15   14   13]  -24.70
[  19   18   17   15] -116.03
[  20   19   18   17]   43.89
[  25   24   23   22] -164.74
Protein Torsions
[ 489  484  483  480]   64.35 
[1635 1626 1625 1623]  -48.65 
[1707 1702 1701 1698]  170.39 
[1839 1828 1827 1826]  127.91 
Mapping
Ligand acceptors to protein hydrogens (mapping then atom ids)
Ligand hydrogens to protein acceptors (mapping then atom ids)
Ligand shape atoms to protein points (mapping then atom ids & coords)
  2  5946 [  6->(-12.750  16.000  20.250)]
  5  7090 [  9->(-10.000  14.000  19.500)]
  6  5698 [ 10->(-13.000  12.000  19.250)]
  8  3352 [ 14->(-16.750  16.000  19.750)]
  9  3031 [ 18->(-17.500  21.250  19.250)]
 10  1085 [ 20->(-21.250  22.000  19.750)]
 11   718 [ 21->(-22.000  21.250  20.000)]
Chromosome values
Integers:
  -1   -1   -1   -1   -1   -1 5945   -1   -1 7089 5697   -1 
3351 3030 1084  717   -1   -1   -1   -1 
--------------------------------------------------------------------------------

Current Ranking  3  2  1  4

--------------------------------------------------------------------------------

* GA execution time :                                                           
  total  0.0791 user  0.0791 sys  0.0000

--------------------------------------------------------------------------------
Fitness function evaluations: 10175

--------------------------------------------------------------------------------
** Docking run number  5 **
--------------------------------------------------------------------------------
  Rank fitness base is 5000.00 ; increment is 11.2233

* Initialising population(s) ...                                                
Number of constraints mappings 0
Number of constraints 0
  Population no.                           :      1
  Population size                          :    100
  Number of duplicates                     :      0
  Number of niche violations               :      0
  Number of errors                         :    103


Doing GA, no. of population(s) 1 size 100 selection pressure 1.100000

 Operation      Score     S(PLP)   S(hbond)     S(cho)   S(metal)  DE(clash)   DE(tors)     intcor
         0       7.12     -13.36       0.00       0.00       0.00       1.09       2.96       0.77
       421      50.31     -54.52       0.13       0.00       0.00       1.84       1.76       0.77
      1788      51.14     -55.38       0.12       0.00       0.00       1.84       1.76       0.77
      2620      52.78     -55.38       0.12       0.55       0.00       1.84       1.76       0.77
      3622      53.52     -55.94       0.10       0.62       0.00       1.84       1.76       0.77
      4108      54.73     -54.58       0.14       0.98       0.00       0.35       1.81       0.77
      4352      55.04     -55.72       0.00       0.84       0.00       0.35       1.81       0.77
      4412      55.71     -56.50       0.00       0.81       0.00       0.35       1.81       0.77
--------------------------------------------------------------------------------
Best docking solution after GA:
      4500      55.71     -56.50       0.00       0.81       0.00       0.35       1.81       0.77

#ops:       4500 #mutates:   2250 #cross:     2250 #dups:       885 
#niche:     2599 #errors:     176 
--------------------------------------------------------------------------------

Doing AMOEBA simplex on best individual
Done simplexing #iterations 876, best score  65.38

Ligand is stored in gold_soln_prep_ligand_18_m1_5.mol2


--------------------------------------------------------------------------------
--- CHEMPLP breakdown of terms                                               ---
--------------------------------------------------------------------------------
CHEMPLP = - ( 1.0000*S(PLP) + -3.0000*S(hbond) + -6.0000*S(metal) + -3.0000*S(cho) )

Score = CHEMPLP - 1.0000*DE(clash) - 2.0000*DE(tors)

Internal energy term has been corrected with the best internal energy encountered.

--------------------------------------------------------------------------------


     Score     S(PLP)   S(hbond)     S(cho)   S(metal)  DE(clash)   DE(tors)     intcor
     65.38     -58.88       0.70       1.62       0.00       0.00       0.62       0.77

--------------------------------------------------------------------------------
--- PLP analysis of protein-ligand interactions                              ---
--------------------------------------------------------------------------------
hydrogen bonding        :      -1.79
metal                   :       0.00
buried (polar-nonpolar) :      -8.47
nonpolar                :     -49.43
repulsive               :       0.34
--------------------------------------------------------------------------------


--------------------------------------------------------------------------------
--- ChemScore analysis of protein-ligand interactions                        ---
--------------------------------------------------------------------------------

* Hydrogen bonds                                                                
Protein donor 5227 hydrogen 5229 Ligand acceptor   16 bond energy  1.00 wt 0.70


* CH..O interactions                                                            
  CH group selection                       : activated ring CH (adjacent to hetatom)
Ligand carbon   26 hydrogen   49 Protein acceptor 1626 bond energy  1.00 wt 0.62
Ligand carbon   26 hydrogen   49 Protein acceptor 1658 bond energy  1.00 wt 1.00

--------------------------------------------------------------------------------


--------------------------------------------------------------------------------
--- Intra-ligand clashes                                                     ---
--------------------------------------------------------------------------------

Ligand
--------------------------------------------------------------------------------


--------------------------------------------------------------------------------
--- Chromosome decoded                                                       ---
--------------------------------------------------------------------------------
Ligand Torsions
[   6    5    4    3]  160.72
[  11   13   14   15]  -53.03
[  16   15   14   13]   70.69
[  19   18   17   15]  157.22
[  20   19   18   17]   56.77
[  25   24   23   22]   16.87
Protein Torsions
[ 489  484  483  480]   18.49 
[1635 1626 1625 1623]  154.52 
[1707 1702 1701 1698]  -57.60 
[1839 1828 1827 1826]   93.11 
Mapping
Ligand acceptors to protein hydrogens (mapping then atom ids)
Ligand hydrogens to protein acceptors (mapping then atom ids)
Ligand shape atoms to protein points (mapping then atom ids & coords)
  3  1229 [  7->(-21.000  22.250  19.250)]
  4  1325 [  8->(-20.750  20.500  19.250)]
  5   771 [  9->(-21.750  19.750  19.000)]
 10  5405 [ 20->(-13.500  13.000  19.750)]
 11  5404 [ 21->(-13.500  12.750  20.250)]
 14  7206 [ 27->( -7.750  15.500  20.000)]
 15  6395 [ 29->(-12.000  15.750  19.750)]
Chromosome values
Integers:
  -1   -1   -1   -1   -1   -1   -1 1228 1324  770   -1   -1 
  -1   -1 5404 5403   -1   -1 7205 6394 
--------------------------------------------------------------------------------

Current Ranking  3  2  5  1  4

--------------------------------------------------------------------------------

* GA execution time :                                                           
  total  0.0804 user  0.0804 sys  0.0000

--------------------------------------------------------------------------------
Fitness function evaluations: 10628

--------------------------------------------------------------------------------
** Docking run number  6 **
--------------------------------------------------------------------------------
  Rank fitness base is 5000.00 ; increment is 11.2233

* Initialising population(s) ...                                                
Number of constraints mappings 0
Number of constraints 0
  Population no.                           :      1
  Population size                          :    100
  Number of duplicates                     :      0
  Number of niche violations               :      0
  Number of errors                         :     87


Doing GA, no. of population(s) 1 size 100 selection pressure 1.100000

 Operation      Score     S(PLP)   S(hbond)     S(cho)   S(metal)  DE(clash)   DE(tors)     intcor
         0      27.13     -32.29       0.00       0.10       0.00       2.01       2.10       0.77
        34      30.41     -34.86       0.00       0.20       0.00       2.01       1.90       0.77
       172      36.57     -39.88       0.00       0.00       0.00       2.01       1.03       0.77
      1387      40.67     -46.18       0.00       0.00       0.00       0.00       3.14       0.77
      1593      40.79     -44.18       0.00       0.00       0.00       0.00       2.08       0.77
      1636      41.41     -44.14       0.00       0.00       0.00       0.00       1.75       0.77
      1751      43.14     -44.78       0.35       0.00       0.00       0.00       1.73       0.77
      1894      43.97     -45.28       0.44       0.00       0.00       0.00       1.70       0.77
      1923      45.50     -45.51       0.90       0.00       0.00       0.00       1.73       0.77
      2023      46.62     -48.50       0.00       0.29       0.00       0.00       1.75       0.77
      2439      46.89     -50.95       1.38       0.00       0.00       4.39       2.29       0.77
      2476      48.20     -50.04       0.00       0.30       0.00       0.00       1.75       0.77
      2768      49.26     -51.46       2.00       0.00       0.00       4.39       2.29       0.77
      3696      50.00     -51.04       0.00       0.58       0.00       0.00       1.77       0.77
      4461      50.05     -52.47       1.93       0.00       0.00       4.39       2.29       0.77
--------------------------------------------------------------------------------
Best docking solution after GA:
      4500      50.05     -52.47       1.93       0.00       0.00       4.39       2.29       0.77

#ops:       4500 #mutates:   2252 #cross:     2248 #dups:       937 
#niche:     2489 #errors:     166 
--------------------------------------------------------------------------------

Doing AMOEBA simplex on best individual
Done simplexing #iterations 883, best score  59.48

Ligand is stored in gold_soln_prep_ligand_18_m1_6.mol2


--------------------------------------------------------------------------------
--- CHEMPLP breakdown of terms                                               ---
--------------------------------------------------------------------------------
CHEMPLP = - ( 1.0000*S(PLP) + -3.0000*S(hbond) + -6.0000*S(metal) + -3.0000*S(cho) )

Score = CHEMPLP - 1.0000*DE(clash) - 2.0000*DE(tors)

Internal energy term has been corrected with the best internal energy encountered.

--------------------------------------------------------------------------------


     Score     S(PLP)   S(hbond)     S(cho)   S(metal)  DE(clash)   DE(tors)     intcor
     59.48     -57.62       1.99       0.00       0.00       0.00       2.44       0.77

--------------------------------------------------------------------------------
--- PLP analysis of protein-ligand interactions                              ---
--------------------------------------------------------------------------------
hydrogen bonding        :      -2.00
metal                   :       0.00
buried (polar-nonpolar) :      -4.54
nonpolar                :     -51.24
repulsive               :       0.17
--------------------------------------------------------------------------------


--------------------------------------------------------------------------------
--- ChemScore analysis of protein-ligand interactions                        ---
--------------------------------------------------------------------------------

* Hydrogen bonds                                                                
Protein donor  438 hydrogen  446 Ligand acceptor   28 bond energy  1.00 wt 1.00
Protein donor 5227 hydrogen 5229 Ligand acceptor   16 bond energy  1.00 wt 0.99


* CH..O interactions                                                            
  CH group selection                       : activated ring CH (adjacent to hetatom)

--------------------------------------------------------------------------------


--------------------------------------------------------------------------------
--- Intra-ligand clashes                                                     ---
--------------------------------------------------------------------------------

Ligand
 16 (O16  ) -  12 (C12  ):   0.00 (dist   2.75)
--------------------------------------------------------------------------------


--------------------------------------------------------------------------------
--- Chromosome decoded                                                       ---
--------------------------------------------------------------------------------
Ligand Torsions
[   6    5    4    3]   41.28
[  11   13   14   15]  -55.03
[  16   15   14   13]   13.15
[  19   18   17   15]  164.41
[  20   19   18   17] -132.92
[  25   24   23   22]   72.32
Protein Torsions
[ 489  484  483  480] -165.07 
[1635 1626 1625 1623]  -98.31 
[1707 1702 1701 1698]  -20.01 
[1839 1828 1827 1826] -169.97 
Mapping
Ligand acceptors to protein hydrogens (mapping then atom ids)
  4   4 [ 28-> 446]
Ligand hydrogens to protein acceptors (mapping then atom ids)
Ligand shape atoms to protein points (mapping then atom ids & coords)
  2  5536 [  6->(-13.250  11.750  20.250)]
  3  6717 [  7->(-11.250  12.250  19.500)]
  4  6977 [  8->(-10.500  12.750  18.750)]
  6  6924 [ 10->(-10.750  13.500  19.500)]
 10  3291 [ 20->(-17.000  21.250  19.750)]
Chromosome values
Integers:
  -1   -1   -1    3   -1   -1 5535 6716 6976   -1 6923   -1 
  -1   -1 3290   -1   -1   -1   -1   -1 
--------------------------------------------------------------------------------

Current Ranking  3  2  5  1  6  4

--------------------------------------------------------------------------------

* GA execution time :                                                           
  total  0.0828 user  0.0828 sys  0.0000

--------------------------------------------------------------------------------
Fitness function evaluations: 10618

--------------------------------------------------------------------------------
** Docking run number  7 **
--------------------------------------------------------------------------------
  Rank fitness base is 5000.00 ; increment is 11.2233

* Initialising population(s) ...                                                
Number of constraints mappings 0
Number of constraints 0
  Population no.                           :      1
  Population size                          :    100
  Number of duplicates                     :      0
  Number of niche violations               :      0
  Number of errors                         :    107


Doing GA, no. of population(s) 1 size 100 selection pressure 1.100000

 Operation      Score     S(PLP)   S(hbond)     S(cho)   S(metal)  DE(clash)   DE(tors)     intcor
         0       6.50      -9.63       1.11       0.00       0.00       5.17       1.03       0.77
       205       9.27     -10.91       0.35       0.00       0.00       0.00       1.73       0.77
       215      11.81     -14.06       0.00       0.00       0.00       1.32       0.85       0.77
       328      22.59     -26.33       0.00       0.56       0.00       0.00       3.10       0.77
       552      28.05     -30.21       0.00       0.82       0.00       0.00       2.69       0.77
       725      31.41     -32.91       0.87       0.16       0.00       0.00       2.69       0.77
       779      32.64     -36.16       0.00       0.00       0.00       0.00       2.14       0.77
       938      33.82     -35.44       1.00       0.00       0.00       0.00       2.69       0.77
      1062      35.99     -35.91       1.00       0.32       0.00       0.00       2.32       0.77
      1219      36.81     -38.87       0.60       0.00       0.00       0.00       2.32       0.77
      1382      40.33     -42.78       0.47       0.00       0.00       0.00       2.32       0.77
      1511      43.52     -44.71       0.86       0.03       0.00       0.00       2.32       0.77
      1661      43.55     -43.93       0.96       0.11       0.00       0.00       2.18       0.77
      1783      43.60     -44.55       0.89       0.05       0.00       0.00       2.28       0.77
      1990      47.15     -49.05       0.75       0.00       0.00       1.03       1.94       0.77
      2389      51.05     -51.82       0.36       0.00       0.00       1.03       0.79       0.77
      2770      51.49     -52.11       0.37       0.00       0.00       1.03       0.73       0.77
      2832      53.06     -52.62       0.62       0.00       0.00       0.43       0.88       0.77
      2924      53.21     -52.79       0.62       0.00       0.00       0.43       0.89       0.77
      3527      54.39     -52.92       0.96       0.00       0.00       0.43       0.88       0.77
      3584      55.26     -53.36       1.00       0.00       0.00       0.02       0.92       0.77
      3624      55.62     -54.27       0.60       0.00       0.00       0.43       0.40       0.77
      4128      57.55     -55.14       0.99       0.00       0.00       0.43       0.45       0.77
--------------------------------------------------------------------------------
Best docking solution after GA:
      4500      57.55     -55.14       0.99       0.00       0.00       0.43       0.45       0.61

#ops:       4500 #mutates:   2233 #cross:     2267 #dups:      1009 
#niche:     2313 #errors:     169 
--------------------------------------------------------------------------------

Doing AMOEBA simplex on best individual
Done simplexing #iterations 630, best score  61.48

Ligand is stored in gold_soln_prep_ligand_18_m1_7.mol2


--------------------------------------------------------------------------------
--- CHEMPLP breakdown of terms                                               ---
--------------------------------------------------------------------------------
CHEMPLP = - ( 1.0000*S(PLP) + -3.0000*S(hbond) + -6.0000*S(metal) + -3.0000*S(cho) )

Score = CHEMPLP - 1.0000*DE(clash) - 2.0000*DE(tors)

Internal energy term has been corrected with the best internal energy encountered.

--------------------------------------------------------------------------------


     Score     S(PLP)   S(hbond)     S(cho)   S(metal)  DE(clash)   DE(tors)     intcor
     61.48     -59.14       0.99       0.00       0.00       0.11       0.57       0.61

--------------------------------------------------------------------------------
--- PLP analysis of protein-ligand interactions                              ---
--------------------------------------------------------------------------------
hydrogen bonding        :      -1.00
metal                   :       0.00
buried (polar-nonpolar) :      -4.13
nonpolar                :     -54.29
repulsive               :       0.19
--------------------------------------------------------------------------------


--------------------------------------------------------------------------------
--- ChemScore analysis of protein-ligand interactions                        ---
--------------------------------------------------------------------------------

* Hydrogen bonds                                                                
Protein donor 5227 hydrogen 5229 Ligand acceptor   16 bond energy  1.00 wt 0.99


* CH..O interactions                                                            
  CH group selection                       : activated ring CH (adjacent to hetatom)

--------------------------------------------------------------------------------


--------------------------------------------------------------------------------
--- Intra-ligand clashes                                                     ---
--------------------------------------------------------------------------------

Ligand
 12 (C12  ) -   6 (C6   ):   0.11 (dist   3.00)
--------------------------------------------------------------------------------


--------------------------------------------------------------------------------
--- Chromosome decoded                                                       ---
--------------------------------------------------------------------------------
Ligand Torsions
[   6    5    4    3]  163.92
[  11   13   14   15] -104.56
[  16   15   14   13]    3.22
[  19   18   17   15] -169.89
[  20   19   18   17]  -45.65
[  25   24   23   22]  173.25
Protein Torsions
[ 489  484  483  480] -160.01 
[1635 1626 1625 1623]  -94.30 
[1707 1702 1701 1698]    5.23 
[1839 1828 1827 1826] -147.88 
Mapping
Ligand acceptors to protein hydrogens (mapping then atom ids)
Ligand hydrogens to protein acceptors (mapping then atom ids)
Ligand shape atoms to protein points (mapping then atom ids & coords)
  4  6000 [  8->(-12.500  11.250  18.750)]
  6  5879 [ 10->(-12.750  12.750  20.250)]
  8  4326 [ 14->(-15.750  17.750  21.250)]
 10  2654 [ 20->(-18.250  20.250  19.750)]
 11  1025 [ 21->(-21.250  20.000  19.750)]
 12  1379 [ 22->(-20.750  22.250  19.750)]
Chromosome values
Integers:
  -1   -1   -1   -1   -1   -1   -1   -1 5999   -1 5878   -1 
4325   -1 2653 1024 1378   -1   -1   -1 
--------------------------------------------------------------------------------

Current Ranking  3  2  5  7  1  6  4

--------------------------------------------------------------------------------

* GA execution time :                                                           
  total  0.0789 user  0.0779 sys  0.0010

--------------------------------------------------------------------------------
Fitness function evaluations: 10244

--------------------------------------------------------------------------------
** Docking run number  8 **
--------------------------------------------------------------------------------
  Rank fitness base is 5000.00 ; increment is 11.2233

* Initialising population(s) ...                                                
Number of constraints mappings 0
Number of constraints 0
  Population no.                           :      1
  Population size                          :    100
  Number of duplicates                     :      0
  Number of niche violations               :      0
  Number of errors                         :    111


Doing GA, no. of population(s) 1 size 100 selection pressure 1.100000

 Operation      Score     S(PLP)   S(hbond)     S(cho)   S(metal)  DE(clash)   DE(tors)     intcor
         0       8.29     -11.91       0.00       0.08       0.00       0.00       2.24       0.61
        33       8.29     -11.91       0.00       0.08       0.00       0.00       2.24       0.61
       193      13.56     -17.96       0.00       0.00       0.00       0.00       2.50       0.61
       304      24.57     -29.19       0.70       1.00       0.00       4.40       2.97       0.61
       412      28.26     -29.52       0.00       0.00       0.00       0.12       0.87       0.61
       431      28.55     -29.80       0.00       0.00       0.00       0.12       0.87       0.61
       918      28.83     -29.51       0.00       1.03       0.00       0.00       2.19       0.61
      1365      35.69     -36.13       0.00       1.11       0.00       0.00       2.19       0.61
      1389      36.27     -37.99       0.00       0.05       0.00       0.12       1.18       0.61
      1868      42.12     -40.89       0.35       0.68       0.00       0.12       1.18       0.61
      2226      44.23     -46.17       0.00       0.00       0.00       0.00       1.27       0.61
      2412      46.13     -44.91       0.00       1.19       0.00       0.00       1.49       0.61
      3070      47.87     -47.51       0.00       0.88       0.00       0.00       1.45       0.61
      3236      48.55     -47.55       0.00       1.12       0.00       0.00       1.48       0.61
      3503      48.70     -48.07       0.00       0.95       0.00       0.00       1.42       0.61
      3565      50.71     -51.23       0.00       0.75       0.00       0.00       1.69       0.61
--------------------------------------------------------------------------------
Best docking solution after GA:
      4500      50.71     -51.23       0.00       0.75       0.00       0.00       1.69       0.61

#ops:       4500 #mutates:   2316 #cross:     2184 #dups:       796 
#niche:     2232 #errors:     420 
--------------------------------------------------------------------------------

Doing AMOEBA simplex on best individual
Done simplexing #iterations 902, best score  54.45

Ligand is stored in gold_soln_prep_ligand_18_m1_8.mol2


--------------------------------------------------------------------------------
--- CHEMPLP breakdown of terms                                               ---
--------------------------------------------------------------------------------
CHEMPLP = - ( 1.0000*S(PLP) + -3.0000*S(hbond) + -6.0000*S(metal) + -3.0000*S(cho) )

Score = CHEMPLP - 1.0000*DE(clash) - 2.0000*DE(tors)

Internal energy term has been corrected with the best internal energy encountered.

--------------------------------------------------------------------------------


     Score     S(PLP)   S(hbond)     S(cho)   S(metal)  DE(clash)   DE(tors)     intcor
     54.45     -53.82       0.00       0.94       0.00       0.00       1.41       0.61

--------------------------------------------------------------------------------
--- PLP analysis of protein-ligand interactions                              ---
--------------------------------------------------------------------------------
hydrogen bonding        :      -0.53
metal                   :       0.00
buried (polar-nonpolar) :      -2.26
nonpolar                :     -51.38
repulsive               :       0.29
--------------------------------------------------------------------------------


--------------------------------------------------------------------------------
--- ChemScore analysis of protein-ligand interactions                        ---
--------------------------------------------------------------------------------

* Hydrogen bonds                                                                


* CH..O interactions                                                            
  CH group selection                       : activated ring CH (adjacent to hetatom)
Ligand carbon   27 hydrogen   50 Protein acceptor 1603 bond energy  1.00 wt 0.94

--------------------------------------------------------------------------------


--------------------------------------------------------------------------------
--- Intra-ligand clashes                                                     ---
--------------------------------------------------------------------------------

Ligand
--------------------------------------------------------------------------------


--------------------------------------------------------------------------------
--- Chromosome decoded                                                       ---
--------------------------------------------------------------------------------
Ligand Torsions
[   6    5    4    3] -140.67
[  11   13   14   15]  -36.16
[  16   15   14   13]  -36.84
[  19   18   17   15] -168.59
[  20   19   18   17]   51.22
[  25   24   23   22] -176.66
Protein Torsions
[ 489  484  483  480]    9.58 
[1635 1626 1625 1623]  142.47 
[1707 1702 1701 1698]   56.19 
[1839 1828 1827 1826] -163.01 
Mapping
Ligand acceptors to protein hydrogens (mapping then atom ids)
Ligand hydrogens to protein acceptors (mapping then atom ids)
Ligand shape atoms to protein points (mapping then atom ids & coords)
  2   930 [  6->(-21.500  20.750  20.750)]
  4   200 [  8->(-23.250  20.750  20.750)]
  6  2010 [ 10->(-19.500  20.750  20.000)]
 15  5578 [ 29->(-13.250  14.500  20.250)]
Chromosome values
Integers:
  -1   -1   -1   -1   -1   -1  929   -1  199   -1 2009   -1 
  -1   -1   -1   -1   -1   -1   -1 5577 
--------------------------------------------------------------------------------

Current Ranking  3  2  5  7  1  6  4  8

--------------------------------------------------------------------------------

* GA execution time :                                                           
  total  0.0800 user  0.0781 sys  0.0020

--------------------------------------------------------------------------------
Fitness function evaluations: 10671

--------------------------------------------------------------------------------
** Docking run number  9 **
--------------------------------------------------------------------------------
  Rank fitness base is 5000.00 ; increment is 11.2233

* Initialising population(s) ...                                                
Number of constraints mappings 0
Number of constraints 0
  Population no.                           :      1
  Population size                          :    100
  Number of duplicates                     :      0
  Number of niche violations               :      0
  Number of errors                         :     90


Doing GA, no. of population(s) 1 size 100 selection pressure 1.100000

 Operation      Score     S(PLP)   S(hbond)     S(cho)   S(metal)  DE(clash)   DE(tors)     intcor
         0       9.11     -10.22       0.17       0.00       0.00       0.00       1.12       0.61
        82       9.11     -10.22       0.17       0.00       0.00       0.00       1.12       0.61
       170      15.42     -16.73       0.10       0.00       0.00       0.00       1.12       0.61
       935      18.09     -34.04       0.00       0.00       0.00      12.44       2.06       0.61
      1083      19.82     -21.75       0.00       0.00       0.00       0.00       1.27       0.61
      1115      22.82     -26.62       0.00       0.00       0.00       0.00       2.21       0.61
      1162      26.49     -26.53       0.00       0.69       0.00       0.00       1.36       0.61
      1294      27.67     -25.61       1.63       0.00       0.00       0.00       1.71       0.61
      1487      28.55     -27.43       1.64       0.00       0.00       0.00       2.21       0.61
      1591      28.65     -28.16       0.00       0.81       0.00       0.00       1.28       0.61
      1685      32.83     -48.78       0.00       0.00       0.00      12.44       2.06       0.61
      2274      36.43     -36.90       1.11       0.00       0.00       0.00       2.21       0.61
      2909      37.28     -34.80       2.09       0.00       0.00       0.00       2.21       0.61
      3060      38.26     -36.82       1.74       0.00       0.00       0.00       2.21       0.61
      3192      39.28     -39.15       0.99       0.00       0.00       0.00       1.72       0.61
      3504      39.72     -39.64       1.02       0.00       0.00       0.00       1.79       0.61
      4378      40.19     -39.76       1.12       0.00       0.00       0.00       1.77       0.61
      4397      42.81     -46.64       0.00       0.00       0.00       0.00       2.22       0.61
--------------------------------------------------------------------------------
Best docking solution after GA:
      4500      42.81     -46.64       0.00       0.00       0.00       0.00       2.22       0.61

#ops:       4500 #mutates:   2291 #cross:     2209 #dups:       811 
#niche:     1925 #errors:     270 
--------------------------------------------------------------------------------

Doing AMOEBA simplex on best individual
Done simplexing #iterations 784, best score  53.14

Ligand is stored in gold_soln_prep_ligand_18_m1_9.mol2


--------------------------------------------------------------------------------
--- CHEMPLP breakdown of terms                                               ---
--------------------------------------------------------------------------------
CHEMPLP = - ( 1.0000*S(PLP) + -3.0000*S(hbond) + -6.0000*S(metal) + -3.0000*S(cho) )

Score = CHEMPLP - 1.0000*DE(clash) - 2.0000*DE(tors)

Internal energy term has been corrected with the best internal energy encountered.

--------------------------------------------------------------------------------


     Score     S(PLP)   S(hbond)     S(cho)   S(metal)  DE(clash)   DE(tors)     intcor
     53.14     -54.05       0.00       1.00       0.00       0.00       2.26       0.61

--------------------------------------------------------------------------------
--- PLP analysis of protein-ligand interactions                              ---
--------------------------------------------------------------------------------
hydrogen bonding        :      -0.46
metal                   :       0.00
buried (polar-nonpolar) :      -2.03
nonpolar                :     -52.33
repulsive               :       0.28
--------------------------------------------------------------------------------


--------------------------------------------------------------------------------
--- ChemScore analysis of protein-ligand interactions                        ---
--------------------------------------------------------------------------------

* Hydrogen bonds                                                                


* CH..O interactions                                                            
  CH group selection                       : activated ring CH (adjacent to hetatom)
Ligand carbon   27 hydrogen   50 Protein acceptor 1658 bond energy  1.00 wt 1.00

--------------------------------------------------------------------------------


--------------------------------------------------------------------------------
--- Intra-ligand clashes                                                     ---
--------------------------------------------------------------------------------

Ligand
--------------------------------------------------------------------------------


--------------------------------------------------------------------------------
--- Chromosome decoded                                                       ---
--------------------------------------------------------------------------------
Ligand Torsions
[   6    5    4    3]  115.33
[  11   13   14   15]   91.68
[  16   15   14   13]   43.90
[  19   18   17   15]  137.32
[  20   19   18   17]  -36.28
[  25   24   23   22]  179.81
Protein Torsions
[ 489  484  483  480] -116.68 
[1635 1626 1625 1623]  -23.46 
[1707 1702 1701 1698] -158.23 
[1839 1828 1827 1826] -166.38 
Mapping
Ligand acceptors to protein hydrogens (mapping then atom ids)
Ligand hydrogens to protein acceptors (mapping then atom ids)
Ligand shape atoms to protein points (mapping then atom ids & coords)
  1  2442 [  1->(-18.500  17.000  22.000)]
  8  3066 [ 14->(-17.250  17.500  21.000)]
 10  5586 [ 20->(-13.250  14.750  21.000)]
 15  7065 [ 29->(-10.250  15.750  20.000)]
Chromosome values
Integers:
  -1   -1   -1   -1   -1 2441   -1   -1   -1   -1   -1   -1 
3065   -1 5585   -1   -1   -1   -1 7064 
--------------------------------------------------------------------------------

Current Ranking  3  2  5  7  1  6  4  8  9

--------------------------------------------------------------------------------

* GA execution time :                                                           
  total  0.0787 user  0.0787 sys  0.0000

--------------------------------------------------------------------------------
Fitness function evaluations: 10576

--------------------------------------------------------------------------------
** Docking run number 10 **
--------------------------------------------------------------------------------
  Rank fitness base is 5000.00 ; increment is 11.2233

* Initialising population(s) ...                                                
Number of constraints mappings 0
Number of constraints 0
  Population no.                           :      1
  Population size                          :    100
  Number of duplicates                     :      0
  Number of niche violations               :      0
  Number of errors                         :    118


Doing GA, no. of population(s) 1 size 100 selection pressure 1.100000

 Operation      Score     S(PLP)   S(hbond)     S(cho)   S(metal)  DE(clash)   DE(tors)     intcor
         0      23.76     -29.59       0.00       1.00       0.00       5.67       1.89       0.61
       447      25.08     -28.89       0.00       0.00       0.00       0.45       1.99       0.61
       641      25.28     -29.19       0.00       0.00       0.00       0.45       2.04       0.61
       766      26.28     -28.76       0.00       0.00       0.00       0.45       1.32       0.61
       868      27.81     -30.69       0.41       0.00       0.00       0.00       2.37       0.61
       992      27.84     -30.67       0.41       0.00       0.00       0.00       2.34       0.61
      1123      42.65     -41.87       0.86       0.00       0.00       0.00       1.21       0.61
      1465      45.44     -44.96       0.23       0.53       0.00       0.00       1.21       0.61
      1621      49.74     -50.21       0.45       0.00       0.00       0.00       1.21       0.61
      2252      50.34     -50.45       0.42       0.00       0.00       0.00       0.99       0.61
      2564      53.29     -54.04       0.57       0.00       0.00       0.00       1.53       0.61
      2630      53.35     -54.29       0.49       0.00       0.00       0.00       1.51       0.61
      2788      53.80     -54.42       0.61       0.00       0.00       0.00       1.53       0.61
      2845      53.96     -54.54       0.61       0.00       0.00       0.00       1.51       0.61
      2959      54.30     -55.04       0.56       0.00       0.00       0.00       1.51       0.61
      3884      54.34     -54.96       0.56       0.00       0.00       0.00       1.46       0.61
      4076      54.48     -55.14       0.54       0.00       0.00       0.00       1.45       0.61
      4114      55.08     -56.10       0.51       0.00       0.00       0.00       1.58       0.61
      4371      55.42     -56.06       0.59       0.00       0.00       0.00       1.51       0.61
      4382      55.55     -56.09       0.62       0.00       0.00       0.00       1.51       0.61
--------------------------------------------------------------------------------
Best docking solution after GA:
      4500      55.55     -56.09       0.62       0.00       0.00       0.00       1.51       0.61

#ops:       4500 #mutates:   2273 #cross:     2227 #dups:      1138 
#niche:     2450 #errors:     145 
--------------------------------------------------------------------------------

Doing AMOEBA simplex on best individual
Done simplexing #iterations 619, best score  61.98

Ligand is stored in gold_soln_prep_ligand_18_m1_10.mol2


--------------------------------------------------------------------------------
--- CHEMPLP breakdown of terms                                               ---
--------------------------------------------------------------------------------
CHEMPLP = - ( 1.0000*S(PLP) + -3.0000*S(hbond) + -6.0000*S(metal) + -3.0000*S(cho) )

Score = CHEMPLP - 1.0000*DE(clash) - 2.0000*DE(tors)

Internal energy term has been corrected with the best internal energy encountered.

--------------------------------------------------------------------------------


     Score     S(PLP)   S(hbond)     S(cho)   S(metal)  DE(clash)   DE(tors)     intcor
     61.98     -61.16       0.74       0.00       0.00       0.00       1.00       0.61

--------------------------------------------------------------------------------
--- PLP analysis of protein-ligand interactions                              ---
--------------------------------------------------------------------------------
hydrogen bonding        :      -1.00
metal                   :       0.00
buried (polar-nonpolar) :      -7.70
nonpolar                :     -51.91
repulsive               :       0.40
--------------------------------------------------------------------------------


--------------------------------------------------------------------------------
--- ChemScore analysis of protein-ligand interactions                        ---
--------------------------------------------------------------------------------

* Hydrogen bonds                                                                
Protein donor 5227 hydrogen 5229 Ligand acceptor   16 bond energy  1.00 wt 0.74


* CH..O interactions                                                            
  CH group selection                       : activated ring CH (adjacent to hetatom)

--------------------------------------------------------------------------------


--------------------------------------------------------------------------------
--- Intra-ligand clashes                                                     ---
--------------------------------------------------------------------------------

Ligand
--------------------------------------------------------------------------------


--------------------------------------------------------------------------------
--- Chromosome decoded                                                       ---
--------------------------------------------------------------------------------
Ligand Torsions
[   6    5    4    3]  -31.22
[  11   13   14   15] -105.87
[  16   15   14   13]   37.25
[  19   18   17   15]  169.64
[  20   19   18   17]  -65.58
[  25   24   23   22]    6.61
Protein Torsions
[ 489  484  483  480]  -40.43 
[1635 1626 1625 1623]  123.48 
[1707 1702 1701 1698]  176.47 
[1839 1828 1827 1826]   17.04 
Mapping
Ligand acceptors to protein hydrogens (mapping then atom ids)
Ligand hydrogens to protein acceptors (mapping then atom ids)
Ligand shape atoms to protein points (mapping then atom ids & coords)
  2  6927 [  6->(-10.750  13.750  19.500)]
  3  7091 [  7->(-10.000  14.000  19.750)]
  4  5516 [  8->(-13.250  10.750  19.000)]
  5  5995 [  9->(-12.500  11.000  18.750)]
  6  5016 [ 10->(-14.250  11.250  19.750)]
 15  3303 [ 29->(-17.000  22.000  20.000)]
Chromosome values
Integers:
  -1   -1   -1   -1   -1   -1 6926 7090 5515 5994 5015   -1 
  -1   -1   -1   -1   -1   -1   -1 3302 
--------------------------------------------------------------------------------

Current Ranking  3  2  5 10  7  1  6  4  8  9

--------------------------------------------------------------------------------

* GA execution time :                                                           
  total  0.0788 user  0.0778 sys  0.0010

--------------------------------------------------------------------------------
Fitness function evaluations: 10251

--------------------------------------------------------------------------------
--- Ranking analysis                                                         ---
--------------------------------------------------------------------------------


* Final ranked order of GA solutions:                                           
   3  2  5 10  7  1  6  4  8  9 

  _______________________________
  RMSD Matrix of RANKED solutions

        2    3    4    5    6    7    8    9   10  

   1 : 10.8 10.9  2.8  2.4 10.9  2.8  1.2 10.8 11.0
   2 :       1.2 10.3 10.4  2.3 10.5 10.9  3.4  1.9
   3 :           10.2 10.3  2.8 10.5 11.0  3.7  1.7
   4 :                 1.1 10.5  3.6  3.2 10.5 10.3
   5 :                     10.6  3.6  2.9 10.6 10.5
   6 :                          10.3 10.9  2.7  3.4
   7 :                                2.9 10.2 10.7
   8 :                                    10.9 11.0
   9 :                                          3.8

  Clustering method                        : complete linkage
  Structure ids in cluster table           : rank nos.
  Ordering of clusters and their members   : by rank (order if from rms_analysis)

  Distance | Clusters
   1.14    |  1 |  2 |  3 |  4  5 |  6 |  7 |  8 |  9 | 10 |
   1.16    |  1 |  2  3 |  4  5 |  6 |  7 |  8 |  9 | 10 |
   1.24    |  1  8 |  2  3 |  4  5 |  6 |  7 |  9 | 10 |
   1.94    |  1  8 |  2  3 10 |  4  5 |  6 |  7 |  9 |
   2.68    |  1  8 |  2  3 10 |  4  5 |  6  9 |  7 |
   2.92    |  1  7  8 |  2  3 10 |  4  5 |  6  9 |
   3.64    |  1  4  5  7  8 |  2  3 10 |  6  9 |
   3.81    |  1  4  5  7  8 |  2  3  6  9 10 |
  11.01    |  1  2  3  4  5  6  7  8  9 10 |
  Finished Docking Ligand                  : /nfs/home/myuecel3/Frontiers_MedChem/data/output/gold_docking_step1/prep_ligand_18.mol2
--------------------------------------------------------------------------------

  Relative_Ligand_Energy (best encountered) :   0.612
  Relative_Ligand_Energy: fitness values have been corrected using this amount
