
--------------------------------------------------------------------------------
--- Ligand                                                                   ---
--------------------------------------------------------------------------------
  Ligand loaded from file                  : /nfs/home/myuecel3/Frontiers_MedChem/data/output/gold_docking_step1/prep_ligand_11.mol2
  Ligand name                              :  
  "RDKit          3D                                                        "

--------------------------------------------------------------------------------
  N.plc donors                             : 
  none found

  Acidic nitrogen acceptors                : 
  none found
  Sulfur acceptors                         :
  none found

  15 (NO2 acceptor)
  16 (NO2 acceptor)

  Donor atoms                              :      0
  
  Acceptor atoms                           :      4
  10  15  16  21  

  Hydrogens                                :  (n = 0)
    none found


  Lone pairs added to molecule             :      8
  Numbering                                : from 33 to 40

--------------------------------------------------------------------------------
--- Postprocessing of typing                                                 ---
--------------------------------------------------------------------------------
  Fragment file                            : /appl/ccdc/CSDS2022/Discovery_2022/GOLD/gold/rotatable_bond_override.mol2
  acylurea fragment                        : no matches
  thioacylthiourea fragment                : no matches
  acylthiourea fragment                    : no matches
  thioacylurea fragment                    : no matches
  diarylamine fragment >C.ar-NH-C.ar<      : no matches
  sec-amine (1) fragment                   : no matches
  sec-amine (2) fragment                   : no matches
  sec-amine (3) fragment                   : no matches
  carboxylic ester                         : no matches

* Rotatable bonds in /nfs/home/myuecel3/F  :
  [   3    4] [  13   14] 
  No. of rotatable bonds                   :      2


* Reading torsional distributions from file:
  /appl/ccdc/CSDS2022/Discovery_2022/GOLD/gold/gold.tordist
  No. of bins in torsional distributions   :     36
  Minimum size of largest peak             :      0
  Removing high energy torsions            : on
  Delta E set to                           :   2.500

* Fragments found in /nfs/home/myuecel3/F  :
  atom   4: benzene
  atom   5: benzene
  atom   6: benzene
  atom   7: benzene
  atom   8: benzene
  atom   9: benzene
  atom  11: benzene
  atom  12: benzene
  atom  13: benzene
  atom  17: benzene
  atom  18: benzene
  atom  19: benzene


* Checking torsion distributions:                                               
  No. of matched torsions                  :      0

--------------------------------------------------------------------------------
--- Shape fitting atoms selection (hydrophobic atoms)                        ---
--------------------------------------------------------------------------------
  Molecule                                 : /nfs/home/myuecel3/Frontiers_MedChem/data/output/gold_docking_step1/prep_ligand_11.mol2
  Selection                                : carbons only
  Atom numbers                             :  (n = 9)
  1    5    6    7    8    9    12   17   18   


--------------------------------------------------------------------------------
--- ChemScore ligand setup summary                                           ---
--------------------------------------------------------------------------------
  ChemScore ligand acceptors               :      4
  10 15 16 21 
  ChemScore ligand donors                  :      0
  
  ChemScore ligand CH donors               :      0
  

  ChemScore ligand lipophilic atoms        :  (n = 15)
  1    2    3    4    5    6    7    8    9    11   
  12   13   17   18   19   

  ChemScore ligand rotatable bonds         :      2
  3   (C3 ) - 4   (C4 ): SP2_SP2_BOND
  13  (C13) - 14  (N14): SP2_SP2_BOND

--------------------------------------------------------------------------------
--- PLP ligand setup summary                                                 ---
--------------------------------------------------------------------------------
    1    C1   C.3 NONPOLAR
    2    C2   C.2 NONPOLAR
    3    C3   C.2 NONPOLAR
    4    C4  C.ar NONPOLAR
    5    C5  C.ar NONPOLAR
    6    C6  C.ar NONPOLAR
    7    C7  C.ar NONPOLAR
    8    C8  C.ar NONPOLAR
    9    C9  C.ar NONPOLAR
   10   O10   O.3 ACCEPTOR
   11   C11  C.ar NONPOLAR
   12   C12  C.ar NONPOLAR
   13   C13  C.ar NONPOLAR
   14   N14 N.pl3 NONPOLAR
   15   O15   O.2 ACCEPTOR
   16   O16   O.2 ACCEPTOR
   17   C17  C.ar NONPOLAR
   18   C18  C.ar NONPOLAR
   19   C19  C.ar NONPOLAR
   20   C20   C.2 NONPOLAR
   21   O21   O.2 ACCEPTOR

--------------------------------------------------------------------------------
--- Automatic parameter setting                                              ---
--------------------------------------------------------------------------------
  Contribution base                        :   2500
  Contribution per rotatable bond          :   6000
  Contribution per df                      :   4000
  Contribution per water                   :  10000
  Ligand rotatable bonds                   :      2
  Protein flexible side chain bonds        :      0
  Total rotatable bonds                    :      2
  Hydrophobic vol ratio (P/L)              :   1.615
  Base multiplier (polar)                  :   0.800
  Base multiplier (apolar)                 :   2.907
  Base contribution                        : 7500.000
  Fitting points                           :      4
  Estimated maxops needed (optimal)        :  20000
  Autoscale factor (in percent)            :     10
  Scaled maxops                            :   2250

--------------------------------------------------------------------------------

* Population settings                                                           
  maxops                                   :   2250
  popsiz                                   :    100
  select_pressure                          :   1.100
  n_islands                                :      1
  niche_siz                                :      2

* GA settings                                                                   
  pt_crosswt                               :    100
  allele_mutatewt                          :    100
  migratewt                                :      0

* Search settings                                                               
  start_vdw_linear_cutoff                  :   4.000
  initial_virtual_pt_match_max             :   3.000

--------------------------------------------------------------------------------

* Ligand initialisation time :                                                  
  total  0.0037 user  0.0037 sys  0.0000

--------------------------------------------------------------------------------

--------------------------------------------------------------------------------
** Docking run number  1 **
--------------------------------------------------------------------------------
  Rank fitness base is 5000.00 ; increment is 11.2233

* Initialising population(s) ...                                                
Number of constraints mappings 0
Number of constraints 0
  Population no.                           :      1
  Population size                          :    100
  Number of duplicates                     :      0
  Number of niche violations               :      0
  Number of errors                         :    165


Doing GA, no. of population(s) 1 size 100 selection pressure 1.100000

 Operation      Score     S(PLP)   S(hbond)     S(cho)   S(metal)  DE(clash)   DE(tors)     intcor
         0      41.48     -42.12       0.49       0.00       0.00       0.00       1.11       0.09
       536      43.14     -43.26       0.00       0.00       0.00       0.00       0.11       0.09
       589      44.10     -45.99       0.00       0.00       0.00       0.00       1.00       0.09
       933      44.70     -46.25       0.11       0.00       0.00       0.00       1.00       0.09
      1027      44.97     -43.34       0.74       0.00       0.00       0.57       0.05       0.09
      1105      45.76     -44.50       0.56       0.00       0.00       0.00       0.26       0.09
      1116      47.07     -44.50       1.00       0.00       0.00       0.00       0.26       0.09
      1237      47.24     -44.64       1.00       0.00       0.00       0.00       0.25       0.09
      1466      47.91     -47.56       0.74       0.00       0.00       0.00       0.98       0.09
      1547      47.94     -47.63       0.72       0.00       0.00       0.00       0.97       0.09
      1606      48.98     -47.35       0.74       0.00       0.00       0.57       0.05       0.09
      1910      49.07     -47.87       1.00       0.00       0.00       0.00       0.95       0.09
      2140      49.10     -47.87       1.00       0.00       0.00       0.00       0.93       0.09
      2234      49.15     -47.95       1.00       0.00       0.00       0.00       0.95       0.09
--------------------------------------------------------------------------------
Best docking solution after GA:
      2250      49.15     -47.95       1.00       0.00       0.00       0.00       0.95       0.09

#ops:       2250 #mutates:   1146 #cross:     1104 #dups:       624 
#niche:     1567 #errors:      36 
--------------------------------------------------------------------------------

Doing AMOEBA simplex on best individual
Done simplexing #iterations 663, best score  57.29

Ligand is stored in gold_soln_prep_ligand_11_m1_1.mol2


--------------------------------------------------------------------------------
--- CHEMPLP breakdown of terms                                               ---
--------------------------------------------------------------------------------
CHEMPLP = - ( 1.0000*S(PLP) + -3.0000*S(hbond) + -6.0000*S(metal) + -3.0000*S(cho) )

Score = CHEMPLP - 1.0000*DE(clash) - 2.0000*DE(tors)

Internal energy term has been corrected with the best internal energy encountered.

--------------------------------------------------------------------------------


     Score     S(PLP)   S(hbond)     S(cho)   S(metal)  DE(clash)   DE(tors)     intcor
     57.29     -55.69       1.00       0.00       0.00       0.00       0.75       0.09

--------------------------------------------------------------------------------
--- PLP analysis of protein-ligand interactions                              ---
--------------------------------------------------------------------------------
hydrogen bonding        :      -1.00
metal                   :       0.00
buried (polar-nonpolar) :      -6.77
nonpolar                :     -48.35
repulsive               :       0.25
--------------------------------------------------------------------------------


--------------------------------------------------------------------------------
--- ChemScore analysis of protein-ligand interactions                        ---
--------------------------------------------------------------------------------

* Hydrogen bonds                                                                
Protein donor 1626 hydrogen 1635 Ligand acceptor   15 bond energy  1.00 wt 1.00


* CH..O interactions                                                            
  CH group selection                       : activated ring CH (adjacent to hetatom)

--------------------------------------------------------------------------------


--------------------------------------------------------------------------------
--- Intra-ligand clashes                                                     ---
--------------------------------------------------------------------------------

Ligand
--------------------------------------------------------------------------------


--------------------------------------------------------------------------------
--- Chromosome decoded                                                       ---
--------------------------------------------------------------------------------
Ligand Torsions
[   5    4    3    2]  -46.12
[  15   14   13   12] -179.62
Protein Torsions
[ 489  484  483  480]  -36.79 
[1635 1626 1625 1623]  -32.86 
[1707 1702 1701 1698]   18.78 
[1839 1828 1827 1826]   68.94 
Mapping
Ligand acceptors to protein hydrogens (mapping then atom ids)
Ligand shape atoms to protein points (mapping then atom ids & coords)
  1  3322 [  1->(-16.750  14.750  19.500)]
  2  4313 [  5->(-15.750  17.000  21.250)]
  4  4133 [  7->(-16.000  18.750  21.250)]
  5  4134 [  8->(-16.000  18.750  21.500)]
  7  6677 [ 12->(-11.500  16.250  20.000)]
  8  7019 [ 17->(-10.250  12.000  19.250)]
  9  6809 [ 18->(-11.000  12.000  19.250)]
Chromosome values
Integers:
  -1   -1   -1   -1 3321 4312   -1 4132 4133   -1 6676 7018 
6808 
--------------------------------------------------------------------------------

Current Ranking  1

--------------------------------------------------------------------------------

* GA execution time :                                                           
  total  0.0448 user  0.0448 sys  0.0000

--------------------------------------------------------------------------------
Fitness function evaluations: 7032

--------------------------------------------------------------------------------
** Docking run number  2 **
--------------------------------------------------------------------------------
  Rank fitness base is 5000.00 ; increment is 11.2233

* Initialising population(s) ...                                                
Number of constraints mappings 0
Number of constraints 0
  Population no.                           :      1
  Population size                          :    100
  Number of duplicates                     :      0
  Number of niche violations               :      0
  Number of errors                         :    156


Doing GA, no. of population(s) 1 size 100 selection pressure 1.100000

 Operation      Score     S(PLP)   S(hbond)     S(cho)   S(metal)  DE(clash)   DE(tors)     intcor
         0      40.05     -40.75       0.00       0.00       0.00       0.00       0.40       0.09
       109      40.05     -40.75       0.00       0.00       0.00       0.00       0.40       0.09
       432      41.16     -42.73       0.00       0.00       0.00       0.53       0.57       0.09
       492      41.26     -41.01       0.27       0.00       0.00       0.00       0.33       0.09
       519      43.57     -44.28       0.00       0.00       0.00       0.00       0.40       0.09
       712      43.91     -44.61       0.00       0.00       0.00       0.00       0.40       0.09
       749      48.02     -49.59       0.00       0.00       0.00       0.53       0.57       0.09
      1206      48.02     -49.59       0.00       0.00       0.00       0.07       0.80       0.09
      1449      49.10     -49.55       0.00       0.00       0.00       0.53       0.01       0.09
      1578      49.54     -49.55       0.15       0.00       0.00       0.53       0.01       0.09
      1649      49.91     -51.48       0.00       0.00       0.00       0.07       0.80       0.09
      1660      52.33     -50.04       1.00       0.00       0.00       0.00       0.40       0.09
      2228      52.88     -50.45       1.00       0.00       0.00       0.00       0.33       0.09
--------------------------------------------------------------------------------
Best docking solution after GA:
      2250      52.88     -50.45       1.00       0.00       0.00       0.00       0.33       0.09

#ops:       2250 #mutates:   1151 #cross:     1099 #dups:       427 
#niche:     1396 #errors:      62 
--------------------------------------------------------------------------------

Doing AMOEBA simplex on best individual
Done simplexing #iterations 492, best score  58.87

Ligand is stored in gold_soln_prep_ligand_11_m1_2.mol2


--------------------------------------------------------------------------------
--- CHEMPLP breakdown of terms                                               ---
--------------------------------------------------------------------------------
CHEMPLP = - ( 1.0000*S(PLP) + -3.0000*S(hbond) + -6.0000*S(metal) + -3.0000*S(cho) )

Score = CHEMPLP - 1.0000*DE(clash) - 2.0000*DE(tors)

Internal energy term has been corrected with the best internal energy encountered.

--------------------------------------------------------------------------------


     Score     S(PLP)   S(hbond)     S(cho)   S(metal)  DE(clash)   DE(tors)     intcor
     58.87     -56.58       1.00       0.00       0.00       0.00       0.40       0.09

--------------------------------------------------------------------------------
--- PLP analysis of protein-ligand interactions                              ---
--------------------------------------------------------------------------------
hydrogen bonding        :      -1.00
metal                   :       0.00
buried (polar-nonpolar) :      -6.30
nonpolar                :     -49.31
repulsive               :       0.25
--------------------------------------------------------------------------------


--------------------------------------------------------------------------------
--- ChemScore analysis of protein-ligand interactions                        ---
--------------------------------------------------------------------------------

* Hydrogen bonds                                                                
Protein donor 1626 hydrogen 1635 Ligand acceptor   16 bond energy  1.00 wt 1.00


* CH..O interactions                                                            
  CH group selection                       : activated ring CH (adjacent to hetatom)

--------------------------------------------------------------------------------


--------------------------------------------------------------------------------
--- Intra-ligand clashes                                                     ---
--------------------------------------------------------------------------------

Ligand
--------------------------------------------------------------------------------


--------------------------------------------------------------------------------
--- Chromosome decoded                                                       ---
--------------------------------------------------------------------------------
Ligand Torsions
[   5    4    3    2]  147.90
[  15   14   13   12]   -2.52
Protein Torsions
[ 489  484  483  480] -163.88 
[1635 1626 1625 1623]  -42.60 
[1707 1702 1701 1698]  -57.52 
[1839 1828 1827 1826]   17.95 
Mapping
Ligand acceptors to protein hydrogens (mapping then atom ids)
Ligand shape atoms to protein points (mapping then atom ids & coords)
  1  4415 [  1->(-15.500  14.000  19.500)]
  2  5471 [  5->(-13.500  16.250  21.000)]
  6  3537 [  9->(-16.500  15.250  20.250)]
  8  7157 [ 17->( -9.000  13.750  19.500)]
  9  6149 [ 18->(-12.250  10.750  19.500)]
Chromosome values
Integers:
  -1   -1   -1   -1 4414 5470   -1   -1   -1 3536   -1 7156 
6148 
--------------------------------------------------------------------------------

Current Ranking  2  1

--------------------------------------------------------------------------------

* GA execution time :                                                           
  total  0.0443 user  0.0443 sys  0.0000

--------------------------------------------------------------------------------
Fitness function evaluations: 6856

--------------------------------------------------------------------------------
** Docking run number  3 **
--------------------------------------------------------------------------------
  Rank fitness base is 5000.00 ; increment is 11.2233

* Initialising population(s) ...                                                
Number of constraints mappings 0
Number of constraints 0
  Population no.                           :      1
  Population size                          :    100
  Number of duplicates                     :      0
  Number of niche violations               :      0
  Number of errors                         :    148


Doing GA, no. of population(s) 1 size 100 selection pressure 1.100000

 Operation      Score     S(PLP)   S(hbond)     S(cho)   S(metal)  DE(clash)   DE(tors)     intcor
         0      31.54     -33.32       0.68       0.00       0.00       0.00       1.96       0.09
        64      40.50     -43.59       0.00       0.00       0.00       0.44       1.37       0.09
       190      41.89     -44.36       0.00       0.00       0.00       0.13       1.22       0.09
       303      46.05     -46.82       0.00       0.00       0.00       0.44       0.21       0.09
       352      46.57     -47.34       0.00       0.00       0.00       0.44       0.21       0.09
       434      50.94     -50.86       0.13       0.00       0.00       0.00       0.19       0.09
       937      53.35     -54.00       0.00       0.00       0.00       0.44       0.15       0.09
      1177      53.61     -53.90       0.00       0.00       0.00       0.00       0.19       0.09
      1332      53.61     -53.90       0.00       0.00       0.00       0.00       0.19       0.09
      1387      53.86     -54.15       0.00       0.00       0.00       0.00       0.19       0.09
      1438      54.16     -54.45       0.00       0.00       0.00       0.00       0.19       0.09
      1655      54.47     -54.93       0.00       0.00       0.00       0.00       0.28       0.09
      1888      55.24     -55.04       0.24       0.00       0.00       0.00       0.32       0.09
--------------------------------------------------------------------------------
Best docking solution after GA:
      2250      55.24     -55.04       0.24       0.00       0.00       0.00       0.32       0.09

#ops:       2250 #mutates:   1103 #cross:     1147 #dups:       493 
#niche:     1589 #errors:      32 
--------------------------------------------------------------------------------

Doing AMOEBA simplex on best individual
Done simplexing #iterations 425, best score  58.55

Ligand is stored in gold_soln_prep_ligand_11_m1_3.mol2


--------------------------------------------------------------------------------
--- CHEMPLP breakdown of terms                                               ---
--------------------------------------------------------------------------------
CHEMPLP = - ( 1.0000*S(PLP) + -3.0000*S(hbond) + -6.0000*S(metal) + -3.0000*S(cho) )

Score = CHEMPLP - 1.0000*DE(clash) - 2.0000*DE(tors)

Internal energy term has been corrected with the best internal energy encountered.

--------------------------------------------------------------------------------


     Score     S(PLP)   S(hbond)     S(cho)   S(metal)  DE(clash)   DE(tors)     intcor
     58.55     -56.19       0.99       0.00       0.00       0.00       0.35       0.09

--------------------------------------------------------------------------------
--- PLP analysis of protein-ligand interactions                              ---
--------------------------------------------------------------------------------
hydrogen bonding        :      -1.00
metal                   :       0.00
buried (polar-nonpolar) :      -7.42
nonpolar                :     -47.74
repulsive               :       0.20
--------------------------------------------------------------------------------


--------------------------------------------------------------------------------
--- ChemScore analysis of protein-ligand interactions                        ---
--------------------------------------------------------------------------------

* Hydrogen bonds                                                                
Protein donor 1626 hydrogen 1635 Ligand acceptor   16 bond energy  1.00 wt 0.99


* CH..O interactions                                                            
  CH group selection                       : activated ring CH (adjacent to hetatom)

--------------------------------------------------------------------------------


--------------------------------------------------------------------------------
--- Intra-ligand clashes                                                     ---
--------------------------------------------------------------------------------

Ligand
--------------------------------------------------------------------------------


--------------------------------------------------------------------------------
--- Chromosome decoded                                                       ---
--------------------------------------------------------------------------------
Ligand Torsions
[   5    4    3    2]  159.22
[  15   14   13   12]  -20.25
Protein Torsions
[ 489  484  483  480]   53.36 
[1635 1626 1625 1623]  -38.43 
[1707 1702 1701 1698] -141.14 
[1839 1828 1827 1826]  157.72 
Mapping
Ligand acceptors to protein hydrogens (mapping then atom ids)
Ligand shape atoms to protein points (mapping then atom ids & coords)
  1  4829 [  1->(-14.750  12.750  20.000)]
  3  4782 [  6->(-15.000  17.500  22.250)]
  5  2848 [  8->(-17.750  18.000  21.250)]
  9  6912 [ 18->(-10.750  12.750  19.500)]
Chromosome values
Integers:
  -1   -1   -1   -1 4828   -1 4781   -1 2847   -1   -1   -1 
6911 
--------------------------------------------------------------------------------

Current Ranking  2  3  1

Top  3 (of  3) solutions are within 1.500 RMSD, finishing docking /nfs/home/myuecel3/Frontiers_MedChem/data/output/gold_docking_step1/prep_ligand_11.mol2.


--------------------------------------------------------------------------------

* GA execution time :                                                           
  total  0.0397 user  0.0387 sys  0.0010

--------------------------------------------------------------------------------
Fitness function evaluations: 6761

--------------------------------------------------------------------------------
--- Ranking analysis                                                         ---
--------------------------------------------------------------------------------


* Final ranked order of GA solutions:                                           
   2  3  1 

  _______________________________
  RMSD Matrix of RANKED solutions

        2    3  

   1 :  0.3  0.3
   2 :       0.4

  Clustering method                        : complete linkage
  Structure ids in cluster table           : rank nos.
  Ordering of clusters and their members   : by rank (order if from rms_analysis)

  Distance | Clusters
   0.33    |  1  2 |  3 |
   0.39    |  1  2  3 |
  Finished Docking Ligand                  : /nfs/home/myuecel3/Frontiers_MedChem/data/output/gold_docking_step1/prep_ligand_11.mol2
--------------------------------------------------------------------------------

  Relative_Ligand_Energy (best encountered) :   0.095
  Relative_Ligand_Energy: fitness values have been corrected using this amount
