
--------------------------------------------------------------------------------
--- Ligand                                                                   ---
--------------------------------------------------------------------------------
  Ligand loaded from file                  : /nfs/home/myuecel3/Frontiers_MedChem/data/output/gold_docking_step1/prep_ligand_14.mol2
  Ligand name                              :  
  "RDKit          3D                                                        "

--------------------------------------------------------------------------------
  N.plc donors                             : 
  none found

  Acidic nitrogen acceptors                : 
  none found
  Sulfur acceptors                         :
  none found


  Donor atoms                              :      2
  3   9   
  Acceptor atoms                           :      2
  5   7   

  Hydrogens                                :  (n = 2)
  29   31   

  Lone pairs added to molecule             :      2
  Numbering                                : from 46 to 47

--------------------------------------------------------------------------------
--- Postprocessing of typing                                                 ---
--------------------------------------------------------------------------------
  Fragment file                            : /appl/ccdc/CSDS2022/Discovery_2022/GOLD/gold/rotatable_bond_override.mol2
  acylurea fragment                        : no matches
  thioacylthiourea fragment                : no matches
  acylthiourea fragment                    : no matches
  thioacylurea fragment                    : no matches
  diarylamine fragment >C.ar-NH-C.ar<      : no matches
  sec-amine (1) fragment                   : no matches
  sec-amine (2) fragment                   : 1 matches
  Ligand bond 9-8  set to 1
  Ligand bond 9-10  set to 1
  Ligand bond 9-31  set to 1
  sec-amine (3) fragment                   : 1 matches
  Ligand bond 3-4  set to 1
  Ligand bond 3-2  set to 1
  Ligand bond 3-29  set to 1
  carboxylic ester                         : no matches

* Rotatable bonds in /nfs/home/myuecel3/F  :
  [   8    9] [   9   10] [  10   11] [  14   15] 
  No. of rotatable bonds                   :      4


* Reading torsional distributions from file:
  /appl/ccdc/CSDS2022/Discovery_2022/GOLD/gold/gold.tordist
  No. of bins in torsional distributions   :     36
  Minimum size of largest peak             :      0
  Removing high energy torsions            : on
  Delta E set to                           :   2.500

* Fragments found in /nfs/home/myuecel3/F  :
  atom  11: benzene
  atom  12: benzene
  atom  13: benzene
  atom  14: benzene
  atom  15: benzene
  atom  16: benzene
  atom  17: benzene
  atom  18: benzene
  atom  19: benzene
  atom  20: benzene
  atom  21: benzene
  atom  22: benzene


* Checking torsion distributions:                                               
  No. of matched torsions                  :      0

--------------------------------------------------------------------------------
--- Shape fitting atoms selection (hydrophobic atoms)                        ---
--------------------------------------------------------------------------------
  Molecule                                 : /nfs/home/myuecel3/Frontiers_MedChem/data/output/gold_docking_step1/prep_ligand_14.mol2
  Selection                                : carbons only
  Atom numbers                             :  (n = 13)
  1    6    10   12   13   16   17   18   19   20   
  21   22   25   


--------------------------------------------------------------------------------
--- ChemScore ligand setup summary                                           ---
--------------------------------------------------------------------------------
  ChemScore ligand acceptors               :      2
  5 7 
  ChemScore ligand donors                  :      2
  3 ( 29  ) 9 ( 31  ) 
  ChemScore ligand CH donors               :      1
  6 ( 30 ) 

  ChemScore ligand lipophilic atoms        :  (n = 18)
  1    2    10   11   12   13   14   15   16   17   
  18   19   20   21   22   23   24   25   

  ChemScore ligand rotatable bonds         :      4
  8   (C8 ) - 9   (N9 ): SP2_SP2_BOND
  9   (N9 ) - 10  (C10): SP3_SP2_BOND
  10  (C10) - 11  (C11): SP3_SP2_BOND
  14  (C14) - 15  (C15): SP2_SP2_BOND

--------------------------------------------------------------------------------
--- PLP ligand setup summary                                                 ---
--------------------------------------------------------------------------------
    1    C1   C.3 NONPOLAR
    2    C2   C.2 NONPOLAR
    3    N3 N.pl3 DONOR
    4    C4  C.ar NONPOLAR
    5    N5  N.ar ACCEPTOR
    6    C6  C.ar NONPOLAR
    7    N7  N.ar ACCEPTOR
    8    C8  C.ar NONPOLAR
    9    N9 N.pl3 DONOR
   10   C10   C.3 NONPOLAR
   11   C11  C.ar NONPOLAR
   12   C12  C.ar NONPOLAR
   13   C13  C.ar NONPOLAR
   14   C14  C.ar NONPOLAR
   15   C15  C.ar NONPOLAR
   16   C16  C.ar NONPOLAR
   17   C17  C.ar NONPOLAR
   18   C18  C.ar NONPOLAR
   19   C19  C.ar NONPOLAR
   20   C20  C.ar NONPOLAR
   21   C21  C.ar NONPOLAR
   22   C22  C.ar NONPOLAR
   23   C23  C.ar NONPOLAR
   24   C24   C.2 NONPOLAR
   25   C25   C.3 NONPOLAR

--------------------------------------------------------------------------------
--- Automatic parameter setting                                              ---
--------------------------------------------------------------------------------
  Contribution base                        :   2500
  Contribution per rotatable bond          :   6000
  Contribution per df                      :   4000
  Contribution per water                   :  10000
  Ligand rotatable bonds                   :      4
  Protein flexible side chain bonds        :      0
  Total rotatable bonds                    :      4
  Hydrophobic vol ratio (P/L)              :   1.118
  Base multiplier (polar)                  :   0.800
  Base multiplier (apolar)                 :   2.907
  Base contribution                        : 7500.000
  Fitting points                           :      4
  Estimated maxops needed (optimal)        :  32000
  Autoscale factor (in percent)            :     10
  Scaled maxops                            :   3250

--------------------------------------------------------------------------------

* Population settings                                                           
  maxops                                   :   3250
  popsiz                                   :    100
  select_pressure                          :   1.100
  n_islands                                :      1
  niche_siz                                :      2

* GA settings                                                                   
  pt_crosswt                               :    100
  allele_mutatewt                          :    100
  migratewt                                :      0

* Search settings                                                               
  start_vdw_linear_cutoff                  :   4.000
  initial_virtual_pt_match_max             :   3.000

--------------------------------------------------------------------------------

* Ligand initialisation time :                                                  
  total  0.0077 user  0.0077 sys  0.0000

--------------------------------------------------------------------------------

--------------------------------------------------------------------------------
** Docking run number  1 **
--------------------------------------------------------------------------------
  Rank fitness base is 5000.00 ; increment is 11.2233

* Initialising population(s) ...                                                
Number of constraints mappings 0
Number of constraints 0
  Population no.                           :      1
  Population size                          :    100
  Number of duplicates                     :      0
  Number of niche violations               :      0
  Number of errors                         :     46


Doing GA, no. of population(s) 1 size 100 selection pressure 1.100000

 Operation      Score     S(PLP)   S(hbond)     S(cho)   S(metal)  DE(clash)   DE(tors)     intcor
         0      23.56     -26.31       0.00       0.00       0.00       0.00       1.44       0.11
        17      38.42     -40.28       0.00       0.00       0.00       0.00       0.99       0.11
       662      39.04     -39.62       0.00       0.05       0.00       0.00       0.41       0.11
       670      39.28     -41.67       0.00       0.02       0.00       0.00       1.28       0.11
       684      41.87     -43.33       0.34       0.00       0.00       0.00       1.29       0.11
       851      42.32     -44.77       0.00       0.00       0.00       0.00       1.28       0.11
       936      45.33     -48.65       0.00       0.00       0.00       0.00       1.72       0.11
      1066      45.93     -49.26       0.00       0.00       0.00       0.00       1.72       0.11
      1306      46.47     -49.10       0.00       0.00       0.00       0.00       1.37       0.11
      1371      46.56     -48.87       0.14       0.00       0.00       0.00       1.42       0.11
      1512      46.57     -49.84       0.00       0.00       0.00       0.00       1.69       0.11
      1910      50.77     -51.22       0.44       0.00       0.00       0.00       0.94       0.11
      3175      53.47     -53.37       0.33       0.00       0.00       0.00       0.50       0.11
--------------------------------------------------------------------------------
Best docking solution after GA:
      3250      53.47     -53.37       0.33       0.00       0.00       0.00       0.50       0.11

#ops:       3250 #mutates:   1618 #cross:     1632 #dups:       756 
#niche:     1731 #errors:      50 
--------------------------------------------------------------------------------

Doing AMOEBA simplex on best individual
Done simplexing #iterations 636, best score  59.43

Ligand is stored in gold_soln_prep_ligand_14_m1_1.mol2


--------------------------------------------------------------------------------
--- CHEMPLP breakdown of terms                                               ---
--------------------------------------------------------------------------------
CHEMPLP = - ( 1.0000*S(PLP) + -3.0000*S(hbond) + -6.0000*S(metal) + -3.0000*S(cho) )

Score = CHEMPLP - 1.0000*DE(clash) - 2.0000*DE(tors)

Internal energy term has been corrected with the best internal energy encountered.

--------------------------------------------------------------------------------


     Score     S(PLP)   S(hbond)     S(cho)   S(metal)  DE(clash)   DE(tors)     intcor
     59.43     -57.30       0.90       0.00       0.00       0.00       0.33       0.11

--------------------------------------------------------------------------------
--- PLP analysis of protein-ligand interactions                              ---
--------------------------------------------------------------------------------
hydrogen bonding        :      -1.00
metal                   :       0.00
buried (polar-nonpolar) :      -7.51
nonpolar                :     -48.39
repulsive               :       0.14
--------------------------------------------------------------------------------


--------------------------------------------------------------------------------
--- ChemScore analysis of protein-ligand interactions                        ---
--------------------------------------------------------------------------------

* Hydrogen bonds                                                                
Ligand donor    3 hydrogen   29 Protein acceptor 1639 bond energy  1.00 wt 0.90


* CH..O interactions                                                            
  CH group selection                       : activated ring CH (adjacent to hetatom)

--------------------------------------------------------------------------------


--------------------------------------------------------------------------------
--- Intra-ligand clashes                                                     ---
--------------------------------------------------------------------------------

Ligand
--------------------------------------------------------------------------------


--------------------------------------------------------------------------------
--- Chromosome decoded                                                       ---
--------------------------------------------------------------------------------
Ligand Torsions
[   7    8    9   10]   37.84
[   8    9   10   11] -123.78
[  12   11   10    9]  -66.13
[  16   15   14   13]  177.24
Protein Torsions
[ 489  484  483  480]   12.28 
[1635 1626 1625 1623]   29.14 
[1707 1702 1701 1698] -179.42 
[1839 1828 1827 1826]   26.75 
Mapping
Ligand acceptors to protein hydrogens (mapping then atom ids)
Ligand hydrogens to protein acceptors (mapping then atom ids)
Ligand shape atoms to protein points (mapping then atom ids & coords)
  2  4921 [  6->(-14.500  11.500  20.000)]
  7  1776 [ 17->(-20.000  21.750  19.500)]
 13  7292 [ 25->( -7.250  16.750  20.750)]
Chromosome values
Integers:
  -1   -1   -1   -1   -1 4920   -1   -1   -1   -1 1775   -1 
  -1   -1   -1   -1 7291 
--------------------------------------------------------------------------------

Current Ranking  1

--------------------------------------------------------------------------------

* GA execution time :                                                           
  total  0.0672 user  0.0672 sys  0.0000

--------------------------------------------------------------------------------
Fitness function evaluations: 8425

--------------------------------------------------------------------------------
** Docking run number  2 **
--------------------------------------------------------------------------------
  Rank fitness base is 5000.00 ; increment is 11.2233

* Initialising population(s) ...                                                
Number of constraints mappings 0
Number of constraints 0
  Population no.                           :      1
  Population size                          :    100
  Number of duplicates                     :      0
  Number of niche violations               :      0
  Number of errors                         :     45


Doing GA, no. of population(s) 1 size 100 selection pressure 1.100000

 Operation      Score     S(PLP)   S(hbond)     S(cho)   S(metal)  DE(clash)   DE(tors)     intcor
         0      22.66     -25.43       0.79       0.28       0.00       3.36       1.35       0.09
       160      27.62     -32.05       0.28       0.00       0.00       0.00       2.68       0.09
       175      37.99     -39.47       0.79       0.28       0.00       3.36       0.71       0.09
       550      38.40     -40.87       0.00       0.21       0.00       0.00       1.58       0.09
       642      45.68     -45.92       0.00       0.25       0.00       0.00       0.55       0.09
       787      51.59     -54.76       0.98       0.00       0.00       2.61       1.78       0.09
       840      54.24     -54.23       1.00       0.00       0.00       0.00       1.54       0.09
       892      55.36     -58.45       1.00       0.00       0.00       2.61       1.78       0.09
      1270      55.48     -58.56       1.00       0.00       0.00       2.61       1.78       0.09
      1329      56.15     -55.52       0.71       0.00       0.00       0.00       0.80       0.09
      1693      58.96     -58.11       0.80       0.00       0.00       0.00       0.81       0.09
      2242      59.14     -58.39       0.76       0.00       0.00       0.00       0.81       0.09
      2542      59.28     -58.88       0.78       0.00       0.00       0.00       1.02       0.09
      2848      59.32     -58.85       0.78       0.00       0.00       0.00       0.98       0.09
      3164      59.36     -59.01       0.80       0.00       0.00       0.00       1.06       0.09
--------------------------------------------------------------------------------
Best docking solution after GA:
      3250      59.36     -59.01       0.80       0.00       0.00       0.00       1.06       0.09

#ops:       3250 #mutates:   1659 #cross:     1591 #dups:       787 
#niche:     2018 #errors:      46 
--------------------------------------------------------------------------------

Doing AMOEBA simplex on best individual
Done simplexing #iterations 640, best score  62.74

Ligand is stored in gold_soln_prep_ligand_14_m1_2.mol2


--------------------------------------------------------------------------------
--- CHEMPLP breakdown of terms                                               ---
--------------------------------------------------------------------------------
CHEMPLP = - ( 1.0000*S(PLP) + -3.0000*S(hbond) + -6.0000*S(metal) + -3.0000*S(cho) )

Score = CHEMPLP - 1.0000*DE(clash) - 2.0000*DE(tors)

Internal energy term has been corrected with the best internal energy encountered.

--------------------------------------------------------------------------------


     Score     S(PLP)   S(hbond)     S(cho)   S(metal)  DE(clash)   DE(tors)     intcor
     62.74     -60.62       1.00       0.00       0.00       0.00       0.49       0.09

--------------------------------------------------------------------------------
--- PLP analysis of protein-ligand interactions                              ---
--------------------------------------------------------------------------------
hydrogen bonding        :      -1.00
metal                   :       0.00
buried (polar-nonpolar) :      -7.54
nonpolar                :     -52.35
repulsive               :       0.21
--------------------------------------------------------------------------------


--------------------------------------------------------------------------------
--- ChemScore analysis of protein-ligand interactions                        ---
--------------------------------------------------------------------------------

* Hydrogen bonds                                                                
Ligand donor    3 hydrogen   29 Protein acceptor 1639 bond energy  1.00 wt 1.00


* CH..O interactions                                                            
  CH group selection                       : activated ring CH (adjacent to hetatom)

--------------------------------------------------------------------------------


--------------------------------------------------------------------------------
--- Intra-ligand clashes                                                     ---
--------------------------------------------------------------------------------

Ligand
--------------------------------------------------------------------------------


--------------------------------------------------------------------------------
--- Chromosome decoded                                                       ---
--------------------------------------------------------------------------------
Ligand Torsions
[   7    8    9   10]  -21.35
[   8    9   10   11]  129.66
[  12   11   10    9] -139.81
[  16   15   14   13]   12.14
Protein Torsions
[ 489  484  483  480]   16.76 
[1635 1626 1625 1623]  -50.67 
[1707 1702 1701 1698]  -40.93 
[1839 1828 1827 1826]  153.95 
Mapping
Ligand acceptors to protein hydrogens (mapping then atom ids)
Ligand hydrogens to protein acceptors (mapping then atom ids)
  1  38 [ 29->1639]
Ligand shape atoms to protein points (mapping then atom ids & coords)
  1  5855 [  1->(-12.750  11.750  19.750)]
  2  7009 [  6->(-10.500  15.000  20.000)]
  3  5490 [ 10->(-13.500  16.750  21.750)]
  4  4121 [ 12->(-16.000  18.250  22.000)]
  5  3239 [ 13->(-17.000  17.750  22.000)]
  8  1800 [ 18->(-20.000  22.750  19.000)]
  9  2530 [ 19->(-18.500  20.500  19.250)]
 10  2243 [ 20->(-19.000  18.750  21.000)]
 12  4764 [ 22->(-15.000  16.750  20.750)]
Chromosome values
Integers:
  -1   -1   37   -1 5854 7008 5489 4120 3238   -1   -1 1799 
2529 2242   -1 4763   -1 
--------------------------------------------------------------------------------

Current Ranking  2  1

--------------------------------------------------------------------------------

* GA execution time :                                                           
  total  0.0617 user  0.0617 sys  0.0000

--------------------------------------------------------------------------------
Fitness function evaluations: 8355

--------------------------------------------------------------------------------
** Docking run number  3 **
--------------------------------------------------------------------------------
  Rank fitness base is 5000.00 ; increment is 11.2233

* Initialising population(s) ...                                                
Number of constraints mappings 0
Number of constraints 0
  Population no.                           :      1
  Population size                          :    100
  Number of duplicates                     :      0
  Number of niche violations               :      0
  Number of errors                         :     54


Doing GA, no. of population(s) 1 size 100 selection pressure 1.100000

 Operation      Score     S(PLP)   S(hbond)     S(cho)   S(metal)  DE(clash)   DE(tors)     intcor
         0      39.47     -38.72       0.00       0.68       0.00       0.00       0.68       0.03
       595      43.43     -43.71       0.00       0.03       0.00       0.00       0.21       0.03
       808      44.84     -47.73       0.00       0.00       0.00       0.00       1.46       0.03
       819      46.73     -46.88       0.00       0.25       0.00       0.00       0.47       0.03
       925      47.82     -47.71       0.00       0.16       0.00       0.00       0.21       0.03
       937      48.27     -47.69       0.00       0.64       0.00       0.00       0.68       0.03
       964      48.99     -48.35       0.00       0.64       0.00       0.00       0.65       0.03
      1241      49.99     -48.86       0.00       0.59       0.00       0.00       0.33       0.03
      1337      50.48     -54.13       0.00       0.00       0.00       0.00       1.84       0.03
      1515      50.63     -50.52       1.00       0.00       0.00       0.00       1.46       0.03
      1697      52.02     -52.19       0.00       0.03       0.00       0.00       0.15       0.03
      2241      52.55     -51.43       0.00       0.61       0.00       0.00       0.37       0.03
      2726      53.24     -53.87       0.00       0.00       0.00       0.00       0.33       0.03
      3222      53.55     -54.27       0.00       0.02       0.00       0.00       0.41       0.03
--------------------------------------------------------------------------------
Best docking solution after GA:
      3250      53.55     -54.27       0.00       0.02       0.00       0.00       0.41       0.03

#ops:       3250 #mutates:   1602 #cross:     1648 #dups:       853 
#niche:     1743 #errors:      97 
--------------------------------------------------------------------------------

Doing AMOEBA simplex on best individual
Done simplexing #iterations 565, best score  57.14

Ligand is stored in gold_soln_prep_ligand_14_m1_3.mol2


--------------------------------------------------------------------------------
--- CHEMPLP breakdown of terms                                               ---
--------------------------------------------------------------------------------
CHEMPLP = - ( 1.0000*S(PLP) + -3.0000*S(hbond) + -6.0000*S(metal) + -3.0000*S(cho) )

Score = CHEMPLP - 1.0000*DE(clash) - 2.0000*DE(tors)

Internal energy term has been corrected with the best internal energy encountered.

--------------------------------------------------------------------------------


     Score     S(PLP)   S(hbond)     S(cho)   S(metal)  DE(clash)   DE(tors)     intcor
     57.14     -56.93       0.00       0.23       0.00       0.00       0.26       0.03

--------------------------------------------------------------------------------
--- PLP analysis of protein-ligand interactions                              ---
--------------------------------------------------------------------------------
hydrogen bonding        :       0.00
metal                   :       0.00
buried (polar-nonpolar) :      -8.98
nonpolar                :     -49.17
repulsive               :       0.17
--------------------------------------------------------------------------------


--------------------------------------------------------------------------------
--- ChemScore analysis of protein-ligand interactions                        ---
--------------------------------------------------------------------------------

* Hydrogen bonds                                                                


* CH..O interactions                                                            
  CH group selection                       : activated ring CH (adjacent to hetatom)
Ligand carbon    6 hydrogen   30 Protein acceptor  386 bond energy  1.00 wt 0.23

--------------------------------------------------------------------------------


--------------------------------------------------------------------------------
--- Intra-ligand clashes                                                     ---
--------------------------------------------------------------------------------

Ligand
--------------------------------------------------------------------------------


--------------------------------------------------------------------------------
--- Chromosome decoded                                                       ---
--------------------------------------------------------------------------------
Ligand Torsions
[   7    8    9   10]  -18.27
[   8    9   10   11]  148.56
[  12   11   10    9]  121.46
[  16   15   14   13]  178.51
Protein Torsions
[ 489  484  483  480]   82.87 
[1635 1626 1625 1623]  132.62 
[1707 1702 1701 1698]  -19.54 
[1839 1828 1827 1826]  173.98 
Mapping
Ligand acceptors to protein hydrogens (mapping then atom ids)
Ligand hydrogens to protein acceptors (mapping then atom ids)
Ligand shape atoms to protein points (mapping then atom ids & coords)
  2  6564 [  6->(-11.750  16.750  19.750)]
  5  2493 [ 13->(-18.500  18.000  23.000)]
  6  1307 [ 16->(-20.750  20.000  19.500)]
  7  2273 [ 17->(-19.000  21.000  19.000)]
 13  5135 [ 25->(-14.000  11.750  20.250)]
Chromosome values
Integers:
  -1   -1   -1   -1   -1 6563   -1   -1 2492 1306 2272   -1 
  -1   -1   -1   -1 5134 
--------------------------------------------------------------------------------

Current Ranking  2  1  3

--------------------------------------------------------------------------------

* GA execution time :                                                           
  total  0.0586 user  0.0567 sys  0.0020

--------------------------------------------------------------------------------
Fitness function evaluations: 8318

--------------------------------------------------------------------------------
** Docking run number  4 **
--------------------------------------------------------------------------------
  Rank fitness base is 5000.00 ; increment is 11.2233

* Initialising population(s) ...                                                
Number of constraints mappings 0
Number of constraints 0
  Population no.                           :      1
  Population size                          :    100
  Number of duplicates                     :      0
  Number of niche violations               :      0
  Number of errors                         :     47


Doing GA, no. of population(s) 1 size 100 selection pressure 1.100000

 Operation      Score     S(PLP)   S(hbond)     S(cho)   S(metal)  DE(clash)   DE(tors)     intcor
         0      30.38     -32.17       0.00       0.00       0.00       0.00       0.91       0.03
       271      35.99     -37.78       0.00       0.00       0.00       0.00       0.91       0.03
       545      37.03     -38.83       0.00       0.00       0.00       0.00       0.91       0.03
      1005      39.42     -42.21       0.53       0.00       0.00       0.00       2.20       0.03
      1047      40.33     -42.08       0.00       0.00       0.00       0.00       0.89       0.03
      1181      40.58     -41.97       0.00       0.00       0.00       0.00       0.71       0.03
      1252      44.10     -47.04       0.54       0.00       0.00       0.00       2.30       0.03
      1818      47.89     -52.02       0.22       0.00       0.00       0.00       2.40       0.03
      2179      54.90     -54.93       0.59       0.00       0.00       0.00       0.92       0.03
      3114      55.02     -55.38       0.56       0.00       0.00       0.00       1.04       0.03
--------------------------------------------------------------------------------
Best docking solution after GA:
      3250      55.02     -55.38       0.56       0.00       0.00       0.00       1.04       0.03

#ops:       3250 #mutates:   1667 #cross:     1583 #dups:       513 
#niche:     1353 #errors:     146 
--------------------------------------------------------------------------------

Doing AMOEBA simplex on best individual
Done simplexing #iterations 611, best score  59.14

Ligand is stored in gold_soln_prep_ligand_14_m1_4.mol2


--------------------------------------------------------------------------------
--- CHEMPLP breakdown of terms                                               ---
--------------------------------------------------------------------------------
CHEMPLP = - ( 1.0000*S(PLP) + -3.0000*S(hbond) + -6.0000*S(metal) + -3.0000*S(cho) )

Score = CHEMPLP - 1.0000*DE(clash) - 2.0000*DE(tors)

Internal energy term has been corrected with the best internal energy encountered.

--------------------------------------------------------------------------------


     Score     S(PLP)   S(hbond)     S(cho)   S(metal)  DE(clash)   DE(tors)     intcor
     59.14     -58.73       0.77       0.00       0.00       0.00       0.97       0.03

--------------------------------------------------------------------------------
--- PLP analysis of protein-ligand interactions                              ---
--------------------------------------------------------------------------------
hydrogen bonding        :      -1.00
metal                   :       0.00
buried (polar-nonpolar) :      -8.43
nonpolar                :     -49.30
repulsive               :       0.17
--------------------------------------------------------------------------------


--------------------------------------------------------------------------------
--- ChemScore analysis of protein-ligand interactions                        ---
--------------------------------------------------------------------------------

* Hydrogen bonds                                                                
Ligand donor    3 hydrogen   29 Protein acceptor 1639 bond energy  1.00 wt 0.77


* CH..O interactions                                                            
  CH group selection                       : activated ring CH (adjacent to hetatom)

--------------------------------------------------------------------------------


--------------------------------------------------------------------------------
--- Intra-ligand clashes                                                     ---
--------------------------------------------------------------------------------

Ligand
--------------------------------------------------------------------------------


--------------------------------------------------------------------------------
--- Chromosome decoded                                                       ---
--------------------------------------------------------------------------------
Ligand Torsions
[   7    8    9   10]   40.66
[   8    9   10   11] -121.72
[  12   11   10    9]  -96.65
[  16   15   14   13] -152.67
Protein Torsions
[ 489  484  483  480]    6.52 
[1635 1626 1625 1623]  118.98 
[1707 1702 1701 1698] -177.00 
[1839 1828 1827 1826]  -65.98 
Mapping
Ligand acceptors to protein hydrogens (mapping then atom ids)
Ligand hydrogens to protein acceptors (mapping then atom ids)
Ligand shape atoms to protein points (mapping then atom ids & coords)
  2  5683 [  6->(-13.000  11.250  19.500)]
  6  1280 [ 16->(-20.750  19.250  20.250)]
 13  7385 [ 25->( -6.750  16.000  21.000)]
Chromosome values
Integers:
  -1   -1   -1   -1   -1 5682   -1   -1   -1 1279   -1   -1 
  -1   -1   -1   -1 7384 
--------------------------------------------------------------------------------

Current Ranking  2  1  4  3

--------------------------------------------------------------------------------

* GA execution time :                                                           
  total  0.0581 user  0.0581 sys  0.0000

--------------------------------------------------------------------------------
Fitness function evaluations: 8449

--------------------------------------------------------------------------------
** Docking run number  5 **
--------------------------------------------------------------------------------
  Rank fitness base is 5000.00 ; increment is 11.2233

* Initialising population(s) ...                                                
Number of constraints mappings 0
Number of constraints 0
  Population no.                           :      1
  Population size                          :    100
  Number of duplicates                     :      0
  Number of niche violations               :      0
  Number of errors                         :     48


Doing GA, no. of population(s) 1 size 100 selection pressure 1.100000

 Operation      Score     S(PLP)   S(hbond)     S(cho)   S(metal)  DE(clash)   DE(tors)     intcor
         0      35.56     -46.22       0.96       0.00       0.00      10.82       1.38       0.03
        43      37.22     -42.10       0.00       0.00       0.00       0.00       2.46       0.03
       629      37.69     -48.72       0.82       0.00       0.00      10.82       1.35       0.03
       652      38.25     -43.13       0.00       0.00       0.00       0.00       2.46       0.03
       848      40.69     -45.38       0.06       0.00       0.00       0.00       2.46       0.03
       853      41.44     -46.32       0.00       0.00       0.00       0.00       2.46       0.03
       908      45.32     -52.43       1.00       0.00       0.00       7.20       1.47       0.03
      1410      46.61     -48.43       0.00       0.00       0.00       0.00       0.92       0.03
      1773      47.81     -51.24       0.00       0.00       0.00       0.00       1.73       0.03
      1789      50.20     -53.62       0.00       0.00       0.00       0.00       1.73       0.03
      2373      52.47     -55.89       0.00       0.00       0.00       0.00       1.73       0.03
      2700      54.19     -57.62       0.00       0.00       0.00       0.00       1.73       0.03
      3184      54.22     -57.76       0.00       0.00       0.00       0.00       1.78       0.03
--------------------------------------------------------------------------------
Best docking solution after GA:
      3250      54.22     -57.76       0.00       0.00       0.00       0.00       1.78       0.03

#ops:       3250 #mutates:   1590 #cross:     1660 #dups:       538 
#niche:     1906 #errors:      38 
--------------------------------------------------------------------------------

Doing AMOEBA simplex on best individual
Done simplexing #iterations 751, best score  65.17

Ligand is stored in gold_soln_prep_ligand_14_m1_5.mol2


--------------------------------------------------------------------------------
--- CHEMPLP breakdown of terms                                               ---
--------------------------------------------------------------------------------
CHEMPLP = - ( 1.0000*S(PLP) + -3.0000*S(hbond) + -6.0000*S(metal) + -3.0000*S(cho) )

Score = CHEMPLP - 1.0000*DE(clash) - 2.0000*DE(tors)

Internal energy term has been corrected with the best internal energy encountered.

--------------------------------------------------------------------------------


     Score     S(PLP)   S(hbond)     S(cho)   S(metal)  DE(clash)   DE(tors)     intcor
     65.17     -67.30       0.40       0.00       0.00       0.00       1.68       0.03

--------------------------------------------------------------------------------
--- PLP analysis of protein-ligand interactions                              ---
--------------------------------------------------------------------------------
hydrogen bonding        :      -1.00
metal                   :       0.00
buried (polar-nonpolar) :      -8.81
nonpolar                :     -58.43
repulsive               :       0.28
--------------------------------------------------------------------------------


--------------------------------------------------------------------------------
--- ChemScore analysis of protein-ligand interactions                        ---
--------------------------------------------------------------------------------

* Hydrogen bonds                                                                
Ligand donor    3 hydrogen   29 Protein acceptor 1639 bond energy  1.00 wt 0.40


* CH..O interactions                                                            
  CH group selection                       : activated ring CH (adjacent to hetatom)

--------------------------------------------------------------------------------


--------------------------------------------------------------------------------
--- Intra-ligand clashes                                                     ---
--------------------------------------------------------------------------------

Ligand
--------------------------------------------------------------------------------


--------------------------------------------------------------------------------
--- Chromosome decoded                                                       ---
--------------------------------------------------------------------------------
Ligand Torsions
[   7    8    9   10] -105.60
[   8    9   10   11] -165.84
[  12   11   10    9]   56.19
[  16   15   14   13]  -50.15
Protein Torsions
[ 489  484  483  480] -116.17 
[1635 1626 1625 1623]   13.14 
[1707 1702 1701 1698]  -64.14 
[1839 1828 1827 1826]  118.25 
Mapping
Ligand acceptors to protein hydrogens (mapping then atom ids)
Ligand hydrogens to protein acceptors (mapping then atom ids)
Ligand shape atoms to protein points (mapping then atom ids & coords)
  1  5363 [  1->(-13.500  10.250  19.000)]
  2  7065 [  6->(-10.250  15.750  20.000)]
  4  4978 [ 12->(-14.500  16.750  21.250)]
  8  1164 [ 18->(-21.000  20.000  20.750)]
  9  1551 [ 19->(-20.250  18.500  21.250)]
 11  3443 [ 21->(-16.750  18.250  21.750)]
Chromosome values
Integers:
  -1   -1   -1   -1 5362 7064   -1 4977   -1   -1   -1 1163 
1550   -1 3442   -1   -1 
--------------------------------------------------------------------------------

Current Ranking  5  2  1  4  3

--------------------------------------------------------------------------------

* GA execution time :                                                           
  total  0.0602 user  0.0602 sys  0.0000

--------------------------------------------------------------------------------
Fitness function evaluations: 8652

--------------------------------------------------------------------------------
** Docking run number  6 **
--------------------------------------------------------------------------------
  Rank fitness base is 5000.00 ; increment is 11.2233

* Initialising population(s) ...                                                
Number of constraints mappings 0
Number of constraints 0
  Population no.                           :      1
  Population size                          :    100
  Number of duplicates                     :      0
  Number of niche violations               :      0
  Number of errors                         :     55


Doing GA, no. of population(s) 1 size 100 selection pressure 1.100000

 Operation      Score     S(PLP)   S(hbond)     S(cho)   S(metal)  DE(clash)   DE(tors)     intcor
         0      32.30     -36.84       0.00       0.00       0.00       0.00       2.28       0.03
       870      35.12     -34.87       0.00       0.88       0.00       0.00       1.21       0.03
       942      37.16     -36.47       0.00       1.03       0.00       0.00       1.21       0.03
      1017      38.05     -42.56       0.34       0.00       0.00       1.76       1.90       0.03
      1071      45.46     -50.99       0.00       0.00       0.00       1.76       1.90       0.03
      1366      46.11     -49.28       0.00       0.00       0.00       0.00       1.60       0.03
      1572      47.10     -50.26       0.00       0.00       0.00       0.00       1.60       0.03
      1878      48.81     -50.33       0.00       0.00       0.00       0.00       0.78       0.03
      1900      49.47     -51.94       0.00       0.00       0.00       0.00       1.25       0.03
      2214      49.82     -50.95       0.00       0.10       0.00       0.00       0.73       0.03
      2300      50.02     -51.47       0.00       0.03       0.00       0.00       0.78       0.03
      2314      50.80     -52.34       0.05       0.00       0.00       0.00       0.87       0.03
      3008      51.42     -53.59       0.00       0.00       0.00       0.00       1.10       0.03
--------------------------------------------------------------------------------
Best docking solution after GA:
      3250      51.42     -53.59       0.00       0.00       0.00       0.00       1.10       0.03

#ops:       3250 #mutates:   1648 #cross:     1602 #dups:       644 
#niche:     1626 #errors:      77 
--------------------------------------------------------------------------------

Doing AMOEBA simplex on best individual
Done simplexing #iterations 606, best score  63.14

Ligand is stored in gold_soln_prep_ligand_14_m1_6.mol2


--------------------------------------------------------------------------------
--- CHEMPLP breakdown of terms                                               ---
--------------------------------------------------------------------------------
CHEMPLP = - ( 1.0000*S(PLP) + -3.0000*S(hbond) + -6.0000*S(metal) + -3.0000*S(cho) )

Score = CHEMPLP - 1.0000*DE(clash) - 2.0000*DE(tors)

Internal energy term has been corrected with the best internal energy encountered.

--------------------------------------------------------------------------------


     Score     S(PLP)   S(hbond)     S(cho)   S(metal)  DE(clash)   DE(tors)     intcor
     63.14     -64.42       0.05       0.00       0.00       0.00       0.72       0.03

--------------------------------------------------------------------------------
--- PLP analysis of protein-ligand interactions                              ---
--------------------------------------------------------------------------------
hydrogen bonding        :      -1.00
metal                   :       0.00
buried (polar-nonpolar) :      -8.70
nonpolar                :     -56.43
repulsive               :       0.44
--------------------------------------------------------------------------------


--------------------------------------------------------------------------------
--- ChemScore analysis of protein-ligand interactions                        ---
--------------------------------------------------------------------------------

* Hydrogen bonds                                                                
Ligand donor    3 hydrogen   29 Protein acceptor 5275 bond energy  1.00 wt 0.05


* CH..O interactions                                                            
  CH group selection                       : activated ring CH (adjacent to hetatom)

--------------------------------------------------------------------------------


--------------------------------------------------------------------------------
--- Intra-ligand clashes                                                     ---
--------------------------------------------------------------------------------

Ligand
--------------------------------------------------------------------------------


--------------------------------------------------------------------------------
--- Chromosome decoded                                                       ---
--------------------------------------------------------------------------------
Ligand Torsions
[   7    8    9   10]  -25.05
[   8    9   10   11]   95.50
[  12   11   10    9] -174.96
[  16   15   14   13]  149.44
Protein Torsions
[ 489  484  483  480] -144.94 
[1635 1626 1625 1623]   54.62 
[1707 1702 1701 1698]   35.18 
[1839 1828 1827 1826]  -84.17 
Mapping
Ligand acceptors to protein hydrogens (mapping then atom ids)
Ligand hydrogens to protein acceptors (mapping then atom ids)
Ligand shape atoms to protein points (mapping then atom ids & coords)
  3  4135 [ 10->(-16.000  18.750  21.750)]
  7  5371 [ 17->(-13.500  11.000  19.000)]
  8  5868 [ 18->(-12.750  12.250  20.000)]
 10  6035 [ 20->(-12.500  12.500  20.000)]
 12  5192 [ 22->(-14.000  16.250  20.000)]
 13  2632 [ 25->(-18.250  18.750  19.750)]
Chromosome values
Integers:
  -1   -1   -1   -1   -1   -1 4134   -1   -1   -1 5370 5867 
  -1 6034   -1 5191 2631 
--------------------------------------------------------------------------------

Current Ranking  5  6  2  1  4  3

--------------------------------------------------------------------------------

* GA execution time :                                                           
  total  0.0589 user  0.0589 sys  0.0000

--------------------------------------------------------------------------------
Fitness function evaluations: 8362

--------------------------------------------------------------------------------
** Docking run number  7 **
--------------------------------------------------------------------------------
  Rank fitness base is 5000.00 ; increment is 11.2233

* Initialising population(s) ...                                                
Number of constraints mappings 0
Number of constraints 0
  Population no.                           :      1
  Population size                          :    100
  Number of duplicates                     :      0
  Number of niche violations               :      0
  Number of errors                         :     50


Doing GA, no. of population(s) 1 size 100 selection pressure 1.100000

 Operation      Score     S(PLP)   S(hbond)     S(cho)   S(metal)  DE(clash)   DE(tors)     intcor
         0      26.88     -28.19       0.00       0.00       0.00       0.00       0.67       0.03
       159      29.79     -34.48       0.00       0.00       0.00       0.82       1.95       0.03
       222      45.60     -44.40       0.00       1.00       0.00       0.00       0.91       0.03
       676      47.28     -46.08       0.00       1.00       0.00       0.00       0.91       0.03
      1748      48.22     -49.22       0.00       0.00       0.00       0.00       0.51       0.03
      1832      48.33     -49.18       0.00       0.23       0.00       0.00       0.78       0.03
      2032      48.49     -49.84       0.00       0.06       0.00       0.00       0.78       0.03
      2066      51.81     -55.93       0.00       0.00       0.00       3.18       0.48       0.03
      2197      54.46     -55.20       0.00       0.00       0.00       0.06       0.36       0.03
      2695      55.01     -55.30       0.00       0.10       0.00       0.00       0.31       0.03
      3103      56.51     -57.05       0.00       0.02       0.00       0.00       0.31       0.03
--------------------------------------------------------------------------------
Best docking solution after GA:
      3250      56.51     -57.05       0.00       0.02       0.00       0.00       0.31       0.03

#ops:       3250 #mutates:   1612 #cross:     1638 #dups:       589 
#niche:     1773 #errors:      49 
--------------------------------------------------------------------------------

Doing AMOEBA simplex on best individual
Done simplexing #iterations 560, best score  62.82

Ligand is stored in gold_soln_prep_ligand_14_m1_7.mol2


--------------------------------------------------------------------------------
--- CHEMPLP breakdown of terms                                               ---
--------------------------------------------------------------------------------
CHEMPLP = - ( 1.0000*S(PLP) + -3.0000*S(hbond) + -6.0000*S(metal) + -3.0000*S(cho) )

Score = CHEMPLP - 1.0000*DE(clash) - 2.0000*DE(tors)

Internal energy term has been corrected with the best internal energy encountered.

--------------------------------------------------------------------------------


     Score     S(PLP)   S(hbond)     S(cho)   S(metal)  DE(clash)   DE(tors)     intcor
     62.82     -63.70       0.00       0.00       0.00       0.00       0.45       0.03

--------------------------------------------------------------------------------
--- PLP analysis of protein-ligand interactions                              ---
--------------------------------------------------------------------------------
hydrogen bonding        :      -0.05
metal                   :       0.00
buried (polar-nonpolar) :      -7.70
nonpolar                :     -56.56
repulsive               :       0.30
--------------------------------------------------------------------------------


--------------------------------------------------------------------------------
--- ChemScore analysis of protein-ligand interactions                        ---
--------------------------------------------------------------------------------

* Hydrogen bonds                                                                


* CH..O interactions                                                            
  CH group selection                       : activated ring CH (adjacent to hetatom)

--------------------------------------------------------------------------------


--------------------------------------------------------------------------------
--- Intra-ligand clashes                                                     ---
--------------------------------------------------------------------------------

Ligand
--------------------------------------------------------------------------------


--------------------------------------------------------------------------------
--- Chromosome decoded                                                       ---
--------------------------------------------------------------------------------
Ligand Torsions
[   7    8    9   10]  -14.48
[   8    9   10   11]  101.41
[  12   11   10    9]  133.46
[  16   15   14   13]  163.44
Protein Torsions
[ 489  484  483  480]  124.69 
[1635 1626 1625 1623]  -80.43 
[1707 1702 1701 1698]  -57.76 
[1839 1828 1827 1826] -165.48 
Mapping
Ligand acceptors to protein hydrogens (mapping then atom ids)
Ligand hydrogens to protein acceptors (mapping then atom ids)
Ligand shape atoms to protein points (mapping then atom ids & coords)
  1  2027 [  1->(-19.500  21.500  19.750)]
  2  2684 [  6->(-18.000  17.250  21.250)]
  3  4090 [ 10->(-16.000  17.000  21.250)]
  8  5848 [ 18->(-12.750  11.500  19.500)]
 10  5718 [ 20->(-13.000  12.750  20.250)]
 12  5204 [ 22->(-14.000  16.500  21.500)]
 13  3682 [ 25->(-16.500  22.000  20.250)]
Chromosome values
Integers:
  -1   -1   -1   -1 2026 2683 4089   -1   -1   -1   -1 5847 
  -1 5717   -1 5203 3681 
--------------------------------------------------------------------------------

Current Ranking  5  6  7  2  1  4  3

--------------------------------------------------------------------------------

* GA execution time :                                                           
  total  0.0594 user  0.0584 sys  0.0010

--------------------------------------------------------------------------------
Fitness function evaluations: 8358

--------------------------------------------------------------------------------
** Docking run number  8 **
--------------------------------------------------------------------------------
  Rank fitness base is 5000.00 ; increment is 11.2233

* Initialising population(s) ...                                                
Number of constraints mappings 0
Number of constraints 0
  Population no.                           :      1
  Population size                          :    100
  Number of duplicates                     :      0
  Number of niche violations               :      0
  Number of errors                         :     60


Doing GA, no. of population(s) 1 size 100 selection pressure 1.100000

 Operation      Score     S(PLP)   S(hbond)     S(cho)   S(metal)  DE(clash)   DE(tors)     intcor
         0       9.48     -19.69       0.00       0.00       0.00       8.13       1.05       0.03
        34      21.45     -31.66       0.00       0.00       0.00       8.13       1.05       0.03
        37      27.21     -37.41       0.00       0.00       0.00       8.13       1.05       0.03
       159      35.44     -38.09       0.00       0.00       0.00       0.00       1.34       0.03
       453      37.95     -41.83       0.00       0.22       0.00       0.00       2.28       0.03
       702      38.11     -40.99       0.00       0.00       0.00       0.00       1.46       0.03
       706      38.85     -43.19       0.00       0.06       0.00       0.00       2.28       0.03
       853      39.62     -40.21       0.00       0.05       0.00       0.00       0.39       0.03
       858      46.40     -52.97       0.62       0.00       0.00       6.97       0.74       0.03
      1145      47.70     -54.12       0.67       0.00       0.00       6.97       0.74       0.03
      1156      47.93     -54.79       0.52       0.00       0.00       6.97       0.74       0.03
      1236      54.29     -60.27       0.06       0.00       0.00       4.68       0.76       0.03
      1378      54.58     -56.26       0.00       0.00       0.00       0.00       0.86       0.03
      1430      57.85     -59.54       0.00       0.00       0.00       0.00       0.86       0.03
      1446      58.00     -59.54       0.00       0.00       0.00       0.00       0.79       0.03
      2018      60.09     -61.16       0.40       0.00       0.00       0.00       1.15       0.03
      2120      60.93     -60.34       0.95       0.00       0.00       0.00       1.15       0.03
      2419      61.34     -60.69       0.95       0.00       0.00       0.00       1.11       0.03
      2474      62.00     -63.10       0.38       0.00       0.00       1.04       0.61       0.03
      2586      62.21     -63.32       0.37       0.00       0.00       1.04       0.61       0.03
      3213      62.28     -62.42       0.70       0.00       0.00       1.04       0.61       0.03
--------------------------------------------------------------------------------
Best docking solution after GA:
      3250      62.28     -62.42       0.70       0.00       0.00       1.04       0.61       0.03

#ops:       3250 #mutates:   1628 #cross:     1622 #dups:       690 
#niche:     1853 #errors:      44 
--------------------------------------------------------------------------------

Doing AMOEBA simplex on best individual
Done simplexing #iterations 556, best score  66.21

Ligand is stored in gold_soln_prep_ligand_14_m1_8.mol2


--------------------------------------------------------------------------------
--- CHEMPLP breakdown of terms                                               ---
--------------------------------------------------------------------------------
CHEMPLP = - ( 1.0000*S(PLP) + -3.0000*S(hbond) + -6.0000*S(metal) + -3.0000*S(cho) )

Score = CHEMPLP - 1.0000*DE(clash) - 2.0000*DE(tors)

Internal energy term has been corrected with the best internal energy encountered.

--------------------------------------------------------------------------------


     Score     S(PLP)   S(hbond)     S(cho)   S(metal)  DE(clash)   DE(tors)     intcor
     66.21     -64.55       0.90       0.00       0.00       0.00       0.54       0.03

--------------------------------------------------------------------------------
--- PLP analysis of protein-ligand interactions                              ---
--------------------------------------------------------------------------------
hydrogen bonding        :      -1.00
metal                   :       0.00
buried (polar-nonpolar) :      -7.50
nonpolar                :     -56.52
repulsive               :       0.45
--------------------------------------------------------------------------------


--------------------------------------------------------------------------------
--- ChemScore analysis of protein-ligand interactions                        ---
--------------------------------------------------------------------------------

* Hydrogen bonds                                                                
Ligand donor    3 hydrogen   29 Protein acceptor 5275 bond energy  1.00 wt 0.90


* CH..O interactions                                                            
  CH group selection                       : activated ring CH (adjacent to hetatom)

--------------------------------------------------------------------------------


--------------------------------------------------------------------------------
--- Intra-ligand clashes                                                     ---
--------------------------------------------------------------------------------

Ligand
--------------------------------------------------------------------------------


--------------------------------------------------------------------------------
--- Chromosome decoded                                                       ---
--------------------------------------------------------------------------------
Ligand Torsions
[   7    8    9   10]    1.92
[   8    9   10   11]   83.53
[  12   11   10    9]  159.04
[  16   15   14   13]  167.63
Protein Torsions
[ 489  484  483  480] -121.71 
[1635 1626 1625 1623]  -30.73 
[1707 1702 1701 1698]   71.10 
[1839 1828 1827 1826] -143.13 
Mapping
Ligand acceptors to protein hydrogens (mapping then atom ids)
Ligand hydrogens to protein acceptors (mapping then atom ids)
Ligand shape atoms to protein points (mapping then atom ids & coords)
  1   717 [  1->(-22.000  21.250  19.750)]
  3  4884 [ 10->(-14.750  17.000  21.500)]
  6  5716 [ 16->(-13.000  12.750  19.750)]
  8  5998 [ 18->(-12.500  11.000  19.500)]
 10  5863 [ 20->(-12.750  12.000  20.250)]
 11  5047 [ 21->(-14.250  14.750  20.000)]
 12  4312 [ 22->(-15.750  17.000  21.000)]
 13  2647 [ 25->(-18.250  19.750  19.750)]
Chromosome values
Integers:
  -1   -1   -1   -1  716   -1 4883   -1   -1 5715   -1 5997 
  -1 5862 5046 4311 2646 
--------------------------------------------------------------------------------

Current Ranking  8  5  6  7  2  1  4  3

--------------------------------------------------------------------------------

* GA execution time :                                                           
  total  0.0605 user  0.0605 sys  0.0000

--------------------------------------------------------------------------------
Fitness function evaluations: 8350

--------------------------------------------------------------------------------
** Docking run number  9 **
--------------------------------------------------------------------------------
  Rank fitness base is 5000.00 ; increment is 11.2233

* Initialising population(s) ...                                                
Number of constraints mappings 0
Number of constraints 0
  Population no.                           :      1
  Population size                          :    100
  Number of duplicates                     :      0
  Number of niche violations               :      0
  Number of errors                         :     48


Doing GA, no. of population(s) 1 size 100 selection pressure 1.100000

 Operation      Score     S(PLP)   S(hbond)     S(cho)   S(metal)  DE(clash)   DE(tors)     intcor
         0      30.45     -29.04       1.00       0.13       0.00       0.00       1.00       0.03
        61      30.45     -29.04       1.00       0.13       0.00       0.00       1.00       0.03
       237      30.93     -30.00       0.29       0.84       0.00       0.00       1.25       0.03
       498      33.62     -35.56       0.00       0.20       0.00       0.00       1.29       0.03
       699      36.11     -38.66       0.00       0.00       0.00       0.00       1.29       0.03
       723      37.53     -40.29       0.00       0.11       0.00       0.00       1.56       0.03
       920      37.85     -39.97       0.00       0.00       0.00       0.00       1.07       0.03
       928      41.74     -43.70       0.05       0.00       0.00       0.00       1.07       0.03
       972      42.02     -44.29       0.00       0.00       0.00       0.00       1.15       0.03
      1062      44.77     -47.86       0.00       0.00       0.00       0.00       1.56       0.03
      1127      44.90     -48.39       0.09       0.00       0.00       0.00       1.90       0.03
      1623      48.18     -47.41       1.00       0.09       0.00       0.00       1.27       0.03
      2534      53.54     -50.63       1.00       0.66       0.00       0.00       1.05       0.03
--------------------------------------------------------------------------------
Best docking solution after GA:
      3250      53.54     -50.63       1.00       0.66       0.00       0.00       1.05       0.03

#ops:       3250 #mutates:   1593 #cross:     1657 #dups:       581 
#niche:     1607 #errors:      46 
--------------------------------------------------------------------------------

Doing AMOEBA simplex on best individual
Done simplexing #iterations 747, best score  65.02

Ligand is stored in gold_soln_prep_ligand_14_m1_9.mol2


--------------------------------------------------------------------------------
--- CHEMPLP breakdown of terms                                               ---
--------------------------------------------------------------------------------
CHEMPLP = - ( 1.0000*S(PLP) + -3.0000*S(hbond) + -6.0000*S(metal) + -3.0000*S(cho) )

Score = CHEMPLP - 1.0000*DE(clash) - 2.0000*DE(tors)

Internal energy term has been corrected with the best internal energy encountered.

--------------------------------------------------------------------------------


     Score     S(PLP)   S(hbond)     S(cho)   S(metal)  DE(clash)   DE(tors)     intcor
     65.02     -59.37       1.70       1.00       0.00       0.00       1.23       0.03

--------------------------------------------------------------------------------
--- PLP analysis of protein-ligand interactions                              ---
--------------------------------------------------------------------------------
hydrogen bonding        :      -1.56
metal                   :       0.00
buried (polar-nonpolar) :      -8.83
nonpolar                :     -49.32
repulsive               :       0.26
--------------------------------------------------------------------------------


--------------------------------------------------------------------------------
--- ChemScore analysis of protein-ligand interactions                        ---
--------------------------------------------------------------------------------

* Hydrogen bonds                                                                
Ligand donor    3 hydrogen   29 Protein acceptor 1639 bond energy  1.00 wt 0.70
Protein donor 1636 hydrogen 1644 Ligand acceptor    5 bond energy  1.00 wt 0.99


* CH..O interactions                                                            
  CH group selection                       : activated ring CH (adjacent to hetatom)
Ligand carbon    6 hydrogen   30 Protein acceptor 1603 bond energy  1.00 wt 1.00

--------------------------------------------------------------------------------


--------------------------------------------------------------------------------
--- Intra-ligand clashes                                                     ---
--------------------------------------------------------------------------------

Ligand
--------------------------------------------------------------------------------


--------------------------------------------------------------------------------
--- Chromosome decoded                                                       ---
--------------------------------------------------------------------------------
Ligand Torsions
[   7    8    9   10]  -26.46
[   8    9   10   11] -153.87
[  12   11   10    9]  140.98
[  16   15   14   13]   39.63
Protein Torsions
[ 489  484  483  480]  166.03 
[1635 1626 1625 1623]  -19.88 
[1707 1702 1701 1698]   46.92 
[1839 1828 1827 1826] -146.43 
Mapping
Ligand acceptors to protein hydrogens (mapping then atom ids)
Ligand hydrogens to protein acceptors (mapping then atom ids)
Ligand shape atoms to protein points (mapping then atom ids & coords)
  1  7146 [  1->( -9.250  13.500  19.500)]
  4  4301 [ 12->(-15.750  16.500  19.000)]
  8  2293 [ 18->(-19.000  22.000  19.250)]
 11  4495 [ 21->(-15.500  17.250  21.500)]
Chromosome values
Integers:
  -1   -1   -1   -1 7145   -1   -1 4300   -1   -1   -1 2292 
  -1   -1 4494   -1   -1 
--------------------------------------------------------------------------------

Current Ranking  8  5  9  6  7  2  1  4  3

--------------------------------------------------------------------------------

* GA execution time :                                                           
  total  0.0612 user  0.0603 sys  0.0010

--------------------------------------------------------------------------------
Fitness function evaluations: 8664

--------------------------------------------------------------------------------
** Docking run number 10 **
--------------------------------------------------------------------------------
  Rank fitness base is 5000.00 ; increment is 11.2233

* Initialising population(s) ...                                                
Number of constraints mappings 0
Number of constraints 0
  Population no.                           :      1
  Population size                          :    100
  Number of duplicates                     :      0
  Number of niche violations               :      0
  Number of errors                         :     48


Doing GA, no. of population(s) 1 size 100 selection pressure 1.100000

 Operation      Score     S(PLP)   S(hbond)     S(cho)   S(metal)  DE(clash)   DE(tors)     intcor
         0      30.58     -35.31       0.00       0.00       0.00       0.00       2.38       0.03
       333      32.12     -35.78       0.00       0.00       0.00       0.00       1.85       0.03
       352      35.03     -38.70       0.00       0.00       0.00       0.00       1.85       0.03
       353      40.35     -44.58       0.10       0.00       0.00       1.52       1.52       0.03
      1245      42.95     -45.07       0.00       0.00       0.00       0.00       1.07       0.03
      1280      42.96     -46.42       0.41       0.00       0.00       0.43       2.15       0.03
      1406      47.71     -50.97       0.51       0.00       0.00       0.43       2.20       0.03
      1765      48.80     -50.84       0.00       0.00       0.00       0.00       1.04       0.03
      2037      48.89     -53.54       0.05       0.00       0.00       0.43       2.20       0.03
      2219      50.19     -52.23       0.00       0.00       0.00       0.00       1.04       0.03
      2604      50.69     -56.08       0.04       0.00       0.00       0.43       2.56       0.03
      2647      56.36     -58.41       0.00       0.00       0.00       0.00       1.04       0.03
--------------------------------------------------------------------------------
Best docking solution after GA:
      3250      56.36     -58.41       0.00       0.00       0.00       0.00       1.04       0.03

#ops:       3250 #mutates:   1652 #cross:     1598 #dups:       496 
#niche:     1600 #errors:      59 
--------------------------------------------------------------------------------

Doing AMOEBA simplex on best individual
Done simplexing #iterations 666, best score  63.72

Ligand is stored in gold_soln_prep_ligand_14_m1_10.mol2


--------------------------------------------------------------------------------
--- CHEMPLP breakdown of terms                                               ---
--------------------------------------------------------------------------------
CHEMPLP = - ( 1.0000*S(PLP) + -3.0000*S(hbond) + -6.0000*S(metal) + -3.0000*S(cho) )

Score = CHEMPLP - 1.0000*DE(clash) - 2.0000*DE(tors)

Internal energy term has been corrected with the best internal energy encountered.

--------------------------------------------------------------------------------


     Score     S(PLP)   S(hbond)     S(cho)   S(metal)  DE(clash)   DE(tors)     intcor
     63.72     -65.65       0.00       0.00       0.00       0.00       0.98       0.03

--------------------------------------------------------------------------------
--- PLP analysis of protein-ligand interactions                              ---
--------------------------------------------------------------------------------
hydrogen bonding        :      -0.30
metal                   :       0.00
buried (polar-nonpolar) :      -9.10
nonpolar                :     -56.73
repulsive               :       0.34
--------------------------------------------------------------------------------


--------------------------------------------------------------------------------
--- ChemScore analysis of protein-ligand interactions                        ---
--------------------------------------------------------------------------------

* Hydrogen bonds                                                                


* CH..O interactions                                                            
  CH group selection                       : activated ring CH (adjacent to hetatom)

--------------------------------------------------------------------------------


--------------------------------------------------------------------------------
--- Intra-ligand clashes                                                     ---
--------------------------------------------------------------------------------

Ligand
--------------------------------------------------------------------------------


--------------------------------------------------------------------------------
--- Chromosome decoded                                                       ---
--------------------------------------------------------------------------------
Ligand Torsions
[   7    8    9   10]  -21.85
[   8    9   10   11]   92.03
[  12   11   10    9]  162.85
[  16   15   14   13]  -33.59
Protein Torsions
[ 489  484  483  480]  -27.43 
[1635 1626 1625 1623]  134.44 
[1707 1702 1701 1698]   11.19 
[1839 1828 1827 1826]   21.91 
Mapping
Ligand acceptors to protein hydrogens (mapping then atom ids)
Ligand hydrogens to protein acceptors (mapping then atom ids)
Ligand shape atoms to protein points (mapping then atom ids & coords)
  2  2200 [  6->(-19.000  17.500  22.250)]
  5  5592 [ 13->(-13.250  15.000  21.000)]
  6  5397 [ 16->(-13.500  12.500  19.500)]
  9  5127 [ 19->(-14.000  11.500  19.250)]
 10  5016 [ 20->(-14.250  11.250  19.750)]
 13  3293 [ 25->(-17.000  21.500  19.000)]
Chromosome values
Integers:
  -1   -1   -1   -1   -1 2199   -1   -1 5591 5396   -1   -1 
5126 5015   -1   -1 3292 
--------------------------------------------------------------------------------

Current Ranking  8  5  9 10  6  7  2  1  4  3

--------------------------------------------------------------------------------

* GA execution time :                                                           
  total  0.0602 user  0.0602 sys  0.0000

--------------------------------------------------------------------------------
Fitness function evaluations: 8530

--------------------------------------------------------------------------------
--- Ranking analysis                                                         ---
--------------------------------------------------------------------------------


* Final ranked order of GA solutions:                                           
   8  5  9 10  6  7  2  1  4  3 

  _______________________________
  RMSD Matrix of RANKED solutions

        2    3    4    5    6    7    8    9   10  

   1 :  8.5  8.8  0.8  0.7  1.1  8.6  8.8  8.8  8.5
   2 :       3.2  8.8  8.8  8.8  1.9  3.1  2.7  1.9
   3 :            9.0  9.0  8.9  2.8  2.0  1.7  3.3
   4 :                 0.7  0.5  8.9  9.0  8.9  8.8
   5 :                      1.1  9.0  9.1  9.1  8.8
   6 :                           8.9  8.9  8.9  8.8
   7 :                                2.4  2.5  1.7
   8 :                                     0.9  3.1
   9 :                                          3.0

  Clustering method                        : complete linkage
  Structure ids in cluster table           : rank nos.
  Ordering of clusters and their members   : by rank (order if from rms_analysis)

  Distance | Clusters
   0.51    |  1 |  2 |  3 |  4  6 |  5 |  7 |  8 |  9 | 10 |
   0.67    |  1  5 |  2 |  3 |  4  6 |  7 |  8 |  9 | 10 |
   0.94    |  1  5 |  2 |  3 |  4  6 |  7 |  8  9 | 10 |
   1.10    |  1  4  5  6 |  2 |  3 |  7 |  8  9 | 10 |
   1.67    |  1  4  5  6 |  2 |  3 |  7 10 |  8  9 |
   1.93    |  1  4  5  6 |  2  7 10 |  3 |  8  9 |
   1.98    |  1  4  5  6 |  2  7 10 |  3  8  9 |
   3.32    |  1  4  5  6 |  2  3  7  8  9 10 |
   9.11    |  1  2  3  4  5  6  7  8  9 10 |
  Finished Docking Ligand                  : /nfs/home/myuecel3/Frontiers_MedChem/data/output/gold_docking_step1/prep_ligand_14.mol2
--------------------------------------------------------------------------------

  Relative_Ligand_Energy (best encountered) :   0.029
  Relative_Ligand_Energy: fitness values have been corrected using this amount
