
--------------------------------------------------------------------------------
--- Ligand                                                                   ---
--------------------------------------------------------------------------------
  Ligand loaded from file                  : /nfs/home/myuecel3/Frontiers_MedChem/data/output/gold_docking_step1/prep_ligand_13.mol2
  Ligand name                              :  
  "RDKit          3D                                                        "

--------------------------------------------------------------------------------
  N.plc donors                             : 
  none found

  Acidic nitrogen acceptors                : 
  none found
  Sulfur acceptors                         :
  none found


  Donor atoms                              :      1
  3   
  Acceptor atoms                           :      3
  1   13  16  

  Hydrogens                                :  (n = 1)
  32   

  Lone pairs added to molecule             :      4
  Numbering                                : from 52 to 55

--------------------------------------------------------------------------------
--- Postprocessing of typing                                                 ---
--------------------------------------------------------------------------------
  Fragment file                            : /appl/ccdc/CSDS2022/Discovery_2022/GOLD/gold/rotatable_bond_override.mol2
  acylurea fragment                        : no matches
  thioacylthiourea fragment                : no matches
  acylthiourea fragment                    : no matches
  thioacylurea fragment                    : no matches
  diarylamine fragment >C.ar-NH-C.ar<      : no matches
  sec-amine (1) fragment                   : no matches
  sec-amine (2) fragment                   : no matches
  sec-amine (3) fragment                   : no matches
  carboxylic ester                         : no matches

* Rotatable bonds in /nfs/home/myuecel3/F  :
  [  14   15] [  15   16] [  24   25] 
  No. of rotatable bonds                   :      3


* Reading torsional distributions from file:
  /appl/ccdc/CSDS2022/Discovery_2022/GOLD/gold/gold.tordist
  No. of bins in torsional distributions   :     36
  Minimum size of largest peak             :      0
  Removing high energy torsions            : on
  Delta E set to                           :   2.500

* Fragments found in /nfs/home/myuecel3/F  :
  atom   4: benzene
  atom   5: benzene
  atom   6: benzene
  atom   8: benzene
  atom   9: benzene
  atom  11: benzene
  atom  25: benzene
  atom  26: benzene
  atom  27: benzene
  atom  28: benzene
  atom  29: benzene
  atom  30: benzene


* Checking torsion distributions:                                               
  No. of matched torsions                  :      0

--------------------------------------------------------------------------------
--- Shape fitting atoms selection (hydrophobic atoms)                        ---
--------------------------------------------------------------------------------
  Molecule                                 : /nfs/home/myuecel3/Frontiers_MedChem/data/output/gold_docking_step1/prep_ligand_13.mol2
  Selection                                : carbons only
  Atom numbers                             :  (n = 14)
  5    8    15   17   18   19   21   22   23   26   
  27   28   29   30   


--------------------------------------------------------------------------------
--- ChemScore ligand setup summary                                           ---
--------------------------------------------------------------------------------
  ChemScore ligand acceptors               :      3
  1 13 16 
  ChemScore ligand donors                  :      1
  3 ( 32  ) 
  ChemScore ligand CH donors               :      0
  

  ChemScore ligand lipophilic atoms        :  (n = 25)
  4    5    6    7    8    9    10   11   12   14   
  15   17   18   19   21   22   23   24   25   26   
  27   28   29   30   31   

  ChemScore ligand rotatable bonds         :      3
  14  (C14) - 15  (C15): SP3_SP2_BOND
  15  (C15) - 16  (N16): SP3_SP3_BOND
  24  (C24) - 25  (C25): SP2_SP2_BOND

--------------------------------------------------------------------------------
--- PLP ligand setup summary                                                 ---
--------------------------------------------------------------------------------
    1    O1   O.2 ACCEPTOR
    2    C2   C.2 NONPOLAR
    3    N3  N.am DONOR
    4    C4  C.ar NONPOLAR
    5    C5  C.ar NONPOLAR
    6    C6  C.ar NONPOLAR
    7   Cl7    Cl NONPOLAR
    8    C8  C.ar NONPOLAR
    9    C9  C.ar NONPOLAR
   10  Cl10    Cl NONPOLAR
   11   C11  C.ar NONPOLAR
   12   C12  C.ar NONPOLAR
   13   N13  N.ar ACCEPTOR
   14   C14  C.ar NONPOLAR
   15   C15   C.3 NONPOLAR
   16   N16   N.3 ACCEPTOR
   17   C17   C.3 NONPOLAR
   18   C18   C.3 NONPOLAR
   19   C19   C.3 NONPOLAR
   20   F20     F NONPOLAR
   21   C21   C.3 NONPOLAR
   22   C22   C.3 NONPOLAR
   23   C23  C.ar NONPOLAR
   24   C24  C.ar NONPOLAR
   25   C25  C.ar NONPOLAR
   26   C26  C.ar NONPOLAR
   27   C27  C.ar NONPOLAR
   28   C28  C.ar NONPOLAR
   29   C29  C.ar NONPOLAR
   30   C30  C.ar NONPOLAR
   31   C31  C.ar NONPOLAR

--------------------------------------------------------------------------------
--- Automatic parameter setting                                              ---
--------------------------------------------------------------------------------
  Contribution base                        :   2500
  Contribution per rotatable bond          :   6000
  Contribution per df                      :   4000
  Contribution per water                   :  10000
  Ligand rotatable bonds                   :      3
  Protein flexible side chain bonds        :      0
  Total rotatable bonds                    :      3
  Hydrophobic vol ratio (P/L)              :   1.038
  Base multiplier (polar)                  :   0.800
  Base multiplier (apolar)                 :   2.907
  Base contribution                        : 7500.000
  Fitting points                           :      4
  Estimated maxops needed (optimal)        :  26000
  Autoscale factor (in percent)            :     10
  Scaled maxops                            :   2750

--------------------------------------------------------------------------------

* Population settings                                                           
  maxops                                   :   2750
  popsiz                                   :    100
  select_pressure                          :   1.100
  n_islands                                :      1
  niche_siz                                :      2

* GA settings                                                                   
  pt_crosswt                               :    100
  allele_mutatewt                          :    100
  migratewt                                :      0

* Search settings                                                               
  start_vdw_linear_cutoff                  :   4.000
  initial_virtual_pt_match_max             :   3.000

--------------------------------------------------------------------------------

* Ligand initialisation time :                                                  
  total  0.0193 user  0.0193 sys  0.0000

--------------------------------------------------------------------------------

--------------------------------------------------------------------------------
** Docking run number  1 **
--------------------------------------------------------------------------------
  Rank fitness base is 5000.00 ; increment is 11.2233

* Initialising population(s) ...                                                
Number of constraints mappings 0
Number of constraints 0
  Population no.                           :      1
  Population size                          :    100
  Number of duplicates                     :      0
  Number of niche violations               :      0
  Number of errors                         :     40


Doing GA, no. of population(s) 1 size 100 selection pressure 1.100000

 Operation      Score     S(PLP)   S(hbond)     S(cho)   S(metal)  DE(clash)   DE(tors)     intcor
         0      -5.02       4.81       0.00       0.00       0.00       0.00       1.61       3.01
       624       2.64      -3.34       0.00       0.00       0.00       0.00       1.85       3.01
       638      15.48     -15.70       0.00       0.00       0.00       0.00       1.61       3.01
       817      15.48     -15.70       0.00       0.00       0.00       0.00       1.61       3.01
      1663      17.02     -17.61       0.00       0.00       0.00       0.00       1.77       2.94
      1704      28.19     -28.47       0.00       0.00       0.00       0.00       1.61       2.94
      2339      29.16     -29.44       0.00       0.00       0.00       0.00       1.61       2.94
      2528      29.54     -30.03       0.00       0.00       0.00       0.00       1.71       2.94
      2568      30.23     -30.72       0.00       0.00       0.00       0.00       1.71       2.94
      2621      31.11     -31.39       0.00       0.00       0.00       0.00       1.61       2.94
--------------------------------------------------------------------------------
Best docking solution after GA:
      2750      31.11     -31.39       0.00       0.00       0.00       0.00       1.61       2.94

#ops:       2750 #mutates:   1401 #cross:     1349 #dups:       567 
#niche:     1119 #errors:     106 
--------------------------------------------------------------------------------

Doing AMOEBA simplex on best individual
Done simplexing #iterations 967, best score  43.92

Ligand is stored in gold_soln_prep_ligand_13_m1_1.mol2


--------------------------------------------------------------------------------
--- CHEMPLP breakdown of terms                                               ---
--------------------------------------------------------------------------------
CHEMPLP = - ( 1.0000*S(PLP) + -3.0000*S(hbond) + -6.0000*S(metal) + -3.0000*S(cho) )

Score = CHEMPLP - 1.0000*DE(clash) - 2.0000*DE(tors)

Internal energy term has been corrected with the best internal energy encountered.

--------------------------------------------------------------------------------


     Score     S(PLP)   S(hbond)     S(cho)   S(metal)  DE(clash)   DE(tors)     intcor
     43.92     -44.05       0.00       0.00       0.00       0.00       1.53       2.94

--------------------------------------------------------------------------------
--- PLP analysis of protein-ligand interactions                              ---
--------------------------------------------------------------------------------
hydrogen bonding        :       0.00
metal                   :       0.00
buried (polar-nonpolar) :      -3.06
nonpolar                :     -40.38
repulsive               :       0.28
--------------------------------------------------------------------------------


--------------------------------------------------------------------------------
--- ChemScore analysis of protein-ligand interactions                        ---
--------------------------------------------------------------------------------

* Hydrogen bonds                                                                


* CH..O interactions                                                            
  CH group selection                       : activated ring CH (adjacent to hetatom)

--------------------------------------------------------------------------------


--------------------------------------------------------------------------------
--- Intra-ligand clashes                                                     ---
--------------------------------------------------------------------------------

Ligand
--------------------------------------------------------------------------------


--------------------------------------------------------------------------------
--- Chromosome decoded                                                       ---
--------------------------------------------------------------------------------
Ligand Torsions
[  16   15   14   13] -115.58
[  17   16   15   14] -157.13
[  26   25   24   23]  -73.83
Protein Torsions
[ 489  484  483  480] -156.11 
[1635 1626 1625 1623] -135.42 
[1707 1702 1701 1698]  128.57 
[1839 1828 1827 1826]   72.27 
Mapping
Ligand acceptors to protein hydrogens (mapping then atom ids)
Ligand hydrogens to protein acceptors (mapping then atom ids)
Ligand shape atoms to protein points (mapping then atom ids & coords)
  1  4693 [  5->(-15.250  22.500  20.500)]
  3  3067 [ 15->(-17.250  17.500  21.250)]
  6  6103 [ 19->(-12.500  16.000  20.250)]
  8  3844 [ 22->(-16.250  17.000  18.000)]
 11  1168 [ 27->(-21.000  20.250  19.250)]
Chromosome values
Integers:
  -1   -1   -1   -1 4692   -1 3066   -1   -1 6102   -1 3843 
  -1   -1 1167   -1   -1   -1 
--------------------------------------------------------------------------------

Current Ranking  1

--------------------------------------------------------------------------------

* GA execution time :                                                           
  total  0.0538 user  0.0538 sys  0.0000

--------------------------------------------------------------------------------
Fitness function evaluations: 8107

--------------------------------------------------------------------------------
** Docking run number  2 **
--------------------------------------------------------------------------------
  Rank fitness base is 5000.00 ; increment is 11.2233

* Initialising population(s) ...                                                
Number of constraints mappings 0
Number of constraints 0
  Population no.                           :      1
  Population size                          :    100
  Number of duplicates                     :      0
  Number of niche violations               :      0
  Number of errors                         :     28


Doing GA, no. of population(s) 1 size 100 selection pressure 1.100000

 Operation      Score     S(PLP)   S(hbond)     S(cho)   S(metal)  DE(clash)   DE(tors)     intcor
         0     -16.64      12.58       0.00       0.00       0.00       3.04       1.98       2.94
        70     -16.42      -3.20       0.00       0.00       0.00      18.04       2.26       2.94
       135      -7.25      -2.81       0.00       0.00       0.00       9.49       1.76       2.94
       613      -5.85       5.23       0.00       0.00       0.00       0.00       1.78       2.94
       934      -3.25       1.95       0.00       0.00       0.00       0.00       2.12       2.94
       956       1.36      -1.92       0.00       0.00       0.00       0.00       1.75       2.94
       965       1.36      -1.92       0.00       0.00       0.00       0.00       1.75       2.94
      1008       5.86      -9.32       0.02       0.00       0.00       2.40       2.03       2.94
      2239       6.21      -8.09       0.01       0.00       0.00       0.68       2.08       2.94
      2285       8.19     -11.20       0.04       0.00       0.00       2.11       1.98       2.94
      2317      12.99     -13.36       0.00       0.00       0.00       0.00       1.65       2.94
      2598      13.18     -13.39       0.00       0.00       0.00       0.00       1.58       2.94
--------------------------------------------------------------------------------
Best docking solution after GA:
      2750      13.18     -13.39       0.00       0.00       0.00       0.00       1.58       2.93

#ops:       2750 #mutates:   1331 #cross:     1419 #dups:       498 
#niche:     1134 #errors:      56 
--------------------------------------------------------------------------------

Doing AMOEBA simplex on best individual
Done simplexing #iterations 991, best score  42.00

Ligand is stored in gold_soln_prep_ligand_13_m1_2.mol2


--------------------------------------------------------------------------------
--- CHEMPLP breakdown of terms                                               ---
--------------------------------------------------------------------------------
CHEMPLP = - ( 1.0000*S(PLP) + -3.0000*S(hbond) + -6.0000*S(metal) + -3.0000*S(cho) )

Score = CHEMPLP - 1.0000*DE(clash) - 2.0000*DE(tors)

Internal energy term has been corrected with the best internal energy encountered.

--------------------------------------------------------------------------------


     Score     S(PLP)   S(hbond)     S(cho)   S(metal)  DE(clash)   DE(tors)     intcor
     42.00     -42.43       0.00       0.00       0.00       0.00       1.68       2.93

--------------------------------------------------------------------------------
--- PLP analysis of protein-ligand interactions                              ---
--------------------------------------------------------------------------------
hydrogen bonding        :      -1.00
metal                   :       0.00
buried (polar-nonpolar) :      -0.66
nonpolar                :     -41.63
repulsive               :       0.28
--------------------------------------------------------------------------------


--------------------------------------------------------------------------------
--- ChemScore analysis of protein-ligand interactions                        ---
--------------------------------------------------------------------------------

* Hydrogen bonds                                                                


* CH..O interactions                                                            
  CH group selection                       : activated ring CH (adjacent to hetatom)

--------------------------------------------------------------------------------


--------------------------------------------------------------------------------
--- Intra-ligand clashes                                                     ---
--------------------------------------------------------------------------------

Ligand
--------------------------------------------------------------------------------


--------------------------------------------------------------------------------
--- Chromosome decoded                                                       ---
--------------------------------------------------------------------------------
Ligand Torsions
[  16   15   14   13] -171.06
[  17   16   15   14] -154.31
[  26   25   24   23]  101.43
Protein Torsions
[ 489  484  483  480]   -5.02 
[1635 1626 1625 1623] -109.75 
[1707 1702 1701 1698]  -10.18 
[1839 1828 1827 1826]  119.01 
Mapping
Ligand acceptors to protein hydrogens (mapping then atom ids)
Ligand hydrogens to protein acceptors (mapping then atom ids)
Ligand shape atoms to protein points (mapping then atom ids & coords)
  3  1293 [ 15->(-20.750  19.500  21.000)]
  7   599 [ 21->(-22.250  20.750  20.750)]
 13  2198 [ 29->(-19.000  17.500  21.750)]
Chromosome values
Integers:
  -1   -1   -1   -1   -1   -1 1292   -1   -1   -1  598   -1 
  -1   -1   -1   -1 2197   -1 
--------------------------------------------------------------------------------

Current Ranking  1  2

--------------------------------------------------------------------------------

* GA execution time :                                                           
  total  0.0547 user  0.0546 sys  0.0000

--------------------------------------------------------------------------------
Fitness function evaluations: 8253

--------------------------------------------------------------------------------
** Docking run number  3 **
--------------------------------------------------------------------------------
  Rank fitness base is 5000.00 ; increment is 11.2233

* Initialising population(s) ...                                                
Number of constraints mappings 0
Number of constraints 0
  Population no.                           :      1
  Population size                          :    100
  Number of duplicates                     :      0
  Number of niche violations               :      0
  Number of errors                         :     38


Doing GA, no. of population(s) 1 size 100 selection pressure 1.100000

 Operation      Score     S(PLP)   S(hbond)     S(cho)   S(metal)  DE(clash)   DE(tors)     intcor
         0     -10.14       6.95       0.36       0.00       0.00       3.32       1.95       2.93
       462      -9.33      -1.61       0.00       0.00       0.00      10.06       1.90       2.93
       480      -0.60     -13.43       0.00       0.00       0.00      13.42       1.77       2.93
       643      19.73     -22.13       0.00       0.00       0.00       1.40       1.97       2.93
       908      19.75     -22.18       0.00       0.00       0.00       1.40       1.98       2.93
      1273      22.73     -25.13       0.00       0.00       0.00       1.40       1.97       2.93
      1422      23.34     -24.75       0.00       0.00       0.00       0.00       2.17       2.93
      1933      30.88     -32.37       0.16       0.00       0.00       0.00       2.45       2.93
      2194      32.38     -35.06       0.21       0.00       0.00       2.26       1.99       2.93
      2606      35.19     -37.02       0.49       0.00       0.00       2.26       1.99       2.93
--------------------------------------------------------------------------------
Best docking solution after GA:
      2750      35.19     -37.02       0.49       0.00       0.00       2.26       1.99       2.93

#ops:       2750 #mutates:   1367 #cross:     1383 #dups:       778 
#niche:     1421 #errors:      71 
--------------------------------------------------------------------------------

Doing AMOEBA simplex on best individual
Done simplexing #iterations 688, best score  51.15

Ligand is stored in gold_soln_prep_ligand_13_m1_3.mol2


--------------------------------------------------------------------------------
--- CHEMPLP breakdown of terms                                               ---
--------------------------------------------------------------------------------
CHEMPLP = - ( 1.0000*S(PLP) + -3.0000*S(hbond) + -6.0000*S(metal) + -3.0000*S(cho) )

Score = CHEMPLP - 1.0000*DE(clash) - 2.0000*DE(tors)

Internal energy term has been corrected with the best internal energy encountered.

--------------------------------------------------------------------------------


     Score     S(PLP)   S(hbond)     S(cho)   S(metal)  DE(clash)   DE(tors)     intcor
     51.15     -49.23       1.00       0.00       0.00       0.00       2.01       2.93

--------------------------------------------------------------------------------
--- PLP analysis of protein-ligand interactions                              ---
--------------------------------------------------------------------------------
hydrogen bonding        :      -1.00
metal                   :       0.00
buried (polar-nonpolar) :      14.24
nonpolar                :     -63.59
repulsive               :       0.25
--------------------------------------------------------------------------------


--------------------------------------------------------------------------------
--- ChemScore analysis of protein-ligand interactions                        ---
--------------------------------------------------------------------------------

* Hydrogen bonds                                                                
Ligand donor    3 hydrogen   32 Protein acceptor 1639 bond energy  1.00 wt 1.00


* CH..O interactions                                                            
  CH group selection                       : activated ring CH (adjacent to hetatom)

--------------------------------------------------------------------------------


--------------------------------------------------------------------------------
--- Intra-ligand clashes                                                     ---
--------------------------------------------------------------------------------

Ligand
--------------------------------------------------------------------------------


--------------------------------------------------------------------------------
--- Chromosome decoded                                                       ---
--------------------------------------------------------------------------------
Ligand Torsions
[  16   15   14   13]  -80.84
[  17   16   15   14] -144.01
[  26   25   24   23]  -73.71
Protein Torsions
[ 489  484  483  480]   32.46 
[1635 1626 1625 1623]  -95.80 
[1707 1702 1701 1698]  168.97 
[1839 1828 1827 1826]  -22.49 
Mapping
Ligand acceptors to protein hydrogens (mapping then atom ids)
Ligand hydrogens to protein acceptors (mapping then atom ids)
Ligand shape atoms to protein points (mapping then atom ids & coords)
  2  4391 [  8->(-15.500  12.250  19.500)]
  6  3625 [ 19->(-16.500  17.250  21.500)]
  9  5793 [ 23->(-13.000  16.250  20.250)]
 11  7233 [ 27->( -7.500  15.500  20.000)]
 12  7349 [ 28->( -7.000  17.000  20.250)]
 14  7278 [ 30->( -7.250  16.000  20.250)]
Chromosome values
Integers:
  -1   -1   -1   -1   -1 4390   -1   -1   -1 3624   -1   -1 
5792   -1 7232 7348   -1 7277 
--------------------------------------------------------------------------------

Current Ranking  3  1  2

--------------------------------------------------------------------------------

* GA execution time :                                                           
  total  0.0531 user  0.0531 sys  0.0000

--------------------------------------------------------------------------------
Fitness function evaluations: 7706

--------------------------------------------------------------------------------
** Docking run number  4 **
--------------------------------------------------------------------------------
  Rank fitness base is 5000.00 ; increment is 11.2233

* Initialising population(s) ...                                                
Number of constraints mappings 0
Number of constraints 0
  Population no.                           :      1
  Population size                          :    100
  Number of duplicates                     :      0
  Number of niche violations               :      0
  Number of errors                         :     25


Doing GA, no. of population(s) 1 size 100 selection pressure 1.100000

 Operation      Score     S(PLP)   S(hbond)     S(cho)   S(metal)  DE(clash)   DE(tors)     intcor
         0       2.21     -39.48       0.87       0.00       0.00      42.39       0.22       2.93
       745      13.29     -14.73       0.00       0.00       0.00       0.00       2.18       2.93
      1243      14.21     -15.43       0.00       0.00       0.00       0.00       2.08       2.93
      1734      15.45     -20.05       0.05       0.00       0.00       4.28       1.71       2.93
      2422      15.65     -17.41       0.00       0.00       0.00       0.82       1.94       2.93
--------------------------------------------------------------------------------
Best docking solution after GA:
      2750      15.65     -17.41       0.00       0.00       0.00       0.82       1.94       2.93

#ops:       2750 #mutates:   1350 #cross:     1400 #dups:       526 
#niche:     1196 #errors:     106 
--------------------------------------------------------------------------------

Doing AMOEBA simplex on best individual
Done simplexing #iterations 1299, best score  33.46

Ligand is stored in gold_soln_prep_ligand_13_m1_4.mol2


--------------------------------------------------------------------------------
--- CHEMPLP breakdown of terms                                               ---
--------------------------------------------------------------------------------
CHEMPLP = - ( 1.0000*S(PLP) + -3.0000*S(hbond) + -6.0000*S(metal) + -3.0000*S(cho) )

Score = CHEMPLP - 1.0000*DE(clash) - 2.0000*DE(tors)

Internal energy term has been corrected with the best internal energy encountered.

--------------------------------------------------------------------------------


     Score     S(PLP)   S(hbond)     S(cho)   S(metal)  DE(clash)   DE(tors)     intcor
     33.46     -33.50       0.47       0.00       0.00       0.00       2.19       2.93

--------------------------------------------------------------------------------
--- PLP analysis of protein-ligand interactions                              ---
--------------------------------------------------------------------------------
hydrogen bonding        :      -1.05
metal                   :       0.00
buried (polar-nonpolar) :      18.17
nonpolar                :     -58.40
repulsive               :       7.53
--------------------------------------------------------------------------------


--------------------------------------------------------------------------------
--- ChemScore analysis of protein-ligand interactions                        ---
--------------------------------------------------------------------------------

* Hydrogen bonds                                                                
Ligand donor    3 hydrogen   32 Protein acceptor 1626 bond energy  1.00 wt 0.47


* CH..O interactions                                                            
  CH group selection                       : activated ring CH (adjacent to hetatom)

--------------------------------------------------------------------------------


--------------------------------------------------------------------------------
--- Intra-ligand clashes                                                     ---
--------------------------------------------------------------------------------

Ligand
--------------------------------------------------------------------------------


--------------------------------------------------------------------------------
--- Chromosome decoded                                                       ---
--------------------------------------------------------------------------------
Ligand Torsions
[  16   15   14   13] -162.07
[  17   16   15   14]  -92.30
[  26   25   24   23]  106.05
Protein Torsions
[ 489  484  483  480] -168.16 
[1635 1626 1625 1623]   69.67 
[1707 1702 1701 1698]   58.75 
[1839 1828 1827 1826]  -18.58 
Mapping
Ligand acceptors to protein hydrogens (mapping then atom ids)
Ligand hydrogens to protein acceptors (mapping then atom ids)
  1  46 [ 32->1626]
Ligand shape atoms to protein points (mapping then atom ids & coords)
  1  7187 [  5->( -8.000  15.750  20.000)]
  2  7272 [  8->( -7.250  15.750  19.750)]
  5  4061 [ 18->(-16.000  16.250  20.000)]
  6  2854 [ 19->(-17.750  18.000  22.750)]
  9  5940 [ 23->(-12.750  15.750  21.000)]
 14  5543 [ 30->(-13.250  12.250  19.500)]
Chromosome values
Integers:
  -1   -1   -1   45 7186 7271   -1   -1 4060 2853   -1   -1 
5939   -1   -1   -1   -1 5542 
--------------------------------------------------------------------------------

Current Ranking  3  1  2  4

--------------------------------------------------------------------------------

* GA execution time :                                                           
  total  0.0557 user  0.0557 sys  0.0000

--------------------------------------------------------------------------------
Fitness function evaluations: 8695

--------------------------------------------------------------------------------
** Docking run number  5 **
--------------------------------------------------------------------------------
  Rank fitness base is 5000.00 ; increment is 11.2233

* Initialising population(s) ...                                                
Number of constraints mappings 0
Number of constraints 0
  Population no.                           :      1
  Population size                          :    100
  Number of duplicates                     :      0
  Number of niche violations               :      0
  Number of errors                         :     27


Doing GA, no. of population(s) 1 size 100 selection pressure 1.100000

 Operation      Score     S(PLP)   S(hbond)     S(cho)   S(metal)  DE(clash)   DE(tors)     intcor
         0     -20.49      -1.35       0.02       0.00       0.00      21.83       1.49       2.87
       207     -19.20      18.16       0.00       0.00       0.00       0.21       1.85       2.87
       256       6.06      -7.28       0.00       0.00       0.00       0.00       2.04       2.87
       452       9.33     -11.24       0.01       0.00       0.00       0.83       1.99       2.87
      1120      12.98     -14.64       0.00       0.00       0.00       0.00       2.26       2.87
      1368      16.22     -16.47       0.00       0.00       0.00       0.00       1.56       2.87
      1501      24.92     -25.19       0.00       0.00       0.00       0.00       1.56       2.87
      1747      26.22     -26.52       0.00       0.00       0.00       0.00       1.58       2.87
      1774      26.45     -26.71       0.00       0.00       0.00       0.00       1.56       2.87
      2311      27.66     -28.06       0.00       0.00       0.00       0.00       1.63       2.87
      2361      31.27     -31.67       0.00       0.00       0.00       0.00       1.63       2.87
      2431      32.65     -32.91       0.00       0.00       0.00       0.00       1.56       2.87
      2589      33.58     -33.91       0.00       0.00       0.00       0.00       1.60       2.87
--------------------------------------------------------------------------------
Best docking solution after GA:
      2750      33.58     -33.91       0.00       0.00       0.00       0.00       1.60       2.87

#ops:       2750 #mutates:   1365 #cross:     1385 #dups:       683 
#niche:     1405 #errors:      43 
--------------------------------------------------------------------------------

Doing AMOEBA simplex on best individual
Done simplexing #iterations 591, best score  38.19

Ligand is stored in gold_soln_prep_ligand_13_m1_5.mol2


--------------------------------------------------------------------------------
--- CHEMPLP breakdown of terms                                               ---
--------------------------------------------------------------------------------
CHEMPLP = - ( 1.0000*S(PLP) + -3.0000*S(hbond) + -6.0000*S(metal) + -3.0000*S(cho) )

Score = CHEMPLP - 1.0000*DE(clash) - 2.0000*DE(tors)

Internal energy term has been corrected with the best internal energy encountered.

--------------------------------------------------------------------------------


     Score     S(PLP)   S(hbond)     S(cho)   S(metal)  DE(clash)   DE(tors)     intcor
     38.19     -38.47       0.00       0.00       0.00       0.00       1.57       2.87

--------------------------------------------------------------------------------
--- PLP analysis of protein-ligand interactions                              ---
--------------------------------------------------------------------------------
hydrogen bonding        :      -1.08
metal                   :       0.00
buried (polar-nonpolar) :      19.12
nonpolar                :     -56.17
repulsive               :       0.40
--------------------------------------------------------------------------------


--------------------------------------------------------------------------------
--- ChemScore analysis of protein-ligand interactions                        ---
--------------------------------------------------------------------------------

* Hydrogen bonds                                                                


* CH..O interactions                                                            
  CH group selection                       : activated ring CH (adjacent to hetatom)

--------------------------------------------------------------------------------


--------------------------------------------------------------------------------
--- Intra-ligand clashes                                                     ---
--------------------------------------------------------------------------------

Ligand
--------------------------------------------------------------------------------


--------------------------------------------------------------------------------
--- Chromosome decoded                                                       ---
--------------------------------------------------------------------------------
Ligand Torsions
[  16   15   14   13]  120.67
[  17   16   15   14] -159.04
[  26   25   24   23]  -97.83
Protein Torsions
[ 489  484  483  480]  118.67 
[1635 1626 1625 1623]   75.05 
[1707 1702 1701 1698] -112.68 
[1839 1828 1827 1826] -116.41 
Mapping
Ligand acceptors to protein hydrogens (mapping then atom ids)
Ligand hydrogens to protein acceptors (mapping then atom ids)
Ligand shape atoms to protein points (mapping then atom ids & coords)
  1  5143 [  5->(-14.000  12.250  20.250)]
  2  7136 [  8->( -9.500  13.750  19.750)]
  9  3895 [ 23->(-16.250  18.750  21.750)]
 13  1272 [ 29->(-20.750  18.750  21.500)]
 14  2762 [ 30->(-18.000  18.750  21.250)]
Chromosome values
Integers:
  -1   -1   -1   -1 5142 7135   -1   -1   -1   -1   -1   -1 
3894   -1   -1   -1 1271 2761 
--------------------------------------------------------------------------------

Current Ranking  3  1  2  5  4

--------------------------------------------------------------------------------

* GA execution time :                                                           
  total  0.0530 user  0.0520 sys  0.0010

--------------------------------------------------------------------------------
Fitness function evaluations: 7560

--------------------------------------------------------------------------------
** Docking run number  6 **
--------------------------------------------------------------------------------
  Rank fitness base is 5000.00 ; increment is 11.2233

* Initialising population(s) ...                                                
Number of constraints mappings 0
Number of constraints 0
  Population no.                           :      1
  Population size                          :    100
  Number of duplicates                     :      0
  Number of niche violations               :      0
  Number of errors                         :     25


Doing GA, no. of population(s) 1 size 100 selection pressure 1.100000

 Operation      Score     S(PLP)   S(hbond)     S(cho)   S(metal)  DE(clash)   DE(tors)     intcor
         0      14.32     -16.28       0.00       0.00       0.00       0.83       2.00       2.87
       272      22.16     -23.13       0.00       0.00       0.00       0.00       1.92       2.87
       675      22.69     -24.67       0.00       0.00       0.00       1.40       1.72       2.87
      1215      23.30     -25.62       0.00       0.00       0.00       1.40       1.89       2.87
      1265      23.80     -24.94       0.00       0.00       0.00       0.00       2.00       2.87
      1305      24.43     -26.79       0.00       0.00       0.00       1.78       1.72       2.87
      1513      25.64     -26.34       0.00       0.00       0.00       0.00       1.78       2.87
      2089      26.21     -27.13       0.00       0.00       0.00       0.00       1.89       2.87
      2146      28.24     -29.28       0.00       0.00       0.00       0.00       1.95       2.87
      2400      28.75     -29.69       0.00       0.00       0.00       0.00       1.90       2.87
      2401      28.89     -29.78       0.00       0.00       0.00       0.00       1.88       2.87
      2438      29.18     -30.23       0.00       0.00       0.00       0.00       1.95       2.87
      2492      31.60     -32.49       0.00       0.00       0.00       0.00       1.88       2.87
      2671      31.94     -32.93       0.00       0.00       0.00       0.00       1.93       2.87
--------------------------------------------------------------------------------
Best docking solution after GA:
      2750      31.94     -32.93       0.00       0.00       0.00       0.00       1.93       2.87

#ops:       2750 #mutates:   1366 #cross:     1384 #dups:       838 
#niche:     1551 #errors:      83 
--------------------------------------------------------------------------------

Doing AMOEBA simplex on best individual
Done simplexing #iterations 872, best score  38.25

Ligand is stored in gold_soln_prep_ligand_13_m1_6.mol2


--------------------------------------------------------------------------------
--- CHEMPLP breakdown of terms                                               ---
--------------------------------------------------------------------------------
CHEMPLP = - ( 1.0000*S(PLP) + -3.0000*S(hbond) + -6.0000*S(metal) + -3.0000*S(cho) )

Score = CHEMPLP - 1.0000*DE(clash) - 2.0000*DE(tors)

Internal energy term has been corrected with the best internal energy encountered.

--------------------------------------------------------------------------------


     Score     S(PLP)   S(hbond)     S(cho)   S(metal)  DE(clash)   DE(tors)     intcor
     38.25     -39.18       0.00       0.00       0.00       0.00       1.90       2.87

--------------------------------------------------------------------------------
--- PLP analysis of protein-ligand interactions                              ---
--------------------------------------------------------------------------------
hydrogen bonding        :       0.00
metal                   :       0.00
buried (polar-nonpolar) :      -7.41
nonpolar                :     -32.37
repulsive               :       0.31
--------------------------------------------------------------------------------


--------------------------------------------------------------------------------
--- ChemScore analysis of protein-ligand interactions                        ---
--------------------------------------------------------------------------------

* Hydrogen bonds                                                                


* CH..O interactions                                                            
  CH group selection                       : activated ring CH (adjacent to hetatom)

--------------------------------------------------------------------------------


--------------------------------------------------------------------------------
--- Intra-ligand clashes                                                     ---
--------------------------------------------------------------------------------

Ligand
--------------------------------------------------------------------------------


--------------------------------------------------------------------------------
--- Chromosome decoded                                                       ---
--------------------------------------------------------------------------------
Ligand Torsions
[  16   15   14   13]   31.14
[  17   16   15   14]  175.76
[  26   25   24   23]  -76.18
Protein Torsions
[ 489  484  483  480]  -21.24 
[1635 1626 1625 1623]   66.73 
[1707 1702 1701 1698] -122.77 
[1839 1828 1827 1826]  -69.82 
Mapping
Ligand acceptors to protein hydrogens (mapping then atom ids)
Ligand hydrogens to protein acceptors (mapping then atom ids)
Ligand shape atoms to protein points (mapping then atom ids & coords)
  1   716 [  5->(-22.000  21.250  19.500)]
  2   750 [  8->(-22.000  24.750  18.250)]
  3  4692 [ 15->(-15.250  22.500  20.250)]
 12  2693 [ 28->(-18.000  17.500  21.000)]
Chromosome values
Integers:
  -1   -1   -1   -1  715  749 4691   -1   -1   -1   -1   -1 
  -1   -1   -1 2692   -1   -1 
--------------------------------------------------------------------------------

Current Ranking  3  1  2  6  5  4

--------------------------------------------------------------------------------

* GA execution time :                                                           
  total  0.0551 user  0.0551 sys  0.0000

--------------------------------------------------------------------------------
Fitness function evaluations: 7959

--------------------------------------------------------------------------------
** Docking run number  7 **
--------------------------------------------------------------------------------
  Rank fitness base is 5000.00 ; increment is 11.2233

* Initialising population(s) ...                                                
Number of constraints mappings 0
Number of constraints 0
  Population no.                           :      1
  Population size                          :    100
  Number of duplicates                     :      0
  Number of niche violations               :      0
  Number of errors                         :     39


Doing GA, no. of population(s) 1 size 100 selection pressure 1.100000

 Operation      Score     S(PLP)   S(hbond)     S(cho)   S(metal)  DE(clash)   DE(tors)     intcor
         0      11.08     -15.26       0.83       0.00       0.00       6.25       1.63       2.87
       532      11.78     -19.21       1.01       0.00       0.00      10.07       1.63       2.87
       742      13.85     -18.90       1.01       0.00       0.00       7.83       1.56       2.87
      1002      14.72     -12.80       1.01       0.00       0.00       0.00       1.99       2.87
      1339      15.27     -13.90       0.83       0.00       0.00       0.00       1.99       2.87
      1455      15.51     -13.52       1.01       0.00       0.00       0.00       1.95       2.87
      1522      18.70     -17.32       1.01       0.00       0.00       0.00       2.27       2.87
      1713      19.33     -17.97       1.02       0.00       0.00       0.00       2.29       2.87
      1796      25.68     -26.91       0.14       0.00       0.00       0.00       2.26       2.87
      2437      28.57     -29.17       0.35       0.00       0.00       0.00       2.26       2.87
--------------------------------------------------------------------------------
Best docking solution after GA:
      2750      28.57     -29.17       0.35       0.00       0.00       0.00       2.26       2.87

#ops:       2750 #mutates:   1358 #cross:     1392 #dups:       500 
#niche:     1255 #errors:      80 
--------------------------------------------------------------------------------

Doing AMOEBA simplex on best individual
Done simplexing #iterations 721, best score  41.04

Ligand is stored in gold_soln_prep_ligand_13_m1_7.mol2


--------------------------------------------------------------------------------
--- CHEMPLP breakdown of terms                                               ---
--------------------------------------------------------------------------------
CHEMPLP = - ( 1.0000*S(PLP) + -3.0000*S(hbond) + -6.0000*S(metal) + -3.0000*S(cho) )

Score = CHEMPLP - 1.0000*DE(clash) - 2.0000*DE(tors)

Internal energy term has been corrected with the best internal energy encountered.

--------------------------------------------------------------------------------


     Score     S(PLP)   S(hbond)     S(cho)   S(metal)  DE(clash)   DE(tors)     intcor
     41.04     -40.47       0.64       0.00       0.00       0.00       2.10       2.87

--------------------------------------------------------------------------------
--- PLP analysis of protein-ligand interactions                              ---
--------------------------------------------------------------------------------
hydrogen bonding        :      -1.00
metal                   :       0.00
buried (polar-nonpolar) :      -5.58
nonpolar                :     -35.07
repulsive               :       0.28
--------------------------------------------------------------------------------


--------------------------------------------------------------------------------
--- ChemScore analysis of protein-ligand interactions                        ---
--------------------------------------------------------------------------------

* Hydrogen bonds                                                                
Ligand donor    3 hydrogen   32 Protein acceptor 2706 bond energy  1.00 wt 0.64


* CH..O interactions                                                            
  CH group selection                       : activated ring CH (adjacent to hetatom)

--------------------------------------------------------------------------------


--------------------------------------------------------------------------------
--- Intra-ligand clashes                                                     ---
--------------------------------------------------------------------------------

Ligand
--------------------------------------------------------------------------------


--------------------------------------------------------------------------------
--- Chromosome decoded                                                       ---
--------------------------------------------------------------------------------
Ligand Torsions
[  16   15   14   13]   14.86
[  17   16   15   14] -131.23
[  26   25   24   23] -106.70
Protein Torsions
[ 489  484  483  480]  134.93 
[1635 1626 1625 1623]  177.12 
[1707 1702 1701 1698]  137.11 
[1839 1828 1827 1826]  174.61 
Mapping
Ligand acceptors to protein hydrogens (mapping then atom ids)
Ligand hydrogens to protein acceptors (mapping then atom ids)
  1  13 [ 32->2706]
Ligand shape atoms to protein points (mapping then atom ids & coords)
  1  1180 [  5->(-21.000  20.500  19.750)]
  2   519 [  8->(-22.500  21.500  19.750)]
  3  4551 [ 15->(-15.500  23.000  19.750)]
 10  5097 [ 26->(-14.250  17.250  21.500)]
 14  5334 [ 30->(-13.750  16.500  21.000)]
Chromosome values
Integers:
  -1   -1   -1   12 1179  518 4550   -1   -1   -1   -1   -1 
  -1 5096   -1   -1   -1 5333 
--------------------------------------------------------------------------------

Current Ranking  3  1  2  7  6  5  4

--------------------------------------------------------------------------------

* GA execution time :                                                           
  total  0.0532 user  0.0513 sys  0.0020

--------------------------------------------------------------------------------
Fitness function evaluations: 7868

--------------------------------------------------------------------------------
** Docking run number  8 **
--------------------------------------------------------------------------------
  Rank fitness base is 5000.00 ; increment is 11.2233

* Initialising population(s) ...                                                
Number of constraints mappings 0
Number of constraints 0
  Population no.                           :      1
  Population size                          :    100
  Number of duplicates                     :      0
  Number of niche violations               :      0
  Number of errors                         :     40


Doing GA, no. of population(s) 1 size 100 selection pressure 1.100000

 Operation      Score     S(PLP)   S(hbond)     S(cho)   S(metal)  DE(clash)   DE(tors)     intcor
         0      17.33     -18.85       1.00       0.00       0.00       3.70       1.84       2.84
       255      19.95     -18.33       1.00       0.00       0.00       0.00       2.11       2.84
       453      22.93     -25.95       0.50       0.00       0.00       3.70       1.84       2.84
       884      46.32     -44.70       1.00       0.00       0.00       0.00       2.11       2.84
      1789      46.44     -45.23       1.00       0.00       0.00       0.54       2.04       2.84
      2502      47.20     -45.58       1.00       0.00       0.00       0.00       2.11       2.84
      2624      47.24     -46.02       1.00       0.00       0.00       0.54       2.04       2.84
--------------------------------------------------------------------------------
Best docking solution after GA:
      2750      47.24     -46.02       1.00       0.00       0.00       0.54       2.04       2.84

#ops:       2750 #mutates:   1364 #cross:     1386 #dups:       729 
#niche:     1272 #errors:      65 
--------------------------------------------------------------------------------

Doing AMOEBA simplex on best individual
Done simplexing #iterations 450, best score  50.96

Ligand is stored in gold_soln_prep_ligand_13_m1_8.mol2


--------------------------------------------------------------------------------
--- CHEMPLP breakdown of terms                                               ---
--------------------------------------------------------------------------------
CHEMPLP = - ( 1.0000*S(PLP) + -3.0000*S(hbond) + -6.0000*S(metal) + -3.0000*S(cho) )

Score = CHEMPLP - 1.0000*DE(clash) - 2.0000*DE(tors)

Internal energy term has been corrected with the best internal energy encountered.

--------------------------------------------------------------------------------


     Score     S(PLP)   S(hbond)     S(cho)   S(metal)  DE(clash)   DE(tors)     intcor
     50.96     -49.25       1.00       0.00       0.00       0.00       2.07       2.84

--------------------------------------------------------------------------------
--- PLP analysis of protein-ligand interactions                              ---
--------------------------------------------------------------------------------
hydrogen bonding        :      -1.00
metal                   :       0.00
buried (polar-nonpolar) :      14.68
nonpolar                :     -64.34
repulsive               :       0.36
--------------------------------------------------------------------------------


--------------------------------------------------------------------------------
--- ChemScore analysis of protein-ligand interactions                        ---
--------------------------------------------------------------------------------

* Hydrogen bonds                                                                
Ligand donor    3 hydrogen   32 Protein acceptor 1639 bond energy  1.00 wt 1.00


* CH..O interactions                                                            
  CH group selection                       : activated ring CH (adjacent to hetatom)

--------------------------------------------------------------------------------


--------------------------------------------------------------------------------
--- Intra-ligand clashes                                                     ---
--------------------------------------------------------------------------------

Ligand
--------------------------------------------------------------------------------


--------------------------------------------------------------------------------
--- Chromosome decoded                                                       ---
--------------------------------------------------------------------------------
Ligand Torsions
[  16   15   14   13]  -83.99
[  17   16   15   14] -143.35
[  26   25   24   23]  -73.84
Protein Torsions
[ 489  484  483  480] -149.20 
[1635 1626 1625 1623]  -50.70 
[1707 1702 1701 1698]  -97.17 
[1839 1828 1827 1826] -114.13 
Mapping
Ligand acceptors to protein hydrogens (mapping then atom ids)
Ligand hydrogens to protein acceptors (mapping then atom ids)
  1  38 [ 32->1639]
Ligand shape atoms to protein points (mapping then atom ids & coords)
  1  5668 [  5->(-13.000  10.250  19.250)]
  4  4522 [ 17->(-15.500  18.500  21.500)]
  8  5477 [ 22->(-13.500  16.500  20.250)]
 12  7452 [ 28->( -6.500  17.000  20.250)]
Chromosome values
Integers:
  -1   -1   -1   37 5667   -1   -1 4521   -1   -1   -1 5476 
  -1   -1   -1 7451   -1   -1 
--------------------------------------------------------------------------------

Current Ranking  3  8  1  2  7  6  5  4

--------------------------------------------------------------------------------

* GA execution time :                                                           
  total  0.0505 user  0.0496 sys  0.0010

--------------------------------------------------------------------------------
Fitness function evaluations: 7393

--------------------------------------------------------------------------------
** Docking run number  9 **
--------------------------------------------------------------------------------
  Rank fitness base is 5000.00 ; increment is 11.2233

* Initialising population(s) ...                                                
Number of constraints mappings 0
Number of constraints 0
  Population no.                           :      1
  Population size                          :    100
  Number of duplicates                     :      0
  Number of niche violations               :      0
  Number of errors                         :     30


Doing GA, no. of population(s) 1 size 100 selection pressure 1.100000

 Operation      Score     S(PLP)   S(hbond)     S(cho)   S(metal)  DE(clash)   DE(tors)     intcor
         0      -4.81      -9.36       0.00       0.00       0.00      15.04       0.99       2.84
        12      -0.32     -14.24       0.00       0.00       0.00      15.04       1.18       2.84
       581       5.78     -16.80       0.10       0.00       0.00      10.84       1.66       2.84
       661      12.32     -13.29       0.15       0.00       0.00       0.00       2.13       2.84
      1248      15.43     -16.40       0.15       0.00       0.00       0.00       2.13       2.84
      1345      22.27     -23.66       0.08       0.00       0.00       0.00       2.23       2.84
      1553      24.20     -25.01       0.20       0.00       0.00       0.00       2.13       2.84
      1980      25.10     -25.77       0.20       0.00       0.00       0.00       2.06       2.84
      2196      25.30     -25.96       0.20       0.00       0.00       0.00       2.05       2.84
      2277      25.44     -25.35       0.30       0.00       0.00       0.00       1.83       2.84
      2319      32.43     -34.19       0.00       0.00       0.00       0.00       2.30       2.84
--------------------------------------------------------------------------------
Best docking solution after GA:
      2750      32.43     -34.19       0.00       0.00       0.00       0.00       2.30       2.84

#ops:       2750 #mutates:   1413 #cross:     1337 #dups:       679 
#niche:     1270 #errors:      68 
--------------------------------------------------------------------------------

Doing AMOEBA simplex on best individual
Done simplexing #iterations 818, best score  49.15

Ligand is stored in gold_soln_prep_ligand_13_m1_9.mol2


--------------------------------------------------------------------------------
--- CHEMPLP breakdown of terms                                               ---
--------------------------------------------------------------------------------
CHEMPLP = - ( 1.0000*S(PLP) + -3.0000*S(hbond) + -6.0000*S(metal) + -3.0000*S(cho) )

Score = CHEMPLP - 1.0000*DE(clash) - 2.0000*DE(tors)

Internal energy term has been corrected with the best internal energy encountered.

--------------------------------------------------------------------------------


     Score     S(PLP)   S(hbond)     S(cho)   S(metal)  DE(clash)   DE(tors)     intcor
     49.15     -50.46       0.00       0.00       0.00       0.00       2.08       2.84

--------------------------------------------------------------------------------
--- PLP analysis of protein-ligand interactions                              ---
--------------------------------------------------------------------------------
hydrogen bonding        :      -1.00
metal                   :       0.00
buried (polar-nonpolar) :     -10.15
nonpolar                :     -39.82
repulsive               :       0.41
--------------------------------------------------------------------------------


--------------------------------------------------------------------------------
--- ChemScore analysis of protein-ligand interactions                        ---
--------------------------------------------------------------------------------

* Hydrogen bonds                                                                


* CH..O interactions                                                            
  CH group selection                       : activated ring CH (adjacent to hetatom)

--------------------------------------------------------------------------------


--------------------------------------------------------------------------------
--- Intra-ligand clashes                                                     ---
--------------------------------------------------------------------------------

Ligand
--------------------------------------------------------------------------------


--------------------------------------------------------------------------------
--- Chromosome decoded                                                       ---
--------------------------------------------------------------------------------
Ligand Torsions
[  16   15   14   13]   64.56
[  17   16   15   14] -101.45
[  26   25   24   23]  105.83
Protein Torsions
[ 489  484  483  480]   91.30 
[1635 1626 1625 1623]   47.97 
[1707 1702 1701 1698]  152.13 
[1839 1828 1827 1826] -142.86 
Mapping
Ligand acceptors to protein hydrogens (mapping then atom ids)
Ligand hydrogens to protein acceptors (mapping then atom ids)
Ligand shape atoms to protein points (mapping then atom ids & coords)
  2  4174 [  8->(-16.000  23.250  19.750)]
  8  3900 [ 22->(-16.250  19.000  21.750)]
 14   805 [ 30->(-21.750  20.500  19.750)]
Chromosome values
Integers:
  -1   -1   -1   -1   -1 4173   -1   -1   -1   -1   -1 3899 
  -1   -1   -1   -1   -1  804 
--------------------------------------------------------------------------------

Current Ranking  3  8  9  1  2  7  6  5  4

--------------------------------------------------------------------------------

* GA execution time :                                                           
  total  0.0534 user  0.0524 sys  0.0010

--------------------------------------------------------------------------------
Fitness function evaluations: 7789

--------------------------------------------------------------------------------
** Docking run number 10 **
--------------------------------------------------------------------------------
  Rank fitness base is 5000.00 ; increment is 11.2233

* Initialising population(s) ...                                                
Number of constraints mappings 0
Number of constraints 0
  Population no.                           :      1
  Population size                          :    100
  Number of duplicates                     :      0
  Number of niche violations               :      0
  Number of errors                         :     35


Doing GA, no. of population(s) 1 size 100 selection pressure 1.100000

 Operation      Score     S(PLP)   S(hbond)     S(cho)   S(metal)  DE(clash)   DE(tors)     intcor
         0     -16.92       5.20       0.00       0.00       0.00      12.38       1.09       2.75
        17      -8.72       6.87       0.34       0.00       0.00       2.11       1.75       2.75
       273      -3.34       0.47       0.00       0.00       0.00       2.11       1.75       2.75
       655      -1.51       0.47       0.34       0.00       0.00       0.00       2.41       2.75
       793      -1.43       1.23       0.34       0.00       0.00       0.00       1.98       2.75
       849      -1.38      -2.53       0.00       0.00       0.00       2.39       2.13       2.75
       982       6.64     -11.37       0.44       0.00       0.00       5.44       1.68       2.75
      1290       7.68      -9.16       0.00       0.00       0.00       0.00       2.12       2.75
      1569      19.76     -21.69       0.00       0.00       0.00       0.00       2.34       2.75
      1873      22.53     -24.20       0.00       0.00       0.00       0.00       2.21       2.75
      2603      22.79     -24.53       0.00       0.00       0.00       0.00       2.24       2.75
      2642      23.36     -25.22       0.00       0.00       0.00       0.00       2.31       2.75
--------------------------------------------------------------------------------
Best docking solution after GA:
      2750      23.36     -25.22       0.00       0.00       0.00       0.00       2.31       2.75

#ops:       2750 #mutates:   1470 #cross:     1280 #dups:       561 
#niche:     1374 #errors:      72 
--------------------------------------------------------------------------------

Doing AMOEBA simplex on best individual
Done simplexing #iterations 1594, best score  37.81

Ligand is stored in gold_soln_prep_ligand_13_m1_10.mol2


--------------------------------------------------------------------------------
--- CHEMPLP breakdown of terms                                               ---
--------------------------------------------------------------------------------
CHEMPLP = - ( 1.0000*S(PLP) + -3.0000*S(hbond) + -6.0000*S(metal) + -3.0000*S(cho) )

Score = CHEMPLP - 1.0000*DE(clash) - 2.0000*DE(tors)

Internal energy term has been corrected with the best internal energy encountered.

--------------------------------------------------------------------------------


     Score     S(PLP)   S(hbond)     S(cho)   S(metal)  DE(clash)   DE(tors)     intcor
     37.81     -39.12       0.00       0.00       0.00       0.00       2.03       2.75

--------------------------------------------------------------------------------
--- PLP analysis of protein-ligand interactions                              ---
--------------------------------------------------------------------------------
hydrogen bonding        :      -1.82
metal                   :       0.00
buried (polar-nonpolar) :      17.36
nonpolar                :     -55.77
repulsive               :       0.55
--------------------------------------------------------------------------------


--------------------------------------------------------------------------------
--- ChemScore analysis of protein-ligand interactions                        ---
--------------------------------------------------------------------------------

* Hydrogen bonds                                                                


* CH..O interactions                                                            
  CH group selection                       : activated ring CH (adjacent to hetatom)

--------------------------------------------------------------------------------


--------------------------------------------------------------------------------
--- Intra-ligand clashes                                                     ---
--------------------------------------------------------------------------------

Ligand
--------------------------------------------------------------------------------


--------------------------------------------------------------------------------
--- Chromosome decoded                                                       ---
--------------------------------------------------------------------------------
Ligand Torsions
[  16   15   14   13] -178.01
[  17   16   15   14] -105.75
[  26   25   24   23]   70.50
Protein Torsions
[ 489  484  483  480]  100.21 
[1635 1626 1625 1623]  168.28 
[1707 1702 1701 1698]   65.78 
[1839 1828 1827 1826] -110.53 
Mapping
Ligand acceptors to protein hydrogens (mapping then atom ids)
Ligand hydrogens to protein acceptors (mapping then atom ids)
Ligand shape atoms to protein points (mapping then atom ids & coords)
  1  6028 [  5->(-12.500  12.250  19.750)]
  9  4360 [ 23->(-15.750  19.250  21.500)]
 10  3440 [ 26->(-16.750  18.250  21.000)]
Chromosome values
Integers:
  -1   -1   -1   -1 6027   -1   -1   -1   -1   -1   -1   -1 
4359 3439   -1   -1   -1   -1 
--------------------------------------------------------------------------------

Current Ranking  3  8  9  1  2  7  6  5 10  4

--------------------------------------------------------------------------------

* GA execution time :                                                           
  total  0.0576 user  0.0566 sys  0.0010

--------------------------------------------------------------------------------
Fitness function evaluations: 8893

--------------------------------------------------------------------------------
--- Ranking analysis                                                         ---
--------------------------------------------------------------------------------


* Final ranked order of GA solutions:                                           
   3  8  9  1  2  7  6  5 10  4 

  _______________________________
  RMSD Matrix of RANKED solutions

        2    3    4    5    6    7    8    9   10  

   1 :  0.2 12.1 11.0 11.0  9.1 11.1  6.7  7.0  5.8
   2 :      12.2 11.1 11.2  9.2 11.2  6.8  7.0  5.8
   3 :            2.4  6.0  7.1  5.3  8.1  8.0 11.5
   4 :                 6.2  7.5  6.6  7.4  7.4 10.3
   5 :                      6.4  6.0  9.2  9.2 10.8
   6 :                           3.2  6.7  6.6 10.3
   7 :                                7.8  7.7 11.4
   8 :                                     1.0  7.0
   9 :                                          7.0

  Clustering method                        : complete linkage
  Structure ids in cluster table           : rank nos.
  Ordering of clusters and their members   : by rank (order if from rms_analysis)

  Distance | Clusters
   0.16    |  1  2 |  3 |  4 |  5 |  6 |  7 |  8 |  9 | 10 |
   1.02    |  1  2 |  3 |  4 |  5 |  6 |  7 |  8  9 | 10 |
   2.44    |  1  2 |  3  4 |  5 |  6 |  7 |  8  9 | 10 |
   3.19    |  1  2 |  3  4 |  5 |  6  7 |  8  9 | 10 |
   5.79    |  1  2 10 |  3  4 |  5 |  6  7 |  8  9 |
   6.19    |  1  2 10 |  3  4  5 |  6  7 |  8  9 |
   7.02    |  1  2  8  9 10 |  3  4  5 |  6  7 |
   7.51    |  1  2  8  9 10 |  3  4  5  6  7 |
  12.16    |  1  2  3  4  5  6  7  8  9 10 |
  Finished Docking Ligand                  : /nfs/home/myuecel3/Frontiers_MedChem/data/output/gold_docking_step1/prep_ligand_13.mol2
--------------------------------------------------------------------------------

  Relative_Ligand_Energy (best encountered) :   2.748
  Relative_Ligand_Energy: fitness values have been corrected using this amount
