# WARNING: atom   11 in /nfs/home/myuecel3/Frontiers_MedChem/data/output/gold_docking_step1/prep_ligand_7.mol2 is type N.pl3 resetting to type   N.3 (set_atom_type)

--------------------------------------------------------------------------------
--- Ligand                                                                   ---
--------------------------------------------------------------------------------
  Ligand loaded from file                  : /nfs/home/myuecel3/Frontiers_MedChem/data/output/gold_docking_step1/prep_ligand_7.mol2
  Ligand name                              :  
  "RDKit          3D                                                        "

--------------------------------------------------------------------------------
  N.plc donors                             : 
  none found

  Acidic nitrogen acceptors                : 
  none found
  Sulfur acceptors                         :
  none found

   1 (SO2 acceptor)
   3 (SO2 acceptor)

  Donor atoms                              :      1
  11  
  Acceptor atoms                           :      4
  1   3   10  11  

  Hydrogens                                :  (n = 1)
  24   

  Lone pairs added to molecule             :      4
  Numbering                                : from 1 to 31

--------------------------------------------------------------------------------
--- Postprocessing of typing                                                 ---
--------------------------------------------------------------------------------
  Fragment file                            : /appl/ccdc/CSDS2022/Discovery_2022/GOLD/gold/rotatable_bond_override.mol2
  acylurea fragment                        : no matches
  thioacylthiourea fragment                : no matches
  acylthiourea fragment                    : no matches
  thioacylurea fragment                    : no matches
  diarylamine fragment >C.ar-NH-C.ar<      : no matches
  sec-amine (1) fragment                   : no matches
  sec-amine (2) fragment                   : no matches
  sec-amine (3) fragment                   : no matches
  carboxylic ester                         : no matches

* Rotatable bonds in /nfs/home/myuecel3/F  :
  [   2    4] [   4    5] [   2   11] [  11   12] 
  No. of rotatable bonds                   :      4


* Reading torsional distributions from file:
  /appl/ccdc/CSDS2022/Discovery_2022/GOLD/gold/gold.tordist
  No. of bins in torsional distributions   :     36
  Minimum size of largest peak             :      0
  Removing high energy torsions            : on
  Delta E set to                           :   2.500

* Fragments found in /nfs/home/myuecel3/F  :
  atom  12: benzene
  atom  13: benzene
  atom  14: benzene
  atom  15: benzene
  atom  16: benzene
  atom  17: benzene


* Checking torsion distributions:                                               
  Rotatable bond [ 4  2 11 12] matches torsion: sulphon
   C | S ( =O  =O ) | N ( 1H ) | C 
  No. of matched torsions                  :      1

--------------------------------------------------------------------------------
--- Shape fitting atoms selection (hydrophobic atoms)                        ---
--------------------------------------------------------------------------------
  Molecule                                 : /nfs/home/myuecel3/Frontiers_MedChem/data/output/gold_docking_step1/prep_ligand_7.mol2
  Selection                                : carbons only
  Atom numbers                             :  (n = 10)
  4    6    7    8    9    13   14   15   16   17   
  


--------------------------------------------------------------------------------
--- ChemScore ligand setup summary                                           ---
--------------------------------------------------------------------------------
  ChemScore ligand acceptors               :      4
  1 3 10 11 
  ChemScore ligand donors                  :      1
  11 ( 24  ) 
  ChemScore ligand CH donors               :      1
  9 ( 23 ) 

  ChemScore ligand lipophilic atoms        :  (n = 12)
  4    5    6    7    8    9    12   13   14   15   
  16   17   

  ChemScore ligand rotatable bonds         :      4
  2   (S2 ) - 4   (C4 ): SP3_SP2_BOND
  4   (C4 ) - 5   (C5 ): SP3_SP2_BOND
  2   (S2 ) - 11  (N11): SP3_SP2_BOND
  11  (N11) - 12  (C12): SP3_SP2_BOND

--------------------------------------------------------------------------------
--- PLP ligand setup summary                                                 ---
--------------------------------------------------------------------------------
    1    O1   O.2 ACCEPTOR
    2    S2  S.o2 NONPOLAR
    3    O3   O.2 ACCEPTOR
    4    C4   C.3 NONPOLAR
    5    C5  C.ar NONPOLAR
    6    C6  C.ar NONPOLAR
    7    C7  C.ar NONPOLAR
    8    C8  C.ar NONPOLAR
    9    C9  C.ar NONPOLAR
   10   N10  N.ar ACCEPTOR
   11   N11   N.3 DONACC
   12   C12  C.ar NONPOLAR
   13   C13  C.ar NONPOLAR
   14   C14  C.ar NONPOLAR
   15   C15  C.ar NONPOLAR
   16   C16  C.ar NONPOLAR
   17   C17  C.ar NONPOLAR

--------------------------------------------------------------------------------
--- Automatic parameter setting                                              ---
--------------------------------------------------------------------------------
  Contribution base                        :   2500
  Contribution per rotatable bond          :   6000
  Contribution per df                      :   4000
  Contribution per water                   :  10000
  Ligand rotatable bonds                   :      4
  Protein flexible side chain bonds        :      0
  Total rotatable bonds                    :      4
  Hydrophobic vol ratio (P/L)              :   1.454
  Base multiplier (polar)                  :   1.000
  Base multiplier (apolar)                 :   2.907
  Base contribution                        : 7500.000
  Fitting points                           :      5
  Estimated maxops needed (optimal)        :  32000
  Autoscale factor (in percent)            :     10
  Scaled maxops                            :   3250

--------------------------------------------------------------------------------

* Population settings                                                           
  maxops                                   :   3250
  popsiz                                   :    100
  select_pressure                          :   1.100
  n_islands                                :      1
  niche_siz                                :      2

* GA settings                                                                   
  pt_crosswt                               :    100
  allele_mutatewt                          :    100
  migratewt                                :      0

* Search settings                                                               
  start_vdw_linear_cutoff                  :   4.000
  initial_virtual_pt_match_max             :   3.000

--------------------------------------------------------------------------------

* Ligand initialisation time :                                                  
  total  0.0068 user  0.0058 sys  0.0010

--------------------------------------------------------------------------------

--------------------------------------------------------------------------------
** Docking run number  1 **
--------------------------------------------------------------------------------
  Rank fitness base is 5000.00 ; increment is 11.2233

* Initialising population(s) ...                                                
Number of constraints mappings 0
Number of constraints 0
  Population no.                           :      1
  Population size                          :    100
  Number of duplicates                     :      0
  Number of niche violations               :      0
  Number of errors                         :    106


Doing GA, no. of population(s) 1 size 100 selection pressure 1.100000

 Operation      Score     S(PLP)   S(hbond)     S(cho)   S(metal)  DE(clash)   DE(tors)     intcor
         0      29.33     -28.02       0.16       0.86       0.00       0.00       0.99       0.10
       516      30.58     -35.86       0.00       0.00       0.00       2.52       1.43       0.10
       817      32.30     -31.12       1.00       0.00       0.00       0.00       0.96       0.10
      1406      35.24     -37.80       0.49       0.00       0.00       1.36       1.38       0.10
      1522      36.05     -38.09       0.67       0.00       0.00       1.36       1.40       0.10
      2285      39.17     -39.25       0.62       0.00       0.00       0.43       0.80       0.10
      2878      40.97     -39.51       0.79       0.00       0.00       0.00       0.50       0.10
--------------------------------------------------------------------------------
Best docking solution after GA:
      3250      40.97     -39.51       0.79       0.00       0.00       0.00       0.50       0.10

#ops:       3250 #mutates:   1644 #cross:     1606 #dups:       611 
#niche:     1592 #errors:      62 
--------------------------------------------------------------------------------

Doing AMOEBA simplex on best individual
Done simplexing #iterations 776, best score  48.19

Ligand is stored in gold_soln_prep_ligand_7_m1_1.mol2


--------------------------------------------------------------------------------
--- CHEMPLP breakdown of terms                                               ---
--------------------------------------------------------------------------------
CHEMPLP = - ( 1.0000*S(PLP) + -3.0000*S(hbond) + -6.0000*S(metal) + -3.0000*S(cho) )

Score = CHEMPLP - 1.0000*DE(clash) - 2.0000*DE(tors)

Internal energy term has been corrected with the best internal energy encountered.

--------------------------------------------------------------------------------


     Score     S(PLP)   S(hbond)     S(cho)   S(metal)  DE(clash)   DE(tors)     intcor
     48.19     -46.24       0.98       0.00       0.00       0.00       0.54       0.10

--------------------------------------------------------------------------------
--- PLP analysis of protein-ligand interactions                              ---
--------------------------------------------------------------------------------
hydrogen bonding        :      -1.38
metal                   :       0.00
buried (polar-nonpolar) :      -7.63
nonpolar                :     -37.36
repulsive               :       0.07
--------------------------------------------------------------------------------


--------------------------------------------------------------------------------
--- ChemScore analysis of protein-ligand interactions                        ---
--------------------------------------------------------------------------------

* Hydrogen bonds                                                                
Protein donor 5227 hydrogen 5229 Ligand acceptor    1 bond energy  1.00 wt 0.98


* CH..O interactions                                                            
  CH group selection                       : activated ring CH (adjacent to hetatom)

--------------------------------------------------------------------------------


--------------------------------------------------------------------------------
--- Intra-ligand clashes                                                     ---
--------------------------------------------------------------------------------

Ligand
--------------------------------------------------------------------------------


--------------------------------------------------------------------------------
--- Chromosome decoded                                                       ---
--------------------------------------------------------------------------------
Ligand Torsions
[   5    4    2    1]   54.31
[   6    5    4    2]  155.72
[   4    2   11   12]  130.29    matched torsion: sulphon
[  13   12   11    2]  125.68
Protein Torsions
[ 489  484  483  480]  -35.88 
[1635 1626 1625 1623] -120.30 
[1707 1702 1701 1698]  -43.57 
[1839 1828 1827 1826] -142.07 
Mapping
Ligand acceptors to protein hydrogens (mapping then atom ids)
Ligand hydrogens to protein acceptors (mapping then atom ids)
Ligand shape atoms to protein points (mapping then atom ids & coords)
  2  2584 [  6->(-18.250  17.500  23.500)]
  4  1840 [  8->(-19.750  18.250  22.250)]
  5  2736 [  9->(-18.000  18.250  20.500)]
  8  6066 [ 15->(-12.500  14.500  20.250)]
 10  6237 [ 17->(-12.250  15.250  20.750)]
Chromosome values
Integers:
  -1   -1   -1   -1   -1   -1 2583   -1 1839 2735   -1   -1 
6065   -1 6236 
--------------------------------------------------------------------------------

Current Ranking  1

--------------------------------------------------------------------------------

* GA execution time :                                                           
  total  0.0569 user  0.0569 sys  0.0000

--------------------------------------------------------------------------------
Fitness function evaluations: 8714

--------------------------------------------------------------------------------
** Docking run number  2 **
--------------------------------------------------------------------------------
  Rank fitness base is 5000.00 ; increment is 11.2233

* Initialising population(s) ...                                                
Number of constraints mappings 0
Number of constraints 0
  Population no.                           :      1
  Population size                          :    100
  Number of duplicates                     :      0
  Number of niche violations               :      0
  Number of errors                         :    108


Doing GA, no. of population(s) 1 size 100 selection pressure 1.100000

 Operation      Score     S(PLP)   S(hbond)     S(cho)   S(metal)  DE(clash)   DE(tors)     intcor
         0      35.31     -36.30       0.00       0.00       0.00       0.00       0.53       0.08
       744      35.47     -36.57       0.00       0.00       0.00       0.00       0.59       0.08
       929      36.09     -37.19       0.00       0.00       0.00       0.00       0.59       0.08
      1067      36.16     -37.58       0.00       0.00       0.00       0.00       0.75       0.08
--------------------------------------------------------------------------------
Best docking solution after GA:
      3250      36.16     -37.58       0.00       0.00       0.00       0.00       0.75       0.08

#ops:       3250 #mutates:   1600 #cross:     1650 #dups:       682 
#niche:     1452 #errors:     117 
--------------------------------------------------------------------------------

Doing AMOEBA simplex on best individual
Done simplexing #iterations 742, best score  46.95

Ligand is stored in gold_soln_prep_ligand_7_m1_2.mol2


--------------------------------------------------------------------------------
--- CHEMPLP breakdown of terms                                               ---
--------------------------------------------------------------------------------
CHEMPLP = - ( 1.0000*S(PLP) + -3.0000*S(hbond) + -6.0000*S(metal) + -3.0000*S(cho) )

Score = CHEMPLP - 1.0000*DE(clash) - 2.0000*DE(tors)

Internal energy term has been corrected with the best internal energy encountered.

--------------------------------------------------------------------------------


     Score     S(PLP)   S(hbond)     S(cho)   S(metal)  DE(clash)   DE(tors)     intcor
     46.95     -44.31       0.12       1.00       0.00       0.00       0.40       0.08

--------------------------------------------------------------------------------
--- PLP analysis of protein-ligand interactions                              ---
--------------------------------------------------------------------------------
hydrogen bonding        :      -2.22
metal                   :       0.00
buried (polar-nonpolar) :      -4.26
nonpolar                :     -39.21
repulsive               :       0.17
--------------------------------------------------------------------------------


--------------------------------------------------------------------------------
--- ChemScore analysis of protein-ligand interactions                        ---
--------------------------------------------------------------------------------

* Hydrogen bonds                                                                
Protein donor 5227 hydrogen 5229 Ligand acceptor    3 bond energy  1.00 wt 0.12


* CH..O interactions                                                            
  CH group selection                       : activated ring CH (adjacent to hetatom)
Ligand carbon    9 hydrogen   23 Protein acceptor 2706 bond energy  1.00 wt 1.00

--------------------------------------------------------------------------------


--------------------------------------------------------------------------------
--- Intra-ligand clashes                                                     ---
--------------------------------------------------------------------------------

Ligand
--------------------------------------------------------------------------------


--------------------------------------------------------------------------------
--- Chromosome decoded                                                       ---
--------------------------------------------------------------------------------
Ligand Torsions
[   5    4    2    1]   59.72
[   6    5    4    2]  -64.72
[   4    2   11   12]   57.80    matched torsion: sulphon
[  13   12   11    2]  145.78
Protein Torsions
[ 489  484  483  480]  103.27 
[1635 1626 1625 1623]  117.42 
[1707 1702 1701 1698]  -23.37 
[1839 1828 1827 1826]   -8.68 
Mapping
Ligand acceptors to protein hydrogens (mapping then atom ids)
Ligand hydrogens to protein acceptors (mapping then atom ids)
Ligand shape atoms to protein points (mapping then atom ids & coords)
  3  5080 [  7->(-14.250  16.500  20.750)]
  7  6733 [ 14->(-11.250  13.250  19.250)]
  8  5237 [ 15->(-13.750  10.750  19.000)]
Chromosome values
Integers:
  -1   -1   -1   -1   -1   -1   -1 5079   -1   -1   -1 6732 
5236   -1   -1 
--------------------------------------------------------------------------------

Current Ranking  1  2

--------------------------------------------------------------------------------

* GA execution time :                                                           
  total  0.0554 user  0.0554 sys  0.0000

--------------------------------------------------------------------------------
Fitness function evaluations: 8715

--------------------------------------------------------------------------------
** Docking run number  3 **
--------------------------------------------------------------------------------
  Rank fitness base is 5000.00 ; increment is 11.2233

* Initialising population(s) ...                                                
Number of constraints mappings 0
Number of constraints 0
  Population no.                           :      1
  Population size                          :    100
  Number of duplicates                     :      0
  Number of niche violations               :      0
  Number of errors                         :     99


Doing GA, no. of population(s) 1 size 100 selection pressure 1.100000

 Operation      Score     S(PLP)   S(hbond)     S(cho)   S(metal)  DE(clash)   DE(tors)     intcor
         0      28.00     -29.57       0.15       0.06       0.00       0.00       1.12       0.07
       252      30.61     -29.38       1.00       0.00       0.00       0.00       0.92       0.07
       515      32.29     -37.74       0.00       1.00       0.00       6.66       0.93       0.07
       907      34.42     -37.72       0.00       1.00       0.00       4.47       0.96       0.07
      1173      34.53     -32.55       0.00       1.00       0.00       0.00       0.55       0.07
      1220      34.92     -32.97       0.00       1.00       0.00       0.00       0.56       0.07
      1282      35.40     -33.32       0.00       1.00       0.00       0.00       0.50       0.07
      1479      38.18     -38.60       0.27       0.01       0.00       0.00       0.66       0.07
      1716      44.07     -42.16       1.00       0.11       0.00       0.00       0.75       0.07
      3113      44.11     -41.98       1.00       0.17       0.00       0.00       0.72       0.07
--------------------------------------------------------------------------------
Best docking solution after GA:
      3250      44.11     -41.98       1.00       0.17       0.00       0.00       0.72       0.07

#ops:       3250 #mutates:   1619 #cross:     1631 #dups:       549 
#niche:     1643 #errors:      78 
--------------------------------------------------------------------------------

Doing AMOEBA simplex on best individual
Done simplexing #iterations 458, best score  47.29

Ligand is stored in gold_soln_prep_ligand_7_m1_3.mol2


--------------------------------------------------------------------------------
--- CHEMPLP breakdown of terms                                               ---
--------------------------------------------------------------------------------
CHEMPLP = - ( 1.0000*S(PLP) + -3.0000*S(hbond) + -6.0000*S(metal) + -3.0000*S(cho) )

Score = CHEMPLP - 1.0000*DE(clash) - 2.0000*DE(tors)

Internal energy term has been corrected with the best internal energy encountered.

--------------------------------------------------------------------------------


     Score     S(PLP)   S(hbond)     S(cho)   S(metal)  DE(clash)   DE(tors)     intcor
     47.29     -42.11       1.00       1.00       0.00       0.00       0.45       0.07

--------------------------------------------------------------------------------
--- PLP analysis of protein-ligand interactions                              ---
--------------------------------------------------------------------------------
hydrogen bonding        :      -1.00
metal                   :       0.00
buried (polar-nonpolar) :      -2.57
nonpolar                :     -38.97
repulsive               :       0.16
--------------------------------------------------------------------------------


--------------------------------------------------------------------------------
--- ChemScore analysis of protein-ligand interactions                        ---
--------------------------------------------------------------------------------

* Hydrogen bonds                                                                
Protein donor 5227 hydrogen 5229 Ligand acceptor    3 bond energy  1.00 wt 1.00


* CH..O interactions                                                            
  CH group selection                       : activated ring CH (adjacent to hetatom)
Ligand carbon    9 hydrogen   23 Protein acceptor 2706 bond energy  1.00 wt 1.00

--------------------------------------------------------------------------------


--------------------------------------------------------------------------------
--- Intra-ligand clashes                                                     ---
--------------------------------------------------------------------------------

Ligand
--------------------------------------------------------------------------------


--------------------------------------------------------------------------------
--- Chromosome decoded                                                       ---
--------------------------------------------------------------------------------
Ligand Torsions
[   5    4    2    1]  171.65
[   6    5    4    2]  159.97
[   4    2   11   12] -116.05    matched torsion: sulphon
[  13   12   11    2] -169.79
Protein Torsions
[ 489  484  483  480]   39.81 
[1635 1626 1625 1623]  127.70 
[1707 1702 1701 1698] -138.55 
[1839 1828 1827 1826]   54.75 
Mapping
Ligand acceptors to protein hydrogens (mapping then atom ids)
  2  20 [  3->5229]
Ligand hydrogens to protein acceptors (mapping then atom ids)
Ligand shape atoms to protein points (mapping then atom ids & coords)
  1  4892 [  4->(-14.750  17.500  21.250)]
  5  3042 [  9->(-17.250  16.750  21.000)]
  8  6327 [ 15->(-12.000  11.750  20.000)]
  9  5887 [ 16->(-12.750  13.250  20.250)]
Chromosome values
Integers:
  -1   19   -1   -1   -1 4891   -1   -1   -1 3041   -1   -1 
6326 5886   -1 
--------------------------------------------------------------------------------

Current Ranking  1  3  2

--------------------------------------------------------------------------------

* GA execution time :                                                           
  total  0.0551 user  0.0551 sys  0.0000

--------------------------------------------------------------------------------
Fitness function evaluations: 8296

--------------------------------------------------------------------------------
** Docking run number  4 **
--------------------------------------------------------------------------------
  Rank fitness base is 5000.00 ; increment is 11.2233

* Initialising population(s) ...                                                
Number of constraints mappings 0
Number of constraints 0
  Population no.                           :      1
  Population size                          :    100
  Number of duplicates                     :      0
  Number of niche violations               :      0
  Number of errors                         :     98


Doing GA, no. of population(s) 1 size 100 selection pressure 1.100000

 Operation      Score     S(PLP)   S(hbond)     S(cho)   S(metal)  DE(clash)   DE(tors)     intcor
         0      35.65     -34.28       0.08       1.00       0.00       0.00       0.97       0.07
       579      37.09     -36.82       0.43       0.00       0.00       0.00       0.55       0.07
       791      39.05     -38.78       0.43       0.00       0.00       0.00       0.55       0.07
      1762      40.57     -36.91       1.00       1.00       0.00       0.00       1.20       0.07
      2119      40.96     -37.28       1.00       1.00       0.00       0.00       1.19       0.07
      2178      41.31     -37.64       1.00       1.00       0.00       0.00       1.20       0.07
      2182      41.41     -37.72       1.00       1.00       0.00       0.00       1.19       0.07
      2313      41.90     -41.65       0.00       1.00       0.00       1.07       0.88       0.07
      2425      43.65     -41.05       0.00       1.00       0.00       0.00       0.24       0.07
      2958      43.71     -41.27       0.00       1.00       0.00       0.00       0.31       0.07
      2987      43.94     -41.78       0.00       0.94       0.00       0.00       0.36       0.07
      3128      44.48     -42.49       0.75       0.69       0.00       0.00       1.21       0.07
--------------------------------------------------------------------------------
Best docking solution after GA:
      3250      44.48     -42.49       0.75       0.69       0.00       0.00       1.21       0.07

#ops:       3250 #mutates:   1641 #cross:     1609 #dups:       627 
#niche:     1747 #errors:      52 
--------------------------------------------------------------------------------

Doing AMOEBA simplex on best individual
Done simplexing #iterations 410, best score  45.25

Ligand is stored in gold_soln_prep_ligand_7_m1_4.mol2


--------------------------------------------------------------------------------
--- CHEMPLP breakdown of terms                                               ---
--------------------------------------------------------------------------------
CHEMPLP = - ( 1.0000*S(PLP) + -3.0000*S(hbond) + -6.0000*S(metal) + -3.0000*S(cho) )

Score = CHEMPLP - 1.0000*DE(clash) - 2.0000*DE(tors)

Internal energy term has been corrected with the best internal energy encountered.

--------------------------------------------------------------------------------


     Score     S(PLP)   S(hbond)     S(cho)   S(metal)  DE(clash)   DE(tors)     intcor
     45.25     -43.10       0.75       0.72       0.00       0.00       1.16       0.07

--------------------------------------------------------------------------------
--- PLP analysis of protein-ligand interactions                              ---
--------------------------------------------------------------------------------
hydrogen bonding        :      -1.00
metal                   :       0.00
buried (polar-nonpolar) :      -6.04
nonpolar                :     -37.96
repulsive               :       0.10
--------------------------------------------------------------------------------


--------------------------------------------------------------------------------
--- ChemScore analysis of protein-ligand interactions                        ---
--------------------------------------------------------------------------------

* Hydrogen bonds                                                                
Protein donor 5227 hydrogen 5229 Ligand acceptor    1 bond energy  1.00 wt 0.75


* CH..O interactions                                                            
  CH group selection                       : activated ring CH (adjacent to hetatom)
Ligand carbon    9 hydrogen   23 Protein acceptor 2492 bond energy  1.00 wt 0.72

--------------------------------------------------------------------------------


--------------------------------------------------------------------------------
--- Intra-ligand clashes                                                     ---
--------------------------------------------------------------------------------

Ligand
--------------------------------------------------------------------------------


--------------------------------------------------------------------------------
--- Chromosome decoded                                                       ---
--------------------------------------------------------------------------------
Ligand Torsions
[   5    4    2    1]   93.12
[   6    5    4    2]  147.03
[   4    2   11   12]  132.54    matched torsion: sulphon
[  13   12   11    2]  -50.17
Protein Torsions
[ 489  484  483  480]  -37.63 
[1635 1626 1625 1623]   96.08 
[1707 1702 1701 1698] -116.72 
[1839 1828 1827 1826]  -89.48 
Mapping
Ligand acceptors to protein hydrogens (mapping then atom ids)
Ligand hydrogens to protein acceptors (mapping then atom ids)
Ligand shape atoms to protein points (mapping then atom ids & coords)
  1  4997 [  4->(-14.500  17.750  21.750)]
  2  2945 [  6->(-17.500  17.250  22.000)]
  3  2063 [  7->(-19.250  17.250  22.750)]
  4  2863 [  8->(-17.750  18.250  21.000)]
  5  2518 [  9->(-18.500  19.000  20.000)]
  8  5834 [ 15->(-12.750  10.750  19.500)]
Chromosome values
Integers:
  -1   -1   -1   -1   -1 4996 2944 2062 2862 2517   -1   -1 
5833   -1   -1 
--------------------------------------------------------------------------------

Current Ranking  1  3  2  4

--------------------------------------------------------------------------------

* GA execution time :                                                           
  total  0.0538 user  0.0538 sys  0.0000

--------------------------------------------------------------------------------
Fitness function evaluations: 8164

--------------------------------------------------------------------------------
** Docking run number  5 **
--------------------------------------------------------------------------------
  Rank fitness base is 5000.00 ; increment is 11.2233

* Initialising population(s) ...                                                
Number of constraints mappings 0
Number of constraints 0
  Population no.                           :      1
  Population size                          :    100
  Number of duplicates                     :      0
  Number of niche violations               :      0
  Number of errors                         :     96


Doing GA, no. of population(s) 1 size 100 selection pressure 1.100000

 Operation      Score     S(PLP)   S(hbond)     S(cho)   S(metal)  DE(clash)   DE(tors)     intcor
         0      29.15     -29.78       0.00       0.70       0.00       0.00       1.41       0.07
       122      32.96     -31.75       0.84       0.00       0.00       0.00       0.70       0.07
       304      34.13     -32.45       1.00       0.00       0.00       0.00       0.70       0.07
       341      38.04     -38.67       0.51       0.00       0.00       0.00       1.11       0.07
      1455      39.73     -33.10       1.78       0.62       0.00       0.00       0.32       0.07
      1680      40.22     -34.39       2.00       0.13       0.00       0.00       0.32       0.07
      2030      41.54     -35.30       2.00       0.27       0.00       0.00       0.32       0.07
      2762      46.06     -38.00       2.00       0.93       0.00       0.00       0.41       0.07
      3183      46.71     -38.46       2.00       1.00       0.00       0.00       0.41       0.07
      3207      48.05     -41.79       2.00       0.42       0.00       0.00       0.54       0.07
--------------------------------------------------------------------------------
Best docking solution after GA:
      3250      48.05     -41.79       2.00       0.42       0.00       0.00       0.54       0.07

#ops:       3250 #mutates:   1671 #cross:     1579 #dups:       570 
#niche:     1440 #errors:      69 
--------------------------------------------------------------------------------

Doing AMOEBA simplex on best individual
Done simplexing #iterations 696, best score  50.40

Ligand is stored in gold_soln_prep_ligand_7_m1_5.mol2


--------------------------------------------------------------------------------
--- CHEMPLP breakdown of terms                                               ---
--------------------------------------------------------------------------------
CHEMPLP = - ( 1.0000*S(PLP) + -3.0000*S(hbond) + -6.0000*S(metal) + -3.0000*S(cho) )

Score = CHEMPLP - 1.0000*DE(clash) - 2.0000*DE(tors)

Internal energy term has been corrected with the best internal energy encountered.

--------------------------------------------------------------------------------


     Score     S(PLP)   S(hbond)     S(cho)   S(metal)  DE(clash)   DE(tors)     intcor
     50.40     -44.26       2.00       0.51       0.00       0.00       0.74       0.07

--------------------------------------------------------------------------------
--- PLP analysis of protein-ligand interactions                              ---
--------------------------------------------------------------------------------
hydrogen bonding        :      -3.86
metal                   :       0.00
buried (polar-nonpolar) :      -4.97
nonpolar                :     -35.89
repulsive               :       0.20
--------------------------------------------------------------------------------


--------------------------------------------------------------------------------
--- ChemScore analysis of protein-ligand interactions                        ---
--------------------------------------------------------------------------------

* Hydrogen bonds                                                                
Ligand donor   11 hydrogen   24 Protein acceptor  386 bond energy  1.00 wt 1.00
Protein donor 5227 hydrogen 5229 Ligand acceptor    3 bond energy  1.00 wt 1.00


* CH..O interactions                                                            
  CH group selection                       : activated ring CH (adjacent to hetatom)
Ligand carbon    9 hydrogen   23 Protein acceptor 2706 bond energy  1.00 wt 0.51

--------------------------------------------------------------------------------


--------------------------------------------------------------------------------
--- Intra-ligand clashes                                                     ---
--------------------------------------------------------------------------------

Ligand
--------------------------------------------------------------------------------


--------------------------------------------------------------------------------
--- Chromosome decoded                                                       ---
--------------------------------------------------------------------------------
Ligand Torsions
[   5    4    2    1]   74.88
[   6    5    4    2] -137.71
[   4    2   11   12]   52.29    matched torsion: sulphon
[  13   12   11    2]  173.48
Protein Torsions
[ 489  484  483  480]   11.64 
[1635 1626 1625 1623] -146.64 
[1707 1702 1701 1698]  125.53 
[1839 1828 1827 1826]   19.67 
Mapping
Ligand acceptors to protein hydrogens (mapping then atom ids)
Ligand hydrogens to protein acceptors (mapping then atom ids)
  1   1 [ 24-> 386]
Ligand shape atoms to protein points (mapping then atom ids & coords)
  1  4507 [  4->(-15.500  17.750  22.250)]
  4  2212 [  8->(-19.000  17.750  22.500)]
  7  7101 [ 14->(-10.000  15.750  20.000)]
  8  6487 [ 15->(-11.750  12.750  19.750)]
 10  5750 [ 17->(-13.000  14.750  20.750)]
Chromosome values
Integers:
  -1   -1   -1   -1    0 4506   -1   -1 2211   -1   -1 7100 
6486   -1 5749 
--------------------------------------------------------------------------------

Current Ranking  5  1  3  2  4

--------------------------------------------------------------------------------

* GA execution time :                                                           
  total  0.0552 user  0.0552 sys  0.0000

--------------------------------------------------------------------------------
Fitness function evaluations: 8563

--------------------------------------------------------------------------------
** Docking run number  6 **
--------------------------------------------------------------------------------
  Rank fitness base is 5000.00 ; increment is 11.2233

* Initialising population(s) ...                                                
Number of constraints mappings 0
Number of constraints 0
  Population no.                           :      1
  Population size                          :    100
  Number of duplicates                     :      0
  Number of niche violations               :      0
  Number of errors                         :     80


Doing GA, no. of population(s) 1 size 100 selection pressure 1.100000

 Operation      Score     S(PLP)   S(hbond)     S(cho)   S(metal)  DE(clash)   DE(tors)     intcor
         0      21.88     -19.95       0.00       1.00       0.00       0.00       0.57       0.07
        39      26.16     -28.20       0.10       0.00       0.00       0.00       1.21       0.07
       204      26.82     -25.52       1.02       0.00       0.00       0.00       0.92       0.07
       297      36.32     -35.87       0.46       0.24       0.00       0.00       0.86       0.07
      1500      37.17     -37.87       0.44       0.00       0.00       0.00       1.05       0.07
      1504      37.55     -37.12       0.81       0.00       0.00       0.00       1.04       0.07
--------------------------------------------------------------------------------
Best docking solution after GA:
      3250      37.55     -37.12       0.81       0.00       0.00       0.00       1.04       0.07

#ops:       3250 #mutates:   1654 #cross:     1596 #dups:       663 
#niche:     1521 #errors:      68 
--------------------------------------------------------------------------------

Doing AMOEBA simplex on best individual
Done simplexing #iterations 613, best score  40.02

Ligand is stored in gold_soln_prep_ligand_7_m1_6.mol2


--------------------------------------------------------------------------------
--- CHEMPLP breakdown of terms                                               ---
--------------------------------------------------------------------------------
CHEMPLP = - ( 1.0000*S(PLP) + -3.0000*S(hbond) + -6.0000*S(metal) + -3.0000*S(cho) )

Score = CHEMPLP - 1.0000*DE(clash) - 2.0000*DE(tors)

Internal energy term has been corrected with the best internal energy encountered.

--------------------------------------------------------------------------------


     Score     S(PLP)   S(hbond)     S(cho)   S(metal)  DE(clash)   DE(tors)     intcor
     40.02     -40.10       0.72       0.00       0.00       0.00       1.15       0.07

--------------------------------------------------------------------------------
--- PLP analysis of protein-ligand interactions                              ---
--------------------------------------------------------------------------------
hydrogen bonding        :      -3.37
metal                   :       0.00
buried (polar-nonpolar) :      -6.24
nonpolar                :     -32.11
repulsive               :       0.20
--------------------------------------------------------------------------------


--------------------------------------------------------------------------------
--- ChemScore analysis of protein-ligand interactions                        ---
--------------------------------------------------------------------------------

* Hydrogen bonds                                                                
Protein donor 5227 hydrogen 5229 Ligand acceptor    3 bond energy  1.00 wt 0.72


* CH..O interactions                                                            
  CH group selection                       : activated ring CH (adjacent to hetatom)

--------------------------------------------------------------------------------


--------------------------------------------------------------------------------
--- Intra-ligand clashes                                                     ---
--------------------------------------------------------------------------------

Ligand
--------------------------------------------------------------------------------


--------------------------------------------------------------------------------
--- Chromosome decoded                                                       ---
--------------------------------------------------------------------------------
Ligand Torsions
[   5    4    2    1]   76.68
[   6    5    4    2]   86.19
[   4    2   11   12]  131.62    matched torsion: sulphon
[  13   12   11    2]  -74.56
Protein Torsions
[ 489  484  483  480]  -22.83 
[1635 1626 1625 1623]   58.12 
[1707 1702 1701 1698]  -96.70 
[1839 1828 1827 1826]   67.67 
Mapping
Ligand acceptors to protein hydrogens (mapping then atom ids)
Ligand hydrogens to protein acceptors (mapping then atom ids)
Ligand shape atoms to protein points (mapping then atom ids & coords)
  3  2898 [  7->(-17.750  19.500  19.750)]
  7  5394 [ 14->(-13.500  12.250  19.750)]
  8  6906 [ 15->(-10.750  12.500  19.250)]
Chromosome values
Integers:
  -1   -1   -1   -1   -1   -1   -1 2897   -1   -1   -1 5393 
6905   -1   -1 
--------------------------------------------------------------------------------

Current Ranking  5  1  3  2  4  6

--------------------------------------------------------------------------------

* GA execution time :                                                           
  total  0.0549 user  0.0549 sys  0.0000

--------------------------------------------------------------------------------
Fitness function evaluations: 8501

--------------------------------------------------------------------------------
** Docking run number  7 **
--------------------------------------------------------------------------------
  Rank fitness base is 5000.00 ; increment is 11.2233

* Initialising population(s) ...                                                
Number of constraints mappings 0
Number of constraints 0
  Population no.                           :      1
  Population size                          :    100
  Number of duplicates                     :      0
  Number of niche violations               :      0
  Number of errors                         :    116


Doing GA, no. of population(s) 1 size 100 selection pressure 1.100000

 Operation      Score     S(PLP)   S(hbond)     S(cho)   S(metal)  DE(clash)   DE(tors)     intcor
         0      36.18     -36.90       0.40       0.00       0.00       0.00       1.00       0.07
      1447      37.28     -37.10       0.53       0.00       0.00       0.00       0.74       0.07
      1884      39.41     -39.56       0.47       0.00       0.00       0.00       0.81       0.07
      2460      39.61     -40.05       0.37       0.00       0.00       0.00       0.81       0.07
      2897      40.47     -40.88       0.43       0.00       0.00       0.00       0.88       0.07
      3243      42.70     -41.37       0.96       0.00       0.00       0.00       0.81       0.07
--------------------------------------------------------------------------------
Best docking solution after GA:
      3250      42.70     -41.37       0.96       0.00       0.00       0.00       0.81       0.07

#ops:       3250 #mutates:   1614 #cross:     1636 #dups:       646 
#niche:     1530 #errors:      81 
--------------------------------------------------------------------------------

Doing AMOEBA simplex on best individual
Done simplexing #iterations 542, best score  47.32

Ligand is stored in gold_soln_prep_ligand_7_m1_7.mol2


--------------------------------------------------------------------------------
--- CHEMPLP breakdown of terms                                               ---
--------------------------------------------------------------------------------
CHEMPLP = - ( 1.0000*S(PLP) + -3.0000*S(hbond) + -6.0000*S(metal) + -3.0000*S(cho) )

Score = CHEMPLP - 1.0000*DE(clash) - 2.0000*DE(tors)

Internal energy term has been corrected with the best internal energy encountered.

--------------------------------------------------------------------------------


     Score     S(PLP)   S(hbond)     S(cho)   S(metal)  DE(clash)   DE(tors)     intcor
     47.32     -45.61       0.98       0.00       0.00       0.00       0.65       0.07

--------------------------------------------------------------------------------
--- PLP analysis of protein-ligand interactions                              ---
--------------------------------------------------------------------------------
hydrogen bonding        :      -1.00
metal                   :       0.00
buried (polar-nonpolar) :      -7.84
nonpolar                :     -37.37
repulsive               :       0.13
--------------------------------------------------------------------------------


--------------------------------------------------------------------------------
--- ChemScore analysis of protein-ligand interactions                        ---
--------------------------------------------------------------------------------

* Hydrogen bonds                                                                
Protein donor 5227 hydrogen 5229 Ligand acceptor    3 bond energy  1.00 wt 0.98


* CH..O interactions                                                            
  CH group selection                       : activated ring CH (adjacent to hetatom)

--------------------------------------------------------------------------------


--------------------------------------------------------------------------------
--- Intra-ligand clashes                                                     ---
--------------------------------------------------------------------------------

Ligand
--------------------------------------------------------------------------------


--------------------------------------------------------------------------------
--- Chromosome decoded                                                       ---
--------------------------------------------------------------------------------
Ligand Torsions
[   5    4    2    1]   72.13
[   6    5    4    2] -101.50
[   4    2   11   12] -117.24    matched torsion: sulphon
[  13   12   11    2]  110.81
Protein Torsions
[ 489  484  483  480]  -93.83 
[1635 1626 1625 1623]   40.73 
[1707 1702 1701 1698]   64.52 
[1839 1828 1827 1826]   -8.76 
Mapping
Ligand acceptors to protein hydrogens (mapping then atom ids)
Ligand hydrogens to protein acceptors (mapping then atom ids)
Ligand shape atoms to protein points (mapping then atom ids & coords)
  3  6359 [  7->(-12.000  13.750  20.000)]
  4  6633 [  8->(-11.500  14.250  19.500)]
  5  6665 [  9->(-11.500  15.750  20.000)]
  9  2685 [ 16->(-18.000  17.250  21.500)]
 10  3422 [ 17->(-16.750  17.750  21.250)]
Chromosome values
Integers:
  -1   -1   -1   -1   -1   -1   -1 6358 6632 6664   -1   -1 
  -1 2684 3421 
--------------------------------------------------------------------------------

Current Ranking  5  1  7  3  2  4  6

--------------------------------------------------------------------------------

* GA execution time :                                                           
  total  0.0548 user  0.0538 sys  0.0010

--------------------------------------------------------------------------------
Fitness function evaluations: 8452

--------------------------------------------------------------------------------
** Docking run number  8 **
--------------------------------------------------------------------------------
  Rank fitness base is 5000.00 ; increment is 11.2233

* Initialising population(s) ...                                                
Number of constraints mappings 0
Number of constraints 0
  Population no.                           :      1
  Population size                          :    100
  Number of duplicates                     :      0
  Number of niche violations               :      0
  Number of errors                         :     98


Doing GA, no. of population(s) 1 size 100 selection pressure 1.100000

 Operation      Score     S(PLP)   S(hbond)     S(cho)   S(metal)  DE(clash)   DE(tors)     intcor
         0      27.59     -27.68       0.98       0.00       0.00       0.00       1.55       0.07
        10      30.56     -30.75       0.91       0.00       0.00       0.00       1.50       0.07
       319      33.09     -33.79       0.00       0.29       0.00       0.00       0.83       0.07
       863      33.51     -34.44       0.74       0.00       0.00       0.66       1.28       0.07
      1277      35.65     -34.41       1.00       0.00       0.00       0.00       0.92       0.07
      2032      35.79     -34.14       1.00       0.00       0.00       0.00       0.71       0.07
      2731      37.68     -35.50       1.00       0.00       0.00       0.00       0.45       0.07
      2812      37.84     -36.79       0.80       0.00       0.00       0.00       0.71       0.07
      3222      38.36     -36.13       1.00       0.00       0.00       0.00       0.42       0.07
--------------------------------------------------------------------------------
Best docking solution after GA:
      3250      38.36     -36.13       1.00       0.00       0.00       0.00       0.42       0.07

#ops:       3250 #mutates:   1614 #cross:     1636 #dups:       609 
#niche:     1598 #errors:      71 
--------------------------------------------------------------------------------

Doing AMOEBA simplex on best individual
Done simplexing #iterations 746, best score  48.69

Ligand is stored in gold_soln_prep_ligand_7_m1_8.mol2


--------------------------------------------------------------------------------
--- CHEMPLP breakdown of terms                                               ---
--------------------------------------------------------------------------------
CHEMPLP = - ( 1.0000*S(PLP) + -3.0000*S(hbond) + -6.0000*S(metal) + -3.0000*S(cho) )

Score = CHEMPLP - 1.0000*DE(clash) - 2.0000*DE(tors)

Internal energy term has been corrected with the best internal energy encountered.

--------------------------------------------------------------------------------


     Score     S(PLP)   S(hbond)     S(cho)   S(metal)  DE(clash)   DE(tors)     intcor
     48.69     -46.63       1.00       0.00       0.00       0.00       0.51       0.07

--------------------------------------------------------------------------------
--- PLP analysis of protein-ligand interactions                              ---
--------------------------------------------------------------------------------
hydrogen bonding        :      -2.36
metal                   :       0.00
buried (polar-nonpolar) :      -7.36
nonpolar                :     -37.48
repulsive               :       0.15
--------------------------------------------------------------------------------


--------------------------------------------------------------------------------
--- ChemScore analysis of protein-ligand interactions                        ---
--------------------------------------------------------------------------------

* Hydrogen bonds                                                                
Protein donor 5227 hydrogen 5229 Ligand acceptor    3 bond energy  1.00 wt 1.00


* CH..O interactions                                                            
  CH group selection                       : activated ring CH (adjacent to hetatom)

--------------------------------------------------------------------------------


--------------------------------------------------------------------------------
--- Intra-ligand clashes                                                     ---
--------------------------------------------------------------------------------

Ligand
--------------------------------------------------------------------------------


--------------------------------------------------------------------------------
--- Chromosome decoded                                                       ---
--------------------------------------------------------------------------------
Ligand Torsions
[   5    4    2    1]  128.04
[   6    5    4    2]  133.09
[   4    2   11   12] -119.50    matched torsion: sulphon
[  13   12   11    2] -164.58
Protein Torsions
[ 489  484  483  480] -168.25 
[1635 1626 1625 1623]  106.73 
[1707 1702 1701 1698]   74.28 
[1839 1828 1827 1826] -145.39 
Mapping
Ligand acceptors to protein hydrogens (mapping then atom ids)
  2  20 [  3->5229]
Ligand hydrogens to protein acceptors (mapping then atom ids)
Ligand shape atoms to protein points (mapping then atom ids & coords)
  7  6608 [ 14->(-11.500  12.500  19.750)]
 10  6214 [ 17->(-12.250  14.250  20.000)]
Chromosome values
Integers:
  -1   19   -1   -1   -1   -1   -1   -1   -1   -1   -1 6607 
  -1   -1 6213 
--------------------------------------------------------------------------------

Current Ranking  5  8  1  7  3  2  4  6

Top  3 (of  8) solutions are within 1.500 RMSD, finishing docking /nfs/home/myuecel3/Frontiers_MedChem/data/output/gold_docking_step1/prep_ligand_7.mol2.


--------------------------------------------------------------------------------

* GA execution time :                                                           
  total  0.0563 user  0.0553 sys  0.0010

--------------------------------------------------------------------------------
Fitness function evaluations: 8699

--------------------------------------------------------------------------------
--- Ranking analysis                                                         ---
--------------------------------------------------------------------------------


* Final ranked order of GA solutions:                                           
   5  8  1  7  3  2  4  6 

  _______________________________
  RMSD Matrix of RANKED solutions

        2    3    4    5    6    7    8  

   1 :  1.4  1.2  6.5  2.0  1.9  2.1  2.0
   2 :       1.3  6.9  1.7  2.0  1.9  1.7
   3 :            6.8  2.1  2.4  2.0  2.0
   4 :                 6.5  6.7  6.7  6.8
   5 :                      1.8  1.1  2.4
   6 :                           1.6  1.9
   7 :                                1.9

  Clustering method                        : complete linkage
  Structure ids in cluster table           : rank nos.
  Ordering of clusters and their members   : by rank (order if from rms_analysis)

  Distance | Clusters
   1.15    |  1 |  2 |  3 |  4 |  5  7 |  6 |  8 |
   1.17    |  1  3 |  2 |  4 |  5  7 |  6 |  8 |
   1.37    |  1  2  3 |  4 |  5  7 |  6 |  8 |
   1.82    |  1  2  3 |  4 |  5  6  7 |  8 |
   1.99    |  1  2  3  8 |  4 |  5  6  7 |
   2.43    |  1  2  3  5  6  7  8 |  4 |
   6.87    |  1  2  3  4  5  6  7  8 |
  Finished Docking Ligand                  : /nfs/home/myuecel3/Frontiers_MedChem/data/output/gold_docking_step1/prep_ligand_7.mol2
--------------------------------------------------------------------------------

  Relative_Ligand_Energy (best encountered) :   0.074
  Relative_Ligand_Energy: fitness values have been corrected using this amount
