
--------------------------------------------------------------------------------
--- Ligand                                                                   ---
--------------------------------------------------------------------------------
  Ligand loaded from file                  : /nfs/home/myuecel3/Frontiers_MedChem/data/output/gold_docking_step1/prep_ligand_1.mol2
  Ligand name                              :  
  "RDKit          3D                                                        "

--------------------------------------------------------------------------------
  N.plc donors                             : 
  none found

  Acidic nitrogen acceptors                : 
  none found
  Sulfur acceptors                         :
  none found


  Donor atoms                              :      1
  16  
  Acceptor atoms                           :      3
  6   16  19  

  Hydrogens                                :  (n = 1)
  34   

  Lone pairs added to molecule             :      5
  Numbering                                : from 40 to 44

--------------------------------------------------------------------------------
--- Postprocessing of typing                                                 ---
--------------------------------------------------------------------------------
  Fragment file                            : /appl/ccdc/CSDS2022/Discovery_2022/GOLD/gold/rotatable_bond_override.mol2
  acylurea fragment                        : no matches
  thioacylthiourea fragment                : no matches
  acylthiourea fragment                    : no matches
  thioacylurea fragment                    : no matches
  diarylamine fragment >C.ar-NH-C.ar<      : no matches
  sec-amine (1) fragment                   : no matches
  sec-amine (2) fragment                   : no matches
  sec-amine (3) fragment                   : no matches
  carboxylic ester                         : no matches

* Rotatable bonds in /nfs/home/myuecel3/F  :
  [   5    6] [   6    7] [   7    8] [   7   14] 
  No. of rotatable bonds                   :      4


* Reading torsional distributions from file:
  /appl/ccdc/CSDS2022/Discovery_2022/GOLD/gold/gold.tordist
  No. of bins in torsional distributions   :     36
  Minimum size of largest peak             :      0
  Removing high energy torsions            : on
  Delta E set to                           :   2.500

* Fragments found in /nfs/home/myuecel3/F  :
  atom   2: benzene
  atom   3: benzene
  atom   4: benzene
  atom   5: benzene
  atom   8: benzene
  atom   9: benzene
  atom  10: benzene
  atom  11: benzene
  atom  12: benzene
  atom  13: benzene
  atom  20: benzene
  atom  22: benzene


* Checking torsion distributions:                                               
  No. of matched torsions                  :      0

--------------------------------------------------------------------------------
--- Shape fitting atoms selection (hydrophobic atoms)                        ---
--------------------------------------------------------------------------------
  Molecule                                 : /nfs/home/myuecel3/Frontiers_MedChem/data/output/gold_docking_step1/prep_ligand_1.mol2
  Selection                                : carbons only
  Atom numbers                             :  (n = 13)
  3    4    7    9    10   11   12   13   14   15   
  17   18   22   


--------------------------------------------------------------------------------
--- ChemScore ligand setup summary                                           ---
--------------------------------------------------------------------------------
  ChemScore ligand acceptors               :      3
  6 16 19 
  ChemScore ligand donors                  :      1
  16 ( 34  ) 
  ChemScore ligand CH donors               :      0
  

  ChemScore ligand lipophilic atoms        :  (n = 19)
  1    2    3    4    5    7    8    9    10   11   
  12   13   14   15   17   18   20   21   22   

  ChemScore ligand rotatable bonds         :      4
  5   (C5 ) - 6   (O6 ): SP3_SP2_BOND
  6   (O6 ) - 7   (C7 ): SP3_SP3_BOND
  7   (C7 ) - 8   (C8 ): SP3_SP2_BOND
  7   (C7 ) - 14  (C14): SP3_SP3_BOND

--------------------------------------------------------------------------------
--- PLP ligand setup summary                                                 ---
--------------------------------------------------------------------------------
    1   Cl1    Cl NONPOLAR
    2    C2  C.ar NONPOLAR
    3    C3  C.ar NONPOLAR
    4    C4  C.ar NONPOLAR
    5    C5  C.ar NONPOLAR
    6    O6   O.3 ACCEPTOR
    7    C7   C.3 NONPOLAR
    8    C8  C.ar NONPOLAR
    9    C9  C.ar NONPOLAR
   10   C10  C.ar NONPOLAR
   11   C11  C.ar NONPOLAR
   12   C12  C.ar NONPOLAR
   13   C13  C.ar NONPOLAR
   14   C14   C.3 NONPOLAR
   15   C15   C.3 NONPOLAR
   16   N16   N.3 DONACC
   17   C17   C.3 NONPOLAR
   18   C18   C.3 NONPOLAR
   19   O19   O.3 ACCEPTOR
   20   C20  C.ar NONPOLAR
   21  Cl21    Cl NONPOLAR
   22   C22  C.ar NONPOLAR

--------------------------------------------------------------------------------
--- Automatic parameter setting                                              ---
--------------------------------------------------------------------------------
  Contribution base                        :   2500
  Contribution per rotatable bond          :   6000
  Contribution per df                      :   4000
  Contribution per water                   :  10000
  Ligand rotatable bonds                   :      4
  Protein flexible side chain bonds        :      0
  Total rotatable bonds                    :      4
  Hydrophobic vol ratio (P/L)              :   1.118
  Base multiplier (polar)                  :   0.800
  Base multiplier (apolar)                 :   2.907
  Base contribution                        : 7500.000
  Fitting points                           :      4
  Estimated maxops needed (optimal)        :  32000
  Autoscale factor (in percent)            :     10
  Scaled maxops                            :   3250

--------------------------------------------------------------------------------

* Population settings                                                           
  maxops                                   :   3250
  popsiz                                   :    100
  select_pressure                          :   1.100
  n_islands                                :      1
  niche_siz                                :      2

* GA settings                                                                   
  pt_crosswt                               :    100
  allele_mutatewt                          :    100
  migratewt                                :      0

* Search settings                                                               
  start_vdw_linear_cutoff                  :   4.000
  initial_virtual_pt_match_max             :   3.000

--------------------------------------------------------------------------------

* Ligand initialisation time :                                                  
  total  0.0046 user  0.0046 sys  0.0000

--------------------------------------------------------------------------------

--------------------------------------------------------------------------------
** Docking run number  1 **
--------------------------------------------------------------------------------
  Rank fitness base is 5000.00 ; increment is 11.2233

* Initialising population(s) ...                                                
Number of constraints mappings 0
Number of constraints 0
  Population no.                           :      1
  Population size                          :    100
  Number of duplicates                     :      0
  Number of niche violations               :      0
  Number of errors                         :     13


Doing GA, no. of population(s) 1 size 100 selection pressure 1.100000

 Operation      Score     S(PLP)   S(hbond)     S(cho)   S(metal)  DE(clash)   DE(tors)     intcor
         0      17.00     -21.90       0.94       0.00       0.00       5.10       1.87       1.11
       749      17.41     -21.54       0.00       0.00       0.00       1.02       2.11       1.11
       804      17.96     -22.09       0.00       0.00       0.00       1.02       2.11       1.11
       898      25.54     -29.67       0.00       0.00       0.00       1.02       2.11       1.11
       934      28.18     -32.31       0.00       0.00       0.00       1.02       2.11       1.11
       961      29.20     -33.33       0.00       0.00       0.00       1.02       2.11       1.11
      1008      31.82     -35.95       0.00       0.00       0.00       1.02       2.11       1.11
      1442      34.47     -38.59       0.00       0.00       0.00       1.02       2.11       1.11
      2590      34.52     -38.35       0.00       0.00       0.00       0.60       1.84       0.44
      3071      34.63     -38.47       0.00       0.00       0.00       0.60       1.84       0.44
--------------------------------------------------------------------------------
Best docking solution after GA:
      3250      34.63     -38.47       0.00       0.00       0.00       0.60       1.84       0.44

#ops:       3250 #mutates:   1571 #cross:     1679 #dups:       651 
#niche:     1641 #errors:      22 
--------------------------------------------------------------------------------

Doing AMOEBA simplex on best individual
Done simplexing #iterations 628, best score  39.49

Ligand is stored in gold_soln_prep_ligand_1_m1_1.mol2


--------------------------------------------------------------------------------
--- CHEMPLP breakdown of terms                                               ---
--------------------------------------------------------------------------------
CHEMPLP = - ( 1.0000*S(PLP) + -3.0000*S(hbond) + -6.0000*S(metal) + -3.0000*S(cho) )

Score = CHEMPLP - 1.0000*DE(clash) - 2.0000*DE(tors)

Internal energy term has been corrected with the best internal energy encountered.

--------------------------------------------------------------------------------


     Score     S(PLP)   S(hbond)     S(cho)   S(metal)  DE(clash)   DE(tors)     intcor
     39.49     -42.16       0.00       0.00       0.00       0.07       1.52       0.44

--------------------------------------------------------------------------------
--- PLP analysis of protein-ligand interactions                              ---
--------------------------------------------------------------------------------
hydrogen bonding        :      -0.91
metal                   :       0.00
buried (polar-nonpolar) :       2.01
nonpolar                :     -43.71
repulsive               :       0.12
--------------------------------------------------------------------------------


--------------------------------------------------------------------------------
--- ChemScore analysis of protein-ligand interactions                        ---
--------------------------------------------------------------------------------

* Hydrogen bonds                                                                


* CH..O interactions                                                            
  CH group selection                       : activated ring CH (adjacent to hetatom)

--------------------------------------------------------------------------------


--------------------------------------------------------------------------------
--- Intra-ligand clashes                                                     ---
--------------------------------------------------------------------------------

Ligand
 16 (N16  ) -  13 (C13  ):   0.01 (dist   3.00)
 19 (O19  ) -   8 (C8   ):   0.07 (dist   2.50)
--------------------------------------------------------------------------------


--------------------------------------------------------------------------------
--- Chromosome decoded                                                       ---
--------------------------------------------------------------------------------
Ligand Torsions
[   4    5    6    7]  120.26
[   5    6    7    8]  150.96
[   9    8    7    6]   14.91
[  15   14    7    6]  143.64
Protein Torsions
[ 489  484  483  480]  -43.70 
[1635 1626 1625 1623]  -45.08 
[1707 1702 1701 1698]  125.27 
[1839 1828 1827 1826]   15.87 
Mapping
Ligand acceptors to protein hydrogens (mapping then atom ids)
Ligand hydrogens to protein acceptors (mapping then atom ids)
Ligand shape atoms to protein points (mapping then atom ids & coords)
  2  5924 [  4->(-12.750  15.250  20.500)]
  3  3176 [  7->(-17.000  16.250  19.750)]
  4  2823 [  9->(-17.750  17.500  23.000)]
  6  2609 [ 11->(-18.250  18.000  22.750)]
  8  2212 [ 13->(-19.000  17.750  22.500)]
  9  4651 [ 14->(-15.250  17.500  21.500)]
 11  3912 [ 17->(-16.250  22.000  19.250)]
 13  5730 [ 22->(-13.000  13.750  20.000)]
Chromosome values
Integers:
  -1   -1   -1   -1   -1 5923 3175 2822   -1 2608   -1 2211 
4650   -1 3911   -1 5729 
--------------------------------------------------------------------------------

Current Ranking  1

--------------------------------------------------------------------------------

* GA execution time :                                                           
  total  0.0550 user  0.0550 sys  0.0000

--------------------------------------------------------------------------------
Fitness function evaluations: 8401

--------------------------------------------------------------------------------
** Docking run number  2 **
--------------------------------------------------------------------------------
  Rank fitness base is 5000.00 ; increment is 11.2233

* Initialising population(s) ...                                                
Number of constraints mappings 0
Number of constraints 0
  Population no.                           :      1
  Population size                          :    100
  Number of duplicates                     :      0
  Number of niche violations               :      0
  Number of errors                         :     15


Doing GA, no. of population(s) 1 size 100 selection pressure 1.100000

 Operation      Score     S(PLP)   S(hbond)     S(cho)   S(metal)  DE(clash)   DE(tors)     intcor
         0      21.45     -26.97       0.32       0.00       0.00       6.09       0.42       0.44
       737      23.59     -27.94       0.32       0.00       0.00       4.98       0.39       0.44
      1452      28.24     -31.64       1.00       0.00       0.00       4.35       1.24       0.44
      1472      28.30     -31.70       1.00       0.00       0.00       4.35       1.24       0.44
      1579      32.75     -31.00       1.00       0.00       0.00       0.00       0.85       0.44
      2147      33.42     -31.69       0.96       0.00       0.00       0.00       0.79       0.44
      2517      34.73     -34.69       0.66       0.00       0.00       0.00       1.18       0.44
      2713      35.05     -35.69       0.65       0.00       0.00       1.05       1.00       0.44
      2737      35.30     -35.05       0.55       0.00       0.00       0.00       0.92       0.44
      2968      36.47     -34.53       1.00       0.00       0.00       0.00       0.59       0.11
      3092      37.18     -36.61       0.79       0.00       0.00       0.00       0.96       0.11
--------------------------------------------------------------------------------
Best docking solution after GA:
      3250      37.18     -36.61       0.79       0.00       0.00       0.00       0.96       0.11

#ops:       3250 #mutates:   1640 #cross:     1610 #dups:       541 
#niche:     1719 #errors:      30 
--------------------------------------------------------------------------------

Doing AMOEBA simplex on best individual
Done simplexing #iterations 657, best score  48.40

Ligand is stored in gold_soln_prep_ligand_1_m1_2.mol2


--------------------------------------------------------------------------------
--- CHEMPLP breakdown of terms                                               ---
--------------------------------------------------------------------------------
CHEMPLP = - ( 1.0000*S(PLP) + -3.0000*S(hbond) + -6.0000*S(metal) + -3.0000*S(cho) )

Score = CHEMPLP - 1.0000*DE(clash) - 2.0000*DE(tors)

Internal energy term has been corrected with the best internal energy encountered.

--------------------------------------------------------------------------------


     Score     S(PLP)   S(hbond)     S(cho)   S(metal)  DE(clash)   DE(tors)     intcor
     48.40     -47.33       1.03       0.00       0.00       0.00       1.07       0.11

--------------------------------------------------------------------------------
--- PLP analysis of protein-ligand interactions                              ---
--------------------------------------------------------------------------------
hydrogen bonding        :      -2.00
metal                   :       0.00
buried (polar-nonpolar) :      -3.43
nonpolar                :     -43.68
repulsive               :       0.17
--------------------------------------------------------------------------------


--------------------------------------------------------------------------------
--- ChemScore analysis of protein-ligand interactions                        ---
--------------------------------------------------------------------------------

* Hydrogen bonds                                                                
Ligand donor   16 hydrogen   34 Protein acceptor 2492 bond energy  1.00 wt 0.12
Protein donor 5227 hydrogen 5229 Ligand acceptor    6 bond energy  1.00 wt 0.91


* CH..O interactions                                                            
  CH group selection                       : activated ring CH (adjacent to hetatom)

--------------------------------------------------------------------------------


--------------------------------------------------------------------------------
--- Intra-ligand clashes                                                     ---
--------------------------------------------------------------------------------

Ligand
--------------------------------------------------------------------------------


--------------------------------------------------------------------------------
--- Chromosome decoded                                                       ---
--------------------------------------------------------------------------------
Ligand Torsions
[   4    5    6    7]  -91.89
[   5    6    7    8]   35.99
[   9    8    7    6]   51.61
[  15   14    7    6]   71.74
Protein Torsions
[ 489  484  483  480]  -97.10 
[1635 1626 1625 1623]  101.48 
[1707 1702 1701 1698]   79.37 
[1839 1828 1827 1826]  -77.20 
Mapping
Ligand acceptors to protein hydrogens (mapping then atom ids)
Ligand hydrogens to protein acceptors (mapping then atom ids)
Ligand shape atoms to protein points (mapping then atom ids & coords)
  1  5282 [  3->(-13.750  14.250  20.250)]
  2  4883 [  4->(-14.750  17.000  21.250)]
  3  2971 [  7->(-17.500  18.000  20.250)]
  6  2822 [ 11->(-17.750  17.500  22.750)]
Chromosome values
Integers:
  -1   -1   -1   -1 5281 4882 2970   -1   -1 2821   -1   -1 
  -1   -1   -1   -1   -1 
--------------------------------------------------------------------------------

Current Ranking  2  1

--------------------------------------------------------------------------------

* GA execution time :                                                           
  total  0.0546 user  0.0546 sys  0.0000

--------------------------------------------------------------------------------
Fitness function evaluations: 8457

--------------------------------------------------------------------------------
** Docking run number  3 **
--------------------------------------------------------------------------------
  Rank fitness base is 5000.00 ; increment is 11.2233

* Initialising population(s) ...                                                
Number of constraints mappings 0
Number of constraints 0
  Population no.                           :      1
  Population size                          :    100
  Number of duplicates                     :      0
  Number of niche violations               :      0
  Number of errors                         :     12


Doing GA, no. of population(s) 1 size 100 selection pressure 1.100000

 Operation      Score     S(PLP)   S(hbond)     S(cho)   S(metal)  DE(clash)   DE(tors)     intcor
         0      -7.25       1.28       0.96       0.00       0.00       7.73       0.61       0.11
        46      14.87     -21.27       0.81       0.00       0.00       7.73       0.61       0.11
        88      32.37     -39.87       0.45       0.00       0.00       7.73       0.61       0.11
       777      32.66     -39.92       0.55       0.00       0.00       7.73       0.65       0.11
      1257      33.97     -39.97       0.55       0.00       0.00       6.57       0.59       0.11
      2135      34.46     -40.31       0.60       0.00       0.00       6.57       0.59       0.11
      2546      34.74     -38.33       0.33       0.00       0.00       1.57       1.57       0.11
      3205      34.91     -36.24       0.58       0.00       0.00       0.00       1.60       0.11
      3224      35.13     -39.78       1.00       0.00       0.00       6.57       0.59       0.11
--------------------------------------------------------------------------------
Best docking solution after GA:
      3250      35.13     -39.78       1.00       0.00       0.00       6.57       0.59       0.11

#ops:       3250 #mutates:   1597 #cross:     1653 #dups:       587 
#niche:     1482 #errors:      35 
--------------------------------------------------------------------------------

Doing AMOEBA simplex on best individual
Done simplexing #iterations 450, best score  54.66

Ligand is stored in gold_soln_prep_ligand_1_m1_3.mol2


--------------------------------------------------------------------------------
--- CHEMPLP breakdown of terms                                               ---
--------------------------------------------------------------------------------
CHEMPLP = - ( 1.0000*S(PLP) + -3.0000*S(hbond) + -6.0000*S(metal) + -3.0000*S(cho) )

Score = CHEMPLP - 1.0000*DE(clash) - 2.0000*DE(tors)

Internal energy term has been corrected with the best internal energy encountered.

--------------------------------------------------------------------------------


     Score     S(PLP)   S(hbond)     S(cho)   S(metal)  DE(clash)   DE(tors)     intcor
     54.66     -52.04       1.00       0.00       0.00       0.00       0.25       0.11

--------------------------------------------------------------------------------
--- PLP analysis of protein-ligand interactions                              ---
--------------------------------------------------------------------------------
hydrogen bonding        :      -2.59
metal                   :       0.00
buried (polar-nonpolar) :      -6.92
nonpolar                :     -42.80
repulsive               :       0.19
--------------------------------------------------------------------------------


--------------------------------------------------------------------------------
--- ChemScore analysis of protein-ligand interactions                        ---
--------------------------------------------------------------------------------

* Hydrogen bonds                                                                
Protein donor 5227 hydrogen 5229 Ligand acceptor    6 bond energy  1.00 wt 1.00


* CH..O interactions                                                            
  CH group selection                       : activated ring CH (adjacent to hetatom)

--------------------------------------------------------------------------------


--------------------------------------------------------------------------------
--- Intra-ligand clashes                                                     ---
--------------------------------------------------------------------------------

Ligand
--------------------------------------------------------------------------------


--------------------------------------------------------------------------------
--- Chromosome decoded                                                       ---
--------------------------------------------------------------------------------
Ligand Torsions
[   4    5    6    7] -120.87
[   5    6    7    8]   62.05
[   9    8    7    6] -170.90
[  15   14    7    6]  -74.96
Protein Torsions
[ 489  484  483  480]   72.04 
[1635 1626 1625 1623]   61.76 
[1707 1702 1701 1698] -112.73 
[1839 1828 1827 1826]   79.86 
Mapping
Ligand acceptors to protein hydrogens (mapping then atom ids)
  1  20 [  6->5229]
Ligand hydrogens to protein acceptors (mapping then atom ids)
Ligand shape atoms to protein points (mapping then atom ids & coords)
  2  5216 [  4->(-14.000  17.000  21.500)]
  4  1967 [  9->(-19.500  18.000  22.750)]
  5  2074 [ 10->(-19.250  17.750  21.750)]
  6  2569 [ 11->(-18.250  17.250  22.750)]
Chromosome values
Integers:
  19   -1   -1   -1   -1 5215   -1 1966 2073 2568   -1   -1 
  -1   -1   -1   -1   -1 
--------------------------------------------------------------------------------

Current Ranking  3  2  1

--------------------------------------------------------------------------------

* GA execution time :                                                           
  total  0.0550 user  0.0540 sys  0.0010

--------------------------------------------------------------------------------
Fitness function evaluations: 8209

--------------------------------------------------------------------------------
** Docking run number  4 **
--------------------------------------------------------------------------------
  Rank fitness base is 5000.00 ; increment is 11.2233

* Initialising population(s) ...                                                
Number of constraints mappings 0
Number of constraints 0
  Population no.                           :      1
  Population size                          :    100
  Number of duplicates                     :      0
  Number of niche violations               :      0
  Number of errors                         :     17


Doing GA, no. of population(s) 1 size 100 selection pressure 1.100000

 Operation      Score     S(PLP)   S(hbond)     S(cho)   S(metal)  DE(clash)   DE(tors)     intcor
         0      -1.89      -6.02       0.00       0.00       0.00       4.19       1.92       0.11
       218       8.74     -12.47       0.07       0.00       0.00       3.73       0.16       0.11
       355      10.58     -17.17       0.23       0.00       0.00       3.35       2.02       0.11
       426      16.72     -30.58       0.59       0.00       0.00      14.01       0.86       0.11
       462      29.45     -30.80       0.86       0.00       0.00       3.73       0.17       0.11
       504      31.01     -32.50       0.82       0.00       0.00       3.73       0.17       0.11
       590      36.72     -38.11       0.85       0.00       0.00       3.73       0.16       0.11
      1364      37.77     -39.14       0.00       0.00       0.00       0.00       0.74       0.11
      1600      38.58     -41.10       0.00       0.00       0.00       1.08       0.78       0.11
      1764      39.37     -40.73       0.00       0.00       0.00       0.00       0.74       0.11
      1907      40.26     -39.85       0.85       0.00       0.00       1.55       0.35       0.11
      2640      42.03     -40.66       0.85       0.00       0.00       0.38       0.45       0.11
      2649      42.32     -43.69       0.00       0.00       0.00       0.00       0.74       0.11
      3046      42.65     -44.04       0.00       0.00       0.00       0.00       0.75       0.11
--------------------------------------------------------------------------------
Best docking solution after GA:
      3250      42.65     -44.04       0.00       0.00       0.00       0.00       0.75       0.11

#ops:       3250 #mutates:   1625 #cross:     1625 #dups:       740 
#niche:     1917 #errors:      18 
--------------------------------------------------------------------------------

Doing AMOEBA simplex on best individual
Done simplexing #iterations 580, best score  44.68

Ligand is stored in gold_soln_prep_ligand_1_m1_4.mol2


--------------------------------------------------------------------------------
--- CHEMPLP breakdown of terms                                               ---
--------------------------------------------------------------------------------
CHEMPLP = - ( 1.0000*S(PLP) + -3.0000*S(hbond) + -6.0000*S(metal) + -3.0000*S(cho) )

Score = CHEMPLP - 1.0000*DE(clash) - 2.0000*DE(tors)

Internal energy term has been corrected with the best internal energy encountered.

--------------------------------------------------------------------------------


     Score     S(PLP)   S(hbond)     S(cho)   S(metal)  DE(clash)   DE(tors)     intcor
     44.68     -46.11       0.00       0.00       0.00       0.00       0.77       0.11

--------------------------------------------------------------------------------
--- PLP analysis of protein-ligand interactions                              ---
--------------------------------------------------------------------------------
hydrogen bonding        :       0.00
metal                   :       0.00
buried (polar-nonpolar) :     -10.45
nonpolar                :     -37.33
repulsive               :       0.59
--------------------------------------------------------------------------------


--------------------------------------------------------------------------------
--- ChemScore analysis of protein-ligand interactions                        ---
--------------------------------------------------------------------------------

* Hydrogen bonds                                                                


* CH..O interactions                                                            
  CH group selection                       : activated ring CH (adjacent to hetatom)

--------------------------------------------------------------------------------


--------------------------------------------------------------------------------
--- Intra-ligand clashes                                                     ---
--------------------------------------------------------------------------------

Ligand
--------------------------------------------------------------------------------


--------------------------------------------------------------------------------
--- Chromosome decoded                                                       ---
--------------------------------------------------------------------------------
Ligand Torsions
[   4    5    6    7]   60.52
[   5    6    7    8]   57.39
[   9    8    7    6]   30.56
[  15   14    7    6]   62.06
Protein Torsions
[ 489  484  483  480]   -7.39 
[1635 1626 1625 1623]  -19.13 
[1707 1702 1701 1698]  128.73 
[1839 1828 1827 1826] -161.16 
Mapping
Ligand acceptors to protein hydrogens (mapping then atom ids)
Ligand hydrogens to protein acceptors (mapping then atom ids)
Ligand shape atoms to protein points (mapping then atom ids & coords)
  2  3473 [  4->(-16.750  21.500  19.500)]
  3  3266 [  7->(-17.000  18.500  21.000)]
  5  2313 [ 10->(-18.750  17.000  22.250)]
  7  2447 [ 12->(-18.500  17.000  23.250)]
 11  4215 [ 17->(-15.750  14.500  18.750)]
 12  4045 [ 18->(-16.000  16.000  19.750)]
Chromosome values
Integers:
  -1   -1   -1   -1   -1 3472 3265   -1 2312   -1 2446   -1 
  -1   -1 4214 4044   -1 
--------------------------------------------------------------------------------

Current Ranking  3  2  4  1

--------------------------------------------------------------------------------

* GA execution time :                                                           
  total  0.0581 user  0.0581 sys  0.0000

--------------------------------------------------------------------------------
Fitness function evaluations: 8285

--------------------------------------------------------------------------------
** Docking run number  5 **
--------------------------------------------------------------------------------
  Rank fitness base is 5000.00 ; increment is 11.2233

* Initialising population(s) ...                                                
Number of constraints mappings 0
Number of constraints 0
  Population no.                           :      1
  Population size                          :    100
  Number of duplicates                     :      0
  Number of niche violations               :      0
  Number of errors                         :      9


Doing GA, no. of population(s) 1 size 100 selection pressure 1.100000

 Operation      Score     S(PLP)   S(hbond)     S(cho)   S(metal)  DE(clash)   DE(tors)     intcor
         0      -5.82       2.23       0.00       0.00       0.00       0.00       1.85       0.11
        40      -2.77     -13.80       0.00       0.00       0.00      13.89       1.40       0.11
       131       4.41     -11.43       0.00       0.00       0.00       5.07       1.03       0.11
       527       7.36     -10.44       0.00       0.00       0.00       0.00       1.60       0.11
       662       8.54     -12.56       1.00       0.00       0.00       5.07       1.03       0.11
       688      12.10     -15.69       0.00       0.00       0.00       0.00       1.85       0.11
       976      13.21     -14.43       0.00       0.00       0.00       0.74       0.29       0.11
      1049      15.21     -18.29       0.00       0.00       0.00       0.00       1.60       0.11
      1093      20.81     -24.87       0.00       0.00       0.00       1.82       1.18       0.11
      1143      24.11     -27.70       0.00       0.00       0.00       0.00       1.85       0.11
      1180      25.08     -28.51       0.00       0.00       0.00       0.00       1.77       0.11
      1318      25.21     -28.60       0.00       0.00       0.00       0.00       1.75       0.11
      1397      26.56     -30.15       0.00       0.00       0.00       0.00       1.85       0.11
      1561      27.09     -32.78       0.42       0.00       0.00       2.70       2.18       0.11
      1725      27.92     -31.62       0.12       0.00       0.00       0.00       2.08       0.11
      1739      29.50     -33.31       0.00       0.00       0.00       0.00       1.96       0.11
      1743      30.19     -33.79       0.00       0.00       0.00       0.00       1.85       0.11
      2005      30.25     -34.49       0.00       0.00       0.00       0.24       2.06       0.11
      2044      30.31     -36.65       0.00       0.00       0.00       3.10       1.68       0.11
      2100      33.26     -37.50       0.00       0.00       0.00       0.24       2.06       0.11
      2150      33.65     -37.70       0.00       0.00       0.00       0.00       2.08       0.11
      2977      34.01     -37.82       0.00       0.00       0.00       0.00       1.96       0.11
      3089      34.16     -40.51       0.00       0.00       0.00       3.10       1.68       0.11
      3126      35.21     -38.94       0.00       0.00       0.00       0.00       1.92       0.11
      3205      36.74     -40.60       0.00       0.00       0.00       0.28       1.85       0.11
--------------------------------------------------------------------------------
Best docking solution after GA:
      3250      36.74     -40.60       0.00       0.00       0.00       0.28       1.85       0.11

#ops:       3250 #mutates:   1606 #cross:     1644 #dups:       658 
#niche:     1688 #errors:      25 
--------------------------------------------------------------------------------

Doing AMOEBA simplex on best individual
Done simplexing #iterations 791, best score  46.59

Ligand is stored in gold_soln_prep_ligand_1_m1_5.mol2


--------------------------------------------------------------------------------
--- CHEMPLP breakdown of terms                                               ---
--------------------------------------------------------------------------------
CHEMPLP = - ( 1.0000*S(PLP) + -3.0000*S(hbond) + -6.0000*S(metal) + -3.0000*S(cho) )

Score = CHEMPLP - 1.0000*DE(clash) - 2.0000*DE(tors)

Internal energy term has been corrected with the best internal energy encountered.

--------------------------------------------------------------------------------


     Score     S(PLP)   S(hbond)     S(cho)   S(metal)  DE(clash)   DE(tors)     intcor
     46.59     -50.15       0.00       0.00       0.00       0.02       1.83       0.11

--------------------------------------------------------------------------------
--- PLP analysis of protein-ligand interactions                              ---
--------------------------------------------------------------------------------
hydrogen bonding        :      -0.63
metal                   :       0.00
buried (polar-nonpolar) :      -0.70
nonpolar                :     -48.61
repulsive               :       0.08
--------------------------------------------------------------------------------


--------------------------------------------------------------------------------
--- ChemScore analysis of protein-ligand interactions                        ---
--------------------------------------------------------------------------------

* Hydrogen bonds                                                                


* CH..O interactions                                                            
  CH group selection                       : activated ring CH (adjacent to hetatom)

--------------------------------------------------------------------------------


--------------------------------------------------------------------------------
--- Intra-ligand clashes                                                     ---
--------------------------------------------------------------------------------

Ligand
 19 (O19  ) -   8 (C8   ):   0.02 (dist   2.50)
--------------------------------------------------------------------------------


--------------------------------------------------------------------------------
--- Chromosome decoded                                                       ---
--------------------------------------------------------------------------------
Ligand Torsions
[   4    5    6    7]  118.91
[   5    6    7    8] -135.21
[   9    8    7    6]   15.87
[  15   14    7    6]  143.82
Protein Torsions
[ 489  484  483  480]  -78.91 
[1635 1626 1625 1623]   20.90 
[1707 1702 1701 1698]  -65.12 
[1839 1828 1827 1826] -139.18 
Mapping
Ligand acceptors to protein hydrogens (mapping then atom ids)
Ligand hydrogens to protein acceptors (mapping then atom ids)
Ligand shape atoms to protein points (mapping then atom ids & coords)
  2  6878 [  4->(-11.000  16.000  19.750)]
  3  4250 [  7->(-15.750  15.500  19.500)]
  5  4790 [ 10->(-15.000  18.000  21.750)]
  6  3633 [ 11->(-16.500  17.750  21.500)]
  9  4744 [ 14->(-15.000  15.500  20.000)]
 10  3542 [ 15->(-16.500  15.500  19.250)]
 13  6160 [ 22->(-12.250  11.250  20.000)]
Chromosome values
Integers:
  -1   -1   -1   -1   -1 6877 4249   -1 4789 3632   -1   -1 
4743 3541   -1   -1 6159 
--------------------------------------------------------------------------------

Current Ranking  3  2  5  4  1

--------------------------------------------------------------------------------

* GA execution time :                                                           
  total  0.0616 user  0.0616 sys  0.0000

--------------------------------------------------------------------------------
Fitness function evaluations: 8666

--------------------------------------------------------------------------------
** Docking run number  6 **
--------------------------------------------------------------------------------
  Rank fitness base is 5000.00 ; increment is 11.2233

* Initialising population(s) ...                                                
Number of constraints mappings 0
Number of constraints 0
  Population no.                           :      1
  Population size                          :    100
  Number of duplicates                     :      0
  Number of niche violations               :      0
  Number of errors                         :      8


Doing GA, no. of population(s) 1 size 100 selection pressure 1.100000

 Operation      Score     S(PLP)   S(hbond)     S(cho)   S(metal)  DE(clash)   DE(tors)     intcor
         0      -2.37     -16.68       0.00       0.00       0.00      16.69       1.24       0.11
        22      -1.06      -2.38       0.14       0.00       0.00       2.28       0.85       0.11
        65       6.07     -25.13       0.00       0.00       0.00      16.69       1.24       0.11
       117      28.23     -46.36       0.00       0.00       0.00      16.30       0.98       0.11
      1021      29.73     -48.50       0.41       0.00       0.00      17.15       1.49       0.11
      1403      30.50     -33.65       0.57       0.00       0.00       2.60       1.18       0.11
      1671      30.99     -48.23       0.44       0.00       0.00      15.60       1.54       0.11
      1719      33.98     -42.58       0.00       0.00       0.00       4.39       2.16       0.11
      1899      37.41     -45.31       0.00       0.00       0.00       4.39       1.81       0.11
--------------------------------------------------------------------------------
Best docking solution after GA:
      3250      37.41     -45.31       0.00       0.00       0.00       4.39       1.81       0.11

#ops:       3250 #mutates:   1612 #cross:     1638 #dups:       749 
#niche:     1478 #errors:      53 
--------------------------------------------------------------------------------

Doing AMOEBA simplex on best individual
Done simplexing #iterations 570, best score  44.81

Ligand is stored in gold_soln_prep_ligand_1_m1_6.mol2


--------------------------------------------------------------------------------
--- CHEMPLP breakdown of terms                                               ---
--------------------------------------------------------------------------------
CHEMPLP = - ( 1.0000*S(PLP) + -3.0000*S(hbond) + -6.0000*S(metal) + -3.0000*S(cho) )

Score = CHEMPLP - 1.0000*DE(clash) - 2.0000*DE(tors)

Internal energy term has been corrected with the best internal energy encountered.

--------------------------------------------------------------------------------


     Score     S(PLP)   S(hbond)     S(cho)   S(metal)  DE(clash)   DE(tors)     intcor
     44.81     -51.40       0.11       0.00       0.00       3.78       1.62       0.11

--------------------------------------------------------------------------------
--- PLP analysis of protein-ligand interactions                              ---
--------------------------------------------------------------------------------
hydrogen bonding        :      -1.95
metal                   :       0.00
buried (polar-nonpolar) :      -0.06
nonpolar                :     -48.22
repulsive               :       0.06
--------------------------------------------------------------------------------


--------------------------------------------------------------------------------
--- ChemScore analysis of protein-ligand interactions                        ---
--------------------------------------------------------------------------------

* Hydrogen bonds                                                                
Ligand donor   16 hydrogen   34 Protein acceptor  386 bond energy  1.00 wt 0.11


* CH..O interactions                                                            
  CH group selection                       : activated ring CH (adjacent to hetatom)

--------------------------------------------------------------------------------


--------------------------------------------------------------------------------
--- Intra-ligand clashes                                                     ---
--------------------------------------------------------------------------------

Ligand
 14 (C14  ) -   9 (C9   ):   3.78 (dist   2.64)
--------------------------------------------------------------------------------


--------------------------------------------------------------------------------
--- Chromosome decoded                                                       ---
--------------------------------------------------------------------------------
Ligand Torsions
[   4    5    6    7]   -5.00
[   5    6    7    8]  154.58
[   9    8    7    6]  158.74
[  15   14    7    6]   29.43
Protein Torsions
[ 489  484  483  480] -151.46 
[1635 1626 1625 1623]  165.99 
[1707 1702 1701 1698]  -39.24 
[1839 1828 1827 1826]  179.73 
Mapping
Ligand acceptors to protein hydrogens (mapping then atom ids)
Ligand hydrogens to protein acceptors (mapping then atom ids)
Ligand shape atoms to protein points (mapping then atom ids & coords)
  1  4663 [  3->(-15.250  18.000  21.750)]
  7  5511 [ 12->(-13.250  10.250  19.250)]
  9  6646 [ 14->(-11.500  15.000  19.500)]
Chromosome values
Integers:
  -1   -1   -1   -1 4662   -1   -1   -1   -1   -1 5510   -1 
6645   -1   -1   -1   -1 
--------------------------------------------------------------------------------

Current Ranking  3  2  5  6  4  1

--------------------------------------------------------------------------------

* GA execution time :                                                           
  total  0.0530 user  0.0510 sys  0.0020

--------------------------------------------------------------------------------
Fitness function evaluations: 8325

--------------------------------------------------------------------------------
** Docking run number  7 **
--------------------------------------------------------------------------------
  Rank fitness base is 5000.00 ; increment is 11.2233

* Initialising population(s) ...                                                
Number of constraints mappings 0
Number of constraints 0
  Population no.                           :      1
  Population size                          :    100
  Number of duplicates                     :      0
  Number of niche violations               :      0
  Number of errors                         :     20


Doing GA, no. of population(s) 1 size 100 selection pressure 1.100000

 Operation      Score     S(PLP)   S(hbond)     S(cho)   S(metal)  DE(clash)   DE(tors)     intcor
         0     -11.19     -22.40       0.00       0.00       0.00      29.36       2.18       0.11
        20      -5.64      -8.43       0.00       0.00       0.00      13.01       0.59       0.11
       204       9.38     -10.54       0.18       0.00       0.00       0.00       0.90       0.11
       689       9.45     -10.40       0.19       0.00       0.00       0.00       0.82       0.11
       717      12.23     -22.74       0.00       0.00       0.00       6.79       1.92       0.11
       869      12.95     -17.33       0.00       0.00       0.00       3.54       0.48       0.11
       875      19.83     -30.12       0.86       0.00       0.00      10.72       1.13       0.11
      1236      31.88     -41.20       1.18       0.00       0.00      10.72       1.13       0.11
      3151      33.78     -35.63       0.00       0.00       0.00       0.00       0.98       0.11
      3223      33.78     -33.96       0.87       0.00       0.00       0.00       1.46       0.11
--------------------------------------------------------------------------------
Best docking solution after GA:
      3250      33.78     -33.96       0.87       0.00       0.00       0.00       1.46       0.11

#ops:       3250 #mutates:   1631 #cross:     1619 #dups:       564 
#niche:     1454 #errors:      42 
--------------------------------------------------------------------------------

Doing AMOEBA simplex on best individual
Done simplexing #iterations 853, best score  44.17

Ligand is stored in gold_soln_prep_ligand_1_m1_7.mol2


--------------------------------------------------------------------------------
--- CHEMPLP breakdown of terms                                               ---
--------------------------------------------------------------------------------
CHEMPLP = - ( 1.0000*S(PLP) + -3.0000*S(hbond) + -6.0000*S(metal) + -3.0000*S(cho) )

Score = CHEMPLP - 1.0000*DE(clash) - 2.0000*DE(tors)

Internal energy term has been corrected with the best internal energy encountered.

--------------------------------------------------------------------------------


     Score     S(PLP)   S(hbond)     S(cho)   S(metal)  DE(clash)   DE(tors)     intcor
     44.17     -44.45       0.90       0.00       0.00       0.00       1.54       0.11

--------------------------------------------------------------------------------
--- PLP analysis of protein-ligand interactions                              ---
--------------------------------------------------------------------------------
hydrogen bonding        :      -1.00
metal                   :       0.00
buried (polar-nonpolar) :      -5.48
nonpolar                :     -38.87
repulsive               :       0.07
--------------------------------------------------------------------------------


--------------------------------------------------------------------------------
--- ChemScore analysis of protein-ligand interactions                        ---
--------------------------------------------------------------------------------

* Hydrogen bonds                                                                
Protein donor 5227 hydrogen 5229 Ligand acceptor   19 bond energy  1.00 wt 0.90


* CH..O interactions                                                            
  CH group selection                       : activated ring CH (adjacent to hetatom)

--------------------------------------------------------------------------------


--------------------------------------------------------------------------------
--- Intra-ligand clashes                                                     ---
--------------------------------------------------------------------------------

Ligand
--------------------------------------------------------------------------------


--------------------------------------------------------------------------------
--- Chromosome decoded                                                       ---
--------------------------------------------------------------------------------
Ligand Torsions
[   4    5    6    7]   16.86
[   5    6    7    8]   78.91
[   9    8    7    6]   20.99
[  15   14    7    6]  149.86
Protein Torsions
[ 489  484  483  480] -121.78 
[1635 1626 1625 1623]   83.62 
[1707 1702 1701 1698] -109.36 
[1839 1828 1827 1826]  132.74 
Mapping
Ligand acceptors to protein hydrogens (mapping then atom ids)
Ligand hydrogens to protein acceptors (mapping then atom ids)
Ligand shape atoms to protein points (mapping then atom ids & coords)
  2  2237 [  4->(-19.000  18.500  21.250)]
  3  4091 [  7->(-16.000  17.250  20.750)]
  5  4295 [ 10->(-15.750  16.500  17.500)]
  8  3220 [ 13->(-17.000  17.250  21.250)]
 10  5209 [ 15->(-14.000  16.750  21.250)]
 11  5820 [ 17->(-13.000  17.000  20.750)]
Chromosome values
Integers:
  -1   -1   -1   -1   -1 2236 4090   -1 4294   -1   -1 3219 
  -1 5208 5819   -1   -1 
--------------------------------------------------------------------------------

Current Ranking  3  2  5  6  4  7  1

--------------------------------------------------------------------------------

* GA execution time :                                                           
  total  0.0553 user  0.0553 sys  0.0000

--------------------------------------------------------------------------------
Fitness function evaluations: 8798

--------------------------------------------------------------------------------
** Docking run number  8 **
--------------------------------------------------------------------------------
  Rank fitness base is 5000.00 ; increment is 11.2233

* Initialising population(s) ...                                                
Number of constraints mappings 0
Number of constraints 0
  Population no.                           :      1
  Population size                          :    100
  Number of duplicates                     :      0
  Number of niche violations               :      0
  Number of errors                         :     22


Doing GA, no. of population(s) 1 size 100 selection pressure 1.100000

 Operation      Score     S(PLP)   S(hbond)     S(cho)   S(metal)  DE(clash)   DE(tors)     intcor
         0      -2.91       2.32       0.00       0.00       0.00       0.00       0.35       0.11
       254       2.05      -2.63       0.00       0.00       0.00       0.00       0.35       0.11
       313      28.03     -25.62       1.00       0.00       0.00       0.00       0.35       0.11
       638      28.89     -26.57       1.00       0.00       0.00       0.00       0.40       0.11
       810      29.69     -27.58       0.90       0.00       0.00       0.00       0.35       0.11
       934      33.51     -32.27       1.00       0.00       0.00       0.00       0.93       0.11
       986      38.49     -36.07       1.00       0.00       0.00       0.00       0.35       0.11
      1894      39.94     -37.53       1.00       0.00       0.00       0.00       0.35       0.11
      1978      40.12     -41.23       0.91       0.00       0.00       0.24       1.86       0.11
      1991      45.53     -43.11       1.00       0.00       0.00       0.00       0.35       0.11
      2469      45.63     -44.47       0.59       0.00       0.00       0.00       0.35       0.11
      2814      45.97     -44.79       0.59       0.00       0.00       0.00       0.35       0.11
      3111      46.42     -45.50       0.60       0.00       0.00       0.00       0.50       0.11
--------------------------------------------------------------------------------
Best docking solution after GA:
      3250      46.42     -45.50       0.60       0.00       0.00       0.00       0.50       0.11

#ops:       3250 #mutates:   1689 #cross:     1561 #dups:       610 
#niche:     1678 #errors:      31 
--------------------------------------------------------------------------------

Doing AMOEBA simplex on best individual
Done simplexing #iterations 707, best score  50.40

Ligand is stored in gold_soln_prep_ligand_1_m1_8.mol2


--------------------------------------------------------------------------------
--- CHEMPLP breakdown of terms                                               ---
--------------------------------------------------------------------------------
CHEMPLP = - ( 1.0000*S(PLP) + -3.0000*S(hbond) + -6.0000*S(metal) + -3.0000*S(cho) )

Score = CHEMPLP - 1.0000*DE(clash) - 2.0000*DE(tors)

Internal energy term has been corrected with the best internal energy encountered.

--------------------------------------------------------------------------------


     Score     S(PLP)   S(hbond)     S(cho)   S(metal)  DE(clash)   DE(tors)     intcor
     50.40     -48.39       0.99       0.00       0.00       0.00       0.54       0.11

--------------------------------------------------------------------------------
--- PLP analysis of protein-ligand interactions                              ---
--------------------------------------------------------------------------------
hydrogen bonding        :      -2.66
metal                   :       0.00
buried (polar-nonpolar) :      -5.10
nonpolar                :     -40.62
repulsive               :       0.21
--------------------------------------------------------------------------------


--------------------------------------------------------------------------------
--- ChemScore analysis of protein-ligand interactions                        ---
--------------------------------------------------------------------------------

* Hydrogen bonds                                                                
Protein donor 5227 hydrogen 5229 Ligand acceptor    6 bond energy  1.00 wt 0.99


* CH..O interactions                                                            
  CH group selection                       : activated ring CH (adjacent to hetatom)

--------------------------------------------------------------------------------


--------------------------------------------------------------------------------
--- Intra-ligand clashes                                                     ---
--------------------------------------------------------------------------------

Ligand
--------------------------------------------------------------------------------


--------------------------------------------------------------------------------
--- Chromosome decoded                                                       ---
--------------------------------------------------------------------------------
Ligand Torsions
[   4    5    6    7]   32.43
[   5    6    7    8]   61.62
[   9    8    7    6] -169.02
[  15   14    7    6]  -66.34
Protein Torsions
[ 489  484  483  480] -104.92 
[1635 1626 1625 1623]  -28.51 
[1707 1702 1701 1698]  160.78 
[1839 1828 1827 1826]  -65.73 
Mapping
Ligand acceptors to protein hydrogens (mapping then atom ids)
  1  20 [  6->5229]
Ligand hydrogens to protein acceptors (mapping then atom ids)
Ligand shape atoms to protein points (mapping then atom ids & coords)
  2  3185 [  4->(-17.000  16.500  20.750)]
  3  2816 [  7->(-17.750  17.500  21.250)]
  4  2322 [  9->(-18.750  17.250  22.000)]
  6  2089 [ 11->(-19.250  18.000  22.750)]
  8  3383 [ 13->(-16.750  16.750  21.000)]
  9  3291 [ 14->(-17.000  21.250  19.750)]
 13  5743 [ 22->(-13.000  14.500  20.250)]
Chromosome values
Integers:
  19   -1   -1   -1   -1 3184 2815 2321   -1 2088   -1 3382 
3290   -1   -1   -1 5742 
--------------------------------------------------------------------------------

Current Ranking  3  8  2  5  6  4  7  1

--------------------------------------------------------------------------------

* GA execution time :                                                           
  total  0.0545 user  0.0536 sys  0.0010

--------------------------------------------------------------------------------
Fitness function evaluations: 8477

--------------------------------------------------------------------------------
** Docking run number  9 **
--------------------------------------------------------------------------------
  Rank fitness base is 5000.00 ; increment is 11.2233

* Initialising population(s) ...                                                
Number of constraints mappings 0
Number of constraints 0
  Population no.                           :      1
  Population size                          :    100
  Number of duplicates                     :      0
  Number of niche violations               :      0
  Number of errors                         :     18


Doing GA, no. of population(s) 1 size 100 selection pressure 1.100000

 Operation      Score     S(PLP)   S(hbond)     S(cho)   S(metal)  DE(clash)   DE(tors)     intcor
         0      -2.23      -5.23       0.00       0.00       0.00       4.77       1.40       0.11
       111       1.85      -9.31       0.00       0.00       0.00       4.77       1.40       0.11
       181       7.53     -20.91       0.00       0.00       0.00       7.77       2.86       0.11
       364       7.77      -8.52       0.00       0.00       0.00       0.00       0.43       0.11
       651      10.10     -12.91       0.00       0.00       0.00       0.00       1.46       0.11
       733      11.19     -21.00       0.00       0.00       0.00       4.15       2.88       0.11
       825      22.06     -26.00       0.00       0.00       0.00       0.03       2.02       0.11
      1914      25.76     -33.22       0.00       0.00       0.00       4.77       1.40       0.11
      2178      28.34     -35.80       0.00       0.00       0.00       4.77       1.40       0.11
      3043      29.64     -36.69       0.00       0.00       0.00       4.77       1.20       0.11
      3235      31.02     -38.48       0.00       0.00       0.00       4.77       1.40       0.11
      3246      33.32     -37.31       0.00       0.00       0.00       0.03       2.04       0.11
--------------------------------------------------------------------------------
Best docking solution after GA:
      3250      33.32     -37.31       0.00       0.00       0.00       0.03       2.04       0.11

#ops:       3250 #mutates:   1627 #cross:     1623 #dups:       495 
#niche:     1497 #errors:      22 
--------------------------------------------------------------------------------

Doing AMOEBA simplex on best individual
Done simplexing #iterations 749, best score  40.39

Ligand is stored in gold_soln_prep_ligand_1_m1_9.mol2


--------------------------------------------------------------------------------
--- CHEMPLP breakdown of terms                                               ---
--------------------------------------------------------------------------------
CHEMPLP = - ( 1.0000*S(PLP) + -3.0000*S(hbond) + -6.0000*S(metal) + -3.0000*S(cho) )

Score = CHEMPLP - 1.0000*DE(clash) - 2.0000*DE(tors)

Internal energy term has been corrected with the best internal energy encountered.

--------------------------------------------------------------------------------


     Score     S(PLP)   S(hbond)     S(cho)   S(metal)  DE(clash)   DE(tors)     intcor
     40.39     -43.90       0.00       0.00       0.00       0.00       1.81       0.11

--------------------------------------------------------------------------------
--- PLP analysis of protein-ligand interactions                              ---
--------------------------------------------------------------------------------
hydrogen bonding        :      -0.47
metal                   :       0.00
buried (polar-nonpolar) :      -9.42
nonpolar                :     -34.84
repulsive               :       0.24
--------------------------------------------------------------------------------


--------------------------------------------------------------------------------
--- ChemScore analysis of protein-ligand interactions                        ---
--------------------------------------------------------------------------------

* Hydrogen bonds                                                                


* CH..O interactions                                                            
  CH group selection                       : activated ring CH (adjacent to hetatom)

--------------------------------------------------------------------------------


--------------------------------------------------------------------------------
--- Intra-ligand clashes                                                     ---
--------------------------------------------------------------------------------

Ligand
--------------------------------------------------------------------------------


--------------------------------------------------------------------------------
--- Chromosome decoded                                                       ---
--------------------------------------------------------------------------------
Ligand Torsions
[   4    5    6    7]   57.41
[   5    6    7    8] -109.60
[   9    8    7    6]   31.34
[  15   14    7    6]  157.01
Protein Torsions
[ 489  484  483  480]   46.39 
[1635 1626 1625 1623]  -18.43 
[1707 1702 1701 1698]   98.24 
[1839 1828 1827 1826]  177.24 
Mapping
Ligand acceptors to protein hydrogens (mapping then atom ids)
Ligand hydrogens to protein acceptors (mapping then atom ids)
Ligand shape atoms to protein points (mapping then atom ids & coords)
  2  2780 [  4->(-18.000  20.250  19.250)]
  3  2877 [  7->(-17.750  18.500  21.000)]
  4  3368 [  9->(-16.750  16.500  20.250)]
  6  3562 [ 11->(-16.500  16.000  17.750)]
  7  4015 [ 12->(-16.000  15.500  19.750)]
  8  3513 [ 13->(-16.500  14.500  19.500)]
  9  2877 [ 14->(-17.750  18.500  21.000)]
Chromosome values
Integers:
  -1   -1   -1   -1   -1 2779 2876 3367   -1 3561 4014 3512 
2876   -1   -1   -1   -1 
--------------------------------------------------------------------------------

Current Ranking  3  8  2  5  6  4  7  9  1

--------------------------------------------------------------------------------

* GA execution time :                                                           
  total  0.0544 user  0.0544 sys  0.0000

--------------------------------------------------------------------------------
Fitness function evaluations: 8606

--------------------------------------------------------------------------------
** Docking run number 10 **
--------------------------------------------------------------------------------
  Rank fitness base is 5000.00 ; increment is 11.2233

* Initialising population(s) ...                                                
Number of constraints mappings 0
Number of constraints 0
  Population no.                           :      1
  Population size                          :    100
  Number of duplicates                     :      0
  Number of niche violations               :      0
  Number of errors                         :     12


Doing GA, no. of population(s) 1 size 100 selection pressure 1.100000

 Operation      Score     S(PLP)   S(hbond)     S(cho)   S(metal)  DE(clash)   DE(tors)     intcor
         0      -6.93      -5.30       0.00       0.00       0.00       7.83       2.26       0.11
         8      -1.24     -21.33       0.00       0.00       0.00      17.13       2.78       0.11
       350      -1.23     -21.31       0.00       0.00       0.00      17.13       2.76       0.11
       355       1.37      -2.57       0.00       0.00       0.00       0.00       0.66       0.11
       491       2.08      -9.45       0.05       0.00       0.00       5.85       0.90       0.11
       713       3.74      -8.37       0.00       0.00       0.00       2.33       1.21       0.11
       864      11.18     -17.62       0.36       0.00       0.00       5.85       0.90       0.11
       960      15.07     -17.47       0.00       0.00       0.00       1.23       0.64       0.11
       992      18.15     -21.55       0.00       0.00       0.00       2.17       0.67       0.11
      1646      18.86     -22.35       0.00       0.00       0.00       2.17       0.72       0.11
      1688      26.87     -28.60       0.00       0.00       0.00       0.08       0.88       0.11
      2807      28.10     -32.06       0.00       0.00       0.00       0.54       1.77       0.11
      2959      28.22     -30.51       0.09       0.00       0.00       0.08       1.29       0.11
      3072      29.46     -37.81       0.16       0.00       0.00       8.31       0.32       0.11
      3102      29.66     -37.47       0.13       0.00       0.00       7.68       0.32       0.11
--------------------------------------------------------------------------------
Best docking solution after GA:
      3250      29.66     -37.47       0.13       0.00       0.00       7.68       0.32       0.11

#ops:       3250 #mutates:   1601 #cross:     1649 #dups:       600 
#niche:     1442 #errors:      38 
--------------------------------------------------------------------------------

Doing AMOEBA simplex on best individual
Done simplexing #iterations 1027, best score  43.65

Ligand is stored in gold_soln_prep_ligand_1_m1_10.mol2


--------------------------------------------------------------------------------
--- CHEMPLP breakdown of terms                                               ---
--------------------------------------------------------------------------------
CHEMPLP = - ( 1.0000*S(PLP) + -3.0000*S(hbond) + -6.0000*S(metal) + -3.0000*S(cho) )

Score = CHEMPLP - 1.0000*DE(clash) - 2.0000*DE(tors)

Internal energy term has been corrected with the best internal energy encountered.

--------------------------------------------------------------------------------


     Score     S(PLP)   S(hbond)     S(cho)   S(metal)  DE(clash)   DE(tors)     intcor
     43.65     -44.53       0.54       0.00       0.00       0.00       1.30       0.11

--------------------------------------------------------------------------------
--- PLP analysis of protein-ligand interactions                              ---
--------------------------------------------------------------------------------
hydrogen bonding        :      -1.00
metal                   :       0.00
buried (polar-nonpolar) :      -6.44
nonpolar                :     -38.86
repulsive               :       0.08
--------------------------------------------------------------------------------


--------------------------------------------------------------------------------
--- ChemScore analysis of protein-ligand interactions                        ---
--------------------------------------------------------------------------------

* Hydrogen bonds                                                                
Protein donor 5227 hydrogen 5229 Ligand acceptor   19 bond energy  1.00 wt 0.54


* CH..O interactions                                                            
  CH group selection                       : activated ring CH (adjacent to hetatom)

--------------------------------------------------------------------------------


--------------------------------------------------------------------------------
--- Intra-ligand clashes                                                     ---
--------------------------------------------------------------------------------

Ligand
--------------------------------------------------------------------------------


--------------------------------------------------------------------------------
--- Chromosome decoded                                                       ---
--------------------------------------------------------------------------------
Ligand Torsions
[   4    5    6    7]   22.05
[   5    6    7    8]   59.78
[   9    8    7    6]   26.45
[  15   14    7    6]  159.10
Protein Torsions
[ 489  484  483  480]  114.16 
[1635 1626 1625 1623]   16.66 
[1707 1702 1701 1698]   97.27 
[1839 1828 1827 1826]  170.73 
Mapping
Ligand acceptors to protein hydrogens (mapping then atom ids)
Ligand hydrogens to protein acceptors (mapping then atom ids)
Ligand shape atoms to protein points (mapping then atom ids & coords)
  1  2075 [  3->(-19.250  17.750  22.000)]
  6  3751 [ 11->(-16.250  15.250  18.250)]
  7  4026 [ 12->(-16.000  15.750  18.750)]
  9  4764 [ 14->(-15.000  16.750  20.750)]
 10  5657 [ 15->(-13.250  17.000  21.250)]
 11  6933 [ 17->(-10.750  14.250  19.500)]
Chromosome values
Integers:
  -1   -1   -1   -1 2074   -1   -1   -1   -1 3750 4025   -1 
4763 5656 6932   -1   -1 
--------------------------------------------------------------------------------

Current Ranking  3  8  2  5  6  4  7 10  9  1

--------------------------------------------------------------------------------

* GA execution time :                                                           
  total  0.0562 user  0.0552 sys  0.0010

--------------------------------------------------------------------------------
Fitness function evaluations: 9011

--------------------------------------------------------------------------------
--- Ranking analysis                                                         ---
--------------------------------------------------------------------------------


* Final ranked order of GA solutions:                                           
   3  8  2  5  6  4  7 10  9  1 

  _______________________________
  RMSD Matrix of RANKED solutions

        2    3    4    5    6    7    8    9   10  

   1 :  1.6  1.6  4.3  6.7  5.9  6.0  5.9  6.1  1.8
   2 :       2.2  4.7  7.0  6.0  5.8  5.7  6.0  2.5
   3 :            4.7  7.1  5.9  6.2  6.1  6.1  2.2
   4 :                 6.3  7.2  7.3  6.9  7.7  3.3
   5 :                      6.9  5.1  4.6  6.1  6.8
   6 :                           4.1  4.3  3.5  6.2
   7 :                                0.8  2.7  6.5
   8 :                                     3.1  6.3
   9 :                                          6.5

  Clustering method                        : complete linkage
  Structure ids in cluster table           : rank nos.
  Ordering of clusters and their members   : by rank (order if from rms_analysis)

  Distance | Clusters
   0.76    |  1 |  2 |  3 |  4 |  5 |  6 |  7  8 |  9 | 10 |
   1.57    |  1  2 |  3 |  4 |  5 |  6 |  7  8 |  9 | 10 |
   2.22    |  1  2 |  3 10 |  4 |  5 |  6 |  7  8 |  9 |
   2.49    |  1  2  3 10 |  4 |  5 |  6 |  7  8 |  9 |
   3.12    |  1  2  3 10 |  4 |  5 |  6 |  7  8  9 |
   4.28    |  1  2  3 10 |  4 |  5 |  6  7  8  9 |
   4.70    |  1  2  3  4 10 |  5 |  6  7  8  9 |
   6.88    |  1  2  3  4 10 |  5  6  7  8  9 |
   7.73    |  1  2  3  4  5  6  7  8  9 10 |
  Finished Docking Ligand                  : /nfs/home/myuecel3/Frontiers_MedChem/data/output/gold_docking_step1/prep_ligand_1.mol2
--------------------------------------------------------------------------------

  Relative_Ligand_Energy (best encountered) :   0.114
  Relative_Ligand_Energy: fitness values have been corrected using this amount
