
--------------------------------------------------------------------------------
--- Ligand                                                                   ---
--------------------------------------------------------------------------------
  Ligand loaded from file                  : /nfs/home/myuecel3/Frontiers_MedChem/data/output/gold_docking_step1/prep_ligand_19.mol2
  Ligand name                              :  
  "RDKit          3D                                                        "

--------------------------------------------------------------------------------
  N.plc donors                             : 
  none found

  Acidic nitrogen acceptors                : 
  none found
  Sulfur acceptors                         :
  none found


  Donor atoms                              :      3
  6   10  13  
  Acceptor atoms                           :      3
  6   8   11  

  Hydrogens                                :  (n = 6)
  31   32   33   34   35   36   

  Lone pairs added to molecule             :      3
  Numbering                                : from 47 to 49

--------------------------------------------------------------------------------
--- Postprocessing of typing                                                 ---
--------------------------------------------------------------------------------
  Fragment file                            : /appl/ccdc/CSDS2022/Discovery_2022/GOLD/gold/rotatable_bond_override.mol2
  acylurea fragment                        : no matches
  thioacylthiourea fragment                : no matches
  acylthiourea fragment                    : no matches
  thioacylurea fragment                    : no matches
  diarylamine fragment >C.ar-NH-C.ar<      : no matches
  sec-amine (1) fragment                   : no matches
  sec-amine (2) fragment                   : 1 matches
  Ligand bond 15-14  set to 1
  Ligand bond 15-16  set to 1
  Ligand bond 15-20  set to 1
  sec-amine (3) fragment                   : no matches
  carboxylic ester                         : no matches

* Rotatable bonds in /nfs/home/myuecel3/F  :
  [   2    4] [   4    5] [   5    6] [   5    7] 
  [  14   15] 
  No. of rotatable bonds                   :      5


* Reading torsional distributions from file:
  /appl/ccdc/CSDS2022/Discovery_2022/GOLD/gold/gold.tordist
  No. of bins in torsional distributions   :     36
  Minimum size of largest peak             :      0
  Removing high energy torsions            : on
  Delta E set to                           :   2.500

* Fragments found in /nfs/home/myuecel3/F  :


* Checking torsion distributions:                                               
  Rotatable bond [ 5  4  2 24] matches torsion: ipropyl   
   C | C.3 ( 2H ) | C.3 ( C.3 ( 3H )  C.3 ( 3H ) ) | H 
  No. of matched torsions                  :      1

--------------------------------------------------------------------------------
--- Shape fitting atoms selection (hydrophobic atoms)                        ---
--------------------------------------------------------------------------------
  Molecule                                 : /nfs/home/myuecel3/Frontiers_MedChem/data/output/gold_docking_step1/prep_ligand_19.mol2
  Selection                                : carbons only
  Atom numbers                             :  (n = 10)
  1    2    3    4    5    16   17   18   19   20   
  


--------------------------------------------------------------------------------
--- ChemScore ligand setup summary                                           ---
--------------------------------------------------------------------------------
  ChemScore ligand acceptors               :      3
  6 8 11 
  ChemScore ligand donors                  :      3
  6 ( 31 32  ) 10 ( 33 34  ) 13 ( 35 36  ) 
  ChemScore ligand CH donors               :      0
  

  ChemScore ligand lipophilic atoms        :  (n = 12)
  1    2    3    4    5    7    14   16   17   18   
  19   20   

  ChemScore ligand rotatable bonds         :      5
  2   (C2 ) - 4   (C4 ): SP3_SP3_BOND
  4   (C4 ) - 5   (C5 ): SP3_SP3_BOND
  5   (C5 ) - 6   (N6 ): SP3_SP3_BOND
  5   (C5 ) - 7   (C7 ): SP3_SP2_BOND
  14  (C14) - 15  (N15): SP2_SP2_BOND

--------------------------------------------------------------------------------
--- PLP ligand setup summary                                                 ---
--------------------------------------------------------------------------------
    1    C1   C.3 NONPOLAR
    2    C2   C.3 NONPOLAR
    3    C3   C.3 NONPOLAR
    4    C4   C.3 NONPOLAR
    5    C5   C.3 NONPOLAR
    6    N6   N.3 DONACC
    7    C7  C.ar NONPOLAR
    8    N8  N.ar ACCEPTOR
    9    C9  C.ar NONPOLAR
   10   N10 N.pl3 DONOR
   11   N11  N.ar ACCEPTOR
   12   C12  C.ar NONPOLAR
   13   N13 N.pl3 DONOR
   14   C14  C.ar NONPOLAR
   15   N15 N.pl3 NONPOLAR
   16   C16   C.3 NONPOLAR
   17   C17   C.3 NONPOLAR
   18   C18   C.3 NONPOLAR
   19   C19   C.3 NONPOLAR
   20   C20   C.3 NONPOLAR

--------------------------------------------------------------------------------
--- Automatic parameter setting                                              ---
--------------------------------------------------------------------------------
  Contribution base                        :   2500
  Contribution per rotatable bond          :   6000
  Contribution per df                      :   4000
  Contribution per water                   :  10000
  Ligand rotatable bonds                   :      5
  Protein flexible side chain bonds        :      0
  Total rotatable bonds                    :      5
  Hydrophobic vol ratio (P/L)              :   1.454
  Base multiplier (polar)                  :   1.200
  Base multiplier (apolar)                 :   2.907
  Base contribution                        : 10000.000
  Fitting points                           :      6
  Estimated maxops needed (optimal)        :  40500
  Autoscale factor (in percent)            :     10
  Scaled maxops                            :   4250

--------------------------------------------------------------------------------

* Population settings                                                           
  maxops                                   :   4250
  popsiz                                   :    100
  select_pressure                          :   1.100
  n_islands                                :      1
  niche_siz                                :      2

* GA settings                                                                   
  pt_crosswt                               :    100
  allele_mutatewt                          :    100
  migratewt                                :      0

* Search settings                                                               
  start_vdw_linear_cutoff                  :   4.000
  initial_virtual_pt_match_max             :   3.000

--------------------------------------------------------------------------------

* Ligand initialisation time :                                                  
  total  0.0057 user  0.0037 sys  0.0020

--------------------------------------------------------------------------------

--------------------------------------------------------------------------------
** Docking run number  1 **
--------------------------------------------------------------------------------
  Rank fitness base is 5000.00 ; increment is 11.2233

* Initialising population(s) ...                                                
Number of constraints mappings 0
Number of constraints 0
  Population no.                           :      1
  Population size                          :    100
  Number of duplicates                     :      0
  Number of niche violations               :      0
  Number of errors                         :     64


Doing GA, no. of population(s) 1 size 100 selection pressure 1.100000

 Operation      Score     S(PLP)   S(hbond)     S(cho)   S(metal)  DE(clash)   DE(tors)     intcor
         0      -7.91       0.93       0.00       0.00       0.00       4.16       2.93       3.04
        41      -3.16       1.81       0.44       0.00       0.00       0.00       2.85       3.04
       194       2.04      -5.38       0.00       0.00       0.00       1.33       2.52       3.04
       538       2.19      -8.33       0.00       0.00       0.00       3.93       2.62       3.04
       759      12.60     -14.71       0.00       0.00       0.00       0.00       2.57       3.04
      1107      14.65     -16.11       0.39       0.00       0.00       1.98       1.85       3.04
      1144      17.49     -16.11       1.34       0.00       0.00       1.98       1.85       3.04
      2470      19.10     -21.46       0.00       0.00       0.00       1.83       1.78       3.04
      2740      19.53     -17.07       1.70       0.00       0.00       1.98       1.85       3.04
      3041      20.90     -21.96       0.71       0.00       0.00       0.75       2.74       3.04
      3725      24.58     -31.31       0.00       0.00       0.00       4.17       2.80       3.04
      4185      26.29     -29.74       0.18       0.00       0.00       1.83       2.59       3.04
--------------------------------------------------------------------------------
Best docking solution after GA:
      4250      26.29     -29.74       0.18       0.00       0.00       1.83       2.59       3.04

#ops:       4250 #mutates:   2106 #cross:     2144 #dups:       751 
#niche:     1804 #errors:     100 
--------------------------------------------------------------------------------

Doing AMOEBA simplex on best individual
Done simplexing #iterations 1088, best score  38.29

Ligand is stored in gold_soln_prep_ligand_19_m1_1.mol2


--------------------------------------------------------------------------------
--- CHEMPLP breakdown of terms                                               ---
--------------------------------------------------------------------------------
CHEMPLP = - ( 1.0000*S(PLP) + -3.0000*S(hbond) + -6.0000*S(metal) + -3.0000*S(cho) )

Score = CHEMPLP - 1.0000*DE(clash) - 2.0000*DE(tors)

Internal energy term has been corrected with the best internal energy encountered.

--------------------------------------------------------------------------------


     Score     S(PLP)   S(hbond)     S(cho)   S(metal)  DE(clash)   DE(tors)     intcor
     38.29     -37.46       0.69       0.00       0.00       0.00       2.13       3.04

--------------------------------------------------------------------------------
--- PLP analysis of protein-ligand interactions                              ---
--------------------------------------------------------------------------------
hydrogen bonding        :      -3.00
metal                   :       0.00
buried (polar-nonpolar) :      -0.43
nonpolar                :     -34.33
repulsive               :       0.17
--------------------------------------------------------------------------------


--------------------------------------------------------------------------------
--- ChemScore analysis of protein-ligand interactions                        ---
--------------------------------------------------------------------------------

* Hydrogen bonds                                                                
Protein donor 5035 hydrogen 5036 Ligand acceptor   11 bond energy  1.00 wt 0.69


* CH..O interactions                                                            
  CH group selection                       : activated ring CH (adjacent to hetatom)

--------------------------------------------------------------------------------


--------------------------------------------------------------------------------
--- Intra-ligand clashes                                                     ---
--------------------------------------------------------------------------------

Ligand
--------------------------------------------------------------------------------


--------------------------------------------------------------------------------
--- Chromosome decoded                                                       ---
--------------------------------------------------------------------------------
Ligand Torsions
[   5    4    2   24]   26.57    matched torsion: ipropyl   
[   2    4    5    6]   44.48
[  31    6    5    4]  -91.96
[   4    5    7    8]  -52.90
[  16   15   14   12] -103.13
Protein Torsions
[ 489  484  483  480]  133.63 
[1635 1626 1625 1623] -128.89 
[1707 1702 1701 1698]  134.31 
[1839 1828 1827 1826]  -15.77 
Mapping
Ligand acceptors to protein hydrogens (mapping then atom ids)
Ligand hydrogens to protein acceptors (mapping then atom ids)
Ligand shape atoms to protein points (mapping then atom ids & coords)
  1  5994 [  1->(-12.500  10.750  19.500)]
  6  4967 [ 16->(-14.500  16.250  20.250)]
  8  3186 [ 18->(-17.000  16.750  19.000)]
Chromosome values
Integers:
  -1   -1   -1   -1   -1   -1   -1   -1   -1 5993   -1   -1 
  -1   -1 4966   -1 3185   -1   -1 
--------------------------------------------------------------------------------

Current Ranking  1

--------------------------------------------------------------------------------

* GA execution time :                                                           
  total  0.0793 user  0.0793 sys  0.0000

--------------------------------------------------------------------------------
Fitness function evaluations: 10537

--------------------------------------------------------------------------------
** Docking run number  2 **
--------------------------------------------------------------------------------
  Rank fitness base is 5000.00 ; increment is 11.2233

* Initialising population(s) ...                                                
Number of constraints mappings 0
Number of constraints 0
  Population no.                           :      1
  Population size                          :    100
  Number of duplicates                     :      0
  Number of niche violations               :      0
  Number of errors                         :     76


Doing GA, no. of population(s) 1 size 100 selection pressure 1.100000

 Operation      Score     S(PLP)   S(hbond)     S(cho)   S(metal)  DE(clash)   DE(tors)     intcor
         0       0.84      -2.68       0.00       0.00       0.00       0.00       2.44       3.04
       364       2.87      -9.68       0.26       0.00       0.00       6.63       2.00       3.04
       427      10.34     -12.03       0.05       0.00       0.00       0.00       2.44       3.04
       652      30.13     -29.87       0.70       0.00       0.00       0.00       2.44       3.04
       726      35.01     -34.90       0.65       0.00       0.00       0.00       2.44       3.04
      1359      35.12     -35.02       0.65       0.00       0.00       0.00       2.45       3.04
      1689      36.16     -36.11       0.65       0.00       0.00       0.00       2.47       3.04
      2403      36.99     -37.00       0.60       0.00       0.00       0.00       2.42       3.04
      3092      37.05     -37.07       0.60       0.00       0.00       0.00       2.43       3.04
      3837      37.16     -37.17       0.60       0.00       0.00       0.00       2.43       3.04
      3936      37.98     -37.02       0.92       0.00       0.00       0.00       2.43       3.04
      4238      38.02     -37.07       0.92       0.00       0.00       0.00       2.43       3.04
--------------------------------------------------------------------------------
Best docking solution after GA:
      4250      38.02     -37.07       0.92       0.00       0.00       0.00       2.43       3.04

#ops:       4250 #mutates:   2102 #cross:     2148 #dups:      1086 
#niche:     1992 #errors:     108 
--------------------------------------------------------------------------------

Doing AMOEBA simplex on best individual
Done simplexing #iterations 872, best score  47.69

Ligand is stored in gold_soln_prep_ligand_19_m1_2.mol2


--------------------------------------------------------------------------------
--- CHEMPLP breakdown of terms                                               ---
--------------------------------------------------------------------------------
CHEMPLP = - ( 1.0000*S(PLP) + -3.0000*S(hbond) + -6.0000*S(metal) + -3.0000*S(cho) )

Score = CHEMPLP - 1.0000*DE(clash) - 2.0000*DE(tors)

Internal energy term has been corrected with the best internal energy encountered.

--------------------------------------------------------------------------------


     Score     S(PLP)   S(hbond)     S(cho)   S(metal)  DE(clash)   DE(tors)     intcor
     47.69     -43.28       1.98       0.00       0.00       0.00       2.28       3.04

--------------------------------------------------------------------------------
--- PLP analysis of protein-ligand interactions                              ---
--------------------------------------------------------------------------------
hydrogen bonding        :      -3.05
metal                   :       0.00
buried (polar-nonpolar) :      -7.21
nonpolar                :     -35.14
repulsive               :       0.37
--------------------------------------------------------------------------------


--------------------------------------------------------------------------------
--- ChemScore analysis of protein-ligand interactions                        ---
--------------------------------------------------------------------------------

* Hydrogen bonds                                                                
Ligand donor    6 hydrogen   31 Protein acceptor 2706 bond energy  1.00 wt 0.98
Ligand donor   10 hydrogen   34 Protein acceptor  386 bond energy  1.00 wt 1.00


* CH..O interactions                                                            
  CH group selection                       : activated ring CH (adjacent to hetatom)

--------------------------------------------------------------------------------


--------------------------------------------------------------------------------
--- Intra-ligand clashes                                                     ---
--------------------------------------------------------------------------------

Ligand
--------------------------------------------------------------------------------


--------------------------------------------------------------------------------
--- Chromosome decoded                                                       ---
--------------------------------------------------------------------------------
Ligand Torsions
[   5    4    2   24]   17.23    matched torsion: ipropyl   
[   2    4    5    6]  -55.88
[  31    6    5    4] -113.93
[   4    5    7    8]   11.19
[  16   15   14   12]   91.98
Protein Torsions
[ 489  484  483  480]  -55.07 
[1635 1626 1625 1623] -120.83 
[1707 1702 1701 1698]  -90.55 
[1839 1828 1827 1826]  160.27 
Mapping
Ligand acceptors to protein hydrogens (mapping then atom ids)
Ligand hydrogens to protein acceptors (mapping then atom ids)
  4   1 [ 34-> 386]
Ligand shape atoms to protein points (mapping then atom ids & coords)
  1  5551 [  1->(-13.250  12.750  19.500)]
 10  2435 [ 20->(-18.500  16.750  21.750)]
Chromosome values
Integers:
  -1   -1   -1   -1   -1   -1    0   -1   -1 5550   -1   -1 
  -1   -1   -1   -1   -1   -1 2434 
--------------------------------------------------------------------------------

Current Ranking  2  1

--------------------------------------------------------------------------------

* GA execution time :                                                           
  total  0.0740 user  0.0730 sys  0.0010

--------------------------------------------------------------------------------
Fitness function evaluations: 10173

--------------------------------------------------------------------------------
** Docking run number  3 **
--------------------------------------------------------------------------------
  Rank fitness base is 5000.00 ; increment is 11.2233

* Initialising population(s) ...                                                
Number of constraints mappings 0
Number of constraints 0
  Population no.                           :      1
  Population size                          :    100
  Number of duplicates                     :      0
  Number of niche violations               :      0
  Number of errors                         :     74


Doing GA, no. of population(s) 1 size 100 selection pressure 1.100000

 Operation      Score     S(PLP)   S(hbond)     S(cho)   S(metal)  DE(clash)   DE(tors)     intcor
         0       1.71     -19.15       0.01       0.00       0.00      14.72       2.80       2.84
       413       5.28      -7.14       0.11       0.00       0.00       0.42       2.31       2.84
       508       7.97     -10.05       0.00       0.00       0.00       0.00       2.46       2.84
       680      14.62     -15.76       0.00       0.00       0.00       0.00       1.99       2.84
       770      14.92     -15.27       0.00       0.00       0.00       0.00       1.60       2.84
       957      16.81     -17.89       0.00       0.00       0.00       0.00       1.96       2.84
      1177      18.17     -15.21       1.40       0.00       0.00       0.00       2.04       2.84
      1371      18.55     -19.64       0.00       0.00       0.00       0.00       1.96       2.84
      1403      18.84     -19.96       0.00       0.00       0.00       0.00       1.98       2.84
      1479      20.38     -21.46       0.00       0.00       0.00       0.00       1.96       2.84
      1613      20.58     -21.66       0.00       0.00       0.00       0.00       1.96       2.84
      1944      29.04     -29.46       0.14       0.00       0.00       0.00       1.84       2.84
      2671      29.53     -30.03       0.15       0.00       0.00       0.00       1.89       2.84
      3311      29.54     -30.05       0.15       0.00       0.00       0.00       1.90       2.84
      3593      29.58     -30.07       0.14       0.00       0.00       0.00       1.88       2.84
      4022      29.61     -30.15       0.14       0.00       0.00       0.00       1.90       2.84
      4227      29.64     -30.14       0.14       0.00       0.00       0.00       1.89       2.84
--------------------------------------------------------------------------------
Best docking solution after GA:
      4250      29.64     -30.14       0.14       0.00       0.00       0.00       1.89       2.84

#ops:       4250 #mutates:   2172 #cross:     2078 #dups:       791 
#niche:     1879 #errors:     123 
--------------------------------------------------------------------------------

Doing AMOEBA simplex on best individual
Done simplexing #iterations 863, best score  37.59

Ligand is stored in gold_soln_prep_ligand_19_m1_3.mol2


--------------------------------------------------------------------------------
--- CHEMPLP breakdown of terms                                               ---
--------------------------------------------------------------------------------
CHEMPLP = - ( 1.0000*S(PLP) + -3.0000*S(hbond) + -6.0000*S(metal) + -3.0000*S(cho) )

Score = CHEMPLP - 1.0000*DE(clash) - 2.0000*DE(tors)

Internal energy term has been corrected with the best internal energy encountered.

--------------------------------------------------------------------------------


     Score     S(PLP)   S(hbond)     S(cho)   S(metal)  DE(clash)   DE(tors)     intcor
     37.59     -36.85       0.39       0.00       0.00       0.01       1.64       2.84

--------------------------------------------------------------------------------
--- PLP analysis of protein-ligand interactions                              ---
--------------------------------------------------------------------------------
hydrogen bonding        :      -1.89
metal                   :       0.00
buried (polar-nonpolar) :       6.12
nonpolar                :     -40.77
repulsive               :       0.18
--------------------------------------------------------------------------------


--------------------------------------------------------------------------------
--- ChemScore analysis of protein-ligand interactions                        ---
--------------------------------------------------------------------------------

* Hydrogen bonds                                                                
Protein donor 5035 hydrogen 5036 Ligand acceptor   11 bond energy  1.00 wt 0.39


* CH..O interactions                                                            
  CH group selection                       : activated ring CH (adjacent to hetatom)

--------------------------------------------------------------------------------


--------------------------------------------------------------------------------
--- Intra-ligand clashes                                                     ---
--------------------------------------------------------------------------------

Ligand
 20 (C20  ) -  13 (N13  ):   0.01 (dist   3.00)
--------------------------------------------------------------------------------


--------------------------------------------------------------------------------
--- Chromosome decoded                                                       ---
--------------------------------------------------------------------------------
Ligand Torsions
[   5    4    2   24]  -58.51    matched torsion: ipropyl   
[   2    4    5    6]   64.59
[  31    6    5    4]  176.65
[   4    5    7    8]  -69.53
[  16   15   14   12]  110.72
Protein Torsions
[ 489  484  483  480]   -2.32 
[1635 1626 1625 1623] -165.56 
[1707 1702 1701 1698] -143.26 
[1839 1828 1827 1826]   28.58 
Mapping
Ligand acceptors to protein hydrogens (mapping then atom ids)
Ligand hydrogens to protein acceptors (mapping then atom ids)
  5  36 [ 35->5035]
Ligand shape atoms to protein points (mapping then atom ids & coords)
  5  6993 [  5->(-10.500  13.750  19.250)]
  9  1546 [ 19->(-20.250  18.250  22.250)]
Chromosome values
Integers:
  -1   -1   -1   -1   -1   -1   -1   35   -1   -1   -1   -1 
  -1 6992   -1   -1   -1 1545   -1 
--------------------------------------------------------------------------------

Current Ranking  2  1  3

--------------------------------------------------------------------------------

* GA execution time :                                                           
  total  0.0693 user  0.0693 sys  0.0000

--------------------------------------------------------------------------------
Fitness function evaluations: 10224

--------------------------------------------------------------------------------
** Docking run number  4 **
--------------------------------------------------------------------------------
  Rank fitness base is 5000.00 ; increment is 11.2233

* Initialising population(s) ...                                                
Number of constraints mappings 0
Number of constraints 0
  Population no.                           :      1
  Population size                          :    100
  Number of duplicates                     :      0
  Number of niche violations               :      0
  Number of errors                         :     68


Doing GA, no. of population(s) 1 size 100 selection pressure 1.100000

 Operation      Score     S(PLP)   S(hbond)     S(cho)   S(metal)  DE(clash)   DE(tors)     intcor
         0       1.90      -7.27       1.00       0.00       0.00       5.79       2.71       2.84
        44       6.74     -13.01       1.00       0.00       0.00       7.97       2.07       2.84
       115       7.01     -13.28       1.00       0.00       0.00       7.97       2.07       2.84
       279       8.46      -9.91       0.39       0.00       0.00       0.00       2.73       2.84
       299      11.81     -18.42       1.00       0.00       0.00       7.97       2.24       2.84
       304      13.72     -16.35       0.00       0.00       0.00       0.00       2.73       2.84
       625      18.02     -19.97       1.00       0.00       0.00       2.14       2.83       2.84
       863      19.02     -31.07       0.44       0.00       0.00      12.47       1.87       2.84
      1297      19.05     -31.08       0.44       0.00       0.00      12.47       1.86       2.84
      1310      19.61     -17.69       1.34       0.00       0.00       0.00       2.47       2.84
      1714      19.67     -19.68       0.42       0.00       0.00       0.00       2.06       2.84
      1729      21.78     -23.53       0.00       0.00       0.00       0.00       2.30       2.84
      1797      22.38     -23.04       1.00       0.00       0.00       1.49       2.51       2.84
      2698      24.63     -26.97       0.00       0.00       0.00       0.00       2.59       2.84
      4062      24.65     -27.27       0.52       0.00       0.00       2.24       2.40       2.84
      4127      24.75     -26.79       0.00       0.00       0.00       0.00       2.44       2.84
      4189      25.65     -27.91       0.00       0.00       0.00       0.00       2.55       2.84
      4221      26.37     -28.36       0.00       0.00       0.00       0.00       2.42       2.84
--------------------------------------------------------------------------------
Best docking solution after GA:
      4250      26.37     -28.36       0.00       0.00       0.00       0.00       2.42       2.84

#ops:       4250 #mutates:   2087 #cross:     2163 #dups:       766 
#niche:     2231 #errors:      81 
--------------------------------------------------------------------------------

Doing AMOEBA simplex on best individual
Done simplexing #iterations 1232, best score  35.28

Ligand is stored in gold_soln_prep_ligand_19_m1_4.mol2


--------------------------------------------------------------------------------
--- CHEMPLP breakdown of terms                                               ---
--------------------------------------------------------------------------------
CHEMPLP = - ( 1.0000*S(PLP) + -3.0000*S(hbond) + -6.0000*S(metal) + -3.0000*S(cho) )

Score = CHEMPLP - 1.0000*DE(clash) - 2.0000*DE(tors)

Internal energy term has been corrected with the best internal energy encountered.

--------------------------------------------------------------------------------


     Score     S(PLP)   S(hbond)     S(cho)   S(metal)  DE(clash)   DE(tors)     intcor
     35.28     -35.52       0.27       0.00       0.00       0.00       1.95       2.84

--------------------------------------------------------------------------------
--- PLP analysis of protein-ligand interactions                              ---
--------------------------------------------------------------------------------
hydrogen bonding        :      -6.00
metal                   :       0.00
buried (polar-nonpolar) :      -5.16
nonpolar                :     -23.71
repulsive               :       0.33
--------------------------------------------------------------------------------


--------------------------------------------------------------------------------
--- ChemScore analysis of protein-ligand interactions                        ---
--------------------------------------------------------------------------------

* Hydrogen bonds                                                                
Ligand donor    6 hydrogen   32 Protein acceptor 2706 bond energy  1.00 wt 0.27


* CH..O interactions                                                            
  CH group selection                       : activated ring CH (adjacent to hetatom)

--------------------------------------------------------------------------------


--------------------------------------------------------------------------------
--- Intra-ligand clashes                                                     ---
--------------------------------------------------------------------------------

Ligand
--------------------------------------------------------------------------------


--------------------------------------------------------------------------------
--- Chromosome decoded                                                       ---
--------------------------------------------------------------------------------
Ligand Torsions
[   5    4    2   24]   79.17    matched torsion: ipropyl   
[   2    4    5    6]  160.78
[  31    6    5    4]  114.07
[   4    5    7    8]  -11.50
[  16   15   14   12]   64.07
Protein Torsions
[ 489  484  483  480]  118.19 
[1635 1626 1625 1623] -115.40 
[1707 1702 1701 1698]   54.67 
[1839 1828 1827 1826]  133.10 
Mapping
Ligand acceptors to protein hydrogens (mapping then atom ids)
Ligand hydrogens to protein acceptors (mapping then atom ids)
  5  19 [ 35->5482]
Ligand shape atoms to protein points (mapping then atom ids & coords)
  5  4109 [  5->(-16.000  18.000  21.000)]
  8  6039 [ 18->(-12.500  12.750  19.750)]
Chromosome values
Integers:
  -1   -1   -1   -1   -1   -1   -1   18   -1   -1   -1   -1 
  -1 4108   -1   -1 6038   -1   -1 
--------------------------------------------------------------------------------

Current Ranking  2  1  3  4

--------------------------------------------------------------------------------

* GA execution time :                                                           
  total  0.0747 user  0.0747 sys  0.0000

--------------------------------------------------------------------------------
Fitness function evaluations: 10791

--------------------------------------------------------------------------------
** Docking run number  5 **
--------------------------------------------------------------------------------
  Rank fitness base is 5000.00 ; increment is 11.2233

* Initialising population(s) ...                                                
Number of constraints mappings 0
Number of constraints 0
  Population no.                           :      1
  Population size                          :    100
  Number of duplicates                     :      0
  Number of niche violations               :      0
  Number of errors                         :     71


Doing GA, no. of population(s) 1 size 100 selection pressure 1.100000

 Operation      Score     S(PLP)   S(hbond)     S(cho)   S(metal)  DE(clash)   DE(tors)     intcor
         0       6.63     -14.93       0.21       0.00       0.00       8.47       1.65       2.84
       241       6.63     -14.93       0.21       0.00       0.00       8.47       1.65       2.84
       443      11.37     -12.93       0.00       0.00       0.00       0.67       1.87       2.84
       649      15.32     -16.89       0.00       0.00       0.00       0.67       1.87       2.84
       687      18.23     -19.61       0.00       0.00       0.00       0.67       1.77       2.84
      2540      19.28     -20.66       0.00       0.00       0.00       0.67       1.77       2.84
      3079      20.88     -22.29       0.00       0.00       0.00       0.67       1.77       2.81
      3294      26.35     -32.25       0.00       0.00       0.00       6.82       0.94       2.80
      4107      26.37     -32.40       0.00       0.00       0.00       6.82       0.95       2.70
      4111      31.29     -37.29       0.00       0.00       0.00       6.82       0.94       2.70
--------------------------------------------------------------------------------
Best docking solution after GA:
      4250      31.29     -37.29       0.00       0.00       0.00       6.82       0.94       2.70

#ops:       4250 #mutates:   2112 #cross:     2138 #dups:       728 
#niche:     1893 #errors:      50 
--------------------------------------------------------------------------------

Doing AMOEBA simplex on best individual
Done simplexing #iterations 783, best score  41.37

Ligand is stored in gold_soln_prep_ligand_19_m1_5.mol2


--------------------------------------------------------------------------------
--- CHEMPLP breakdown of terms                                               ---
--------------------------------------------------------------------------------
CHEMPLP = - ( 1.0000*S(PLP) + -3.0000*S(hbond) + -6.0000*S(metal) + -3.0000*S(cho) )

Score = CHEMPLP - 1.0000*DE(clash) - 2.0000*DE(tors)

Internal energy term has been corrected with the best internal energy encountered.

--------------------------------------------------------------------------------


     Score     S(PLP)   S(hbond)     S(cho)   S(metal)  DE(clash)   DE(tors)     intcor
     41.37     -41.19       0.14       0.00       0.00       0.02       1.46       2.68

--------------------------------------------------------------------------------
--- PLP analysis of protein-ligand interactions                              ---
--------------------------------------------------------------------------------
hydrogen bonding        :      -2.79
metal                   :       0.00
buried (polar-nonpolar) :       0.74
nonpolar                :     -40.99
repulsive               :       0.17
--------------------------------------------------------------------------------


--------------------------------------------------------------------------------
--- ChemScore analysis of protein-ligand interactions                        ---
--------------------------------------------------------------------------------

* Hydrogen bonds                                                                
Ligand donor   13 hydrogen   35 Protein acceptor 1626 bond energy  1.00 wt 0.14


* CH..O interactions                                                            
  CH group selection                       : activated ring CH (adjacent to hetatom)

--------------------------------------------------------------------------------


--------------------------------------------------------------------------------
--- Intra-ligand clashes                                                     ---
--------------------------------------------------------------------------------

Ligand
 16 (C16  ) -  13 (N13  ):   0.02 (dist   3.00)
--------------------------------------------------------------------------------


--------------------------------------------------------------------------------
--- Chromosome decoded                                                       ---
--------------------------------------------------------------------------------
Ligand Torsions
[   5    4    2   24]  -58.66    matched torsion: ipropyl   
[   2    4    5    6]   42.91
[  31    6    5    4]  -40.83
[   4    5    7    8]  -61.03
[  16   15   14   12]  -62.86
Protein Torsions
[ 489  484  483  480]  -31.47 
[1635 1626 1625 1623] -151.86 
[1707 1702 1701 1698]  102.00 
[1839 1828 1827 1826]  115.32 
Mapping
Ligand acceptors to protein hydrogens (mapping then atom ids)
Ligand hydrogens to protein acceptors (mapping then atom ids)
  5  46 [ 35->1626]
Ligand shape atoms to protein points (mapping then atom ids & coords)
  3  3043 [  3->(-17.250  16.750  21.250)]
  5  6378 [  5->(-12.000  15.000  20.000)]
  6  6592 [ 16->(-11.500  12.000  18.500)]
  7  5108 [ 17->(-14.000  10.000  19.000)]
 10  6335 [ 20->(-12.000  12.250  19.000)]
Chromosome values
Integers:
  -1   -1   -1   -1   -1   -1   -1   45   -1   -1   -1 3042 
  -1 6377 6591 5107   -1   -1 6334 
--------------------------------------------------------------------------------

Current Ranking  2  5  1  3  4

--------------------------------------------------------------------------------

* GA execution time :                                                           
  total  0.0707 user  0.0707 sys  0.0000

--------------------------------------------------------------------------------
Fitness function evaluations: 10275

--------------------------------------------------------------------------------
** Docking run number  6 **
--------------------------------------------------------------------------------
  Rank fitness base is 5000.00 ; increment is 11.2233

* Initialising population(s) ...                                                
Number of constraints mappings 0
Number of constraints 0
  Population no.                           :      1
  Population size                          :    100
  Number of duplicates                     :      0
  Number of niche violations               :      0
  Number of errors                         :     83


Doing GA, no. of population(s) 1 size 100 selection pressure 1.100000

 Operation      Score     S(PLP)   S(hbond)     S(cho)   S(metal)  DE(clash)   DE(tors)     intcor
         0       2.34     -13.64       0.00       0.00       0.00       9.34       2.32       2.67
       163       3.81     -11.23       0.00       0.00       0.00       6.25       1.92       2.67
       284       5.38     -10.88       0.64       0.00       0.00       6.25       1.92       2.67
       551      16.16     -18.85       1.72       0.00       0.00       6.25       2.14       2.67
       633      17.95     -26.88       2.01       0.00       0.00      14.52       1.55       2.67
      1165      20.02     -21.46       1.64       0.00       0.00       6.25       1.39       2.67
      1276      24.53     -25.07       1.94       0.00       0.00       6.25       1.39       2.67
      1474      24.63     -25.29       1.90       0.00       0.00       6.25       1.39       2.67
      1527      24.80     -23.51       0.87       0.00       0.00       0.00       1.99       2.67
      1590      24.86     -27.48       1.25       0.00       0.00       6.25       1.39       2.67
      1634      25.41     -27.72       1.42       0.00       0.00       6.25       1.50       2.67
      2348      26.03     -24.19       1.32       0.00       0.00       1.33       1.73       2.67
      2580      28.30     -26.06       1.48       0.00       0.00       1.33       1.77       2.67
      2813      29.73     -27.62       1.41       0.00       0.00       1.33       1.73       2.67
      2850      29.93     -27.58       1.52       0.00       0.00       1.33       1.77       2.67
      3135      31.04     -26.68       1.98       0.00       0.00       0.00       2.12       2.67
      3606      31.51     -27.73       1.78       0.00       0.00       0.00       2.12       2.67
      3614      31.79     -27.42       1.99       0.00       0.00       0.00       2.14       2.67
      4219      32.05     -28.29       1.70       0.00       0.00       0.00       2.01       2.67
--------------------------------------------------------------------------------
Best docking solution after GA:
      4250      32.05     -28.29       1.70       0.00       0.00       0.00       2.01       2.67

#ops:       4250 #mutates:   2107 #cross:     2143 #dups:       911 
#niche:     2225 #errors:      90 
--------------------------------------------------------------------------------

Doing AMOEBA simplex on best individual
Done simplexing #iterations 711, best score  37.93

Ligand is stored in gold_soln_prep_ligand_19_m1_6.mol2


--------------------------------------------------------------------------------
--- CHEMPLP breakdown of terms                                               ---
--------------------------------------------------------------------------------
CHEMPLP = - ( 1.0000*S(PLP) + -3.0000*S(hbond) + -6.0000*S(metal) + -3.0000*S(cho) )

Score = CHEMPLP - 1.0000*DE(clash) - 2.0000*DE(tors)

Internal energy term has been corrected with the best internal energy encountered.

--------------------------------------------------------------------------------


     Score     S(PLP)   S(hbond)     S(cho)   S(metal)  DE(clash)   DE(tors)     intcor
     37.93     -34.36       1.37       0.00       0.00       0.00       1.60       2.67

--------------------------------------------------------------------------------
--- PLP analysis of protein-ligand interactions                              ---
--------------------------------------------------------------------------------
hydrogen bonding        :      -4.08
metal                   :       0.00
buried (polar-nonpolar) :      -6.20
nonpolar                :     -25.37
repulsive               :       0.39
--------------------------------------------------------------------------------


--------------------------------------------------------------------------------
--- ChemScore analysis of protein-ligand interactions                        ---
--------------------------------------------------------------------------------

* Hydrogen bonds                                                                
Ligand donor    6 hydrogen   32 Protein acceptor 2492 bond energy  1.00 wt 0.37
Ligand donor   13 hydrogen   35 Protein acceptor  386 bond energy  1.00 wt 1.00


* CH..O interactions                                                            
  CH group selection                       : activated ring CH (adjacent to hetatom)

--------------------------------------------------------------------------------


--------------------------------------------------------------------------------
--- Intra-ligand clashes                                                     ---
--------------------------------------------------------------------------------

Ligand
--------------------------------------------------------------------------------


--------------------------------------------------------------------------------
--- Chromosome decoded                                                       ---
--------------------------------------------------------------------------------
Ligand Torsions
[   5    4    2   24]  -51.50    matched torsion: ipropyl   
[   2    4    5    6]  166.67
[  31    6    5    4]   41.70
[   4    5    7    8]  -54.56
[  16   15   14   12]  -76.31
Protein Torsions
[ 489  484  483  480]   73.87 
[1635 1626 1625 1623]  -67.67 
[1707 1702 1701 1698]   36.13 
[1839 1828 1827 1826]  -55.74 
Mapping
Ligand acceptors to protein hydrogens (mapping then atom ids)
Ligand hydrogens to protein acceptors (mapping then atom ids)
  5   1 [ 35-> 386]
Ligand shape atoms to protein points (mapping then atom ids & coords)
  1  2098 [  1->(-19.250  18.250  22.250)]
  4  1984 [  4->(-19.500  19.000  20.250)]
  8  3960 [ 18->(-16.000  14.000  19.500)]
Chromosome values
Integers:
  -1   -1   -1   -1   -1   -1   -1    0   -1 2097   -1   -1 
1983   -1   -1   -1 3959   -1   -1 
--------------------------------------------------------------------------------

Current Ranking  2  5  1  6  3  4

--------------------------------------------------------------------------------

* GA execution time :                                                           
  total  0.0705 user  0.0705 sys  0.0000

--------------------------------------------------------------------------------
Fitness function evaluations: 9990

--------------------------------------------------------------------------------
** Docking run number  7 **
--------------------------------------------------------------------------------
  Rank fitness base is 5000.00 ; increment is 11.2233

* Initialising population(s) ...                                                
Number of constraints mappings 0
Number of constraints 0
  Population no.                           :      1
  Population size                          :    100
  Number of duplicates                     :      0
  Number of niche violations               :      0
  Number of errors                         :     78


Doing GA, no. of population(s) 1 size 100 selection pressure 1.100000

 Operation      Score     S(PLP)   S(hbond)     S(cho)   S(metal)  DE(clash)   DE(tors)     intcor
         0       9.59     -10.15       0.67       0.00       0.00       0.00       2.63       2.67
       110       9.59     -10.15       0.67       0.00       0.00       0.00       2.63       2.67
       244      11.80     -25.07       0.00       0.00       0.00      11.18       2.38       2.67
       342      17.76     -27.82       0.38       0.00       0.00      10.57       1.66       2.67
       508      18.07     -29.28       0.00       0.00       0.00      10.57       1.66       2.67
       771      18.85     -25.36       0.67       0.00       0.00       6.75       2.22       2.67
      1049      22.85     -33.99       0.02       0.00       0.00      10.57       1.66       2.67
      1288      23.16     -33.99       0.02       0.00       0.00      10.24       1.67       2.67
      1627      27.45     -28.71       0.84       0.00       0.00       1.98       2.24       2.67
      2103      29.38     -30.94       0.74       0.00       0.00       1.98       2.24       2.67
      2524      30.31     -34.28       0.00       0.00       0.00       0.83       2.90       2.67
      3283      30.31     -34.28       0.00       0.00       0.00       0.83       2.90       2.67
      3340      33.24     -34.45       0.74       0.00       0.00       1.98       2.06       2.67
      3617      35.27     -35.25       1.15       0.00       0.00       1.98       2.06       2.67
--------------------------------------------------------------------------------
Best docking solution after GA:
      4250      35.27     -35.25       1.15       0.00       0.00       1.98       2.06       2.67

#ops:       4250 #mutates:   2126 #cross:     2124 #dups:       842 
#niche:     2436 #errors:      71 
--------------------------------------------------------------------------------

Doing AMOEBA simplex on best individual
Done simplexing #iterations 826, best score  39.41

Ligand is stored in gold_soln_prep_ligand_19_m1_7.mol2


--------------------------------------------------------------------------------
--- CHEMPLP breakdown of terms                                               ---
--------------------------------------------------------------------------------
CHEMPLP = - ( 1.0000*S(PLP) + -3.0000*S(hbond) + -6.0000*S(metal) + -3.0000*S(cho) )

Score = CHEMPLP - 1.0000*DE(clash) - 2.0000*DE(tors)

Internal energy term has been corrected with the best internal energy encountered.

--------------------------------------------------------------------------------


     Score     S(PLP)   S(hbond)     S(cho)   S(metal)  DE(clash)   DE(tors)     intcor
     39.41     -44.17       1.05       0.00       0.00       7.56       1.50       2.67

--------------------------------------------------------------------------------
--- PLP analysis of protein-ligand interactions                              ---
--------------------------------------------------------------------------------
hydrogen bonding        :      -4.73
metal                   :       0.00
buried (polar-nonpolar) :      -0.70
nonpolar                :     -40.69
repulsive               :       0.22
--------------------------------------------------------------------------------


--------------------------------------------------------------------------------
--- ChemScore analysis of protein-ligand interactions                        ---
--------------------------------------------------------------------------------

* Hydrogen bonds                                                                
Ligand donor   10 hydrogen   33 Protein acceptor 5227 bond energy  1.00 wt 0.50
Protein donor 5227 hydrogen 5229 Ligand acceptor    8 bond energy  1.00 wt 0.15
Protein donor 5035 hydrogen 5036 Ligand acceptor   11 bond energy  1.00 wt 0.40


* CH..O interactions                                                            
  CH group selection                       : activated ring CH (adjacent to hetatom)

--------------------------------------------------------------------------------


--------------------------------------------------------------------------------
--- Intra-ligand clashes                                                     ---
--------------------------------------------------------------------------------

Ligand
 16 (C16  ) -  13 (N13  ):   7.56 (dist   2.76)
--------------------------------------------------------------------------------


--------------------------------------------------------------------------------
--- Chromosome decoded                                                       ---
--------------------------------------------------------------------------------
Ligand Torsions
[   5    4    2   24]   66.24    matched torsion: ipropyl   
[   2    4    5    6] -128.58
[  31    6    5    4] -126.24
[   4    5    7    8]  -52.33
[  16   15   14   12]  -45.52
Protein Torsions
[ 489  484  483  480] -155.17 
[1635 1626 1625 1623] -128.41 
[1707 1702 1701 1698]  177.69 
[1839 1828 1827 1826] -140.20 
Mapping
Ligand acceptors to protein hydrogens (mapping then atom ids)
  3  47 [ 11->5036]
Ligand hydrogens to protein acceptors (mapping then atom ids)
  4  59 [ 34->1758]
Ligand shape atoms to protein points (mapping then atom ids & coords)
  2  4491 [  2->(-15.500  17.000  21.500)]
  4  4028 [  4->(-16.000  15.750  19.250)]
  5  5171 [  5->(-14.000  15.250  20.750)]
  6  6911 [ 16->(-10.750  12.750  19.250)]
  8  5115 [ 18->(-14.000  10.500  19.250)]
Chromosome values
Integers:
  -1   -1   46   -1   -1   -1   58   -1   -1   -1 4490   -1 
4027 5170 6910   -1 5114   -1   -1 
--------------------------------------------------------------------------------

Current Ranking  2  5  7  1  6  3  4

--------------------------------------------------------------------------------

* GA execution time :                                                           
  total  0.0719 user  0.0719 sys  0.0000

--------------------------------------------------------------------------------
Fitness function evaluations: 10237

--------------------------------------------------------------------------------
** Docking run number  8 **
--------------------------------------------------------------------------------
  Rank fitness base is 5000.00 ; increment is 11.2233

* Initialising population(s) ...                                                
Number of constraints mappings 0
Number of constraints 0
  Population no.                           :      1
  Population size                          :    100
  Number of duplicates                     :      0
  Number of niche violations               :      0
  Number of errors                         :     86


Doing GA, no. of population(s) 1 size 100 selection pressure 1.100000

 Operation      Score     S(PLP)   S(hbond)     S(cho)   S(metal)  DE(clash)   DE(tors)     intcor
         0       3.64     -30.41       0.20       0.00       0.00      27.73       1.15       2.67
       140       5.03     -10.19       0.82       0.00       0.00       5.02       2.64       2.67
       529       6.74     -11.35       0.00       0.00       0.00       1.91       2.69       2.67
       738       7.54     -17.59       0.00       0.00       0.00       7.83       2.44       2.67
       757       7.98     -19.74       0.16       0.00       0.00      10.09       2.41       2.67
       785      11.94     -21.20       0.00       0.00       0.00       6.19       2.87       2.67
       979      15.64     -14.55       1.02       0.00       0.00       0.00       2.32       2.67
      1129      21.72     -19.86       1.28       0.00       0.00       0.00       2.32       2.67
      1265      21.90     -17.95       1.97       0.00       0.00       0.00       2.32       2.67
      1386      22.06     -18.11       1.97       0.00       0.00       0.00       2.32       2.67
      1795      25.21     -32.11       0.00       0.00       0.00       4.26       2.66       2.67
      2211      28.40     -34.59       0.24       0.00       0.00       4.26       2.66       2.67
      3263      29.13     -27.29       1.24       0.00       0.00       0.42       2.07       2.67
      3643      30.65     -34.04       0.28       0.00       0.00       1.41       2.74       2.67
      4040      30.73     -34.17       0.28       0.00       0.00       1.41       2.76       2.67
--------------------------------------------------------------------------------
Best docking solution after GA:
      4250      30.73     -34.17       0.28       0.00       0.00       1.41       2.76       2.67

#ops:       4250 #mutates:   2129 #cross:     2121 #dups:       889 
#niche:     2139 #errors:      72 
--------------------------------------------------------------------------------

Doing AMOEBA simplex on best individual
Done simplexing #iterations 812, best score  38.72

Ligand is stored in gold_soln_prep_ligand_19_m1_8.mol2


--------------------------------------------------------------------------------
--- CHEMPLP breakdown of terms                                               ---
--------------------------------------------------------------------------------
CHEMPLP = - ( 1.0000*S(PLP) + -3.0000*S(hbond) + -6.0000*S(metal) + -3.0000*S(cho) )

Score = CHEMPLP - 1.0000*DE(clash) - 2.0000*DE(tors)

Internal energy term has been corrected with the best internal energy encountered.

--------------------------------------------------------------------------------


     Score     S(PLP)   S(hbond)     S(cho)   S(metal)  DE(clash)   DE(tors)     intcor
     38.72     -39.43       0.65       0.00       0.00       0.00       2.67       2.67

--------------------------------------------------------------------------------
--- PLP analysis of protein-ligand interactions                              ---
--------------------------------------------------------------------------------
hydrogen bonding        :      -4.36
metal                   :       0.00
buried (polar-nonpolar) :      -3.77
nonpolar                :     -33.77
repulsive               :       1.47
--------------------------------------------------------------------------------


--------------------------------------------------------------------------------
--- ChemScore analysis of protein-ligand interactions                        ---
--------------------------------------------------------------------------------

* Hydrogen bonds                                                                
Ligand donor   13 hydrogen   35 Protein acceptor 5482 bond energy  1.00 wt 0.64
Protein donor 5035 hydrogen 5036 Ligand acceptor   11 bond energy  1.00 wt 0.01


* CH..O interactions                                                            
  CH group selection                       : activated ring CH (adjacent to hetatom)

--------------------------------------------------------------------------------


--------------------------------------------------------------------------------
--- Intra-ligand clashes                                                     ---
--------------------------------------------------------------------------------

Ligand
--------------------------------------------------------------------------------


--------------------------------------------------------------------------------
--- Chromosome decoded                                                       ---
--------------------------------------------------------------------------------
Ligand Torsions
[   5    4    2   24]   48.10    matched torsion: ipropyl   
[   2    4    5    6]  101.80
[  31    6    5    4]  152.05
[   4    5    7    8]   31.37
[  16   15   14   12]  110.59
Protein Torsions
[ 489  484  483  480]  116.55 
[1635 1626 1625 1623] -132.34 
[1707 1702 1701 1698] -167.24 
[1839 1828 1827 1826]  122.31 
Mapping
Ligand acceptors to protein hydrogens (mapping then atom ids)
Ligand hydrogens to protein acceptors (mapping then atom ids)
  5  19 [ 35->5482]
Ligand shape atoms to protein points (mapping then atom ids & coords)
  2  5683 [  2->(-13.000  11.250  19.500)]
  5  5428 [  5->(-13.500  14.750  20.500)]
  6  3181 [ 16->(-17.000  16.500  19.750)]
 10  4997 [ 20->(-14.500  17.750  21.750)]
Chromosome values
Integers:
  -1   -1   -1   -1   -1   -1   -1   18   -1   -1 5682   -1 
  -1 5427 3180   -1   -1   -1 4996 
--------------------------------------------------------------------------------

Current Ranking  2  5  7  8  1  6  3  4

--------------------------------------------------------------------------------

* GA execution time :                                                           
  total  0.0717 user  0.0707 sys  0.0010

--------------------------------------------------------------------------------
Fitness function evaluations: 10465

--------------------------------------------------------------------------------
** Docking run number  9 **
--------------------------------------------------------------------------------
  Rank fitness base is 5000.00 ; increment is 11.2233

* Initialising population(s) ...                                                
Number of constraints mappings 0
Number of constraints 0
  Population no.                           :      1
  Population size                          :    100
  Number of duplicates                     :      0
  Number of niche violations               :      0
  Number of errors                         :     55


Doing GA, no. of population(s) 1 size 100 selection pressure 1.100000

 Operation      Score     S(PLP)   S(hbond)     S(cho)   S(metal)  DE(clash)   DE(tors)     intcor
         0       2.00      -2.98       0.50       0.00       0.00       0.00       2.58       2.67
       292       3.67      -5.50       0.00       0.00       0.00       0.16       2.17       2.67
       346       4.29      -6.09       0.00       0.00       0.00       0.16       2.16       2.67
       643       4.50      -6.08       0.00       0.00       0.00       0.00       2.13       2.67
       677       9.72     -12.89       0.23       0.00       0.00       2.78       1.88       2.67
       791       9.80     -13.78       0.86       0.00       0.00       5.82       1.71       2.67
      1040      10.09     -13.01       0.00       0.00       0.00       0.00       2.80       2.67
      1172      15.91     -17.00       0.93       0.00       0.00       2.78       1.89       2.67
      1266      17.62     -17.03       0.91       0.00       0.00       0.83       1.99       2.67
      1882      27.84     -27.69       0.95       0.00       0.00       0.00       2.69       2.67
      3215      28.27     -27.62       1.12       0.00       0.00       0.00       2.69       2.67
--------------------------------------------------------------------------------
Best docking solution after GA:
      4250      28.27     -27.62       1.12       0.00       0.00       0.00       2.69       2.67

#ops:       4250 #mutates:   2091 #cross:     2159 #dups:       949 
#niche:     2123 #errors:      56 
--------------------------------------------------------------------------------

Doing AMOEBA simplex on best individual
Done simplexing #iterations 1074, best score  39.20

Ligand is stored in gold_soln_prep_ligand_19_m1_9.mol2


--------------------------------------------------------------------------------
--- CHEMPLP breakdown of terms                                               ---
--------------------------------------------------------------------------------
CHEMPLP = - ( 1.0000*S(PLP) + -3.0000*S(hbond) + -6.0000*S(metal) + -3.0000*S(cho) )

Score = CHEMPLP - 1.0000*DE(clash) - 2.0000*DE(tors)

Internal energy term has been corrected with the best internal energy encountered.

--------------------------------------------------------------------------------


     Score     S(PLP)   S(hbond)     S(cho)   S(metal)  DE(clash)   DE(tors)     intcor
     39.20     -38.54       1.00       0.00       0.00       0.00       2.51       2.67

--------------------------------------------------------------------------------
--- PLP analysis of protein-ligand interactions                              ---
--------------------------------------------------------------------------------
hydrogen bonding        :      -4.00
metal                   :       0.00
buried (polar-nonpolar) :      -4.07
nonpolar                :     -31.24
repulsive               :       0.26
--------------------------------------------------------------------------------


--------------------------------------------------------------------------------
--- ChemScore analysis of protein-ligand interactions                        ---
--------------------------------------------------------------------------------

* Hydrogen bonds                                                                
Ligand donor    6 hydrogen   31 Protein acceptor  386 bond energy  1.00 wt 1.00


* CH..O interactions                                                            
  CH group selection                       : activated ring CH (adjacent to hetatom)

--------------------------------------------------------------------------------


--------------------------------------------------------------------------------
--- Intra-ligand clashes                                                     ---
--------------------------------------------------------------------------------

Ligand
--------------------------------------------------------------------------------


--------------------------------------------------------------------------------
--- Chromosome decoded                                                       ---
--------------------------------------------------------------------------------
Ligand Torsions
[   5    4    2   24]   35.60    matched torsion: ipropyl   
[   2    4    5    6]   49.01
[  31    6    5    4]  -92.54
[   4    5    7    8] -149.62
[  16   15   14   12] -106.79
Protein Torsions
[ 489  484  483  480]  -81.18 
[1635 1626 1625 1623]  163.93 
[1707 1702 1701 1698]  175.91 
[1839 1828 1827 1826]   -9.86 
Mapping
Ligand acceptors to protein hydrogens (mapping then atom ids)
Ligand hydrogens to protein acceptors (mapping then atom ids)
Ligand shape atoms to protein points (mapping then atom ids & coords)
  1  6288 [  1->(-12.250  17.000  19.250)]
  2  5485 [  2->(-13.500  16.750  20.500)]
  4  5772 [  4->(-13.000  15.750  19.500)]
  5  5796 [  5->(-13.000  16.250  21.000)]
  6  2946 [ 16->(-17.500  17.250  22.250)]
 10  3590 [ 20->(-16.500  16.500  18.000)]
Chromosome values
Integers:
  -1   -1   -1   -1   -1   -1   -1   -1   -1 6287 5484   -1 
5771 5795 2945   -1   -1   -1 3589 
--------------------------------------------------------------------------------

Current Ranking  2  5  7  9  8  1  6  3  4

--------------------------------------------------------------------------------

* GA execution time :                                                           
  total  0.0717 user  0.0708 sys  0.0010

--------------------------------------------------------------------------------
Fitness function evaluations: 10551

--------------------------------------------------------------------------------
** Docking run number 10 **
--------------------------------------------------------------------------------
  Rank fitness base is 5000.00 ; increment is 11.2233

* Initialising population(s) ...                                                
Number of constraints mappings 0
Number of constraints 0
  Population no.                           :      1
  Population size                          :    100
  Number of duplicates                     :      0
  Number of niche violations               :      0
  Number of errors                         :     69


Doing GA, no. of population(s) 1 size 100 selection pressure 1.100000

 Operation      Score     S(PLP)   S(hbond)     S(cho)   S(metal)  DE(clash)   DE(tors)     intcor
         0      -9.98       8.61       0.41       0.00       0.00       0.00       2.63       2.67
         9      -2.10      -0.48       0.00       0.00       0.00       0.00       2.63       2.67
       149      15.48     -15.97       0.70       0.00       0.00       0.00       2.63       2.67
       299      16.15     -16.80       0.63       0.00       0.00       0.00       2.61       2.67
      1115      17.29     -19.21       0.80       0.00       0.00       3.49       1.75       2.67
      1127      18.54     -20.94       0.64       0.00       0.00       3.49       1.75       2.67
      1274      18.93     -22.48       0.59       0.00       0.00       4.40       1.80       2.67
      1445      21.87     -24.35       0.95       0.00       0.00       4.40       1.80       2.67
      1701      21.87     -24.35       0.95       0.00       0.00       4.40       1.80       2.67
      1763      23.14     -27.08       0.46       0.00       0.00       4.40       1.80       2.67
      1862      23.32     -23.16       0.90       0.00       0.00       1.43       1.89       2.67
      2329      23.72     -23.59       0.83       0.00       0.00       1.43       1.80       2.67
      2364      24.09     -22.60       0.90       0.00       0.00       0.00       1.94       2.67
      2515      28.10     -26.53       0.82       0.00       0.00       0.00       1.78       2.67
      3590      29.83     -28.39       0.78       0.00       0.00       0.00       1.78       2.67
      3608      30.83     -32.13       0.32       0.00       0.00       1.43       1.75       2.67
      3862      31.86     -31.88       0.29       0.00       0.00       0.00       1.78       2.67
      4006      32.68     -32.08       0.43       0.00       0.00       0.00       1.69       2.67
      4011      34.62     -34.38       0.38       0.00       0.00       0.00       1.78       2.67
      4082      34.67     -34.47       0.37       0.00       0.00       0.00       1.79       2.67
      4192      36.76     -36.81       0.52       0.00       0.00       0.60       1.84       2.67
--------------------------------------------------------------------------------
Best docking solution after GA:
      4250      36.76     -36.81       0.52       0.00       0.00       0.60       1.84       2.67

#ops:       4250 #mutates:   2046 #cross:     2204 #dups:      1039 
#niche:     2265 #errors:      50 
--------------------------------------------------------------------------------

Doing AMOEBA simplex on best individual
Done simplexing #iterations 600, best score  40.95

Ligand is stored in gold_soln_prep_ligand_19_m1_10.mol2


--------------------------------------------------------------------------------
--- CHEMPLP breakdown of terms                                               ---
--------------------------------------------------------------------------------
CHEMPLP = - ( 1.0000*S(PLP) + -3.0000*S(hbond) + -6.0000*S(metal) + -3.0000*S(cho) )

Score = CHEMPLP - 1.0000*DE(clash) - 2.0000*DE(tors)

Internal energy term has been corrected with the best internal energy encountered.

--------------------------------------------------------------------------------


     Score     S(PLP)   S(hbond)     S(cho)   S(metal)  DE(clash)   DE(tors)     intcor
     40.95     -40.24       0.67       0.00       0.00       0.00       1.99       2.67

--------------------------------------------------------------------------------
--- PLP analysis of protein-ligand interactions                              ---
--------------------------------------------------------------------------------
hydrogen bonding        :      -2.72
metal                   :       0.00
buried (polar-nonpolar) :      -4.85
nonpolar                :     -33.35
repulsive               :       1.02
--------------------------------------------------------------------------------


--------------------------------------------------------------------------------
--- ChemScore analysis of protein-ligand interactions                        ---
--------------------------------------------------------------------------------

* Hydrogen bonds                                                                
Ligand donor   13 hydrogen   35 Protein acceptor 5482 bond energy  1.00 wt 0.67


* CH..O interactions                                                            
  CH group selection                       : activated ring CH (adjacent to hetatom)

--------------------------------------------------------------------------------


--------------------------------------------------------------------------------
--- Intra-ligand clashes                                                     ---
--------------------------------------------------------------------------------

Ligand
--------------------------------------------------------------------------------


--------------------------------------------------------------------------------
--- Chromosome decoded                                                       ---
--------------------------------------------------------------------------------
Ligand Torsions
[   5    4    2   24]  -80.00    matched torsion: ipropyl   
[   2    4    5    6]  157.08
[  31    6    5    4]  -75.54
[   4    5    7    8]  -55.96
[  16   15   14   12] -102.52
Protein Torsions
[ 489  484  483  480] -164.43 
[1635 1626 1625 1623]  105.21 
[1707 1702 1701 1698]  -13.82 
[1839 1828 1827 1826] -105.37 
Mapping
Ligand acceptors to protein hydrogens (mapping then atom ids)
Ligand hydrogens to protein acceptors (mapping then atom ids)
Ligand shape atoms to protein points (mapping then atom ids & coords)
  1  3789 [  1->(-16.250  16.000  16.750)]
  6  3868 [ 16->(-16.250  17.750  22.250)]
  7  2686 [ 17->(-18.000  17.250  21.750)]
  9  2341 [ 19->(-18.750  17.750  21.000)]
 10  4119 [ 20->(-16.000  18.250  21.500)]
Chromosome values
Integers:
  -1   -1   -1   -1   -1   -1   -1   -1   -1 3788   -1   -1 
  -1   -1 3867 2685   -1 2340 4118 
--------------------------------------------------------------------------------

Current Ranking  2  5 10  7  9  8  1  6  3  4

--------------------------------------------------------------------------------

* GA execution time :                                                           
  total  0.0701 user  0.0681 sys  0.0020

--------------------------------------------------------------------------------
Fitness function evaluations: 9875

--------------------------------------------------------------------------------
--- Ranking analysis                                                         ---
--------------------------------------------------------------------------------


* Final ranked order of GA solutions:                                           
   2  5 10  7  9  8  1  6  3  4 

  _______________________________
  RMSD Matrix of RANKED solutions

        2    3    4    5    6    7    8    9   10  

   1 :  6.7  2.4  6.1  4.1  3.0  4.3  4.8  4.2  5.3
   2 :       5.9  2.1  6.1  5.3  4.6  5.5  4.8  5.4
   3 :            5.3  4.3  3.1  4.2  4.4  4.0  4.8
   4 :                 5.0  5.0  4.7  4.2  4.8  3.9
   5 :                      4.6  5.0  4.0  5.0  4.3
   6 :                           1.9  5.6  1.7  5.7
   7 :                                6.2  1.0  6.3
   8 :                                     6.2  1.9
   9 :                                          6.2

  Clustering method                        : complete linkage
  Structure ids in cluster table           : rank nos.
  Ordering of clusters and their members   : by rank (order if from rms_analysis)

  Distance | Clusters
   1.00    |  1 |  2 |  3 |  4 |  5 |  6 |  7  9 |  8 | 10 |
   1.86    |  1 |  2 |  3 |  4 |  5 |  6 |  7  9 |  8 10 |
   1.91    |  1 |  2 |  3 |  4 |  5 |  6  7  9 |  8 10 |
   2.11    |  1 |  2  4 |  3 |  5 |  6  7  9 |  8 10 |
   2.43    |  1  3 |  2  4 |  5 |  6  7  9 |  8 10 |
   4.30    |  1  3  5 |  2  4 |  6  7  9 |  8 10 |
   4.99    |  1  3  5  6  7  9 |  2  4 |  8 10 |
   5.53    |  1  3  5  6  7  9 |  2  4  8 10 |
   6.74    |  1  2  3  4  5  6  7  8  9 10 |
  Finished Docking Ligand                  : /nfs/home/myuecel3/Frontiers_MedChem/data/output/gold_docking_step1/prep_ligand_19.mol2
--------------------------------------------------------------------------------

  Relative_Ligand_Energy (best encountered) :   2.672
  Relative_Ligand_Energy: fitness values have been corrected using this amount
