
--------------------------------------------------------------------------------
--- Ligand                                                                   ---
--------------------------------------------------------------------------------
  Ligand loaded from file                  : /nfs/home/myuecel3/Frontiers_MedChem/data/output/gold_docking_step1/prep_ligand_17.mol2
  Ligand name                              :  
  "RDKit          3D                                                        "

--------------------------------------------------------------------------------
  N.plc donors                             : 
  none found

  Acidic nitrogen acceptors                : 
  none found
  Sulfur acceptors                         :
  none found


  Donor atoms                              :      0
  
  Acceptor atoms                           :      3
  4   10  19  

  Hydrogens                                :  (n = 0)
    none found


  Lone pairs added to molecule             :      4
  Numbering                                : from 42 to 45

--------------------------------------------------------------------------------
--- Postprocessing of typing                                                 ---
--------------------------------------------------------------------------------
  Fragment file                            : /appl/ccdc/CSDS2022/Discovery_2022/GOLD/gold/rotatable_bond_override.mol2
  acylurea fragment                        : no matches
  thioacylthiourea fragment                : no matches
  acylthiourea fragment                    : no matches
  thioacylurea fragment                    : no matches
  diarylamine fragment >C.ar-NH-C.ar<      : no matches
  sec-amine (1) fragment                   : no matches
  sec-amine (2) fragment                   : no matches
  sec-amine (3) fragment                   : no matches
  carboxylic ester                         : no matches

* Rotatable bonds in /nfs/home/myuecel3/F  :
  [   2    3] [   3    4] [   4    5] [   4    7] 
  [   7    8] [  11   12] 
  No. of rotatable bonds                   :      6


* Reading torsional distributions from file:
  /appl/ccdc/CSDS2022/Discovery_2022/GOLD/gold/gold.tordist
  No. of bins in torsional distributions   :     36
  Minimum size of largest peak             :      0
  Removing high energy torsions            : on
  Delta E set to                           :   2.500

* Fragments found in /nfs/home/myuecel3/F  :
  atom  12: benzene
  atom  13: benzene
  atom  14: benzene
  atom  15: benzene
  atom  16: benzene
  atom  18: benzene


* Checking torsion distributions:                                               
  No. of matched torsions                  :      0

--------------------------------------------------------------------------------
--- Shape fitting atoms selection (hydrophobic atoms)                        ---
--------------------------------------------------------------------------------
  Molecule                                 : /nfs/home/myuecel3/Frontiers_MedChem/data/output/gold_docking_step1/prep_ligand_17.mol2
  Selection                                : carbons only
  Atom numbers                             :  (n = 12)
  1    2    3    5    6    7    9    13   14   15   
  17   18   


--------------------------------------------------------------------------------
--- ChemScore ligand setup summary                                           ---
--------------------------------------------------------------------------------
  ChemScore ligand acceptors               :      3
  4 10 19 
  ChemScore ligand donors                  :      0
  
  ChemScore ligand CH donors               :      1
  9 ( 34 ) 

  ChemScore ligand lipophilic atoms        :  (n = 15)
  1    2    3    5    6    7    8    9    12   13   
  14   15   16   17   18   

  ChemScore ligand rotatable bonds         :      6
  2   (C2 ) - 3   (C3 ): SP3_SP3_BOND
  3   (C3 ) - 4   (N4 ): SP3_SP3_BOND
  4   (N4 ) - 5   (C5 ): SP3_SP3_BOND
  4   (N4 ) - 7   (C7 ): SP3_SP3_BOND
  7   (C7 ) - 8   (C8 ): SP3_SP2_BOND
  11  (C11) - 12  (C12): SP2_SP2_BOND

--------------------------------------------------------------------------------
--- PLP ligand setup summary                                                 ---
--------------------------------------------------------------------------------
    1    C1   C.3 NONPOLAR
    2    C2   C.3 NONPOLAR
    3    C3   C.3 NONPOLAR
    4    N4   N.3 ACCEPTOR
    5    C5   C.3 NONPOLAR
    6    C6   C.3 NONPOLAR
    7    C7   C.3 NONPOLAR
    8    C8   C.2 NONPOLAR
    9    C9   C.2 NONPOLAR
   10   O10   O.3 ACCEPTOR
   11   C11   C.2 NONPOLAR
   12   C12  C.ar NONPOLAR
   13   C13  C.ar NONPOLAR
   14   C14  C.ar NONPOLAR
   15   C15  C.ar NONPOLAR
   16   C16  C.ar NONPOLAR
   17   C17   C.3 NONPOLAR
   18   C18  C.ar NONPOLAR
   19   N19   N.2 ACCEPTOR

--------------------------------------------------------------------------------
--- Automatic parameter setting                                              ---
--------------------------------------------------------------------------------
  Contribution base                        :   2500
  Contribution per rotatable bond          :   6000
  Contribution per df                      :   4000
  Contribution per water                   :  10000
  Ligand rotatable bonds                   :      6
  Protein flexible side chain bonds        :      0
  Total rotatable bonds                    :      6
  Hydrophobic vol ratio (P/L)              :   1.211
  Base multiplier (polar)                  :   0.600
  Base multiplier (apolar)                 :   2.907
  Base contribution                        : 7500.000
  Fitting points                           :      3
  Estimated maxops needed (optimal)        :  44000
  Autoscale factor (in percent)            :     10
  Scaled maxops                            :   4500

--------------------------------------------------------------------------------

* Population settings                                                           
  maxops                                   :   4500
  popsiz                                   :    100
  select_pressure                          :   1.100
  n_islands                                :      1
  niche_siz                                :      2

* GA settings                                                                   
  pt_crosswt                               :    100
  allele_mutatewt                          :    100
  migratewt                                :      0

* Search settings                                                               
  start_vdw_linear_cutoff                  :   4.000
  initial_virtual_pt_match_max             :   3.000

--------------------------------------------------------------------------------

* Ligand initialisation time :                                                  
  total  0.0050 user  0.0050 sys  0.0000

--------------------------------------------------------------------------------

--------------------------------------------------------------------------------
** Docking run number  1 **
--------------------------------------------------------------------------------
  Rank fitness base is 5000.00 ; increment is 11.2233

* Initialising population(s) ...                                                
Number of constraints mappings 0
Number of constraints 0
  Population no.                           :      1
  Population size                          :    100
  Number of duplicates                     :      0
  Number of niche violations               :      0
  Number of errors                         :     63


Doing GA, no. of population(s) 1 size 100 selection pressure 1.100000

 Operation      Score     S(PLP)   S(hbond)     S(cho)   S(metal)  DE(clash)   DE(tors)     intcor
         0      25.75     -27.45       0.00       0.00       0.00       0.00       1.37       1.04
       107      25.90     -27.28       0.00       0.00       0.00       0.00       1.21       1.04
       193      30.25     -30.57       0.00       0.00       0.00       0.00       0.68       1.04
       326      31.19     -34.00       0.00       0.00       0.00       0.00       1.93       1.04
       379      36.41     -39.29       0.00       0.00       0.00       0.00       1.96       1.04
       460      38.96     -41.83       0.00       0.00       0.00       0.00       1.96       1.04
      1470      39.05     -41.93       0.00       0.00       0.00       0.00       1.96       1.04
      1913      42.13     -42.13       0.00       0.00       0.00       0.00       0.33       0.66
      2058      42.25     -42.90       0.00       0.00       0.00       0.00       0.65       0.66
      2196      42.67     -42.67       0.00       0.00       0.00       0.00       0.33       0.66
      2843      43.11     -43.27       0.00       0.00       0.00       0.00       0.33       0.50
      3585      43.13     -45.25       0.00       0.00       0.00       0.00       1.26       0.40
      3736      43.19     -43.43       0.00       0.00       0.00       0.00       0.32       0.40
      3881      43.42     -40.83       0.00       1.14       0.00       0.00       0.62       0.40
      4134      44.78     -41.34       0.00       1.34       0.00       0.00       0.49       0.40
      4195      44.88     -46.92       0.00       0.00       0.00       0.00       1.22       0.40
--------------------------------------------------------------------------------
Best docking solution after GA:
      4500      44.88     -46.92       0.00       0.00       0.00       0.00       1.22       0.40

#ops:       4500 #mutates:   2266 #cross:     2234 #dups:       814 
#niche:     2358 #errors:     133 
--------------------------------------------------------------------------------

Doing AMOEBA simplex on best individual
Done simplexing #iterations 603, best score  50.77

Ligand is stored in gold_soln_prep_ligand_17_m1_1.mol2


--------------------------------------------------------------------------------
--- CHEMPLP breakdown of terms                                               ---
--------------------------------------------------------------------------------
CHEMPLP = - ( 1.0000*S(PLP) + -3.0000*S(hbond) + -6.0000*S(metal) + -3.0000*S(cho) )

Score = CHEMPLP - 1.0000*DE(clash) - 2.0000*DE(tors)

Internal energy term has been corrected with the best internal energy encountered.

--------------------------------------------------------------------------------


     Score     S(PLP)   S(hbond)     S(cho)   S(metal)  DE(clash)   DE(tors)     intcor
     50.77     -49.82       0.00       0.67       0.00       0.00       0.73       0.40

--------------------------------------------------------------------------------
--- PLP analysis of protein-ligand interactions                              ---
--------------------------------------------------------------------------------
hydrogen bonding        :       0.00
metal                   :       0.00
buried (polar-nonpolar) :      -6.18
nonpolar                :     -43.96
repulsive               :       0.08
--------------------------------------------------------------------------------


--------------------------------------------------------------------------------
--- ChemScore analysis of protein-ligand interactions                        ---
--------------------------------------------------------------------------------

* Hydrogen bonds                                                                


* CH..O interactions                                                            
  CH group selection                       : activated ring CH (adjacent to hetatom)
Ligand carbon    9 hydrogen   34 Protein acceptor 2706 bond energy  1.00 wt 0.67

--------------------------------------------------------------------------------


--------------------------------------------------------------------------------
--- Intra-ligand clashes                                                     ---
--------------------------------------------------------------------------------

Ligand
--------------------------------------------------------------------------------


--------------------------------------------------------------------------------
--- Chromosome decoded                                                       ---
--------------------------------------------------------------------------------
Ligand Torsions
[   1    2    3    4] -174.70
[   2    3    4    5]  -73.55
[   6    5    4    3]   38.60
[   3    4    7    8]  174.08
[   4    7    8    9]  110.52
[  13   12   11   10]   16.50
Protein Torsions
[ 489  484  483  480]   45.78 
[1635 1626 1625 1623]  136.29 
[1707 1702 1701 1698]  -31.93 
[1839 1828 1827 1826] -121.13 
Mapping
Ligand acceptors to protein hydrogens (mapping then atom ids)
Ligand shape atoms to protein points (mapping then atom ids & coords)
  1  2771 [  1->(-18.000  19.500  20.000)]
  3  2861 [  3->(-17.750  18.250  20.500)]
  7  4001 [  9->(-16.000  15.250  19.750)]
  8  5540 [ 13->(-13.250  12.000  20.000)]
  9  5701 [ 14->(-13.000  12.000  20.000)]
 12  6920 [ 18->(-10.750  13.250  19.250)]
Chromosome values
Integers:
  -1   -1   -1 2770   -1 2860   -1   -1   -1 4000 5539 5700 
  -1   -1 6919 
--------------------------------------------------------------------------------

Current Ranking  1

--------------------------------------------------------------------------------

* GA execution time :                                                           
  total  0.0783 user  0.0763 sys  0.0020

--------------------------------------------------------------------------------
Fitness function evaluations: 10205

--------------------------------------------------------------------------------
** Docking run number  2 **
--------------------------------------------------------------------------------
  Rank fitness base is 5000.00 ; increment is 11.2233

* Initialising population(s) ...                                                
Number of constraints mappings 0
Number of constraints 0
  Population no.                           :      1
  Population size                          :    100
  Number of duplicates                     :      0
  Number of niche violations               :      0
  Number of errors                         :     53


Doing GA, no. of population(s) 1 size 100 selection pressure 1.100000

 Operation      Score     S(PLP)   S(hbond)     S(cho)   S(metal)  DE(clash)   DE(tors)     intcor
         0      21.92     -37.34       0.00       0.41       0.00      14.00       1.53       0.40
       244      24.56     -34.03       0.00       0.00       0.00       7.74       1.06       0.40
       341      27.44     -43.62       0.00       0.15       0.00      14.00       1.53       0.40
      1013      30.99     -35.84       0.00       0.00       0.00       0.00       2.63       0.40
      1365      31.64     -32.02       0.00       0.69       0.00       0.00       1.42       0.40
      1387      32.20     -32.74       0.00       0.70       0.00       0.00       1.52       0.40
      1831      34.45     -37.22       0.00       0.00       0.00       0.54       1.31       0.40
      1903      34.54     -37.41       0.00       0.00       0.00       0.54       1.36       0.40
      2146      36.47     -37.64       0.00       0.00       0.00       0.00       0.79       0.40
      2177      36.50     -37.63       0.00       0.00       0.00       0.00       0.77       0.40
      2413      37.59     -40.95       0.00       0.00       0.00       0.00       1.88       0.40
      2744      37.96     -41.32       0.00       0.00       0.00       0.00       1.88       0.40
      2808      41.79     -43.66       0.00       0.00       0.00       0.00       1.14       0.40
      2968      42.43     -44.30       0.00       0.00       0.00       0.00       1.14       0.40
      4011      42.61     -44.47       0.00       0.00       0.00       0.00       1.14       0.40
      4066      42.93     -44.96       0.00       0.00       0.00       0.00       1.22       0.40
      4304      43.90     -45.75       0.00       0.00       0.00       0.00       1.12       0.40
--------------------------------------------------------------------------------
Best docking solution after GA:
      4500      43.90     -45.75       0.00       0.00       0.00       0.00       1.12       0.40

#ops:       4500 #mutates:   2273 #cross:     2227 #dups:       861 
#niche:     2428 #errors:     151 
--------------------------------------------------------------------------------

Doing AMOEBA simplex on best individual
Done simplexing #iterations 452, best score  45.12

Ligand is stored in gold_soln_prep_ligand_17_m1_2.mol2


--------------------------------------------------------------------------------
--- CHEMPLP breakdown of terms                                               ---
--------------------------------------------------------------------------------
CHEMPLP = - ( 1.0000*S(PLP) + -3.0000*S(hbond) + -6.0000*S(metal) + -3.0000*S(cho) )

Score = CHEMPLP - 1.0000*DE(clash) - 2.0000*DE(tors)

Internal energy term has been corrected with the best internal energy encountered.

--------------------------------------------------------------------------------


     Score     S(PLP)   S(hbond)     S(cho)   S(metal)  DE(clash)   DE(tors)     intcor
     45.12     -46.74       0.00       0.00       0.00       0.00       1.01       0.40

--------------------------------------------------------------------------------
--- PLP analysis of protein-ligand interactions                              ---
--------------------------------------------------------------------------------
hydrogen bonding        :       0.00
metal                   :       0.00
buried (polar-nonpolar) :      -6.03
nonpolar                :     -41.30
repulsive               :       0.12
--------------------------------------------------------------------------------


--------------------------------------------------------------------------------
--- ChemScore analysis of protein-ligand interactions                        ---
--------------------------------------------------------------------------------

* Hydrogen bonds                                                                


* CH..O interactions                                                            
  CH group selection                       : activated ring CH (adjacent to hetatom)

--------------------------------------------------------------------------------


--------------------------------------------------------------------------------
--- Intra-ligand clashes                                                     ---
--------------------------------------------------------------------------------

Ligand
--------------------------------------------------------------------------------


--------------------------------------------------------------------------------
--- Chromosome decoded                                                       ---
--------------------------------------------------------------------------------
Ligand Torsions
[   1    2    3    4]  -53.18
[   2    3    4    5]  156.28
[   6    5    4    3]  -15.45
[   3    4    7    8]  160.09
[   4    7    8    9]  -46.85
[  13   12   11   10]  161.10
Protein Torsions
[ 489  484  483  480] -169.23 
[1635 1626 1625 1623]  -91.16 
[1707 1702 1701 1698] -170.15 
[1839 1828 1827 1826]  -20.59 
Mapping
Ligand acceptors to protein hydrogens (mapping then atom ids)
Ligand shape atoms to protein points (mapping then atom ids & coords)
  2  2383 [  2->(-18.750  18.750  21.000)]
  4  3236 [  5->(-17.000  17.750  21.250)]
  6  3829 [  7->(-16.250  16.500  19.500)]
  7  5209 [  9->(-14.000  16.750  21.250)]
  8  5257 [ 13->(-13.750  11.750  20.250)]
  9  5125 [ 14->(-14.000  11.250  19.750)]
 11  7001 [ 17->(-10.500  14.500  19.500)]
 12  6856 [ 18->(-11.000  14.750  19.750)]
Chromosome values
Integers:
  -1   -1   -1   -1 2382   -1 3235   -1 3828 5208 5256 5124 
  -1 7000 6855 
--------------------------------------------------------------------------------

Current Ranking  1  2

--------------------------------------------------------------------------------

* GA execution time :                                                           
  total  0.0691 user  0.0691 sys  0.0000

--------------------------------------------------------------------------------
Fitness function evaluations: 9977

--------------------------------------------------------------------------------
** Docking run number  3 **
--------------------------------------------------------------------------------
  Rank fitness base is 5000.00 ; increment is 11.2233

* Initialising population(s) ...                                                
Number of constraints mappings 0
Number of constraints 0
  Population no.                           :      1
  Population size                          :    100
  Number of duplicates                     :      0
  Number of niche violations               :      0
  Number of errors                         :     54


Doing GA, no. of population(s) 1 size 100 selection pressure 1.100000

 Operation      Score     S(PLP)   S(hbond)     S(cho)   S(metal)  DE(clash)   DE(tors)     intcor
         0      29.50     -33.93       0.00       0.00       0.00       0.00       2.42       0.40
       517      29.61     -34.08       0.00       0.00       0.00       0.00       2.44       0.40
       561      33.06     -33.65       0.00       0.86       0.00       0.00       1.78       0.40
       585      34.07     -42.06       0.00       0.00       0.00       5.20       1.59       0.40
       818      35.85     -37.94       0.00       0.90       0.00       0.80       2.19       0.40
       922      36.08     -38.23       0.00       0.86       0.00       0.80       2.16       0.40
      1917      36.28     -40.81       0.00       0.00       0.00       0.00       2.47       0.40
      2088      38.03     -42.55       0.00       0.00       0.00       0.00       2.47       0.40
      2183      38.76     -41.45       0.00       0.00       0.00       0.00       1.55       0.40
      2297      41.06     -43.76       0.00       0.00       0.00       0.00       1.55       0.40
      2772      41.09     -43.76       0.00       0.00       0.00       0.00       1.54       0.40
      3137      41.17     -43.87       0.00       0.00       0.00       0.00       1.55       0.40
      3217      41.92     -45.47       0.00       0.00       0.00       0.00       1.97       0.40
      3634      42.25     -44.57       0.00       0.00       0.00       0.00       1.36       0.40
      3856      42.31     -46.49       0.00       0.00       0.00       0.00       2.29       0.40
      3994      42.72     -46.90       0.00       0.00       0.00       0.00       2.29       0.40
      4209      44.23     -46.54       0.00       0.00       0.00       0.00       1.36       0.40
--------------------------------------------------------------------------------
Best docking solution after GA:
      4500      44.23     -46.54       0.00       0.00       0.00       0.00       1.36       0.40

#ops:       4500 #mutates:   2291 #cross:     2209 #dups:       934 
#niche:     2592 #errors:     103 
--------------------------------------------------------------------------------

Doing AMOEBA simplex on best individual
Done simplexing #iterations 836, best score  50.95

Ligand is stored in gold_soln_prep_ligand_17_m1_3.mol2


--------------------------------------------------------------------------------
--- CHEMPLP breakdown of terms                                               ---
--------------------------------------------------------------------------------
CHEMPLP = - ( 1.0000*S(PLP) + -3.0000*S(hbond) + -6.0000*S(metal) + -3.0000*S(cho) )

Score = CHEMPLP - 1.0000*DE(clash) - 2.0000*DE(tors)

Internal energy term has been corrected with the best internal energy encountered.

--------------------------------------------------------------------------------


     Score     S(PLP)   S(hbond)     S(cho)   S(metal)  DE(clash)   DE(tors)     intcor
     50.95     -53.47       0.00       0.00       0.00       0.00       1.47       0.40

--------------------------------------------------------------------------------
--- PLP analysis of protein-ligand interactions                              ---
--------------------------------------------------------------------------------
hydrogen bonding        :       0.00
metal                   :       0.00
buried (polar-nonpolar) :      -7.29
nonpolar                :     -45.47
repulsive               :       0.15
--------------------------------------------------------------------------------


--------------------------------------------------------------------------------
--- ChemScore analysis of protein-ligand interactions                        ---
--------------------------------------------------------------------------------

* Hydrogen bonds                                                                


* CH..O interactions                                                            
  CH group selection                       : activated ring CH (adjacent to hetatom)

--------------------------------------------------------------------------------


--------------------------------------------------------------------------------
--- Intra-ligand clashes                                                     ---
--------------------------------------------------------------------------------

Ligand
--------------------------------------------------------------------------------


--------------------------------------------------------------------------------
--- Chromosome decoded                                                       ---
--------------------------------------------------------------------------------
Ligand Torsions
[   1    2    3    4] -177.21
[   2    3    4    5]  148.98
[   6    5    4    3]   34.50
[   3    4    7    8]  155.48
[   4    7    8    9]  -14.14
[  13   12   11   10]  145.75
Protein Torsions
[ 489  484  483  480] -120.56 
[1635 1626 1625 1623] -131.94 
[1707 1702 1701 1698] -164.08 
[1839 1828 1827 1826] -132.12 
Mapping
Ligand acceptors to protein hydrogens (mapping then atom ids)
Ligand shape atoms to protein points (mapping then atom ids & coords)
  1  2130 [  1->(-19.250  20.500  20.000)]
  2  2408 [  2->(-18.750  20.750  19.750)]
  3  2639 [  3->(-18.250  19.000  20.000)]
  5  2350 [  6->(-18.750  17.750  23.250)]
  6  3370 [  7->(-16.750  16.500  20.750)]
  7  5968 [  9->(-12.750  16.500  21.000)]
  8  5721 [ 13->(-13.000  13.000  20.000)]
 10  6731 [ 15->(-11.250  13.000  19.500)]
 12  5911 [ 18->(-12.750  14.750  20.250)]
Chromosome values
Integers:
  -1   -1   -1 2129 2407 2638   -1 2349 3369 5967 5720   -1 
6730   -1 5910 
--------------------------------------------------------------------------------

Current Ranking  3  1  2

--------------------------------------------------------------------------------

* GA execution time :                                                           
  total  0.0716 user  0.0697 sys  0.0020

--------------------------------------------------------------------------------
Fitness function evaluations: 10578

--------------------------------------------------------------------------------
** Docking run number  4 **
--------------------------------------------------------------------------------
  Rank fitness base is 5000.00 ; increment is 11.2233

* Initialising population(s) ...                                                
Number of constraints mappings 0
Number of constraints 0
  Population no.                           :      1
  Population size                          :    100
  Number of duplicates                     :      0
  Number of niche violations               :      0
  Number of errors                         :     52


Doing GA, no. of population(s) 1 size 100 selection pressure 1.100000

 Operation      Score     S(PLP)   S(hbond)     S(cho)   S(metal)  DE(clash)   DE(tors)     intcor
         0      17.21     -19.79       0.00       0.00       0.00       0.00       1.49       0.40
        64      18.42     -23.82       0.00       0.41       0.00       1.45       2.79       0.40
        68      23.22     -27.95       0.00       0.64       0.00       1.45       2.79       0.40
        87      34.30     -37.96       0.00       0.00       0.00       0.00       2.03       0.40
       670      35.19     -34.19       0.00       0.88       0.00       0.16       0.94       0.40
      1641      36.79     -40.26       0.00       0.00       0.00       0.00       1.94       0.40
      1810      39.53     -40.95       0.00       0.96       0.00       2.83       0.94       0.40
      2123      39.62     -37.27       0.00       1.00       0.00       0.00       0.53       0.40
      2432      43.20     -40.85       0.00       1.00       0.00       0.00       0.53       0.40
      2501      43.20     -40.85       0.00       1.00       0.00       0.00       0.53       0.40
      3247      44.31     -42.00       0.00       1.00       0.00       0.00       0.55       0.40
      3382      45.52     -42.98       0.00       1.00       0.00       0.00       0.44       0.40
      4086      45.93     -43.21       0.00       1.00       0.00       0.00       0.34       0.40
      4253      46.25     -43.97       0.00       1.00       0.00       0.00       0.56       0.40
      4300      46.72     -44.84       0.00       1.00       0.00       0.00       0.76       0.40
      4429      46.97     -44.90       0.00       1.00       0.00       0.00       0.67       0.40
--------------------------------------------------------------------------------
Best docking solution after GA:
      4500      46.97     -44.90       0.00       1.00       0.00       0.00       0.67       0.40

#ops:       4500 #mutates:   2317 #cross:     2183 #dups:       997 
#niche:     2522 #errors:     115 
--------------------------------------------------------------------------------

Doing AMOEBA simplex on best individual
Done simplexing #iterations 592, best score  50.21

Ligand is stored in gold_soln_prep_ligand_17_m1_4.mol2


--------------------------------------------------------------------------------
--- CHEMPLP breakdown of terms                                               ---
--------------------------------------------------------------------------------
CHEMPLP = - ( 1.0000*S(PLP) + -3.0000*S(hbond) + -6.0000*S(metal) + -3.0000*S(cho) )

Score = CHEMPLP - 1.0000*DE(clash) - 2.0000*DE(tors)

Internal energy term has been corrected with the best internal energy encountered.

--------------------------------------------------------------------------------


     Score     S(PLP)   S(hbond)     S(cho)   S(metal)  DE(clash)   DE(tors)     intcor
     50.21     -48.01       0.00       1.00       0.00       0.00       0.60       0.40

--------------------------------------------------------------------------------
--- PLP analysis of protein-ligand interactions                              ---
--------------------------------------------------------------------------------
hydrogen bonding        :       0.00
metal                   :       0.00
buried (polar-nonpolar) :      -6.03
nonpolar                :     -42.49
repulsive               :       0.10
--------------------------------------------------------------------------------


--------------------------------------------------------------------------------
--- ChemScore analysis of protein-ligand interactions                        ---
--------------------------------------------------------------------------------

* Hydrogen bonds                                                                


* CH..O interactions                                                            
  CH group selection                       : activated ring CH (adjacent to hetatom)
Ligand carbon    9 hydrogen   34 Protein acceptor 2706 bond energy  1.00 wt 1.00

--------------------------------------------------------------------------------


--------------------------------------------------------------------------------
--- Intra-ligand clashes                                                     ---
--------------------------------------------------------------------------------

Ligand
--------------------------------------------------------------------------------


--------------------------------------------------------------------------------
--- Chromosome decoded                                                       ---
--------------------------------------------------------------------------------
Ligand Torsions
[   1    2    3    4] -161.33
[   2    3    4    5]  -77.38
[   6    5    4    3]   73.59
[   3    4    7    8]  138.76
[   4    7    8    9]  115.75
[  13   12   11   10] -178.54
Protein Torsions
[ 489  484  483  480]  -31.79 
[1635 1626 1625 1623] -155.21 
[1707 1702 1701 1698] -139.59 
[1839 1828 1827 1826]   44.43 
Mapping
Ligand acceptors to protein hydrogens (mapping then atom ids)
Ligand shape atoms to protein points (mapping then atom ids & coords)
  4  2979 [  5->(-17.500  18.000  22.250)]
 10  7158 [ 15->( -9.000  13.750  19.750)]
 12  4702 [ 18->(-15.000  12.000  19.500)]
Chromosome values
Integers:
  -1   -1   -1   -1   -1   -1 2978   -1   -1   -1   -1   -1 
7157   -1 4701 
--------------------------------------------------------------------------------

Current Ranking  3  1  4  2

--------------------------------------------------------------------------------

* GA execution time :                                                           
  total  0.0689 user  0.0679 sys  0.0010

--------------------------------------------------------------------------------
Fitness function evaluations: 10090

--------------------------------------------------------------------------------
** Docking run number  5 **
--------------------------------------------------------------------------------
  Rank fitness base is 5000.00 ; increment is 11.2233

* Initialising population(s) ...                                                
Number of constraints mappings 0
Number of constraints 0
  Population no.                           :      1
  Population size                          :    100
  Number of duplicates                     :      0
  Number of niche violations               :      0
  Number of errors                         :     64


Doing GA, no. of population(s) 1 size 100 selection pressure 1.100000

 Operation      Score     S(PLP)   S(hbond)     S(cho)   S(metal)  DE(clash)   DE(tors)     intcor
         0      24.46     -28.85       0.00       0.00       0.00       1.31       1.74       0.40
         4      25.77     -30.16       0.00       0.00       0.00       1.23       1.79       0.40
        64      28.34     -34.45       0.00       0.00       0.00       1.33       2.59       0.40
       263      32.26     -31.24       0.00       1.00       0.00       0.00       1.20       0.40
       477      33.96     -34.92       0.00       0.81       0.00       0.00       1.90       0.40
      1079      34.96     -35.44       0.00       0.91       0.00       0.00       1.80       0.40
      1100      35.15     -36.25       0.00       0.76       0.00       0.00       1.90       0.40
      1864      39.21     -41.37       0.00       0.00       0.00       0.00       1.28       0.40
      2296      41.54     -43.70       0.00       0.00       0.00       0.00       1.28       0.40
      2401      41.72     -44.06       0.00       0.00       0.00       0.00       1.37       0.40
      3205      42.57     -42.64       0.00       0.60       0.00       0.00       1.13       0.40
      4291      43.61     -46.03       0.00       0.00       0.00       0.00       1.41       0.40
      4320      43.98     -47.41       0.00       0.00       0.00       0.00       1.92       0.40
--------------------------------------------------------------------------------
Best docking solution after GA:
      4500      43.98     -47.41       0.00       0.00       0.00       0.00       1.92       0.40

#ops:       4500 #mutates:   2228 #cross:     2272 #dups:       869 
#niche:     2330 #errors:      94 
--------------------------------------------------------------------------------

Doing AMOEBA simplex on best individual
Done simplexing #iterations 800, best score  51.14

Ligand is stored in gold_soln_prep_ligand_17_m1_5.mol2


--------------------------------------------------------------------------------
--- CHEMPLP breakdown of terms                                               ---
--------------------------------------------------------------------------------
CHEMPLP = - ( 1.0000*S(PLP) + -3.0000*S(hbond) + -6.0000*S(metal) + -3.0000*S(cho) )

Score = CHEMPLP - 1.0000*DE(clash) - 2.0000*DE(tors)

Internal energy term has been corrected with the best internal energy encountered.

--------------------------------------------------------------------------------


     Score     S(PLP)   S(hbond)     S(cho)   S(metal)  DE(clash)   DE(tors)     intcor
     51.14     -53.95       0.00       0.00       0.00       0.00       1.61       0.40

--------------------------------------------------------------------------------
--- PLP analysis of protein-ligand interactions                              ---
--------------------------------------------------------------------------------
hydrogen bonding        :       0.00
metal                   :       0.00
buried (polar-nonpolar) :      -7.07
nonpolar                :     -47.94
repulsive               :       0.20
--------------------------------------------------------------------------------


--------------------------------------------------------------------------------
--- ChemScore analysis of protein-ligand interactions                        ---
--------------------------------------------------------------------------------

* Hydrogen bonds                                                                


* CH..O interactions                                                            
  CH group selection                       : activated ring CH (adjacent to hetatom)

--------------------------------------------------------------------------------


--------------------------------------------------------------------------------
--- Intra-ligand clashes                                                     ---
--------------------------------------------------------------------------------

Ligand
--------------------------------------------------------------------------------


--------------------------------------------------------------------------------
--- Chromosome decoded                                                       ---
--------------------------------------------------------------------------------
Ligand Torsions
[   1    2    3    4]  169.20
[   2    3    4    5]  -73.59
[   6    5    4    3] -156.44
[   3    4    7    8]   87.46
[   4    7    8    9]   11.64
[  13   12   11   10]  -45.28
Protein Torsions
[ 489  484  483  480]  -15.38 
[1635 1626 1625 1623] -165.04 
[1707 1702 1701 1698] -119.93 
[1839 1828 1827 1826]  -14.70 
Mapping
Ligand acceptors to protein hydrogens (mapping then atom ids)
Ligand shape atoms to protein points (mapping then atom ids & coords)
  3  4120 [  3->(-16.000  18.250  21.750)]
  4  2564 [  5->(-18.250  17.250  21.500)]
  7  5480 [  9->(-13.500  16.500  21.000)]
  8  6247 [ 13->(-12.250  15.750  20.000)]
  9  6534 [ 14->(-11.750  15.750  19.750)]
 10  6171 [ 15->(-12.250  11.750  19.500)]
 11  6198 [ 17->(-12.250  13.000  20.000)]
 12  5890 [ 18->(-12.750  13.500  20.250)]
Chromosome values
Integers:
  -1   -1   -1   -1   -1 4119 2563   -1   -1 5479 6246 6533 
6170 6197 5889 
--------------------------------------------------------------------------------

Current Ranking  5  3  1  4  2

--------------------------------------------------------------------------------

* GA execution time :                                                           
  total  0.0719 user  0.0719 sys  0.0000

--------------------------------------------------------------------------------
Fitness function evaluations: 10501

--------------------------------------------------------------------------------
** Docking run number  6 **
--------------------------------------------------------------------------------
  Rank fitness base is 5000.00 ; increment is 11.2233

* Initialising population(s) ...                                                
Number of constraints mappings 0
Number of constraints 0
  Population no.                           :      1
  Population size                          :    100
  Number of duplicates                     :      0
  Number of niche violations               :      0
  Number of errors                         :     84


Doing GA, no. of population(s) 1 size 100 selection pressure 1.100000

 Operation      Score     S(PLP)   S(hbond)     S(cho)   S(metal)  DE(clash)   DE(tors)     intcor
         0      26.12     -29.72       0.00       0.00       0.00       0.00       2.00       0.40
        98      26.15     -29.72       0.00       0.00       0.00       0.00       1.99       0.40
       398      27.21     -31.51       0.00       0.00       0.00       0.00       2.36       0.40
       523      29.10     -32.67       0.00       0.00       0.00       0.00       1.99       0.40
       716      29.53     -31.79       0.00       0.44       0.00       0.00       1.99       0.40
       753      38.80     -39.94       0.00       0.75       0.00       0.18       1.81       0.40
      1175      43.40     -46.59       0.00       0.25       0.00       0.54       1.90       0.40
      1764      44.56     -47.58       0.00       0.32       0.00       0.54       1.92       0.40
      4059      46.31     -47.30       0.00       1.00       0.00       0.54       1.92       0.40
--------------------------------------------------------------------------------
Best docking solution after GA:
      4500      46.31     -47.30       0.00       1.00       0.00       0.54       1.92       0.40

#ops:       4500 #mutates:   2259 #cross:     2241 #dups:       970 
#niche:     2208 #errors:     167 
--------------------------------------------------------------------------------

Doing AMOEBA simplex on best individual
Done simplexing #iterations 991, best score  53.67

Ligand is stored in gold_soln_prep_ligand_17_m1_6.mol2


--------------------------------------------------------------------------------
--- CHEMPLP breakdown of terms                                               ---
--------------------------------------------------------------------------------
CHEMPLP = - ( 1.0000*S(PLP) + -3.0000*S(hbond) + -6.0000*S(metal) + -3.0000*S(cho) )

Score = CHEMPLP - 1.0000*DE(clash) - 2.0000*DE(tors)

Internal energy term has been corrected with the best internal energy encountered.

--------------------------------------------------------------------------------


     Score     S(PLP)   S(hbond)     S(cho)   S(metal)  DE(clash)   DE(tors)     intcor
     53.67     -52.51       0.00       0.89       0.00       0.00       0.96       0.40

--------------------------------------------------------------------------------
--- PLP analysis of protein-ligand interactions                              ---
--------------------------------------------------------------------------------
hydrogen bonding        :      -0.09
metal                   :       0.00
buried (polar-nonpolar) :      -3.41
nonpolar                :     -49.75
repulsive               :       0.24
--------------------------------------------------------------------------------


--------------------------------------------------------------------------------
--- ChemScore analysis of protein-ligand interactions                        ---
--------------------------------------------------------------------------------

* Hydrogen bonds                                                                


* CH..O interactions                                                            
  CH group selection                       : activated ring CH (adjacent to hetatom)
Ligand carbon    9 hydrogen   34 Protein acceptor 2706 bond energy  1.00 wt 0.89

--------------------------------------------------------------------------------


--------------------------------------------------------------------------------
--- Intra-ligand clashes                                                     ---
--------------------------------------------------------------------------------

Ligand
--------------------------------------------------------------------------------


--------------------------------------------------------------------------------
--- Chromosome decoded                                                       ---
--------------------------------------------------------------------------------
Ligand Torsions
[   1    2    3    4]   79.22
[   2    3    4    5]  158.27
[   6    5    4    3] -135.12
[   3    4    7    8]  167.43
[   4    7    8    9]  -77.07
[  13   12   11   10]   -3.46
Protein Torsions
[ 489  484  483  480]   16.26 
[1635 1626 1625 1623]   33.77 
[1707 1702 1701 1698] -136.05 
[1839 1828 1827 1826]    1.80 
Mapping
Ligand acceptors to protein hydrogens (mapping then atom ids)
Ligand shape atoms to protein points (mapping then atom ids & coords)
  2  2971 [  2->(-17.500  18.000  20.250)]
  6  2676 [  7->(-18.000  17.000  21.250)]
 11  6995 [ 17->(-10.500  13.750  19.750)]
 12  5882 [ 18->(-12.750  13.000  20.000)]
Chromosome values
Integers:
  -1   -1   -1   -1 2970   -1   -1   -1 2675   -1   -1   -1 
  -1 6994 5881 
--------------------------------------------------------------------------------

Current Ranking  6  5  3  1  4  2

--------------------------------------------------------------------------------

* GA execution time :                                                           
  total  0.0717 user  0.0708 sys  0.0010

--------------------------------------------------------------------------------
Fitness function evaluations: 10765

--------------------------------------------------------------------------------
** Docking run number  7 **
--------------------------------------------------------------------------------
  Rank fitness base is 5000.00 ; increment is 11.2233

* Initialising population(s) ...                                                
Number of constraints mappings 0
Number of constraints 0
  Population no.                           :      1
  Population size                          :    100
  Number of duplicates                     :      0
  Number of niche violations               :      0
  Number of errors                         :     63


Doing GA, no. of population(s) 1 size 100 selection pressure 1.100000

 Operation      Score     S(PLP)   S(hbond)     S(cho)   S(metal)  DE(clash)   DE(tors)     intcor
         0      13.52     -18.08       0.00       0.00       0.00       0.71       2.12       0.40
        28      30.25     -30.72       0.00       0.88       0.00       0.00       1.76       0.40
      1144      33.65     -37.22       0.00       0.00       0.00       0.00       1.99       0.40
      1558      33.92     -38.41       0.00       0.00       0.00       2.04       1.42       0.40
      1803      34.66     -36.62       0.00       0.00       0.00       0.00       1.18       0.40
      1888      34.93     -37.97       0.00       0.00       0.00       0.00       1.72       0.40
      2150      35.39     -38.43       0.00       0.00       0.00       0.00       1.72       0.40
      2201      35.72     -38.77       0.00       0.00       0.00       0.00       1.73       0.40
      2395      36.45     -38.40       0.00       0.00       0.00       0.00       1.18       0.40
      2445      37.01     -36.57       0.00       0.92       0.00       0.47       1.13       0.40
      2480      38.00     -41.06       0.00       0.00       0.00       0.00       1.73       0.40
      2654      39.42     -39.03       0.00       0.91       0.00       0.47       1.13       0.40
      2901      40.30     -39.62       0.00       1.00       0.00       0.47       1.13       0.40
      3053      41.02     -44.60       0.00       0.00       0.00       0.00       1.99       0.40
      3170      43.63     -45.60       0.00       0.00       0.00       0.00       1.19       0.40
      3902      43.63     -46.84       0.00       0.00       0.00       0.00       1.80       0.40
      3960      43.72     -45.59       0.00       0.00       0.00       0.00       1.14       0.40
      4008      45.17     -48.37       0.00       0.00       0.00       0.00       1.80       0.40
      4248      45.19     -48.04       0.00       0.00       0.00       0.00       1.63       0.40
      4297      46.64     -49.49       0.00       0.00       0.00       0.00       1.63       0.40
      4429      46.80     -49.54       0.00       0.00       0.00       0.00       1.57       0.40
--------------------------------------------------------------------------------
Best docking solution after GA:
      4500      46.80     -49.54       0.00       0.00       0.00       0.00       1.57       0.40

#ops:       4500 #mutates:   2206 #cross:     2294 #dups:      1015 
#niche:     2422 #errors:     117 
--------------------------------------------------------------------------------

Doing AMOEBA simplex on best individual
Done simplexing #iterations 707, best score  50.82

Ligand is stored in gold_soln_prep_ligand_17_m1_7.mol2


--------------------------------------------------------------------------------
--- CHEMPLP breakdown of terms                                               ---
--------------------------------------------------------------------------------
CHEMPLP = - ( 1.0000*S(PLP) + -3.0000*S(hbond) + -6.0000*S(metal) + -3.0000*S(cho) )

Score = CHEMPLP - 1.0000*DE(clash) - 2.0000*DE(tors)

Internal energy term has been corrected with the best internal energy encountered.

--------------------------------------------------------------------------------


     Score     S(PLP)   S(hbond)     S(cho)   S(metal)  DE(clash)   DE(tors)     intcor
     50.82     -52.57       0.00       0.00       0.00       0.00       1.07       0.40

--------------------------------------------------------------------------------
--- PLP analysis of protein-ligand interactions                              ---
--------------------------------------------------------------------------------
hydrogen bonding        :       0.00
metal                   :       0.00
buried (polar-nonpolar) :      -6.89
nonpolar                :     -44.70
repulsive               :       0.13
--------------------------------------------------------------------------------


--------------------------------------------------------------------------------
--- ChemScore analysis of protein-ligand interactions                        ---
--------------------------------------------------------------------------------

* Hydrogen bonds                                                                


* CH..O interactions                                                            
  CH group selection                       : activated ring CH (adjacent to hetatom)

--------------------------------------------------------------------------------


--------------------------------------------------------------------------------
--- Intra-ligand clashes                                                     ---
--------------------------------------------------------------------------------

Ligand
--------------------------------------------------------------------------------


--------------------------------------------------------------------------------
--- Chromosome decoded                                                       ---
--------------------------------------------------------------------------------
Ligand Torsions
[   1    2    3    4]  154.70
[   2    3    4    5]  -52.91
[   6    5    4    3] -151.73
[   3    4    7    8]   70.37
[   4    7    8    9]    4.49
[  13   12   11   10]  152.84
Protein Torsions
[ 489  484  483  480]  -53.56 
[1635 1626 1625 1623]  -78.40 
[1707 1702 1701 1698] -113.55 
[1839 1828 1827 1826]  -46.26 
Mapping
Ligand acceptors to protein hydrogens (mapping then atom ids)
Ligand shape atoms to protein points (mapping then atom ids & coords)
  3  3647 [  3->(-16.500  18.250  21.250)]
  4  2446 [  5->(-18.500  17.000  23.000)]
  6  3037 [  7->(-17.250  16.750  19.750)]
  7  5807 [  9->(-13.000  16.500  21.250)]
  8  5709 [ 13->(-13.000  12.250  20.500)]
 10  6478 [ 15->(-11.750  12.250  19.750)]
 12  6515 [ 18->(-11.750  14.750  20.250)]
Chromosome values
Integers:
  -1   -1   -1   -1   -1 3646 2445   -1 3036 5806 5708   -1 
6477   -1 6514 
--------------------------------------------------------------------------------

Current Ranking  6  5  3  7  1  4  2

--------------------------------------------------------------------------------

* GA execution time :                                                           
  total  0.0703 user  0.0703 sys  0.0000

--------------------------------------------------------------------------------
Fitness function evaluations: 10419

--------------------------------------------------------------------------------
** Docking run number  8 **
--------------------------------------------------------------------------------
  Rank fitness base is 5000.00 ; increment is 11.2233

* Initialising population(s) ...                                                
Number of constraints mappings 0
Number of constraints 0
  Population no.                           :      1
  Population size                          :    100
  Number of duplicates                     :      0
  Number of niche violations               :      0
  Number of errors                         :     55


Doing GA, no. of population(s) 1 size 100 selection pressure 1.100000

 Operation      Score     S(PLP)   S(hbond)     S(cho)   S(metal)  DE(clash)   DE(tors)     intcor
         0      29.52     -31.46       0.00       0.00       0.00       0.00       1.17       0.40
        18      29.52     -31.46       0.00       0.00       0.00       0.00       1.17       0.40
        49      36.55     -38.49       0.00       0.00       0.00       0.00       1.17       0.40
      1130      37.38     -39.88       0.00       0.00       0.00       0.48       1.21       0.40
      1276      37.38     -39.88       0.00       0.00       0.00       0.48       1.21       0.40
      1867      38.27     -40.71       0.00       0.00       0.00       0.48       1.18       0.40
      2026      39.35     -41.17       0.00       0.14       0.00       0.00       1.32       0.40
      2088      39.72     -41.95       0.00       0.00       0.00       0.00       1.32       0.40
      2729      39.93     -41.98       0.00       0.00       0.00       0.00       1.23       0.40
      3326      41.55     -43.36       0.00       0.00       0.00       0.00       1.11       0.40
      4306      41.56     -43.35       0.00       0.00       0.00       0.00       1.10       0.40
      4366      44.00     -48.42       0.00       0.00       0.00       0.91       1.96       0.40
--------------------------------------------------------------------------------
Best docking solution after GA:
      4500      44.00     -48.42       0.00       0.00       0.00       0.91       1.96       0.40

#ops:       4500 #mutates:   2246 #cross:     2254 #dups:       734 
#niche:     2146 #errors:     102 
--------------------------------------------------------------------------------

Doing AMOEBA simplex on best individual
Done simplexing #iterations 446, best score  48.68

Ligand is stored in gold_soln_prep_ligand_17_m1_8.mol2


--------------------------------------------------------------------------------
--- CHEMPLP breakdown of terms                                               ---
--------------------------------------------------------------------------------
CHEMPLP = - ( 1.0000*S(PLP) + -3.0000*S(hbond) + -6.0000*S(metal) + -3.0000*S(cho) )

Score = CHEMPLP - 1.0000*DE(clash) - 2.0000*DE(tors)

Internal energy term has been corrected with the best internal energy encountered.

--------------------------------------------------------------------------------


     Score     S(PLP)   S(hbond)     S(cho)   S(metal)  DE(clash)   DE(tors)     intcor
     48.68     -51.89       0.00       0.00       0.00       0.00       1.81       0.40

--------------------------------------------------------------------------------
--- PLP analysis of protein-ligand interactions                              ---
--------------------------------------------------------------------------------
hydrogen bonding        :       0.00
metal                   :       0.00
buried (polar-nonpolar) :      -6.07
nonpolar                :     -46.30
repulsive               :       0.24
--------------------------------------------------------------------------------


--------------------------------------------------------------------------------
--- ChemScore analysis of protein-ligand interactions                        ---
--------------------------------------------------------------------------------

* Hydrogen bonds                                                                


* CH..O interactions                                                            
  CH group selection                       : activated ring CH (adjacent to hetatom)

--------------------------------------------------------------------------------


--------------------------------------------------------------------------------
--- Intra-ligand clashes                                                     ---
--------------------------------------------------------------------------------

Ligand
--------------------------------------------------------------------------------


--------------------------------------------------------------------------------
--- Chromosome decoded                                                       ---
--------------------------------------------------------------------------------
Ligand Torsions
[   1    2    3    4] -162.89
[   2    3    4    5]   98.49
[   6    5    4    3] -168.43
[   3    4    7    8]  -99.05
[   4    7    8    9]   83.89
[  13   12   11   10]  -30.24
Protein Torsions
[ 489  484  483  480]  148.94 
[1635 1626 1625 1623]  -41.37 
[1707 1702 1701 1698]   89.06 
[1839 1828 1827 1826]   42.26 
Mapping
Ligand acceptors to protein hydrogens (mapping then atom ids)
Ligand shape atoms to protein points (mapping then atom ids & coords)
  3  2987 [  3->(-17.500  18.250  20.750)]
  5  3821 [  6->(-16.250  16.500  17.500)]
  6  4489 [  7->(-15.500  17.000  21.000)]
  7  5096 [  9->(-14.250  17.250  21.250)]
  8  6380 [ 13->(-12.000  15.000  20.500)]
 12  5380 [ 18->(-13.500  11.500  19.500)]
Chromosome values
Integers:
  -1   -1   -1   -1   -1 2986   -1 3820 4488 5095 6379   -1 
  -1   -1 5379 
--------------------------------------------------------------------------------

Current Ranking  6  5  3  7  1  4  8  2

--------------------------------------------------------------------------------

* GA execution time :                                                           
  total  0.0697 user  0.0687 sys  0.0010

--------------------------------------------------------------------------------
Fitness function evaluations: 10128

--------------------------------------------------------------------------------
** Docking run number  9 **
--------------------------------------------------------------------------------
  Rank fitness base is 5000.00 ; increment is 11.2233

* Initialising population(s) ...                                                
Number of constraints mappings 0
Number of constraints 0
  Population no.                           :      1
  Population size                          :    100
  Number of duplicates                     :      0
  Number of niche violations               :      0
  Number of errors                         :     68


Doing GA, no. of population(s) 1 size 100 selection pressure 1.100000

 Operation      Score     S(PLP)   S(hbond)     S(cho)   S(metal)  DE(clash)   DE(tors)     intcor
         0      24.41     -28.62       0.00       0.00       0.00       0.00       2.31       0.40
        10      24.71     -27.34       0.00       0.00       0.00       0.16       1.44       0.40
       264      28.00     -32.35       0.00       0.00       0.00       0.00       2.38       0.40
       515      29.43     -33.41       0.00       0.00       0.00       0.00       2.19       0.40
       522      29.99     -30.33       0.00       0.45       0.00       0.00       1.05       0.40
       723      31.85     -35.66       0.00       0.78       0.00       4.15       1.21       0.40
       790      32.28     -31.82       0.00       0.69       0.00       0.00       1.01       0.40
       818      34.97     -39.32       0.00       0.00       0.00       0.00       2.38       0.40
       861      38.16     -42.51       0.00       0.00       0.00       0.00       2.38       0.40
      1107      40.43     -44.80       0.00       0.00       0.00       0.00       2.39       0.40
      1677      44.56     -43.73       0.00       0.86       0.00       0.00       1.07       0.40
      2045      45.92     -45.62       0.00       0.68       0.00       0.00       1.07       0.40
      3221      46.01     -47.03       0.00       0.00       0.00       0.00       0.71       0.40
      4166      46.11     -44.74       0.00       1.00       0.00       0.00       1.02       0.40
--------------------------------------------------------------------------------
Best docking solution after GA:
      4500      46.11     -44.74       0.00       1.00       0.00       0.00       1.02       0.40

#ops:       4500 #mutates:   2202 #cross:     2298 #dups:      1200 
#niche:     3009 #errors:      45 
--------------------------------------------------------------------------------

Doing AMOEBA simplex on best individual
Done simplexing #iterations 808, best score  50.60

Ligand is stored in gold_soln_prep_ligand_17_m1_9.mol2


--------------------------------------------------------------------------------
--- CHEMPLP breakdown of terms                                               ---
--------------------------------------------------------------------------------
CHEMPLP = - ( 1.0000*S(PLP) + -3.0000*S(hbond) + -6.0000*S(metal) + -3.0000*S(cho) )

Score = CHEMPLP - 1.0000*DE(clash) - 2.0000*DE(tors)

Internal energy term has been corrected with the best internal energy encountered.

--------------------------------------------------------------------------------


     Score     S(PLP)   S(hbond)     S(cho)   S(metal)  DE(clash)   DE(tors)     intcor
     50.60     -48.26       0.00       0.99       0.00       0.00       0.52       0.40

--------------------------------------------------------------------------------
--- PLP analysis of protein-ligand interactions                              ---
--------------------------------------------------------------------------------
hydrogen bonding        :       0.00
metal                   :       0.00
buried (polar-nonpolar) :      -5.11
nonpolar                :     -43.99
repulsive               :       0.09
--------------------------------------------------------------------------------


--------------------------------------------------------------------------------
--- ChemScore analysis of protein-ligand interactions                        ---
--------------------------------------------------------------------------------

* Hydrogen bonds                                                                


* CH..O interactions                                                            
  CH group selection                       : activated ring CH (adjacent to hetatom)
Ligand carbon    9 hydrogen   34 Protein acceptor 2706 bond energy  1.00 wt 0.99

--------------------------------------------------------------------------------


--------------------------------------------------------------------------------
--- Intra-ligand clashes                                                     ---
--------------------------------------------------------------------------------

Ligand
--------------------------------------------------------------------------------


--------------------------------------------------------------------------------
--- Chromosome decoded                                                       ---
--------------------------------------------------------------------------------
Ligand Torsions
[   1    2    3    4] -178.35
[   2    3    4    5]  -93.88
[   6    5    4    3]   72.26
[   3    4    7    8]  164.03
[   4    7    8    9]  114.09
[  13   12   11   10] -166.44
Protein Torsions
[ 489  484  483  480] -141.77 
[1635 1626 1625 1623]    9.27 
[1707 1702 1701 1698] -132.35 
[1839 1828 1827 1826]   92.20 
Mapping
Ligand acceptors to protein hydrogens (mapping then atom ids)
Ligand shape atoms to protein points (mapping then atom ids & coords)
  2  3287 [  2->(-17.000  21.000  20.000)]
  3  2862 [  3->(-17.750  18.250  20.750)]
  4  2849 [  5->(-17.750  18.000  21.500)]
  5  1830 [  6->(-19.750  18.000  22.250)]
  6  3049 [  7->(-17.250  17.000  21.000)]
  8  6084 [ 13->(-12.500  15.250  20.750)]
  9  7079 [ 14->(-10.000  13.000  19.500)]
 10  7051 [ 15->(-10.250  14.000  19.750)]
 11  5667 [ 17->(-13.000  10.250  19.000)]
 12  6060 [ 18->(-12.500  14.250  19.750)]
Chromosome values
Integers:
  -1   -1   -1   -1 3286 2861 2848 1829 3048   -1 6083 7078 
7050 5666 6059 
--------------------------------------------------------------------------------

Current Ranking  6  5  3  7  1  9  4  8  2

--------------------------------------------------------------------------------

* GA execution time :                                                           
  total  0.0719 user  0.0709 sys  0.0010

--------------------------------------------------------------------------------
Fitness function evaluations: 10384

--------------------------------------------------------------------------------
** Docking run number 10 **
--------------------------------------------------------------------------------
  Rank fitness base is 5000.00 ; increment is 11.2233

* Initialising population(s) ...                                                
Number of constraints mappings 0
Number of constraints 0
  Population no.                           :      1
  Population size                          :    100
  Number of duplicates                     :      0
  Number of niche violations               :      0
  Number of errors                         :     41


Doing GA, no. of population(s) 1 size 100 selection pressure 1.100000

 Operation      Score     S(PLP)   S(hbond)     S(cho)   S(metal)  DE(clash)   DE(tors)     intcor
         0      27.33     -34.36       0.00       0.00       0.00       4.81       1.31       0.40
       720      29.16     -30.30       1.00       0.00       0.00       0.00       2.27       0.40
       981      31.18     -38.54       0.00       0.00       0.00       4.81       1.47       0.40
      1029      31.67     -36.44       0.00       0.00       0.00       0.00       2.59       0.40
      1369      31.72     -36.53       0.00       0.00       0.00       0.00       2.61       0.40
      1679      32.01     -36.82       0.00       0.00       0.00       0.00       2.61       0.40
      1832      32.90     -31.86       0.00       0.91       0.00       0.00       1.04       0.40
      2135      33.96     -32.59       0.00       1.00       0.00       0.00       1.02       0.40
      2197      34.80     -33.43       0.00       1.00       0.00       0.00       1.02       0.40
      2533      36.46     -39.51       0.00       0.00       0.00       0.00       1.73       0.40
      2666      39.10     -37.73       0.00       1.00       0.00       0.00       1.02       0.40
      2690      39.69     -38.32       0.00       1.00       0.00       0.00       1.02       0.40
      3628      40.32     -45.22       0.00       0.00       0.00       0.00       2.65       0.40
      3770      40.65     -44.95       0.00       0.00       0.00       0.00       2.35       0.40
      3792      41.53     -45.63       0.00       0.00       0.00       0.00       2.25       0.40
      4022      42.68     -46.98       0.00       0.00       0.00       0.00       2.35       0.40
      4260      42.71     -46.95       0.00       0.00       0.00       0.00       2.32       0.40
      4356      42.90     -47.21       0.00       0.00       0.00       0.00       2.35       0.40
      4386      43.08     -47.32       0.00       0.00       0.00       0.00       2.32       0.40
      4406      43.25     -47.56       0.00       0.00       0.00       0.00       2.35       0.40
--------------------------------------------------------------------------------
Best docking solution after GA:
      4500      43.25     -47.56       0.00       0.00       0.00       0.00       2.35       0.40

#ops:       4500 #mutates:   2208 #cross:     2292 #dups:       922 
#niche:     2311 #errors:      90 
--------------------------------------------------------------------------------

Doing AMOEBA simplex on best individual
Done simplexing #iterations 653, best score  45.58

Ligand is stored in gold_soln_prep_ligand_17_m1_10.mol2


--------------------------------------------------------------------------------
--- CHEMPLP breakdown of terms                                               ---
--------------------------------------------------------------------------------
CHEMPLP = - ( 1.0000*S(PLP) + -3.0000*S(hbond) + -6.0000*S(metal) + -3.0000*S(cho) )

Score = CHEMPLP - 1.0000*DE(clash) - 2.0000*DE(tors)

Internal energy term has been corrected with the best internal energy encountered.

--------------------------------------------------------------------------------


     Score     S(PLP)   S(hbond)     S(cho)   S(metal)  DE(clash)   DE(tors)     intcor
     45.58     -49.65       0.00       0.00       0.00       0.00       2.23       0.40

--------------------------------------------------------------------------------
--- PLP analysis of protein-ligand interactions                              ---
--------------------------------------------------------------------------------
hydrogen bonding        :       0.00
metal                   :       0.00
buried (polar-nonpolar) :      -7.59
nonpolar                :     -42.94
repulsive               :       0.21
--------------------------------------------------------------------------------


--------------------------------------------------------------------------------
--- ChemScore analysis of protein-ligand interactions                        ---
--------------------------------------------------------------------------------

* Hydrogen bonds                                                                


* CH..O interactions                                                            
  CH group selection                       : activated ring CH (adjacent to hetatom)

--------------------------------------------------------------------------------


--------------------------------------------------------------------------------
--- Intra-ligand clashes                                                     ---
--------------------------------------------------------------------------------

Ligand
--------------------------------------------------------------------------------


--------------------------------------------------------------------------------
--- Chromosome decoded                                                       ---
--------------------------------------------------------------------------------
Ligand Torsions
[   1    2    3    4]  166.88
[   2    3    4    5]   35.15
[   6    5    4    3]  -99.84
[   3    4    7    8]  161.46
[   4    7    8    9]  -17.43
[  13   12   11   10]  -57.95
Protein Torsions
[ 489  484  483  480]  -24.27 
[1635 1626 1625 1623]  129.92 
[1707 1702 1701 1698]   65.77 
[1839 1828 1827 1826]  -21.42 
Mapping
Ligand acceptors to protein hydrogens (mapping then atom ids)
  3  20 [ 19->5229]
Ligand shape atoms to protein points (mapping then atom ids & coords)
  1  1460 [  1->(-20.500  20.250  20.500)]
  6  3049 [  7->(-17.250  17.000  21.000)]
  8  6773 [ 13->(-11.250  15.500  20.250)]
 10  7122 [ 15->( -9.750  15.250  20.000)]
 11  6317 [ 17->(-12.000  11.500  19.250)]
 12  5142 [ 18->(-14.000  12.250  20.000)]
Chromosome values
Integers:
  -1   -1   19 1459   -1   -1   -1   -1 3048   -1 6772   -1 
7121 6316 5141 
--------------------------------------------------------------------------------

Current Ranking  6  5  3  7  1  9  4  8 10  2

--------------------------------------------------------------------------------

* GA execution time :                                                           
  total  0.0711 user  0.0691 sys  0.0020

--------------------------------------------------------------------------------
Fitness function evaluations: 10371

--------------------------------------------------------------------------------
--- Ranking analysis                                                         ---
--------------------------------------------------------------------------------


* Final ranked order of GA solutions:                                           
   6  5  3  7  1  9  4  8 10  2 

  _______________________________
  RMSD Matrix of RANKED solutions

        2    3    4    5    6    7    8    9   10  

   1 :  3.3  2.9  2.8  1.9  2.6  2.8  2.5  3.3  2.6
   2 :       1.6  1.6  2.5  1.7  1.6  1.9  1.6  1.8
   3 :            0.7  1.9  2.1  2.1  2.4  2.1  1.0
   4 :                 1.8  2.1  2.1  2.4  2.3  1.0
   5 :                      1.6  1.8  2.7  2.7  1.6
   6 :                           0.5  2.1  1.9  2.0
   7 :                                2.2  2.0  2.0
   8 :                                     2.1  2.4
   9 :                                          2.0

  Clustering method                        : complete linkage
  Structure ids in cluster table           : rank nos.
  Ordering of clusters and their members   : by rank (order if from rms_analysis)

  Distance | Clusters
   0.53    |  1 |  2 |  3 |  4 |  5 |  6  7 |  8 |  9 | 10 |
   0.70    |  1 |  2 |  3  4 |  5 |  6  7 |  8 |  9 | 10 |
   1.00    |  1 |  2 |  3  4 10 |  5 |  6  7 |  8 |  9 |
   1.65    |  1 |  2  9 |  3  4 10 |  5 |  6  7 |  8 |
   1.75    |  1 |  2  9 |  3  4 10 |  5  6  7 |  8 |
   2.13    |  1 |  2  8  9 |  3  4 10 |  5  6  7 |
   2.15    |  1 |  2  8  9 |  3  4  5  6  7 10 |
   2.74    |  1 |  2  3  4  5  6  7  8  9 10 |
   3.33    |  1  2  3  4  5  6  7  8  9 10 |
  Finished Docking Ligand                  : /nfs/home/myuecel3/Frontiers_MedChem/data/output/gold_docking_step1/prep_ligand_17.mol2
--------------------------------------------------------------------------------

  Relative_Ligand_Energy (best encountered) :   0.404
  Relative_Ligand_Energy: fitness values have been corrected using this amount
