
--------------------------------------------------------------------------------
--- Ligand                                                                   ---
--------------------------------------------------------------------------------
  Ligand loaded from file                  : /nfs/home/myuecel3/Frontiers_MedChem/data/output/gold_docking_step1/prep_ligand_9.mol2
  Ligand name                              :  
  "RDKit          3D                                                        "

--------------------------------------------------------------------------------
  N.plc donors                             : 
  none found

  Acidic nitrogen acceptors                : 
  none found
  Sulfur acceptors                         :
  none found


  Donor atoms                              :      1
  12  
  Acceptor atoms                           :      8
  2   7   14  16  25  35  39  43  

  Hydrogens                                :  (n = 1)
  56   

  Lone pairs added to molecule             :     12
  Numbering                                : from 91 to 102

--------------------------------------------------------------------------------
--- Postprocessing of typing                                                 ---
--------------------------------------------------------------------------------
  Fragment file                            : /appl/ccdc/CSDS2022/Discovery_2022/GOLD/gold/rotatable_bond_override.mol2
  acylurea fragment                        : no matches
  thioacylthiourea fragment                : no matches
  acylthiourea fragment                    : no matches
  thioacylurea fragment                    : no matches
  diarylamine fragment >C.ar-NH-C.ar<      : no matches
  sec-amine (1) fragment                   : no matches
  sec-amine (2) fragment                   : no matches
  sec-amine (3) fragment                   : no matches
  carboxylic ester                         : no matches

* Rotatable bonds in /nfs/home/myuecel3/F  :
  [   2    3] [   6    7] [   7    8] [  11   12] 
  [  13   15] [  17   18] [  26   27] [  38   39] 
  [  39   40] [  40   41] [  41   42] [  42   43] 
  No. of rotatable bonds                   :     12


* Reading torsional distributions from file:
  /appl/ccdc/CSDS2022/Discovery_2022/GOLD/gold/gold.tordist
  No. of bins in torsional distributions   :     36
  Minimum size of largest peak             :      0
  Removing high energy torsions            : on
  Delta E set to                           :   2.500

* Fragments found in /nfs/home/myuecel3/F  :
  atom   3: benzene
  atom   4: benzene
  atom   5: benzene
  atom   8: benzene
  atom   9: benzene
  atom  10: benzene
  atom  11: benzene
  atom  18: benzene
  atom  19: benzene
  atom  20: benzene
  atom  21: benzene
  atom  23: benzene
  atom  24: benzene
  atom  30: benzene
  atom  31: benzene
  atom  36: benzene
  atom  37: benzene
  atom  38: benzene


* Checking torsion distributions:                                               
  Rotatable bond [ 4  3  2  1] matches torsion: ortho-substituted aromatic methoxy
   C.ar ( 1H ) | C.ar ( C.ar ( 0H ) ) | O.3 | C.3 ( 3H ) 
  Rotatable bond [10 11 12 13] matches torsion: aromatic amide
   C.ar ( 1H ) | C.ar | N.am ( 1H ) | C.2 ( O.2 ) 
  Rotatable bond [37 38 39 40] matches torsion: ortho-substituoed aromatic-aliphatic ether
   C.ar ( 1H ) | C.ar ( C.ar ( 0H ) ) | O.3 | C.3 ( 2H ) 
  No. of matched torsions                  :      3

--------------------------------------------------------------------------------
--- Shape fitting atoms selection (hydrophobic atoms)                        ---
--------------------------------------------------------------------------------
  Molecule                                 : /nfs/home/myuecel3/Frontiers_MedChem/data/output/gold_docking_step1/prep_ligand_9.mol2
  Selection                                : carbons only
  Atom numbers                             :  (n = 25)
  1    4    9    10   15   19   20   23   24   27   
  28   29   30   33   34   37   40   41   42   44   
  45   46   47   48   49   


--------------------------------------------------------------------------------
--- ChemScore ligand setup summary                                           ---
--------------------------------------------------------------------------------
  ChemScore ligand acceptors               :      8
  2 7 14 16 25 35 39 43 
  ChemScore ligand donors                  :      1
  12 ( 56  ) 
  ChemScore ligand CH donors               :      1
  34 ( 71 ) 

  ChemScore ligand lipophilic atoms        :  (n = 37)
  1    3    4    5    6    8    9    10   11   15   
  18   19   20   21   22   23   24   26   27   28   
  29   30   31   33   34   36   37   38   40   41   
  42   44   45   46   47   48   49   

  ChemScore ligand rotatable bonds         :     12
  2   (O2 ) - 3   (C3 ): SP3_SP2_BOND
  6   (C6 ) - 7   (O7 ): SP3_SP2_BOND
  7   (O7 ) - 8   (C8 ): SP3_SP2_BOND
  11  (C11) - 12  (N12): SP2_SP2_BOND
  13  (C13) - 15  (C15): SP3_SP2_BOND
  17  (C17) - 18  (C18): SP2_SP2_BOND
  26  (C26) - 27  (C27): SP3_SP2_BOND
  38  (C38) - 39  (O39): SP3_SP2_BOND
  39  (O39) - 40  (C40): SP3_SP3_BOND
  40  (C40) - 41  (C41): SP3_SP3_BOND
  41  (C41) - 42  (C42): SP3_SP3_BOND
  42  (C42) - 43  (N43): SP3_SP3_BOND

--------------------------------------------------------------------------------
--- PLP ligand setup summary                                                 ---
--------------------------------------------------------------------------------
    1    C1   C.3 NONPOLAR
    2    O2   O.3 ACCEPTOR
    3    C3  C.ar NONPOLAR
    4    C4  C.ar NONPOLAR
    5    C5  C.ar NONPOLAR
    6    C6  C.ar NONPOLAR
    7    O7   O.3 ACCEPTOR
    8    C8  C.ar NONPOLAR
    9    C9  C.ar NONPOLAR
   10   C10  C.ar NONPOLAR
   11   C11  C.ar NONPOLAR
   12   N12  N.am DONOR
   13   C13   C.2 NONPOLAR
   14   O14   O.2 ACCEPTOR
   15   C15   C.3 NONPOLAR
   16   N16   N.2 ACCEPTOR
   17   C17   C.2 NONPOLAR
   18   C18  C.ar NONPOLAR
   19   C19  C.ar NONPOLAR
   20   C20  C.ar NONPOLAR
   21   C21  C.ar NONPOLAR
   22  Cl22    Cl NONPOLAR
   23   C23  C.ar NONPOLAR
   24   C24  C.ar NONPOLAR
   25   N25   N.2 ACCEPTOR
   26   C26   C.2 NONPOLAR
   27   C27   C.3 NONPOLAR
   28   C28   C.3 NONPOLAR
   29   C29   C.3 NONPOLAR
   30   C30  C.ar NONPOLAR
   31   C31  C.ar NONPOLAR
   32   F32     F NONPOLAR
   33   C33  C.ar NONPOLAR
   34   C34  C.ar NONPOLAR
   35   N35  N.ar ACCEPTOR
   36   C36  C.ar NONPOLAR
   37   C37  C.ar NONPOLAR
   38   C38  C.ar NONPOLAR
   39   O39   O.3 ACCEPTOR
   40   C40   C.3 NONPOLAR
   41   C41   C.3 NONPOLAR
   42   C42   C.3 NONPOLAR
   43   N43   N.3 ACCEPTOR
   44   C44   C.3 NONPOLAR
   45   C45   C.3 NONPOLAR
   46   C46   C.3 NONPOLAR
   47   C47   C.3 NONPOLAR
   48   C48   C.3 NONPOLAR
   49   C49   C.3 NONPOLAR

--------------------------------------------------------------------------------
--- Automatic parameter setting                                              ---
--------------------------------------------------------------------------------
  Contribution base                        :   2500
  Contribution per rotatable bond          :   6000
  Contribution per df                      :   4000
  Contribution per water                   :  10000
  Ligand rotatable bonds                   :     12
  Protein flexible side chain bonds        :      0
  Total rotatable bonds                    :     12
  Hydrophobic vol ratio (P/L)              :   0.581
  Base multiplier (polar)                  :   1.800
  Base multiplier (apolar)                 :   2.907
  Base contribution                        : 10000.000
  Fitting points                           :      9
  Estimated maxops needed (optimal)        :  82500
  Autoscale factor (in percent)            :     10
  Scaled maxops                            :   8500

--------------------------------------------------------------------------------

* Population settings                                                           
  maxops                                   :   8500
  popsiz                                   :    100
  select_pressure                          :   1.100
  n_islands                                :      1
  niche_siz                                :      2

* GA settings                                                                   
  pt_crosswt                               :    100
  allele_mutatewt                          :    100
  migratewt                                :      0

* Search settings                                                               
  start_vdw_linear_cutoff                  :   4.000
  initial_virtual_pt_match_max             :   3.000

--------------------------------------------------------------------------------

* Ligand initialisation time :                                                  
  total  0.2021 user  0.1992 sys  0.0030

--------------------------------------------------------------------------------

--------------------------------------------------------------------------------
** Docking run number  1 **
--------------------------------------------------------------------------------
  Rank fitness base is 5000.00 ; increment is 11.2233

* Initialising population(s) ...                                                
Number of constraints mappings 0
Number of constraints 0
  Population no.                           :      1
  Population size                          :    100
  Number of duplicates                     :      0
  Number of niche violations               :      0
  Number of errors                         :     96


Doing GA, no. of population(s) 1 size 100 selection pressure 1.100000

 Operation      Score     S(PLP)   S(hbond)     S(cho)   S(metal)  DE(clash)   DE(tors)     intcor
         0     -99.60      82.39       0.00       0.02       0.00      16.01       2.73       4.18
       145     -99.60      82.39       0.00       0.02       0.00      16.01       2.73       4.18
       972     -85.73      42.12       0.00       0.00       0.00      40.60       3.60       4.18
      1170     -85.32      42.98       0.00       0.00       0.00      40.60       2.96       4.18
      1190     -84.90      42.56       0.00       0.00       0.00      40.60       2.96       4.18
      1366     -57.65      48.84       0.53       0.00       0.00       8.63       2.97       4.18
      1632     -43.35      32.48       0.52       0.00       0.00      10.66       2.97       4.18
      1721     -42.47      30.95       0.53       0.00       0.00      11.44       2.92       4.18
      1734     -21.13      17.80       0.00       0.06       0.00       0.97       3.36       4.18
      2115      -2.42       2.94       1.27       0.00       0.00       1.33       3.07       4.18
      2860       8.11     -10.79       0.71       0.00       0.00       1.02       3.98       4.18
      2999      20.26     -21.37       1.27       0.00       0.00       1.33       3.88       4.18
      3600      27.22     -29.21       0.97       0.00       0.00       1.33       3.88       4.18
      3681      28.02     -28.85       1.36       0.00       0.00       1.33       3.88       4.18
      3828      29.31     -30.13       1.36       0.00       0.00       1.33       3.88       4.18
      3882      30.91     -31.69       1.38       0.00       0.00       1.33       3.88       4.18
      4379      32.21     -32.98       1.38       0.00       0.00       1.33       3.88       4.18
      4871      33.05     -33.78       1.38       0.00       0.00       1.33       3.85       4.18
      4884      33.13     -33.16       1.38       0.00       0.00       1.33       3.51       4.18
      4985      33.23     -34.03       1.38       0.00       0.00       1.33       3.90       4.18
      5040      33.23     -33.64       1.38       0.00       0.00       1.33       3.70       4.18
      5066      34.43     -35.08       1.38       0.00       0.00       1.33       3.81       4.18
      5201      34.79     -33.50       1.38       0.00       0.00       1.33       2.85       4.18
      5815      34.93     -35.50       1.38       0.00       0.00       1.33       3.77       4.18
      5873      36.47     -37.90       1.11       0.00       0.00       1.33       3.81       4.18
      5906      37.01     -35.60       1.38       0.00       0.00       1.33       2.78       4.18
      6077      38.01     -35.77       1.38       0.00       0.00       1.33       2.37       4.18
      6259      40.36     -39.73       1.11       0.00       0.00       1.33       2.78       4.18
      6460      42.27     -40.81       1.11       0.00       0.00       1.33       2.37       4.18
      6564      45.51     -46.79       0.99       0.00       0.00       1.98       3.23       4.18
      7046      45.88     -47.08       0.99       0.00       0.00       1.83       3.27       4.18
      7049      46.84     -49.98       1.05       0.00       0.00       4.01       3.24       4.18
      7540      47.09     -50.16       1.05       0.00       0.00       3.86       3.27       4.18
      7602      47.30     -47.06       0.99       0.00       0.00       1.18       2.87       4.18
      7839      48.26     -51.58       0.99       0.00       0.00       4.01       3.24       4.18
--------------------------------------------------------------------------------
Best docking solution after GA:
      8500      48.26     -51.58       0.99       0.00       0.00       4.01       3.24       4.18

#ops:       8500 #mutates:   4269 #cross:     4231 #dups:      3006 
#niche:     4672 #errors:     221 
--------------------------------------------------------------------------------

Doing AMOEBA simplex on best individual
Done simplexing #iterations 1460, best score  63.58

Ligand is stored in gold_soln_prep_ligand_9_m1_1.mol2


--------------------------------------------------------------------------------
--- CHEMPLP breakdown of terms                                               ---
--------------------------------------------------------------------------------
CHEMPLP = - ( 1.0000*S(PLP) + -3.0000*S(hbond) + -6.0000*S(metal) + -3.0000*S(cho) )

Score = CHEMPLP - 1.0000*DE(clash) - 2.0000*DE(tors)

Internal energy term has been corrected with the best internal energy encountered.

--------------------------------------------------------------------------------


     Score     S(PLP)   S(hbond)     S(cho)   S(metal)  DE(clash)   DE(tors)     intcor
     63.58     -62.71       0.82       0.00       0.00       0.87       2.46       4.18

--------------------------------------------------------------------------------
--- PLP analysis of protein-ligand interactions                              ---
--------------------------------------------------------------------------------
hydrogen bonding        :      -2.85
metal                   :       0.00
buried (polar-nonpolar) :      -2.17
nonpolar                :     -64.32
repulsive               :       5.83
--------------------------------------------------------------------------------


--------------------------------------------------------------------------------
--- ChemScore analysis of protein-ligand interactions                        ---
--------------------------------------------------------------------------------

* Hydrogen bonds                                                                
Ligand donor   12 hydrogen   56 Protein acceptor 2492 bond energy  1.00 wt 0.82


* CH..O interactions                                                            
  CH group selection                       : activated ring CH (adjacent to hetatom)

--------------------------------------------------------------------------------


--------------------------------------------------------------------------------
--- Intra-ligand clashes                                                     ---
--------------------------------------------------------------------------------

Ligand
  8 (C8   ) -   4 (C4   ):   0.87 (dist   2.97)
--------------------------------------------------------------------------------


--------------------------------------------------------------------------------
--- Chromosome decoded                                                       ---
--------------------------------------------------------------------------------
Ligand Torsions
[   4    3    2    1]  -30.00    matched torsion: ortho-substituted aromatic methoxy
[   8    7    6    5]   59.62
[   9    8    7    6]   67.01
[  10   11   12   13]  163.78    matched torsion: aromatic amide
[  16   15   13   12] -121.88
[  19   18   17   16]    1.85
[  28   27   26   25] -116.14
[  37   38   39   40]  -30.00    matched torsion: ortho-substituoed aromatic-aliphatic ether
[  41   40   39   38]   -8.81
[  42   41   40   39] -137.51
[  43   42   41   40]   16.76
[  44   43   42   41]  139.32
Protein Torsions
[ 489  484  483  480]   65.52 
[1635 1626 1625 1623]  126.97 
[1707 1702 1701 1698]  -21.73 
[1839 1828 1827 1826]   20.06 
Mapping
Ligand acceptors to protein hydrogens (mapping then atom ids)
Ligand hydrogens to protein acceptors (mapping then atom ids)
Ligand shape atoms to protein points (mapping then atom ids & coords)
  2  5967 [  4->(-12.750  16.500  20.750)]
 10  1197 [ 27->(-21.000  21.000  19.750)]
 13  4091 [ 30->(-16.000  17.250  20.750)]
 14  4822 [ 33->(-14.750  12.000  20.250)]
 15  6798 [ 34->(-11.000  11.500  19.250)]
 16  6734 [ 37->(-11.250  13.250  19.500)]
Chromosome values
Integers:
  -1   -1   -1   -1   -1   -1   -1   -1   -1   -1 5966   -1 
  -1   -1   -1   -1   -1   -1 1196   -1   -1 4090 4821 6797 
6733   -1   -1   -1   -1   -1   -1   -1   -1   -1 
--------------------------------------------------------------------------------

Current Ranking  1

--------------------------------------------------------------------------------

* GA execution time :                                                           
  total  0.2138 user  0.2138 sys  0.0000

--------------------------------------------------------------------------------
Fitness function evaluations: 17017

--------------------------------------------------------------------------------
** Docking run number  2 **
--------------------------------------------------------------------------------
  Rank fitness base is 5000.00 ; increment is 11.2233

* Initialising population(s) ...                                                
Number of constraints mappings 0
Number of constraints 0
  Population no.                           :      1
  Population size                          :    100
  Number of duplicates                     :      0
  Number of niche violations               :      0
  Number of errors                         :     91


Doing GA, no. of population(s) 1 size 100 selection pressure 1.100000

 Operation      Score     S(PLP)   S(hbond)     S(cho)   S(metal)  DE(clash)   DE(tors)     intcor
         0    -142.07     141.55       0.00       0.00       0.00       0.39       2.16       4.18
         9    -138.03     135.04       0.00       1.00       0.00       3.86       3.16       4.18
        19     -67.70      60.70       1.05       0.00       0.00       6.72       3.81       4.18
       679     -66.96      23.81       0.14       0.00       0.00      39.23       4.26       4.18
       830     -66.49      23.81       0.30       0.00       0.00      39.23       4.26       4.18
       930     -66.37      23.81       0.34       0.00       0.00      39.23       4.26       4.18
      1010     -52.77      45.10       0.00       0.90       0.00       6.72       3.91       4.18
      1498     -33.41      23.87       0.00       0.38       0.00       6.72       3.91       3.85
      1854     -15.37      12.76       0.00       0.38       0.00       0.12       3.74       3.85
      2539      -6.81       2.64       0.00       0.04       0.00       0.82       3.66       3.85
      2941       5.33     -15.18       0.00       0.00       0.00       8.01       2.84       3.85
      3237       7.03     -16.88       0.00       0.00       0.00       8.01       2.84       3.85
      5459       7.34     -17.79       0.00       0.00       0.00       7.93       3.18       3.85
      5794       7.62     -45.50       0.56       0.00       0.00      38.46       2.48       3.85
      6078      11.35     -15.54       0.00       0.00       0.00       1.50       3.28       3.85
      6862      12.19     -16.45       0.00       0.00       0.00       1.38       3.37       3.85
      7058      13.05     -16.83       0.00       0.00       0.00       1.38       3.13       3.85
      7626      13.10     -51.64       0.50       0.00       0.00      38.46       2.71       3.85
      7987      15.00     -18.34       0.00       0.00       0.00       1.38       2.91       3.85
      8442      16.35     -54.61       0.59       0.00       0.00      38.46       2.71       3.85
--------------------------------------------------------------------------------
Best docking solution after GA:
      8500      16.35     -54.61       0.59       0.00       0.00      38.46       2.71       3.85

#ops:       8500 #mutates:   4188 #cross:     4312 #dups:      2399 
#niche:     4781 #errors:     232 
--------------------------------------------------------------------------------

Doing AMOEBA simplex on best individual
AMOEBA simplex failed to converge after 2000 iterations
Done simplexing #iterations 2000, best score  39.48

Ligand is stored in gold_soln_prep_ligand_9_m1_2.mol2


--------------------------------------------------------------------------------
--- CHEMPLP breakdown of terms                                               ---
--------------------------------------------------------------------------------
CHEMPLP = - ( 1.0000*S(PLP) + -3.0000*S(hbond) + -6.0000*S(metal) + -3.0000*S(cho) )

Score = CHEMPLP - 1.0000*DE(clash) - 2.0000*DE(tors)

Internal energy term has been corrected with the best internal energy encountered.

--------------------------------------------------------------------------------


     Score     S(PLP)   S(hbond)     S(cho)   S(metal)  DE(clash)   DE(tors)     intcor
     39.48     -53.47       0.53       0.00       0.00      14.31       2.55       3.85

--------------------------------------------------------------------------------
--- PLP analysis of protein-ligand interactions                              ---
--------------------------------------------------------------------------------
hydrogen bonding        :      -1.95
metal                   :       0.00
buried (polar-nonpolar) :       4.18
nonpolar                :     -55.60
repulsive               :       0.35
--------------------------------------------------------------------------------


--------------------------------------------------------------------------------
--- ChemScore analysis of protein-ligand interactions                        ---
--------------------------------------------------------------------------------

* Hydrogen bonds                                                                
Protein donor 5227 hydrogen 5229 Ligand acceptor    2 bond energy  1.00 wt 0.53


* CH..O interactions                                                            
  CH group selection                       : activated ring CH (adjacent to hetatom)

--------------------------------------------------------------------------------


--------------------------------------------------------------------------------
--- Intra-ligand clashes                                                     ---
--------------------------------------------------------------------------------

Ligand
  8 (C8   ) -   4 (C4   ):   0.16 (dist   3.00)
  9 (C9   ) -   4 (C4   ):  14.04 (dist   2.55)
 16 (N16  ) -  14 (O14  ):  14.31 (dist   2.49)
--------------------------------------------------------------------------------


--------------------------------------------------------------------------------
--- Chromosome decoded                                                       ---
--------------------------------------------------------------------------------
Ligand Torsions
[   4    3    2    1]   30.00    matched torsion: ortho-substituted aromatic methoxy
[   8    7    6    5]   61.24
[   9    8    7    6]  -31.82
[  10   11   12   13] -140.02    matched torsion: aromatic amide
[  16   15   13   12]  176.67
[  19   18   17   16]   16.20
[  28   27   26   25]   27.12
[  37   38   39   40]   -6.75    matched torsion: ortho-substituoed aromatic-aliphatic ether
[  41   40   39   38]  177.23
[  42   41   40   39] -147.83
[  43   42   41   40] -151.65
[  44   43   42   41]  159.15
Protein Torsions
[ 489  484  483  480] -162.84 
[1635 1626 1625 1623]  -18.31 
[1707 1702 1701 1698]  164.69 
[1839 1828 1827 1826] -143.48 
Mapping
Ligand acceptors to protein hydrogens (mapping then atom ids)
Ligand hydrogens to protein acceptors (mapping then atom ids)
Ligand shape atoms to protein points (mapping then atom ids & coords)
  3  6953 [  9->(-10.750  15.750  20.250)]
  5  7448 [ 15->( -6.500  16.750  20.250)]
 14  5273 [ 33->(-13.750  13.000  19.750)]
 17  3213 [ 40->(-17.000  17.250  19.500)]
 20  1040 [ 44->(-21.250  20.250  21.000)]
 21  1520 [ 45->(-20.500  22.500  20.000)]
 25  2250 [ 49->(-19.000  19.250  20.250)]
Chromosome values
Integers:
  -1   -1   -1   -1   -1   -1   -1   -1   -1   -1   -1 6952 
  -1 7447   -1   -1   -1   -1   -1   -1   -1   -1 5272   -1 
  -1 3212   -1   -1 1039 1519   -1   -1   -1 2249 
--------------------------------------------------------------------------------

Current Ranking  1  2

--------------------------------------------------------------------------------

* GA execution time :                                                           
  total  0.2075 user  0.2065 sys  0.0010

--------------------------------------------------------------------------------
Fitness function evaluations: 17905

--------------------------------------------------------------------------------
** Docking run number  3 **
--------------------------------------------------------------------------------
  Rank fitness base is 5000.00 ; increment is 11.2233

* Initialising population(s) ...                                                
Number of constraints mappings 0
Number of constraints 0
  Population no.                           :      1
  Population size                          :    100
  Number of duplicates                     :      0
  Number of niche violations               :      0
  Number of errors                         :     94


Doing GA, no. of population(s) 1 size 100 selection pressure 1.100000

 Operation      Score     S(PLP)   S(hbond)     S(cho)   S(metal)  DE(clash)   DE(tors)     intcor
         0    -179.31     153.57       0.00       0.30       0.00      24.69       2.58       3.20
        30    -155.86     119.06       0.12       0.00       0.00      35.47       2.45       3.20
        74    -140.77     112.01       0.00       0.06       0.00      25.95       3.10       3.20
       317    -125.78      98.93       0.00       0.00       0.00      23.91       3.07       3.20
       447    -118.57      97.59       0.00       0.00       0.00      15.56       4.31       3.20
       588    -102.33      96.69       0.94       0.00       0.00       5.51       3.08       3.20
       748     -79.31      55.54       0.61       0.00       0.00      22.73       3.03       3.20
       821     -76.74      66.56       0.00       0.33       0.00      10.11       2.13       3.20
      1004     -67.54      62.59       0.00       0.06       0.00       2.55       2.89       3.20
      1108     -62.01      42.41       0.00       0.06       0.00      16.33       3.33       3.20
      1248     -59.64      41.34       0.00       0.07       0.00      14.95       3.38       3.20
      1538     -56.87      33.67       0.00       0.00       0.00      21.59       2.41       3.20
      1545     -55.80      43.25       0.10       0.00       0.00      10.41       2.82       3.20
      1573     -40.85      17.46       0.00       0.00       0.00      21.95       2.32       3.20
      1868     -37.22      18.79       0.46       0.00       0.00      16.33       3.34       3.20
      1967     -30.14      25.47       0.02       0.00       0.00       1.39       3.27       3.20
      1985     -26.25      12.42       0.42       0.00       0.00      12.84       2.73       3.20
      2155     -22.06       7.78       0.27       0.00       0.00      12.84       2.73       3.20
      2218     -17.40       1.64       0.36       0.00       0.00      15.69       2.18       3.20
      2456     -16.19       0.34       0.34       0.00       0.00      15.69       2.18       3.20
      2538     -14.93      11.10       0.00       0.00       0.00       0.45       3.29       3.20
      2562      -6.19       2.36       0.00       0.00       0.00       0.45       3.29       3.20
      2858      -5.57      -6.79       0.31       0.00       0.00      12.52       1.98       3.20
      2860       0.87      -4.12       0.00       0.00       0.00       0.45       3.00       3.20
      3295       4.50     -17.21       0.01       0.00       0.00      11.87       2.02       3.20
      3357      21.41     -24.75       0.14       0.00       0.00       3.07       1.94       3.20
      3576      28.04     -31.35       0.15       0.00       0.00       3.07       1.94       3.20
      3815      32.56     -35.98       0.05       0.00       0.00       3.07       1.86       3.20
      4185      34.84     -39.36       0.00       0.04       0.00       5.29       1.28       3.20
      4607      41.88     -43.22       0.00       0.02       0.00       1.16       1.72       3.20
      5234      43.76     -44.99       0.00       0.02       0.00       1.16       1.66       3.20
      5718      44.88     -46.02       0.00       0.03       0.00       1.16       1.58       3.11
      5766      45.79     -47.00       0.00       0.00       0.00       1.16       1.58       3.11
      7198      46.20     -47.46       0.00       0.00       0.00       1.16       1.61       3.11
      7254      46.33     -47.38       0.00       0.00       0.00       1.16       1.50       3.11
      7503      46.34     -47.37       0.00       0.00       0.00       1.16       1.49       3.11
      7766      46.57     -49.12       0.11       0.00       0.00       1.16       2.41       3.11
      7904      46.66     -49.21       0.11       0.00       0.00       1.16       2.41       3.11
      8342      46.67     -47.75       0.00       0.00       0.00       1.16       1.52       3.11
      8404      47.35     -49.22       0.11       0.00       0.00       0.00       2.66       3.11
--------------------------------------------------------------------------------
Best docking solution after GA:
      8500      47.35     -49.22       0.11       0.00       0.00       0.00       2.66       3.11

#ops:       8500 #mutates:   4214 #cross:     4286 #dups:      2728 
#niche:     5190 #errors:     407 
--------------------------------------------------------------------------------

Doing AMOEBA simplex on best individual
Done simplexing #iterations 1715, best score  76.43

Ligand is stored in gold_soln_prep_ligand_9_m1_3.mol2


--------------------------------------------------------------------------------
--- CHEMPLP breakdown of terms                                               ---
--------------------------------------------------------------------------------
CHEMPLP = - ( 1.0000*S(PLP) + -3.0000*S(hbond) + -6.0000*S(metal) + -3.0000*S(cho) )

Score = CHEMPLP - 1.0000*DE(clash) - 2.0000*DE(tors)

Internal energy term has been corrected with the best internal energy encountered.

--------------------------------------------------------------------------------


     Score     S(PLP)   S(hbond)     S(cho)   S(metal)  DE(clash)   DE(tors)     intcor
     76.43     -76.75       0.00       0.05       0.00       0.00       1.79       3.11

--------------------------------------------------------------------------------
--- PLP analysis of protein-ligand interactions                              ---
--------------------------------------------------------------------------------
hydrogen bonding        :      -3.12
metal                   :       0.00
buried (polar-nonpolar) :      -4.65
nonpolar                :     -71.49
repulsive               :       0.85
--------------------------------------------------------------------------------


--------------------------------------------------------------------------------
--- ChemScore analysis of protein-ligand interactions                        ---
--------------------------------------------------------------------------------

* Hydrogen bonds                                                                


* CH..O interactions                                                            
  CH group selection                       : activated ring CH (adjacent to hetatom)
Ligand carbon   34 hydrogen   71 Protein acceptor 2489 bond energy  1.00 wt 0.05

--------------------------------------------------------------------------------


--------------------------------------------------------------------------------
--- Intra-ligand clashes                                                     ---
--------------------------------------------------------------------------------

Ligand
--------------------------------------------------------------------------------


--------------------------------------------------------------------------------
--- Chromosome decoded                                                       ---
--------------------------------------------------------------------------------
Ligand Torsions
[   4    3    2    1]  -30.00    matched torsion: ortho-substituted aromatic methoxy
[   8    7    6    5] -107.16
[   9    8    7    6]   61.61
[  10   11   12   13]  178.10    matched torsion: aromatic amide
[  16   15   13   12]  170.25
[  19   18   17   16] -162.54
[  28   27   26   25]   -2.50
[  37   38   39   40]  -30.00    matched torsion: ortho-substituoed aromatic-aliphatic ether
[  41   40   39   38]  166.15
[  42   41   40   39] -140.54
[  43   42   41   40]  -98.97
[  44   43   42   41]   48.69
Protein Torsions
[ 489  484  483  480]  -44.32 
[1635 1626 1625 1623]   27.57 
[1707 1702 1701 1698]  171.94 
[1839 1828 1827 1826]  -42.16 
Mapping
Ligand acceptors to protein hydrogens (mapping then atom ids)
Ligand hydrogens to protein acceptors (mapping then atom ids)
Ligand shape atoms to protein points (mapping then atom ids & coords)
  5  7502 [ 15->( -6.000  15.750  21.000)]
 19   962 [ 42->(-21.500  22.250  19.500)]
 24   987 [ 48->(-21.500  25.250  17.750)]
Chromosome values
Integers:
  -1   -1   -1   -1   -1   -1   -1   -1   -1   -1   -1   -1 
  -1 7501   -1   -1   -1   -1   -1   -1   -1   -1   -1   -1 
  -1   -1   -1  961   -1   -1   -1   -1  986   -1 
--------------------------------------------------------------------------------

Current Ranking  3  1  2

--------------------------------------------------------------------------------

* GA execution time :                                                           
  total  0.2134 user  0.2134 sys  0.0000

--------------------------------------------------------------------------------
Fitness function evaluations: 17295

--------------------------------------------------------------------------------
** Docking run number  4 **
--------------------------------------------------------------------------------
  Rank fitness base is 5000.00 ; increment is 11.2233

* Initialising population(s) ...                                                
Number of constraints mappings 0
Number of constraints 0
  Population no.                           :      1
  Population size                          :    100
  Number of duplicates                     :      0
  Number of niche violations               :      0
  Number of errors                         :     86


Doing GA, no. of population(s) 1 size 100 selection pressure 1.100000

 Operation      Score     S(PLP)   S(hbond)     S(cho)   S(metal)  DE(clash)   DE(tors)     intcor
         0    -164.94     160.33       0.00       0.00       0.00       0.30       3.71       3.11
        84    -112.98     102.22       0.00       0.00       0.00       6.03       3.92       3.11
       137    -111.58      83.86       0.43       1.03       0.00      28.39       3.42       3.11
       311     -96.77      65.40       0.00       0.25       0.00      28.39       3.42       3.11
       399     -56.08      53.84       0.00       0.00       0.00       0.00       2.68       3.11
       507     -53.38      44.89       0.00       0.00       0.00       3.45       4.08       3.11
      1151     -45.44      37.79       0.00       0.00       0.00       3.45       3.66       3.11
      1549     -16.58       8.05       0.00       0.00       0.00       3.91       3.87       3.11
      2218     -13.57      13.67       0.51       0.00       0.00       0.00       1.98       2.52
      2223      -6.09      -1.68       0.00       0.00       0.00       3.45       3.42       2.52
      2457      -4.71      -3.05       0.00       0.00       0.00       3.45       3.42       2.52
      2693      -3.43      -4.68       0.00       0.00       0.00       6.15       2.24       2.52
      2770      -3.20      -4.98       0.00       0.00       0.00       6.15       2.28       2.52
      2773       8.72     -16.23       0.00       0.00       0.00       3.45       3.29       2.52
      2919      15.03     -22.46       0.00       0.00       0.00       3.45       3.25       2.52
      3169      15.10     -22.53       0.00       0.00       0.00       3.45       3.26       2.52
      7272      16.96     -25.37       0.00       0.00       0.00       4.94       3.00       2.52
      7370      17.17     -25.41       0.00       0.00       0.00       4.94       2.91       2.52
      7456      18.73     -26.85       0.00       0.00       0.00       4.69       2.98       2.52
      7959      20.80     -26.76       0.00       0.00       0.00       1.70       3.39       2.52
      8003      20.88     -26.76       0.00       0.00       0.00       1.67       3.37       2.52
      8179      20.94     -26.82       0.00       0.00       0.00       1.67       3.37       2.52
      8261      23.83     -29.72       0.00       0.00       0.00       1.70       3.36       2.52
      8372      23.89     -29.76       0.00       0.00       0.00       1.67       3.37       2.52
--------------------------------------------------------------------------------
Best docking solution after GA:
      8500      23.89     -29.76       0.00       0.00       0.00       1.67       3.37       2.52

#ops:       8500 #mutates:   4262 #cross:     4238 #dups:      2196 
#niche:     3695 #errors:     429 
--------------------------------------------------------------------------------

Doing AMOEBA simplex on best individual
AMOEBA simplex failed to converge after 2000 iterations
Done simplexing #iterations 2000, best score -136.70

Ligand is stored in gold_soln_prep_ligand_9_m1_4.mol2


--------------------------------------------------------------------------------
--- CHEMPLP breakdown of terms                                               ---
--------------------------------------------------------------------------------
CHEMPLP = - ( 1.0000*S(PLP) + -3.0000*S(hbond) + -6.0000*S(metal) + -3.0000*S(cho) )

Score = CHEMPLP - 1.0000*DE(clash) - 2.0000*DE(tors)

Internal energy term has been corrected with the best internal energy encountered.

--------------------------------------------------------------------------------


     Score     S(PLP)   S(hbond)     S(cho)   S(metal)  DE(clash)   DE(tors)     intcor
     23.89     -29.76       0.00       0.00       0.00       1.67       3.37       2.52

--------------------------------------------------------------------------------
--- PLP analysis of protein-ligand interactions                              ---
--------------------------------------------------------------------------------
hydrogen bonding        :      -0.98
metal                   :       0.00
buried (polar-nonpolar) :      12.93
nonpolar                :     -51.72
repulsive               :       5.38
--------------------------------------------------------------------------------


--------------------------------------------------------------------------------
--- ChemScore analysis of protein-ligand interactions                        ---
--------------------------------------------------------------------------------

* Hydrogen bonds                                                                


* CH..O interactions                                                            
  CH group selection                       : activated ring CH (adjacent to hetatom)

--------------------------------------------------------------------------------


--------------------------------------------------------------------------------
--- Intra-ligand clashes                                                     ---
--------------------------------------------------------------------------------

Ligand
  4 (C4   ) -   1 (C1   ):   1.67 (dist   2.70)
--------------------------------------------------------------------------------


--------------------------------------------------------------------------------
--- Chromosome decoded                                                       ---
--------------------------------------------------------------------------------
Ligand Torsions
[   4    3    2    1]   -5.63    matched torsion: ortho-substituted aromatic methoxy
[   8    7    6    5] -139.93
[   9    8    7    6]   83.27
[  10   11   12   13]   29.38    matched torsion: aromatic amide
[  16   15   13   12] -164.35
[  19   18   17   16]  178.60
[  28   27   26   25]  -20.07
[  37   38   39   40]  -16.17    matched torsion: ortho-substituoed aromatic-aliphatic ether
[  41   40   39   38]  148.54
[  42   41   40   39]  134.98
[  43   42   41   40]   -5.95
[  44   43   42   41]  152.40
Protein Torsions
[ 489  484  483  480]  -15.12 
[1635 1626 1625 1623]   -6.64 
[1707 1702 1701 1698]  -84.13 
[1839 1828 1827 1826]   17.76 
Mapping
Ligand acceptors to protein hydrogens (mapping then atom ids)
Ligand hydrogens to protein acceptors (mapping then atom ids)
Ligand shape atoms to protein points (mapping then atom ids & coords)
  3  5982 [  9->(-12.750  17.000  20.500)]
 17  1576 [ 40->(-20.250  19.750  19.500)]
 18  1141 [ 41->(-21.000  19.500  20.250)]
Chromosome values
Integers:
  -1   -1   -1   -1   -1   -1   -1   -1   -1   -1   -1 5981 
  -1   -1   -1   -1   -1   -1   -1   -1   -1   -1   -1   -1 
  -1 1575 1140   -1   -1   -1   -1   -1   -1   -1 
--------------------------------------------------------------------------------

Current Ranking  3  1  2  4

--------------------------------------------------------------------------------

* GA execution time :                                                           
  total  0.1971 user  0.1971 sys  0.0000

--------------------------------------------------------------------------------
Fitness function evaluations: 17640

--------------------------------------------------------------------------------
** Docking run number  5 **
--------------------------------------------------------------------------------
  Rank fitness base is 5000.00 ; increment is 11.2233

* Initialising population(s) ...                                                
Number of constraints mappings 0
Number of constraints 0
  Population no.                           :      1
  Population size                          :    100
  Number of duplicates                     :      0
  Number of niche violations               :      0
  Number of errors                         :     83


Doing GA, no. of population(s) 1 size 100 selection pressure 1.100000

 Operation      Score     S(PLP)   S(hbond)     S(cho)   S(metal)  DE(clash)   DE(tors)     intcor
         0     -29.98      12.64       0.00       0.00       0.00      14.20       2.83       2.52
      1125     -29.89      12.94       0.00       0.00       0.00      13.71       2.88       2.52
      1301     -18.94      11.80       0.00       0.00       0.00       4.35       2.66       2.52
      1907      -8.61       0.62       0.00       0.00       0.00       5.87       2.32       2.52
      2471      -8.16       0.21       0.00       0.00       0.00       5.75       2.36       2.52
      2567      -1.37      -7.52       1.22       0.00       0.00       9.12       2.98       2.52
      2569      -0.35      -4.51       1.32       0.00       0.00       4.75       3.29       2.52
      2855       4.20      -7.50       0.68       0.00       0.00       3.14       2.37       2.52
      3176       6.86     -10.85       1.05       0.00       0.00       4.35       2.65       2.52
      3314      14.11     -15.94       1.99       0.00       0.00       4.35       2.99       2.52
      4028      19.57     -22.37       1.99       0.00       0.00       4.35       3.47       2.52
      4273      19.79     -24.32       0.98       0.00       0.00       4.35       2.82       2.52
      4462      22.83     -24.65       1.00       0.00       0.00       2.24       2.55       2.52
      4852      25.88     -26.12       1.00       0.00       0.00       2.24       1.76       2.52
      5042      26.13     -26.32       1.00       0.00       0.00       2.24       1.74       2.52
      5136      26.18     -26.20       1.00       0.00       0.00       2.24       1.65       2.52
      5335      26.30     -26.64       1.00       0.00       0.00       2.21       1.83       2.52
      5491      28.17     -30.06       1.00       0.00       0.00       2.24       2.58       2.52
      5604      28.54     -29.70       1.00       0.00       0.00       2.27       2.21       2.52
      5767      28.57     -29.78       1.00       0.00       0.00       3.62       1.56       2.52
      5830      30.21     -31.40       1.00       0.00       0.00       3.62       1.55       2.52
      6131      30.80     -32.84       1.00       0.00       0.00       3.67       1.94       2.52
      6177      31.16     -32.41       1.25       0.00       0.00       3.67       1.92       2.52
      6492      31.60     -32.65       1.25       0.00       0.00       3.67       1.82       2.52
      6513      32.90     -33.49       1.25       0.00       0.00       2.82       2.02       2.52
      6826      33.10     -32.62       1.25       0.00       0.00       2.82       1.48       2.52
      7073      33.21     -33.27       1.25       0.00       0.00       2.09       2.12       2.52
      7087      34.27     -30.77       1.60       0.00       0.00       0.78       1.52       2.52
      7396      34.65     -34.12       1.25       0.00       0.00       2.82       1.46       2.52
      7516      34.71     -32.44       1.43       0.00       0.00       1.61       1.47       2.52
      7702      35.62     -32.96       1.31       0.00       0.00       0.78       1.50       2.52
      7771      36.28     -32.53       1.60       0.00       0.00       0.78       1.40       2.52
      7786      36.28     -33.85       1.43       0.00       0.00       1.61       1.39       2.52
      8015      37.04     -34.13       1.31       0.00       0.00       0.78       1.38       2.52
--------------------------------------------------------------------------------
Best docking solution after GA:
      8500      37.04     -34.13       1.31       0.00       0.00       0.78       1.38       2.52

#ops:       8500 #mutates:   4346 #cross:     4154 #dups:      3522 
#niche:     3938 #errors:     499 
--------------------------------------------------------------------------------

Doing AMOEBA simplex on best individual
AMOEBA simplex failed to converge after 2000 iterations
Done simplexing #iterations 2000, best score  53.30

Ligand is stored in gold_soln_prep_ligand_9_m1_5.mol2


--------------------------------------------------------------------------------
--- CHEMPLP breakdown of terms                                               ---
--------------------------------------------------------------------------------
CHEMPLP = - ( 1.0000*S(PLP) + -3.0000*S(hbond) + -6.0000*S(metal) + -3.0000*S(cho) )

Score = CHEMPLP - 1.0000*DE(clash) - 2.0000*DE(tors)

Internal energy term has been corrected with the best internal energy encountered.

--------------------------------------------------------------------------------


     Score     S(PLP)   S(hbond)     S(cho)   S(metal)  DE(clash)   DE(tors)     intcor
     53.30     -48.03       1.83       0.00       0.00       0.00       1.27       2.31

--------------------------------------------------------------------------------
--- PLP analysis of protein-ligand interactions                              ---
--------------------------------------------------------------------------------
hydrogen bonding        :      -5.00
metal                   :       0.00
buried (polar-nonpolar) :       7.23
nonpolar                :     -50.93
repulsive               :       0.41
--------------------------------------------------------------------------------


--------------------------------------------------------------------------------
--- ChemScore analysis of protein-ligand interactions                        ---
--------------------------------------------------------------------------------

* Hydrogen bonds                                                                
Ligand donor   12 hydrogen   56 Protein acceptor  412 bond energy  1.00 wt 0.83
Protein donor 1737 hydrogen 1750 Ligand acceptor   25 bond energy  1.00 wt 1.00


* CH..O interactions                                                            
  CH group selection                       : activated ring CH (adjacent to hetatom)

--------------------------------------------------------------------------------


--------------------------------------------------------------------------------
--- Intra-ligand clashes                                                     ---
--------------------------------------------------------------------------------

Ligand
  8 (C8   ) -   4 (C4   ):   0.00 (dist   3.00)
--------------------------------------------------------------------------------


--------------------------------------------------------------------------------
--- Chromosome decoded                                                       ---
--------------------------------------------------------------------------------
Ligand Torsions
[   4    3    2    1]   27.59    matched torsion: ortho-substituted aromatic methoxy
[   8    7    6    5]  -61.63
[   9    8    7    6]  112.34
[  10   11   12   13]  -25.74    matched torsion: aromatic amide
[  16   15   13   12]  -75.61
[  19   18   17   16]  -18.33
[  28   27   26   25]    5.16
[  37   38   39   40]    2.61    matched torsion: ortho-substituoed aromatic-aliphatic ether
[  41   40   39   38] -165.54
[  42   41   40   39]   40.19
[  43   42   41   40]  156.81
[  44   43   42   41] -177.43
Protein Torsions
[ 489  484  483  480]  -34.02 
[1635 1626 1625 1623]  -95.06 
[1707 1702 1701 1698]   58.67 
[1839 1828 1827 1826]   42.75 
Mapping
Ligand acceptors to protein hydrogens (mapping then atom ids)
Ligand hydrogens to protein acceptors (mapping then atom ids)
Ligand shape atoms to protein points (mapping then atom ids & coords)
  2  6356 [  4->(-12.000  13.500  19.750)]
  4  3927 [ 10->(-16.250  23.000  20.000)]
 13  4988 [ 30->(-14.500  17.250  21.500)]
Chromosome values
Integers:
  -1   -1   -1   -1   -1   -1   -1   -1   -1   -1 6355   -1 
3926   -1   -1   -1   -1   -1   -1   -1   -1 4987   -1   -1 
  -1   -1   -1   -1   -1   -1   -1   -1   -1   -1 
--------------------------------------------------------------------------------

Current Ranking  3  1  5  2  4

--------------------------------------------------------------------------------

* GA execution time :                                                           
  total  0.2171 user  0.2141 sys  0.0030

--------------------------------------------------------------------------------
Fitness function evaluations: 17734

--------------------------------------------------------------------------------
** Docking run number  6 **
--------------------------------------------------------------------------------
  Rank fitness base is 5000.00 ; increment is 11.2233

* Initialising population(s) ...                                                
Number of constraints mappings 0
Number of constraints 0
  Population no.                           :      1
  Population size                          :    100
  Number of duplicates                     :      0
  Number of niche violations               :      0
  Number of errors                         :    113


Doing GA, no. of population(s) 1 size 100 selection pressure 1.100000

 Operation      Score     S(PLP)   S(hbond)     S(cho)   S(metal)  DE(clash)   DE(tors)     intcor
         0    -117.35      68.41       0.06       0.42       0.00      46.27       3.22       2.31
       273    -112.78      72.53       0.16       0.41       0.00      38.57       2.84       2.31
       548    -111.57      92.20       0.00       0.27       0.00      14.82       3.84       2.31
       636     -34.11      13.23       0.00       0.27       0.00      14.82       4.59       2.31
      2489     -30.65       8.63       0.00       0.26       0.00      15.86       4.63       2.31
      2693      -8.54      -9.20       0.07       0.00       0.00      14.82       2.72       2.31
      4163      -2.06     -24.65       0.04       0.00       0.00      21.84       3.65       2.31
      4364      -1.28     -27.59       0.04       0.00       0.00      23.79       3.76       2.31
      4635      -0.97     -24.66       0.04       0.00       0.00      21.84       3.11       2.31
      5286       1.09     -17.84       0.00       0.00       0.00      13.09       2.99       2.31
      5385       2.77     -19.22       0.00       0.00       0.00      11.45       3.66       2.31
      6021       4.08     -21.23       0.00       0.00       0.00      13.59       2.94       2.31
      6176      15.19     -31.62       0.00       0.09       0.00      11.93       3.54       2.31
      6629      17.09     -32.36       0.00       0.00       0.00      11.50       3.05       2.31
      6986      18.33     -34.31       0.00       0.09       0.00      11.93       3.31       2.31
      7106      23.46     -34.50       0.00       0.00       0.00       7.01       3.17       2.31
      7946      24.01     -35.22       0.00       0.00       0.00       7.01       3.26       2.31
      7968      24.28     -40.32       0.00       0.04       0.00      11.93       3.27       2.31
      7989      25.04     -40.54       0.00       0.05       0.00      11.93       3.02       2.31
      8141      26.51     -42.16       0.00       0.00       0.00      11.93       3.02       2.31
      8328      28.03     -49.68       0.00       0.00       0.00      17.23       3.36       2.31
      8483      29.92     -50.12       0.00       0.00       0.00      14.98       3.76       2.31
--------------------------------------------------------------------------------
Best docking solution after GA:
      8500      29.92     -50.12       0.00       0.00       0.00      14.98       3.76       2.31

#ops:       8500 #mutates:   4285 #cross:     4215 #dups:      1892 
#niche:     4004 #errors:     482 
--------------------------------------------------------------------------------

Doing AMOEBA simplex on best individual
Done simplexing #iterations 1285, best score  45.88

Ligand is stored in gold_soln_prep_ligand_9_m1_6.mol2


--------------------------------------------------------------------------------
--- CHEMPLP breakdown of terms                                               ---
--------------------------------------------------------------------------------
CHEMPLP = - ( 1.0000*S(PLP) + -3.0000*S(hbond) + -6.0000*S(metal) + -3.0000*S(cho) )

Score = CHEMPLP - 1.0000*DE(clash) - 2.0000*DE(tors)

Internal energy term has been corrected with the best internal energy encountered.

--------------------------------------------------------------------------------


     Score     S(PLP)   S(hbond)     S(cho)   S(metal)  DE(clash)   DE(tors)     intcor
     45.88     -58.80       0.00       0.00       0.00       9.30       2.97       2.31

--------------------------------------------------------------------------------
--- PLP analysis of protein-ligand interactions                              ---
--------------------------------------------------------------------------------
hydrogen bonding        :      -0.08
metal                   :       0.00
buried (polar-nonpolar) :       3.46
nonpolar                :     -63.09
repulsive               :       1.77
--------------------------------------------------------------------------------


--------------------------------------------------------------------------------
--- ChemScore analysis of protein-ligand interactions                        ---
--------------------------------------------------------------------------------

* Hydrogen bonds                                                                


* CH..O interactions                                                            
  CH group selection                       : activated ring CH (adjacent to hetatom)

--------------------------------------------------------------------------------


--------------------------------------------------------------------------------
--- Intra-ligand clashes                                                     ---
--------------------------------------------------------------------------------

Ligand
  8 (C8   ) -   4 (C4   ):   6.89 (dist   2.79)
 14 (O14  ) -  10 (C10  ):   9.30 (dist   2.68)
--------------------------------------------------------------------------------


--------------------------------------------------------------------------------
--- Chromosome decoded                                                       ---
--------------------------------------------------------------------------------
Ligand Torsions
[   4    3    2    1]   30.00    matched torsion: ortho-substituted aromatic methoxy
[   8    7    6    5]  -44.56
[   9    8    7    6]  113.20
[  10   11   12   13]   10.85    matched torsion: aromatic amide
[  16   15   13   12]  -96.78
[  19   18   17   16] -178.91
[  28   27   26   25] -105.58
[  37   38   39   40]   30.00    matched torsion: ortho-substituoed aromatic-aliphatic ether
[  41   40   39   38]   27.66
[  42   41   40   39] -167.70
[  43   42   41   40]   -1.00
[  44   43   42   41]  149.28
Protein Torsions
[ 489  484  483  480]   14.87 
[1635 1626 1625 1623]  144.78 
[1707 1702 1701 1698]  131.30 
[1839 1828 1827 1826]   28.58 
Mapping
Ligand acceptors to protein hydrogens (mapping then atom ids)
Ligand hydrogens to protein acceptors (mapping then atom ids)
Ligand shape atoms to protein points (mapping then atom ids & coords)
  1  6289 [  1->(-12.250  17.000  19.500)]
  6  1267 [ 19->(-21.000  25.750  18.500)]
  8   950 [ 23->(-21.500  21.750  19.000)]
 11  4697 [ 28->(-15.250  23.000  20.000)]
 13  2832 [ 30->(-17.750  17.750  21.500)]
 14  5236 [ 33->(-13.750  10.500  19.250)]
 15  5020 [ 34->(-14.250  11.500  19.750)]
 17  7250 [ 40->( -7.500  17.000  21.000)]
 18  7131 [ 41->( -9.500  13.250  19.750)]
 19  7176 [ 42->( -8.000  13.750  19.500)]
Chromosome values
Integers:
  -1   -1   -1   -1   -1   -1   -1   -1   -1 6288   -1   -1 
  -1   -1 1266   -1  949   -1   -1 4696   -1 2831 5235 5019 
  -1 7249 7130 7175   -1   -1   -1   -1   -1   -1 
--------------------------------------------------------------------------------

Current Ranking  3  1  5  6  2  4

--------------------------------------------------------------------------------

* GA execution time :                                                           
  total  0.1927 user  0.1927 sys  0.0000

--------------------------------------------------------------------------------
Fitness function evaluations: 17078

--------------------------------------------------------------------------------
** Docking run number  7 **
--------------------------------------------------------------------------------
  Rank fitness base is 5000.00 ; increment is 11.2233

* Initialising population(s) ...                                                
Number of constraints mappings 0
Number of constraints 0
  Population no.                           :      1
  Population size                          :    100
  Number of duplicates                     :      0
  Number of niche violations               :      0
  Number of errors                         :     92


Doing GA, no. of population(s) 1 size 100 selection pressure 1.100000

 Operation      Score     S(PLP)   S(hbond)     S(cho)   S(metal)  DE(clash)   DE(tors)     intcor
         0    -107.36      83.79       0.00       0.02       0.00      19.91       3.01       2.31
       485    -104.90      86.82       0.00       0.00       0.00      11.91       4.24       2.31
       683    -101.93      87.15       0.00       0.43       0.00      10.55       3.92       2.31
       815     -75.35      63.98       0.00       0.04       0.00       6.30       3.76       2.31
       907     -55.85      38.46       0.00       0.00       0.00      11.91       3.90       2.31
      1131     -54.12      42.21       0.00       0.00       0.00       6.26       3.98       2.31
      1137     -47.55      32.97       0.00       0.00       0.00       9.93       3.48       2.31
      1173     -30.37      19.68       0.00       0.00       0.00       6.30       3.35       2.31
      1189     -30.01      15.42       0.00       0.00       0.00       9.93       3.48       2.31
      1432     -18.16       3.57       0.00       0.00       0.00       9.93       3.48       2.31
      1625     -16.14       3.57       0.67       0.00       0.00       9.93       3.48       2.31
      1664     -14.33     -13.14       1.12       0.00       0.00      26.41       3.37       2.31
      1814     -14.22     -11.02       1.10       0.00       0.00      24.17       3.34       2.31
      2163     -12.33       1.95       1.06       0.00       0.00       9.11       3.37       2.31
      2222      -3.47     -10.63       0.25       0.00       0.00      10.17       3.49       2.31
      2699      -2.99     -10.63       0.41       0.00       0.00      10.17       3.49       2.31
      2865      -2.46     -10.63       0.58       0.00       0.00      10.17       3.49       2.31
      2966      -0.51     -14.09       0.48       0.00       0.00      11.24       3.56       2.31
      2985       0.18     -14.02       0.52       0.00       0.00      11.24       3.23       2.31
      3111       0.55     -14.02       0.64       0.00       0.00      11.24       3.23       2.31
      3347       1.07     -28.69       1.48       0.00       0.00      27.64       3.37       2.31
      3377       4.75     -42.09       0.37       0.00       0.00      34.98       2.90       2.31
      3378       6.48     -42.09       0.95       0.00       0.00      34.98       2.90       2.31
      3674       6.66     -42.19       0.99       0.00       0.00      34.98       2.91       2.31
      3801       7.93     -42.19       1.41       0.00       0.00      34.98       2.91       2.31
      5534       9.22     -19.02       0.00       0.00       0.00       5.94       3.08       2.31
      5913      10.11     -19.86       0.00       0.00       0.00       5.94       3.06       2.31
      6617      10.29     -20.02       0.00       0.00       0.00       5.94       3.06       2.31
      6867      10.41     -20.15       0.00       0.00       0.00       5.94       3.06       2.31
      7192      13.65     -16.90       0.16       0.23       0.00       0.33       3.20       2.31
      7503      15.95     -16.60       1.07       0.21       0.00       0.33       3.23       2.31
      7631      16.37     -18.90       1.07       0.21       0.00       0.33       4.17       2.31
      7653      16.41     -16.76       1.05       0.23       0.00       0.33       3.09       2.31
      7679      16.45     -16.94       1.10       0.21       0.00       0.33       3.20       2.31
      7875      16.76     -17.06       1.12       0.21       0.00       0.33       3.13       2.31
      7921      18.61     -18.71       1.05       0.23       0.00       0.33       2.96       2.31
      7998      19.10     -19.06       1.12       0.21       0.00       0.33       2.96       2.31
      8418      19.18     -18.98       1.12       0.21       0.00       0.30       2.90       2.31
--------------------------------------------------------------------------------
Best docking solution after GA:
      8500      19.18     -18.98       1.12       0.21       0.00       0.30       2.90       2.31

#ops:       8500 #mutates:   4314 #cross:     4186 #dups:      2597 
#niche:     4613 #errors:     201 
--------------------------------------------------------------------------------

Doing AMOEBA simplex on best individual
AMOEBA simplex failed to converge after 2000 iterations
Done simplexing #iterations 2000, best score  55.93

Ligand is stored in gold_soln_prep_ligand_9_m1_7.mol2


--------------------------------------------------------------------------------
--- CHEMPLP breakdown of terms                                               ---
--------------------------------------------------------------------------------
CHEMPLP = - ( 1.0000*S(PLP) + -3.0000*S(hbond) + -6.0000*S(metal) + -3.0000*S(cho) )

Score = CHEMPLP - 1.0000*DE(clash) - 2.0000*DE(tors)

Internal energy term has been corrected with the best internal energy encountered.

--------------------------------------------------------------------------------


     Score     S(PLP)   S(hbond)     S(cho)   S(metal)  DE(clash)   DE(tors)     intcor
     55.93     -55.34       1.03       0.46       0.00       1.25       2.47       2.31

--------------------------------------------------------------------------------
--- PLP analysis of protein-ligand interactions                              ---
--------------------------------------------------------------------------------
hydrogen bonding        :      -2.38
metal                   :       0.00
buried (polar-nonpolar) :      -6.55
nonpolar                :     -48.18
repulsive               :       0.78
--------------------------------------------------------------------------------


--------------------------------------------------------------------------------
--- ChemScore analysis of protein-ligand interactions                        ---
--------------------------------------------------------------------------------

* Hydrogen bonds                                                                
Protein donor 1626 hydrogen 1635 Ligand acceptor   14 bond energy  1.00 wt 1.00
Protein donor 5104 hydrogen 5106 Ligand acceptor   16 bond energy  1.00 wt 0.03


* CH..O interactions                                                            
  CH group selection                       : activated ring CH (adjacent to hetatom)
Ligand carbon   34 hydrogen   71 Protein acceptor 2489 bond energy  1.00 wt 0.46

--------------------------------------------------------------------------------


--------------------------------------------------------------------------------
--- Intra-ligand clashes                                                     ---
--------------------------------------------------------------------------------

Ligand
  4 (C4   ) -   1 (C1   ):   1.05 (dist   2.72)
 16 (N16  ) -  14 (O14  ):   1.25 (dist   2.50)
--------------------------------------------------------------------------------


--------------------------------------------------------------------------------
--- Chromosome decoded                                                       ---
--------------------------------------------------------------------------------
Ligand Torsions
[   4    3    2    1]   15.32    matched torsion: ortho-substituted aromatic methoxy
[   8    7    6    5]  -82.01
[   9    8    7    6]   38.26
[  10   11   12   13] -180.00    matched torsion: aromatic amide
[  16   15   13   12]  174.42
[  19   18   17   16]   22.73
[  28   27   26   25]    7.98
[  37   38   39   40]   17.88    matched torsion: ortho-substituoed aromatic-aliphatic ether
[  41   40   39   38]   99.24
[  42   41   40   39] -104.36
[  43   42   41   40] -113.23
[  44   43   42   41]   68.88
Protein Torsions
[ 489  484  483  480]   16.34 
[1635 1626 1625 1623]  -16.86 
[1707 1702 1701 1698]  -88.52 
[1839 1828 1827 1826]   72.46 
Mapping
Ligand acceptors to protein hydrogens (mapping then atom ids)
Ligand hydrogens to protein acceptors (mapping then atom ids)
Ligand shape atoms to protein points (mapping then atom ids & coords)
  2  5070 [  4->(-14.250  16.000  20.750)]
  3  6060 [  9->(-12.500  14.250  19.750)]
 14  4591 [ 33->(-15.250  14.750  19.250)]
 17  2754 [ 40->(-18.000  18.500  21.750)]
 22    53 [ 46->(-23.750  20.500  19.750)]
Chromosome values
Integers:
  -1   -1   -1   -1   -1   -1   -1   -1   -1   -1 5069 6059 
  -1   -1   -1   -1   -1   -1   -1   -1   -1   -1 4590   -1 
  -1 2753   -1   -1   -1   -1   52   -1   -1   -1 
--------------------------------------------------------------------------------

Current Ranking  3  1  7  5  6  2  4

--------------------------------------------------------------------------------

* GA execution time :                                                           
  total  0.2093 user  0.2083 sys  0.0010

--------------------------------------------------------------------------------
Fitness function evaluations: 17601

--------------------------------------------------------------------------------
** Docking run number  8 **
--------------------------------------------------------------------------------
  Rank fitness base is 5000.00 ; increment is 11.2233

* Initialising population(s) ...                                                
Number of constraints mappings 0
Number of constraints 0
  Population no.                           :      1
  Population size                          :    100
  Number of duplicates                     :      0
  Number of niche violations               :      0
  Number of errors                         :    104


Doing GA, no. of population(s) 1 size 100 selection pressure 1.100000

 Operation      Score     S(PLP)   S(hbond)     S(cho)   S(metal)  DE(clash)   DE(tors)     intcor
         0    -155.78     104.75       0.00       0.00       0.00      47.63       2.85       2.31
        10    -149.19     113.25       0.00       0.00       0.00      31.76       3.25       2.31
       413    -125.75      98.36       0.00       0.00       0.00      21.62       4.04       2.31
       420     -90.62      65.76       0.00       0.00       0.00      20.49       3.35       2.31
       795     -72.32      45.72       0.00       0.05       0.00      22.88       3.09       2.31
      1586     -26.91      -4.53       0.01       0.00       0.00      25.91       3.93       2.31
      2320     -21.60      -8.74       0.03       0.34       0.00      25.91       3.93       2.31
      2577     -15.19     -14.41       0.62       0.00       0.00      25.91       3.93       2.31
      2635       3.20     -34.67       0.00       0.00       0.00      25.91       3.93       2.31
      3253       9.07     -27.69       0.32       0.00       0.00      13.44       4.23       2.31
      3808       9.64     -40.16       0.26       0.00       0.00      25.91       3.85       2.31
      3972      22.82     -43.74       0.32       0.00       0.00      15.73       4.23       2.31
      4368      24.42     -31.75       0.26       0.00       0.00       2.06       4.18       2.31
      4792      24.64     -45.35       0.38       0.00       0.00      15.73       4.21       2.31
      5076      29.21     -46.96       0.38       0.00       0.00      13.67       3.77       2.31
      5117      36.85     -54.53       0.08       0.32       0.00      13.67       3.76       2.31
      5573      36.89     -49.70       0.10       0.32       0.00       7.88       4.24       2.31
      6117      36.92     -49.72       0.10       0.32       0.00       7.88       4.24       2.31
      6150      37.43     -55.03       0.06       0.32       0.00      13.67       3.70       2.31
      6158      43.75     -54.94       0.05       0.32       0.00       6.19       4.20       2.31
      6408      43.86     -55.09       0.05       0.32       0.00       6.19       4.23       2.31
      6676      44.98     -56.06       0.03       0.33       0.00       6.19       4.14       2.31
      6815      46.65     -56.89       0.05       0.32       0.00       5.37       4.14       2.31
      7418      46.67     -56.90       0.05       0.32       0.00       5.37       4.14       2.31
      7530      46.71     -57.76       0.05       0.32       0.00       6.19       4.13       2.31
      7559      47.50     -56.88       0.05       0.32       0.00       4.47       4.17       2.31
      7791      47.62     -56.98       0.05       0.32       0.00       4.52       4.13       2.31
      7961      48.03     -57.42       0.05       0.32       0.00       4.47       4.17       2.31
      8266      48.04     -57.43       0.05       0.32       0.00       4.47       4.17       2.31
      8300      48.15     -57.52       0.05       0.32       0.00       4.52       4.14       2.31
      8418      48.17     -57.51       0.05       0.32       0.00       4.47       4.14       2.31
--------------------------------------------------------------------------------
Best docking solution after GA:
      8500      48.17     -57.51       0.05       0.32       0.00       4.47       4.14       2.31

#ops:       8500 #mutates:   4293 #cross:     4207 #dups:      2876 
#niche:     4090 #errors:     425 
--------------------------------------------------------------------------------

Doing AMOEBA simplex on best individual
AMOEBA simplex failed to converge after 2000 iterations
Done simplexing #iterations 2000, best score  70.63

Ligand is stored in gold_soln_prep_ligand_9_m1_8.mol2


--------------------------------------------------------------------------------
--- CHEMPLP breakdown of terms                                               ---
--------------------------------------------------------------------------------
CHEMPLP = - ( 1.0000*S(PLP) + -3.0000*S(hbond) + -6.0000*S(metal) + -3.0000*S(cho) )

Score = CHEMPLP - 1.0000*DE(clash) - 2.0000*DE(tors)

Internal energy term has been corrected with the best internal energy encountered.

--------------------------------------------------------------------------------


     Score     S(PLP)   S(hbond)     S(cho)   S(metal)  DE(clash)   DE(tors)     intcor
     70.63     -73.38       0.43       0.10       0.00       0.00       3.34       2.31

--------------------------------------------------------------------------------
--- PLP analysis of protein-ligand interactions                              ---
--------------------------------------------------------------------------------
hydrogen bonding        :       1.87
metal                   :       0.00
buried (polar-nonpolar) :      -2.42
nonpolar                :     -80.42
repulsive               :       6.89
--------------------------------------------------------------------------------


--------------------------------------------------------------------------------
--- ChemScore analysis of protein-ligand interactions                        ---
--------------------------------------------------------------------------------

* Hydrogen bonds                                                                
Protein donor 5275 hydrogen 5277 Ligand acceptor   14 bond energy  1.00 wt 0.06
Protein donor  445 hydrogen  451 Ligand acceptor   25 bond energy  1.00 wt 0.37


* CH..O interactions                                                            
  CH group selection                       : activated ring CH (adjacent to hetatom)
Ligand carbon   34 hydrogen   71 Protein acceptor 5482 bond energy  1.00 wt 0.10

--------------------------------------------------------------------------------


--------------------------------------------------------------------------------
--- Intra-ligand clashes                                                     ---
--------------------------------------------------------------------------------

Ligand
--------------------------------------------------------------------------------


--------------------------------------------------------------------------------
--- Chromosome decoded                                                       ---
--------------------------------------------------------------------------------
Ligand Torsions
[   4    3    2    1]  -24.50    matched torsion: ortho-substituted aromatic methoxy
[   8    7    6    5] -135.75
[   9    8    7    6]   53.18
[  10   11   12   13]  143.20    matched torsion: aromatic amide
[  16   15   13   12]  -10.88
[  19   18   17   16]  -58.10
[  28   27   26   25]  -92.39
[  37   38   39   40]  -18.42    matched torsion: ortho-substituoed aromatic-aliphatic ether
[  41   40   39   38]   50.71
[  42   41   40   39]  -94.70
[  43   42   41   40] -177.02
[  44   43   42   41]  -71.86
Protein Torsions
[ 489  484  483  480] -161.58 
[1635 1626 1625 1623]  109.22 
[1707 1702 1701 1698] -122.23 
[1839 1828 1827 1826] -115.36 
Mapping
Ligand acceptors to protein hydrogens (mapping then atom ids)
Ligand hydrogens to protein acceptors (mapping then atom ids)
Ligand shape atoms to protein points (mapping then atom ids & coords)
  3  3217 [  9->(-17.000  17.250  20.500)]
  9   639 [ 24->(-22.250  24.750  18.000)]
 13  2246 [ 30->(-19.000  19.000  20.250)]
 14  4774 [ 33->(-15.000  17.250  21.250)]
Chromosome values
Integers:
  -1   -1   -1   -1   -1   -1   -1   -1   -1   -1   -1 3216 
  -1   -1   -1   -1   -1  638   -1   -1   -1 2245 4773   -1 
  -1   -1   -1   -1   -1   -1   -1   -1   -1   -1 
--------------------------------------------------------------------------------

Current Ranking  3  8  1  7  5  6  2  4

--------------------------------------------------------------------------------

* GA execution time :                                                           
  total  0.2035 user  0.2035 sys  0.0000

--------------------------------------------------------------------------------
Fitness function evaluations: 17635

--------------------------------------------------------------------------------
** Docking run number  9 **
--------------------------------------------------------------------------------
  Rank fitness base is 5000.00 ; increment is 11.2233

* Initialising population(s) ...                                                
Number of constraints mappings 0
Number of constraints 0
  Population no.                           :      1
  Population size                          :    100
  Number of duplicates                     :      0
  Number of niche violations               :      0
  Number of errors                         :    105


Doing GA, no. of population(s) 1 size 100 selection pressure 1.100000

 Operation      Score     S(PLP)   S(hbond)     S(cho)   S(metal)  DE(clash)   DE(tors)     intcor
         0    -196.29     147.74       0.00       0.00       0.00      42.80       4.03       2.31
       121    -178.02     128.23       0.46       0.00       0.00      47.27       3.10       2.31
       226    -138.74      90.45       0.96       0.00       0.00      47.27       3.10       2.31
       473    -138.10      90.45       1.17       0.00       0.00      47.27       3.10       2.31
       591    -110.92      66.77       0.00       0.00       0.00      43.49       1.49       2.31
       781     -71.42      55.45       0.40       0.00       0.00      11.29       4.10       2.31
       793     -71.40      55.45       0.41       0.00       0.00      11.29       4.10       2.31
       806     -68.57      55.09       0.03       0.00       0.00       9.98       2.95       2.31
       827     -56.94      50.09       0.00       0.00       0.00       1.44       3.86       2.31
      1139     -56.58      45.33       0.83       0.00       0.00       9.98       3.04       2.31
      1333     -46.57      40.69       0.00       0.00       0.00       1.71       3.24       2.31
      1428     -33.92      28.04       0.00       0.00       0.00       1.71       3.24       2.31
      1525     -18.58       5.59       0.19       0.00       0.00       9.98       2.95       2.31
      1535     -17.07       3.50       0.00       0.00       0.00       9.98       2.95       2.31
      1568     -11.23       4.92       0.05       0.00       0.00       1.71       3.53       2.31
      1622     -10.25      -1.86       0.01       0.02       0.00       9.98       2.27       2.31
      1876      -6.76      -6.62       0.06       0.00       0.00       9.98       2.95       2.31
      2395      -5.74      -4.01       0.00       0.00       0.00       7.91       2.08       2.31
      2684      -4.44      -8.24       0.26       0.00       0.00       9.98       2.90       2.31
      2850       7.18     -10.07       0.54       0.06       0.00       1.45       2.76       2.31
      2908      24.44     -27.82       0.43       0.00       0.00       1.45       2.76       2.31
      3136      24.60     -27.37       0.43       0.00       0.00       1.45       2.46       2.31
      3407      25.38     -28.10       0.43       0.00       0.00       1.45       2.43       2.31
      4936      26.98     -32.05       0.43       0.00       0.00       1.61       3.53       2.31
      6199      27.03     -31.92       0.43       0.00       0.00       1.45       3.51       2.31
      6410      27.45     -32.39       0.43       0.00       0.00       1.34       3.60       2.31
      6435      27.92     -32.70       0.52       0.00       0.00       1.61       3.52       2.31
      6644      27.98     -32.57       0.52       0.00       0.00       1.45       3.50       2.31
      6980      28.08     -32.86       0.52       0.00       0.00       1.61       3.52       2.31
      7312      29.90     -33.68       0.52       0.00       0.00       0.16       3.75       2.31
      7731      30.44     -34.62       0.64       0.00       0.00       1.45       3.48       2.31
      7757      31.15     -35.16       0.73       0.00       0.00       1.65       3.43       2.31
      7845      32.31     -36.25       0.52       0.00       0.00       0.16       3.83       2.31
      7867      32.79     -36.78       0.52       0.00       0.00       0.16       3.85       2.31
      8171      32.87     -36.85       0.52       0.00       0.00       0.16       3.85       2.31
      8241      33.48     -37.45       0.52       0.00       0.00       0.16       3.84       2.31
      8310      33.72     -36.78       0.73       0.00       0.00       0.19       3.69       2.31
      8484      34.24     -37.63       0.73       0.00       0.00       0.35       3.77       2.31
--------------------------------------------------------------------------------
Best docking solution after GA:
      8500      34.24     -37.63       0.73       0.00       0.00       0.35       3.77       2.31

#ops:       8500 #mutates:   4265 #cross:     4235 #dups:      2575 
#niche:     5034 #errors:     302 
--------------------------------------------------------------------------------

Doing AMOEBA simplex on best individual
AMOEBA simplex failed to converge after 2000 iterations
Done simplexing #iterations 2000, best score  50.66

Ligand is stored in gold_soln_prep_ligand_9_m1_9.mol2


--------------------------------------------------------------------------------
--- CHEMPLP breakdown of terms                                               ---
--------------------------------------------------------------------------------
CHEMPLP = - ( 1.0000*S(PLP) + -3.0000*S(hbond) + -6.0000*S(metal) + -3.0000*S(cho) )

Score = CHEMPLP - 1.0000*DE(clash) - 2.0000*DE(tors)

Internal energy term has been corrected with the best internal energy encountered.

--------------------------------------------------------------------------------


     Score     S(PLP)   S(hbond)     S(cho)   S(metal)  DE(clash)   DE(tors)     intcor
     50.66     -53.76       0.33       0.14       0.00       0.00       3.42       2.31

--------------------------------------------------------------------------------
--- PLP analysis of protein-ligand interactions                              ---
--------------------------------------------------------------------------------
hydrogen bonding        :      -3.01
metal                   :       0.00
buried (polar-nonpolar) :      -5.19
nonpolar                :     -53.25
repulsive               :       5.66
--------------------------------------------------------------------------------


--------------------------------------------------------------------------------
--- ChemScore analysis of protein-ligand interactions                        ---
--------------------------------------------------------------------------------

* Hydrogen bonds                                                                
Protein donor 5482 hydrogen 5484 Ligand acceptor   14 bond energy  1.00 wt 0.33


* CH..O interactions                                                            
  CH group selection                       : activated ring CH (adjacent to hetatom)
Ligand carbon   34 hydrogen   71 Protein acceptor 2489 bond energy  1.00 wt 0.14

--------------------------------------------------------------------------------


--------------------------------------------------------------------------------
--- Intra-ligand clashes                                                     ---
--------------------------------------------------------------------------------

Ligand
--------------------------------------------------------------------------------


--------------------------------------------------------------------------------
--- Chromosome decoded                                                       ---
--------------------------------------------------------------------------------
Ligand Torsions
[   4    3    2    1]  -30.00    matched torsion: ortho-substituted aromatic methoxy
[   8    7    6    5]  -97.08
[   9    8    7    6]   48.00
[  10   11   12   13]   27.21    matched torsion: aromatic amide
[  16   15   13   12]  -36.50
[  19   18   17   16]  122.43
[  28   27   26   25]    8.69
[  37   38   39   40]   -2.55    matched torsion: ortho-substituoed aromatic-aliphatic ether
[  41   40   39   38]  -73.73
[  42   41   40   39] -154.14
[  43   42   41   40]  111.41
[  44   43   42   41]  -64.71
Protein Torsions
[ 489  484  483  480] -161.53 
[1635 1626 1625 1623]  159.12 
[1707 1702 1701 1698]   67.19 
[1839 1828 1827 1826]   64.45 
Mapping
Ligand acceptors to protein hydrogens (mapping then atom ids)
Ligand hydrogens to protein acceptors (mapping then atom ids)
Ligand shape atoms to protein points (mapping then atom ids & coords)
  2  4638 [  4->(-15.250  16.750  21.000)]
  4  6777 [ 10->(-11.250  15.750  19.750)]
  5  7452 [ 15->( -6.500  17.000  20.250)]
Chromosome values
Integers:
  -1   -1   -1   -1   -1   -1   -1   -1   -1   -1 4637   -1 
6776 7451   -1   -1   -1   -1   -1   -1   -1   -1   -1   -1 
  -1   -1   -1   -1   -1   -1   -1   -1   -1   -1 
--------------------------------------------------------------------------------

Current Ranking  3  8  1  7  5  9  6  2  4

--------------------------------------------------------------------------------

* GA execution time :                                                           
  total  0.2183 user  0.2183 sys  0.0000

--------------------------------------------------------------------------------
Fitness function evaluations: 17681

--------------------------------------------------------------------------------
** Docking run number 10 **
--------------------------------------------------------------------------------
  Rank fitness base is 5000.00 ; increment is 11.2233

* Initialising population(s) ...                                                
Number of constraints mappings 0
Number of constraints 0
  Population no.                           :      1
  Population size                          :    100
  Number of duplicates                     :      0
  Number of niche violations               :      0
  Number of errors                         :     92


Doing GA, no. of population(s) 1 size 100 selection pressure 1.100000

 Operation      Score     S(PLP)   S(hbond)     S(cho)   S(metal)  DE(clash)   DE(tors)     intcor
         0    -109.27      47.49       0.00       0.00       0.00      59.92       2.08       2.31
       533     -92.67      51.23       0.09       0.00       0.00      36.61       3.70       2.31
       536     -84.66       7.98       0.09       0.00       0.00      72.75       3.26       2.31
       692     -28.22      -6.01       0.09       0.00       0.00      29.80       3.50       2.31
       901     -27.73       0.67       0.09       0.00       0.00      22.78       3.43       2.31
      1204     -16.88      -3.37       0.09       0.00       0.00      16.55       3.14       2.31
      2090     -12.04       1.73       0.09       0.00       0.00       5.87       3.51       2.31
      2109       1.89     -14.43       0.09       0.00       0.00       7.81       3.65       2.31
      2345      13.26     -23.67       0.09       0.00       0.00       5.87       3.56       2.31
      4316      13.27     -23.69       0.09       0.00       0.00       5.85       3.57       2.31
      4414      13.40     -23.67       0.09       0.00       0.00       5.87       3.49       2.31
      4445      18.40     -24.56       0.09       0.00       0.00       1.41       3.66       2.31
      4661      19.61     -30.88       0.09       0.00       0.00       6.75       3.55       2.31
      5204      22.11     -26.69       0.00       0.00       0.00       1.95       2.48       2.31
      5370      22.11     -36.60       0.06       0.00       0.00       7.81       4.58       2.31
      5491      22.44     -26.95       0.00       0.00       0.00       1.95       2.45       2.31
      5504      23.50     -32.22       0.09       0.00       0.00       5.85       2.72       2.31
      5520      24.65     -28.74       0.09       0.00       0.00       2.01       2.33       2.31
      5561      27.28     -37.90       0.06       0.00       0.00       3.95       4.58       2.31
      5853      27.42     -37.99       0.05       0.00       0.00       3.95       4.55       2.31
      6151      28.43     -33.88       0.09       0.00       0.00       2.01       3.01       2.31
      6317      28.45     -33.90       0.09       0.00       0.00       1.99       3.02       2.31
      6377      28.96     -33.81       0.65       0.00       0.00       3.86       2.63       2.31
      6442      33.17     -37.62       0.78       0.00       0.00       3.86       2.63       2.31
      6584      36.25     -41.87       0.03       0.00       0.00       1.99       3.02       2.31
      7479      36.81     -41.91       0.03       0.00       0.00       1.99       2.76       2.31
      7545      38.11     -43.53       0.00       0.00       0.00       1.99       2.87       2.31
      7967      38.43     -43.76       0.00       0.00       0.00       1.99       2.82       2.31
      7968      39.95     -45.66       0.00       0.00       0.00       1.99       3.02       2.31
      8030      42.91     -47.21       0.00       0.00       0.00       0.07       3.27       2.31
      8085      44.28     -48.92       0.01       0.00       0.00       0.60       3.20       2.31
      8454      44.87     -49.00       0.01       0.00       0.00       0.07       3.21       2.31
--------------------------------------------------------------------------------
Best docking solution after GA:
      8500      44.87     -49.00       0.01       0.00       0.00       0.07       3.21       2.31

#ops:       8500 #mutates:   4345 #cross:     4155 #dups:      3453 
#niche:     3729 #errors:     251 
--------------------------------------------------------------------------------

Doing AMOEBA simplex on best individual
Done simplexing #iterations 1221, best score  63.63

Ligand is stored in gold_soln_prep_ligand_9_m1_10.mol2


--------------------------------------------------------------------------------
--- CHEMPLP breakdown of terms                                               ---
--------------------------------------------------------------------------------
CHEMPLP = - ( 1.0000*S(PLP) + -3.0000*S(hbond) + -6.0000*S(metal) + -3.0000*S(cho) )

Score = CHEMPLP - 1.0000*DE(clash) - 2.0000*DE(tors)

Internal energy term has been corrected with the best internal energy encountered.

--------------------------------------------------------------------------------


     Score     S(PLP)   S(hbond)     S(cho)   S(metal)  DE(clash)   DE(tors)     intcor
     63.63     -65.57       0.17       0.00       0.00       0.00       2.38       2.31

--------------------------------------------------------------------------------
--- PLP analysis of protein-ligand interactions                              ---
--------------------------------------------------------------------------------
hydrogen bonding        :      -2.00
metal                   :       0.00
buried (polar-nonpolar) :      -3.59
nonpolar                :     -59.64
repulsive               :       0.27
--------------------------------------------------------------------------------


--------------------------------------------------------------------------------
--- ChemScore analysis of protein-ligand interactions                        ---
--------------------------------------------------------------------------------

* Hydrogen bonds                                                                
Protein donor 5227 hydrogen 5229 Ligand acceptor   39 bond energy  1.00 wt 0.17


* CH..O interactions                                                            
  CH group selection                       : activated ring CH (adjacent to hetatom)

--------------------------------------------------------------------------------


--------------------------------------------------------------------------------
--- Intra-ligand clashes                                                     ---
--------------------------------------------------------------------------------

Ligand
--------------------------------------------------------------------------------


--------------------------------------------------------------------------------
--- Chromosome decoded                                                       ---
--------------------------------------------------------------------------------
Ligand Torsions
[   4    3    2    1]   25.68    matched torsion: ortho-substituted aromatic methoxy
[   8    7    6    5]  -62.96
[   9    8    7    6]  106.86
[  10   11   12   13]  154.68    matched torsion: aromatic amide
[  16   15   13   12]   -0.82
[  19   18   17   16]  159.75
[  28   27   26   25]  169.59
[  37   38   39   40]    9.92    matched torsion: ortho-substituoed aromatic-aliphatic ether
[  41   40   39   38]  163.91
[  42   41   40   39]   87.98
[  43   42   41   40] -149.31
[  44   43   42   41]  129.22
Protein Torsions
[ 489  484  483  480] -149.44 
[1635 1626 1625 1623]   38.46 
[1707 1702 1701 1698]  -35.96 
[1839 1828 1827 1826]  127.78 
Mapping
Ligand acceptors to protein hydrogens (mapping then atom ids)
Ligand hydrogens to protein acceptors (mapping then atom ids)
Ligand shape atoms to protein points (mapping then atom ids & coords)
  2  4364 [  4->(-15.750  21.750  20.000)]
 16  2110 [ 37->(-19.250  19.000  20.250)]
 20  5913 [ 44->(-12.750  14.750  20.750)]
 23  6628 [ 47->(-11.500  14.000  19.250)]
Chromosome values
Integers:
  -1   -1   -1   -1   -1   -1   -1   -1   -1   -1 4363   -1 
  -1   -1   -1   -1   -1   -1   -1   -1   -1   -1   -1   -1 
2109   -1   -1   -1 5912   -1   -1 6627   -1   -1 
--------------------------------------------------------------------------------

Current Ranking  3  8 10  1  7  5  9  6  2  4

--------------------------------------------------------------------------------

* GA execution time :                                                           
  total  0.1910 user  0.1910 sys  0.0000

--------------------------------------------------------------------------------
Fitness function evaluations: 16679

--------------------------------------------------------------------------------
--- Ranking analysis                                                         ---
--------------------------------------------------------------------------------


* Final ranked order of GA solutions:                                           
   3  8 10  1  7  5  9  6  2  4 

  _______________________________
  RMSD Matrix of RANKED solutions

        2    3    4    5    6    7    8    9   10  

   1 : 14.8 11.2 13.1  2.0 12.7  2.2 13.7  4.2  3.9
   2 :      10.4  4.5 14.9  6.1 13.7  4.6 14.4 13.6
   3 :           10.2 11.2  9.2 10.2 10.5 11.5 10.2
   4 :                13.1  3.9 11.8  3.4 12.2 11.8
   5 :                     12.8  3.2 13.8  3.9  4.4
   6 :                          11.3  3.6 11.6 11.1
   7 :                               12.5  4.2  3.5
   8 :                                    13.1 12.5
   9 :                                          4.3

  Clustering method                        : complete linkage
  Structure ids in cluster table           : rank nos.
  Ordering of clusters and their members   : by rank (order if from rms_analysis)

  Distance | Clusters
   2.02    |  1  5 |  2 |  3 |  4 |  6 |  7 |  8 |  9 | 10 |
   3.24    |  1  5  7 |  2 |  3 |  4 |  6 |  8 |  9 | 10 |
   3.42    |  1  5  7 |  2 |  3 |  4  8 |  6 |  9 | 10 |
   3.91    |  1  5  7 |  2 |  3 |  4  6  8 |  9 | 10 |
   4.23    |  1  5  7  9 |  2 |  3 |  4  6  8 | 10 |
   4.41    |  1  5  7  9 10 |  2 |  3 |  4  6  8 |
   6.12    |  1  5  7  9 10 |  2  4  6  8 |  3 |
  10.53    |  1  5  7  9 10 |  2  3  4  6  8 |
  14.89    |  1  2  3  4  5  6  7  8  9 10 |
  Finished Docking Ligand                  : /nfs/home/myuecel3/Frontiers_MedChem/data/output/gold_docking_step1/prep_ligand_9.mol2
--------------------------------------------------------------------------------

  Relative_Ligand_Energy (best encountered) :   2.314
  Relative_Ligand_Energy: fitness values have been corrected using this amount
