
--------------------------------------------------------------------------------
--- Ligand                                                                   ---
--------------------------------------------------------------------------------
  Ligand loaded from file                  : /nfs/home/myuecel3/Frontiers_MedChem/data/output/gold_docking_step1/prep_ligand_10.mol2
  Ligand name                              :  
  "RDKit          3D                                                        "

--------------------------------------------------------------------------------
  N.plc donors                             : 
  none found

  Acidic nitrogen acceptors                : 
  none found
  Sulfur acceptors                         :
  none found

  16 (SO2 acceptor)
  17 (SO2 acceptor)

  Donor atoms                              :      3
  4   6   24  
  Acceptor atoms                           :      5
  4   5   6   16  17  

  Hydrogens                                :  (n = 4)
  29   30   42   43   

  Lone pairs added to molecule             :      7
  Numbering                                : from 44 to 17

--------------------------------------------------------------------------------
--- Postprocessing of typing                                                 ---
--------------------------------------------------------------------------------
  Fragment file                            : /appl/ccdc/CSDS2022/Discovery_2022/GOLD/gold/rotatable_bond_override.mol2
  acylurea fragment                        : no matches
  thioacylthiourea fragment                : no matches
  acylthiourea fragment                    : no matches
  thioacylurea fragment                    : no matches
  diarylamine fragment >C.ar-NH-C.ar<      : no matches
  sec-amine (1) fragment                   : no matches
  sec-amine (2) fragment                   : no matches
  sec-amine (3) fragment                   : no matches
  carboxylic ester                         : no matches

* Rotatable bonds in /nfs/home/myuecel3/F  :
  [   2    3] [   3    4] [   5    6] [   2    7] 
  [   7    8] [   8    9] [   7   15] [  15   18] 
  No. of rotatable bonds                   :      8


* Reading torsional distributions from file:
  /appl/ccdc/CSDS2022/Discovery_2022/GOLD/gold/gold.tordist
  No. of bins in torsional distributions   :     36
  Minimum size of largest peak             :      0
  Removing high energy torsions            : on
  Delta E set to                           :   2.500

* Fragments found in /nfs/home/myuecel3/F  :
  atom   9: benzene
  atom  10: benzene
  atom  11: benzene
  atom  12: benzene
  atom  13: benzene
  atom  14: benzene
  atom  18: benzene
  atom  19: benzene
  atom  20: benzene
  atom  21: benzene
  atom  22: benzene
  atom  23: benzene


* Checking torsion distributions:                                               
  Rotatable bond [ 7 15 18 23] matches torsion: disubstituted sulphonamide aromatic sulponamide 2
   N ( C  C ) | S ( =O.2  =O.2 ) | C.ar ( ~C.ar ) | C.ar 
  No. of matched torsions                  :      1

--------------------------------------------------------------------------------
--- Shape fitting atoms selection (hydrophobic atoms)                        ---
--------------------------------------------------------------------------------
  Molecule                                 : /nfs/home/myuecel3/Frontiers_MedChem/data/output/gold_docking_step1/prep_ligand_10.mol2
  Selection                                : carbons only
  Atom numbers                             :  (n = 12)
  1    2    8    10   11   12   13   14   19   20   
  21   22   


--------------------------------------------------------------------------------
--- ChemScore ligand setup summary                                           ---
--------------------------------------------------------------------------------
  ChemScore ligand acceptors               :      5
  4 5 6 16 17 
  ChemScore ligand donors                  :      3
  4 ( 29  ) 6 ( 30  ) 24 ( 42 43  ) 
  ChemScore ligand CH donors               :      0
  

  ChemScore ligand lipophilic atoms        :  (n = 15)
  1    2    8    9    10   11   12   13   14   18   
  19   20   21   22   23   

  ChemScore ligand rotatable bonds         :      8
  2   (C2 ) - 3   (C3 ): SP3_SP2_BOND
  3   (C3 ) - 4   (O4 ): SP3_SP2_BOND
  5   (N5 ) - 6   (O6 ): SP3_SP2_BOND
  2   (C2 ) - 7   (N7 ): SP3_SP2_BOND
  7   (N7 ) - 8   (C8 ): SP3_SP2_BOND
  8   (C8 ) - 9   (C9 ): SP3_SP2_BOND
  7   (N7 ) - 15  (S15): SP2_SP2_BOND
  15  (S15) - 18  (C18): SP2_SP2_BOND

--------------------------------------------------------------------------------
--- PLP ligand setup summary                                                 ---
--------------------------------------------------------------------------------
    1    C1   C.3 NONPOLAR
    2    C2   C.3 NONPOLAR
    3    C3   C.2 NONPOLAR
    4    O4   O.3 DONACC
    5    N5   N.2 ACCEPTOR
    6    O6   O.3 DONACC
    7    N7 N.pl3 NONPOLAR
    8    C8   C.3 NONPOLAR
    9    C9  C.ar NONPOLAR
   10   C10  C.ar NONPOLAR
   11   C11  C.ar NONPOLAR
   12   C12  C.ar NONPOLAR
   13   C13  C.ar NONPOLAR
   14   C14  C.ar NONPOLAR
   15   S15  S.o2 NONPOLAR
   16   O16   O.2 ACCEPTOR
   17   O17   O.2 ACCEPTOR
   18   C18  C.ar NONPOLAR
   19   C19  C.ar NONPOLAR
   20   C20  C.ar NONPOLAR
   21   C21  C.ar NONPOLAR
   22   C22  C.ar NONPOLAR
   23   C23  C.ar NONPOLAR
   24   N24 N.pl3 DONOR

--------------------------------------------------------------------------------
--- Automatic parameter setting                                              ---
--------------------------------------------------------------------------------
  Contribution base                        :   2500
  Contribution per rotatable bond          :   6000
  Contribution per df                      :   4000
  Contribution per water                   :  10000
  Ligand rotatable bonds                   :      8
  Protein flexible side chain bonds        :      0
  Total rotatable bonds                    :      8
  Hydrophobic vol ratio (P/L)              :   1.211
  Base multiplier (polar)                  :   1.600
  Base multiplier (apolar)                 :   2.907
  Base contribution                        : 10000.000
  Fitting points                           :      8
  Estimated maxops needed (optimal)        :  58500
  Autoscale factor (in percent)            :     10
  Scaled maxops                            :   6000

--------------------------------------------------------------------------------

* Population settings                                                           
  maxops                                   :   6000
  popsiz                                   :    100
  select_pressure                          :   1.100
  n_islands                                :      1
  niche_siz                                :      2

* GA settings                                                                   
  pt_crosswt                               :    100
  allele_mutatewt                          :    100
  migratewt                                :      0

* Search settings                                                               
  start_vdw_linear_cutoff                  :   4.000
  initial_virtual_pt_match_max             :   3.000

--------------------------------------------------------------------------------

* Ligand initialisation time :                                                  
  total  0.0091 user  0.0091 sys  0.0000

--------------------------------------------------------------------------------

--------------------------------------------------------------------------------
** Docking run number  1 **
--------------------------------------------------------------------------------
  Rank fitness base is 5000.00 ; increment is 11.2233

* Initialising population(s) ...                                                
Number of constraints mappings 0
Number of constraints 0
  Population no.                           :      1
  Population size                          :    100
  Number of duplicates                     :      0
  Number of niche violations               :      0
  Number of errors                         :     36


Doing GA, no. of population(s) 1 size 100 selection pressure 1.100000

 Operation      Score     S(PLP)   S(hbond)     S(cho)   S(metal)  DE(clash)   DE(tors)     intcor
         0       5.73      -2.83       1.19       0.00       0.00       0.00       3.73       5.72
       190      12.27     -10.16       1.29       0.00       0.00       0.00       3.74       5.72
      1028      13.63     -11.90       1.29       0.00       0.00       0.36       3.75       5.72
      1053      14.32     -12.20       1.29       0.00       0.00       0.00       3.74       5.72
      1151      16.44     -18.10       0.09       0.00       0.00       0.00       3.83       5.72
      1448      21.87     -37.96       0.55       0.00       0.00      17.12       3.17       5.72
      1583      22.56     -24.22       0.09       0.00       0.00       0.00       3.83       5.72
      1603      22.56     -24.22       0.09       0.00       0.00       0.00       3.83       5.72
      1610      29.51     -35.38       0.00       0.00       0.00       4.96       3.31       5.72
      1628      33.81     -35.75       0.00       0.00       0.00       0.00       3.83       5.72
      1860      35.32     -36.87       0.07       0.00       0.00       0.00       3.74       5.72
      2258      36.27     -37.88       0.05       0.00       0.00       0.00       3.74       5.72
      2810      41.56     -43.20       0.04       0.00       0.00       0.00       3.74       5.72
      2947      43.13     -43.81       0.00       0.00       0.00       0.00       3.20       5.72
      3267      44.96     -45.63       0.00       0.00       0.00       0.00       3.20       5.72
      3908      52.38     -53.18       0.09       0.00       0.00       0.00       3.40       5.72
      4166      53.25     -53.89       0.03       0.00       0.00       0.00       3.23       5.72
      4550      53.50     -53.18       0.46       0.00       0.00       0.00       3.40       5.72
      4766      53.85     -53.35       0.52       0.00       0.00       0.00       3.40       5.72
      5056      55.26     -54.13       0.62       0.00       0.00       0.00       3.23       5.72
      5785      55.40     -54.60       0.63       0.00       0.00       0.00       3.40       5.72
      5855      55.47     -54.49       0.57       0.00       0.00       0.00       3.23       5.72
      5925      55.77     -54.60       0.75       0.00       0.00       0.00       3.40       5.72
--------------------------------------------------------------------------------
Best docking solution after GA:
      6000      55.77     -54.60       0.75       0.00       0.00       0.00       3.40       5.72

#ops:       6000 #mutates:   3075 #cross:     2925 #dups:      1405 
#niche:     3540 #errors:      70 
--------------------------------------------------------------------------------

Doing AMOEBA simplex on best individual
Done simplexing #iterations 651, best score  61.16

Ligand is stored in gold_soln_prep_ligand_10_m1_1.mol2


--------------------------------------------------------------------------------
--- CHEMPLP breakdown of terms                                               ---
--------------------------------------------------------------------------------
CHEMPLP = - ( 1.0000*S(PLP) + -3.0000*S(hbond) + -6.0000*S(metal) + -3.0000*S(cho) )

Score = CHEMPLP - 1.0000*DE(clash) - 2.0000*DE(tors)

Internal energy term has been corrected with the best internal energy encountered.

--------------------------------------------------------------------------------


     Score     S(PLP)   S(hbond)     S(cho)   S(metal)  DE(clash)   DE(tors)     intcor
     61.16     -55.88       2.07       0.00       0.00       0.00       3.32       5.72

--------------------------------------------------------------------------------
--- PLP analysis of protein-ligand interactions                              ---
--------------------------------------------------------------------------------
hydrogen bonding        :      -5.77
metal                   :       0.00
buried (polar-nonpolar) :      -8.95
nonpolar                :     -41.03
repulsive               :       0.35
--------------------------------------------------------------------------------


--------------------------------------------------------------------------------
--- ChemScore analysis of protein-ligand interactions                        ---
--------------------------------------------------------------------------------

* Hydrogen bonds                                                                
Ligand donor    4 hydrogen   29 Protein acceptor  386 bond energy  1.00 wt 1.00
Ligand donor   24 hydrogen   42 Protein acceptor 2465 bond energy  1.00 wt 0.51
Protein donor 5035 hydrogen 5036 Ligand acceptor    6 bond energy  1.00 wt 0.56


* CH..O interactions                                                            
  CH group selection                       : activated ring CH (adjacent to hetatom)

--------------------------------------------------------------------------------


--------------------------------------------------------------------------------
--- Intra-ligand clashes                                                     ---
--------------------------------------------------------------------------------

Ligand
--------------------------------------------------------------------------------


--------------------------------------------------------------------------------
--- Chromosome decoded                                                       ---
--------------------------------------------------------------------------------
Ligand Torsions
[   4    3    2    1]  129.59
[  29    4    3    2]  141.24
[  30    6    5    3]   91.93
[   1    2    7    8]  125.69
[   9    8    7    2] -115.91
[  10    9    8    7]  -77.67
[  16   15    7    2]   65.96
[   7   15   18   23]   87.65    matched torsion: disubstituted sulphonamide aromatic sulponamide 2
Protein Torsions
[ 489  484  483  480]   32.77 
[1635 1626 1625 1623]  -60.84 
[1707 1702 1701 1698] -101.93 
[1839 1828 1827 1826]  -10.19 
Mapping
Ligand acceptors to protein hydrogens (mapping then atom ids)
  1  47 [  4->5036]
Ligand hydrogens to protein acceptors (mapping then atom ids)
Ligand shape atoms to protein points (mapping then atom ids & coords)
  2  5066 [  2->(-14.250  16.000  19.750)]
  3  5159 [  8->(-14.000  14.500  20.000)]
  4  5394 [ 10->(-13.500  12.250  19.750)]
 10  3433 [ 20->(-16.750  18.000  21.750)]
 11  2331 [ 21->(-18.750  17.500  21.500)]
Chromosome values
Integers:
  46   -1   -1   -1   -1   -1   -1   -1   -1   -1 5065 5158 
5393   -1   -1   -1   -1   -1 3432 2330   -1 
--------------------------------------------------------------------------------

Current Ranking  1

--------------------------------------------------------------------------------

* GA execution time :                                                           
  total  0.1116 user  0.1116 sys  0.0000

--------------------------------------------------------------------------------
Fitness function evaluations: 12349

--------------------------------------------------------------------------------
** Docking run number  2 **
--------------------------------------------------------------------------------
  Rank fitness base is 5000.00 ; increment is 11.2233

* Initialising population(s) ...                                                
Number of constraints mappings 0
Number of constraints 0
  Population no.                           :      1
  Population size                          :    100
  Number of duplicates                     :      0
  Number of niche violations               :      0
  Number of errors                         :     50


Doing GA, no. of population(s) 1 size 100 selection pressure 1.100000

 Operation      Score     S(PLP)   S(hbond)     S(cho)   S(metal)  DE(clash)   DE(tors)     intcor
         0     -17.34      -3.94       1.20       0.00       0.00      23.09       3.76       5.72
        42      -3.25     -10.53       0.17       0.00       0.00      13.33       3.35       5.72
       212      -2.54      -2.86       0.00       0.00       0.00       4.92       3.10       5.72
       216       6.31     -11.04       0.22       0.00       0.00       4.92       3.10       5.72
       416       7.10     -11.61       0.32       0.00       0.00       4.92       3.09       5.63
       617      14.70     -23.71       0.48       0.00       0.00       9.05       3.52       5.63
       870      18.48     -23.68       0.10       0.00       0.00       4.92       3.10       5.63
       975      23.69     -23.96       0.43       0.00       0.00       1.18       3.01       5.63
      1084      27.69     -29.19       0.28       0.00       0.00       2.00       2.98       5.63
      1376      28.65     -30.47       0.17       0.00       0.00       2.00       2.98       5.63
      2525      28.95     -26.61       1.20       0.00       0.00       0.00       3.45       5.63
      2686      29.10     -30.56       0.94       0.00       0.00       2.97       3.48       5.63
      2785      30.02     -30.82       0.48       0.00       0.00       0.51       3.69       5.63
      3054      40.13     -40.34       0.61       0.00       0.00       0.35       3.66       5.63
      3320      42.23     -39.51       1.40       0.00       0.00       0.00       3.56       5.63
      3623      42.39     -39.68       1.41       0.00       0.00       0.00       3.57       5.63
      3769      42.82     -40.32       1.33       0.00       0.00       0.00       3.56       5.63
      3910      48.69     -45.24       1.65       0.00       0.00       0.00       3.56       5.63
      4318      49.67     -46.47       1.56       0.00       0.00       0.00       3.56       5.63
      4526      50.02     -45.15       2.12       0.00       0.00       0.00       3.56       5.63
      4958      50.71     -46.90       1.77       0.00       0.00       0.00       3.56       5.63
      5019      51.27     -45.85       2.30       0.00       0.00       0.00       3.56       5.63
      5072      52.50     -46.91       2.36       0.00       0.00       0.00       3.56       5.63
      5675      54.06     -52.41       1.45       0.00       0.00       1.22       3.56       5.63
      5797      56.44     -51.80       1.73       0.00       0.00       0.00       3.09       5.63
      5982      56.52     -52.22       1.61       0.00       0.00       0.00       3.09       5.63
--------------------------------------------------------------------------------
Best docking solution after GA:
      6000      56.52     -52.22       1.61       0.00       0.00       0.00       3.09       5.63

#ops:       6000 #mutates:   3007 #cross:     2993 #dups:      1310 
#niche:     2916 #errors:      92 
--------------------------------------------------------------------------------

Doing AMOEBA simplex on best individual
Done simplexing #iterations 902, best score  63.17

Ligand is stored in gold_soln_prep_ligand_10_m1_2.mol2


--------------------------------------------------------------------------------
--- CHEMPLP breakdown of terms                                               ---
--------------------------------------------------------------------------------
CHEMPLP = - ( 1.0000*S(PLP) + -3.0000*S(hbond) + -6.0000*S(metal) + -3.0000*S(cho) )

Score = CHEMPLP - 1.0000*DE(clash) - 2.0000*DE(tors)

Internal energy term has been corrected with the best internal energy encountered.

--------------------------------------------------------------------------------


     Score     S(PLP)   S(hbond)     S(cho)   S(metal)  DE(clash)   DE(tors)     intcor
     63.17     -59.10       1.51       0.00       0.00       0.00       3.05       5.63

--------------------------------------------------------------------------------
--- PLP analysis of protein-ligand interactions                              ---
--------------------------------------------------------------------------------
hydrogen bonding        :      -3.17
metal                   :       0.00
buried (polar-nonpolar) :      -2.46
nonpolar                :     -52.99
repulsive               :       0.17
--------------------------------------------------------------------------------


--------------------------------------------------------------------------------
--- ChemScore analysis of protein-ligand interactions                        ---
--------------------------------------------------------------------------------

* Hydrogen bonds                                                                
Ligand donor   24 hydrogen   42 Protein acceptor 2706 bond energy  1.00 wt 0.51
Protein donor 5227 hydrogen 5229 Ligand acceptor   16 bond energy  1.00 wt 1.00


* CH..O interactions                                                            
  CH group selection                       : activated ring CH (adjacent to hetatom)

--------------------------------------------------------------------------------


--------------------------------------------------------------------------------
--- Intra-ligand clashes                                                     ---
--------------------------------------------------------------------------------

Ligand
--------------------------------------------------------------------------------


--------------------------------------------------------------------------------
--- Chromosome decoded                                                       ---
--------------------------------------------------------------------------------
Ligand Torsions
[   4    3    2    1]  -60.07
[  29    4    3    2]  -23.50
[  30    6    5    3]  -28.51
[   1    2    7    8] -119.88
[   9    8    7    2]  -68.15
[  10    9    8    7]   15.78
[  16   15    7    2]   31.22
[   7   15   18   23]  -83.73    matched torsion: disubstituted sulphonamide aromatic sulponamide 2
Protein Torsions
[ 489  484  483  480]  -70.76 
[1635 1626 1625 1623]    8.46 
[1707 1702 1701 1698]  -69.25 
[1839 1828 1827 1826] -104.40 
Mapping
Ligand acceptors to protein hydrogens (mapping then atom ids)
Ligand hydrogens to protein acceptors (mapping then atom ids)
  2  36 [ 30->5035]
  3  18 [ 42->5335]
Ligand shape atoms to protein points (mapping then atom ids & coords)
  1  5473 [  1->(-13.500  16.250  21.500)]
  3  4950 [  8->(-14.500  15.000  20.000)]
  6  5232 [ 12->(-13.750  10.250  19.000)]
  7  5827 [ 13->(-12.750  10.250  19.250)]
  9  4643 [ 19->(-15.250  17.000  21.500)]
 10  3438 [ 20->(-16.750  18.000  23.000)]
 11  2206 [ 21->(-19.000  17.500  23.750)]
Chromosome values
Integers:
  -1   -1   -1   -1   -1   -1   35   17   -1 5472   -1 4949 
  -1   -1 5231 5826   -1 4642 3437 2205   -1 
--------------------------------------------------------------------------------

Current Ranking  2  1

--------------------------------------------------------------------------------

* GA execution time :                                                           
  total  0.1045 user  0.1045 sys  0.0000

--------------------------------------------------------------------------------
Fitness function evaluations: 12819

--------------------------------------------------------------------------------
** Docking run number  3 **
--------------------------------------------------------------------------------
  Rank fitness base is 5000.00 ; increment is 11.2233

* Initialising population(s) ...                                                
Number of constraints mappings 0
Number of constraints 0
  Population no.                           :      1
  Population size                          :    100
  Number of duplicates                     :      0
  Number of niche violations               :      0
  Number of errors                         :     47


Doing GA, no. of population(s) 1 size 100 selection pressure 1.100000

 Operation      Score     S(PLP)   S(hbond)     S(cho)   S(metal)  DE(clash)   DE(tors)     intcor
         0     -25.68       6.79       0.04       0.00       0.00      17.87       3.39       5.63
        94     -20.95       5.02       0.56       0.00       0.00      16.78       3.24       5.63
       162      10.69     -12.26       0.17       0.00       0.00       1.37       3.16       5.63
       336      10.93     -14.68       0.81       0.00       0.00       4.08       3.86       5.63
       685      18.26     -20.18       0.08       0.00       0.00       0.72       3.54       5.63
      1221      20.38     -22.54       1.70       0.00       0.00       6.49       3.20       5.63
      1471      25.46     -24.09       0.91       0.00       0.00       0.60       3.20       5.63
      1521      26.99     -25.48       0.91       0.00       0.00       0.60       3.13       5.63
      2114      28.05     -26.87       0.80       0.00       0.00       0.60       3.13       5.63
      2605      30.32     -29.32       0.85       0.00       0.00       0.00       3.59       5.63
      2646      34.73     -37.26       0.31       0.00       0.00       3.28       2.91       5.63
      2862      36.65     -40.58       0.00       0.00       0.00       3.80       2.88       5.63
      3606      37.04     -36.84       0.74       0.00       0.00       1.42       3.11       5.63
      4355      37.45     -38.10       0.46       0.00       0.00       1.42       3.11       5.60
      4497      37.62     -33.85       1.63       0.00       0.00       0.60       3.07       5.60
      4792      38.85     -40.28       0.38       0.00       0.00       2.45       2.87       5.60
      4854      39.35     -39.04       0.52       0.00       0.00       0.60       3.13       5.60
      4867      40.50     -41.09       0.48       0.00       0.00       1.42       3.11       5.60
      5304      40.59     -41.16       0.47       0.00       0.00       1.37       3.10       5.60
      5528      41.21     -43.93       0.16       0.00       0.00       2.43       3.19       5.60
      5670      41.54     -44.12       0.21       0.00       0.00       2.43       3.19       5.60
      5675      45.26     -45.80       0.44       0.00       0.00       1.70       2.89       5.60
--------------------------------------------------------------------------------
Best docking solution after GA:
      6000      45.26     -45.80       0.44       0.00       0.00       1.70       2.89       5.60

#ops:       6000 #mutates:   3003 #cross:     2997 #dups:      1178 
#niche:     3536 #errors:      45 
--------------------------------------------------------------------------------

Doing AMOEBA simplex on best individual
Done simplexing #iterations 772, best score  52.33

Ligand is stored in gold_soln_prep_ligand_10_m1_3.mol2


--------------------------------------------------------------------------------
--- CHEMPLP breakdown of terms                                               ---
--------------------------------------------------------------------------------
CHEMPLP = - ( 1.0000*S(PLP) + -3.0000*S(hbond) + -6.0000*S(metal) + -3.0000*S(cho) )

Score = CHEMPLP - 1.0000*DE(clash) - 2.0000*DE(tors)

Internal energy term has been corrected with the best internal energy encountered.

--------------------------------------------------------------------------------


     Score     S(PLP)   S(hbond)     S(cho)   S(metal)  DE(clash)   DE(tors)     intcor
     52.33     -52.30       0.47       0.00       0.00       0.78       3.10       5.60

--------------------------------------------------------------------------------
--- PLP analysis of protein-ligand interactions                              ---
--------------------------------------------------------------------------------
hydrogen bonding        :      -6.98
metal                   :       0.00
buried (polar-nonpolar) :      -8.09
nonpolar                :     -38.78
repulsive               :       0.34
--------------------------------------------------------------------------------


--------------------------------------------------------------------------------
--- ChemScore analysis of protein-ligand interactions                        ---
--------------------------------------------------------------------------------

* Hydrogen bonds                                                                
Protein donor 5227 hydrogen 5229 Ligand acceptor   16 bond energy  1.00 wt 0.47


* CH..O interactions                                                            
  CH group selection                       : activated ring CH (adjacent to hetatom)

--------------------------------------------------------------------------------


--------------------------------------------------------------------------------
--- Intra-ligand clashes                                                     ---
--------------------------------------------------------------------------------

Ligand
  8 (C8   ) -   4 (O4   ):   0.02 (dist   3.00)
 19 (C19  ) -   5 (N5   ):   0.03 (dist   2.75)
 24 (N24  ) -  16 (O16  ):   0.78 (dist   2.48)
--------------------------------------------------------------------------------


--------------------------------------------------------------------------------
--- Chromosome decoded                                                       ---
--------------------------------------------------------------------------------
Ligand Torsions
[   4    3    2    1]  -72.27
[  29    4    3    2] -144.34
[  30    6    5    3] -108.42
[   1    2    7    8]   73.15
[   9    8    7    2]  -96.71
[  10    9    8    7]  133.29
[  16   15    7    2]  102.34
[   7   15   18   23]  132.85    matched torsion: disubstituted sulphonamide aromatic sulponamide 2
Protein Torsions
[ 489  484  483  480]   -0.21 
[1635 1626 1625 1623] -139.70 
[1707 1702 1701 1698]   97.91 
[1839 1828 1827 1826] -178.62 
Mapping
Ligand acceptors to protein hydrogens (mapping then atom ids)
Ligand hydrogens to protein acceptors (mapping then atom ids)
Ligand shape atoms to protein points (mapping then atom ids & coords)
  2  4215 [  2->(-15.750  14.500  18.750)]
  3  4089 [  8->(-16.000  17.000  21.000)]
  5  1851 [ 11->(-19.750  19.000  20.500)]
  6  1772 [ 12->(-20.000  21.500  20.000)]
 10  5556 [ 20->(-13.250  13.000  19.750)]
 11  6947 [ 21->(-10.750  15.500  19.500)]
Chromosome values
Integers:
  -1   -1   -1   -1   -1   -1   -1   -1   -1   -1 4214 4088 
  -1 1850 1771   -1   -1   -1 5555 6946   -1 
--------------------------------------------------------------------------------

Current Ranking  2  1  3

--------------------------------------------------------------------------------

* GA execution time :                                                           
  total  0.1050 user  0.1050 sys  0.0000

--------------------------------------------------------------------------------
Fitness function evaluations: 12720

--------------------------------------------------------------------------------
** Docking run number  4 **
--------------------------------------------------------------------------------
  Rank fitness base is 5000.00 ; increment is 11.2233

* Initialising population(s) ...                                                
Number of constraints mappings 0
Number of constraints 0
  Population no.                           :      1
  Population size                          :    100
  Number of duplicates                     :      0
  Number of niche violations               :      0
  Number of errors                         :     40


Doing GA, no. of population(s) 1 size 100 selection pressure 1.100000

 Operation      Score     S(PLP)   S(hbond)     S(cho)   S(metal)  DE(clash)   DE(tors)     intcor
         0      -0.23      -1.57       0.00       0.00       0.00       0.54       3.43       5.60
       199       0.99     -14.06       0.91       0.00       0.00      15.14       3.13       5.60
       200      17.88     -20.26       0.00       0.00       0.00       0.54       3.72       5.60
       830      25.04     -27.53       0.00       0.00       0.00       0.54       3.78       5.60
      1317      25.42     -27.34       0.00       0.00       0.00       0.26       3.63       5.60
      1580      27.01     -28.27       0.22       0.00       0.00       0.26       3.63       5.60
      1691      28.05     -30.55       0.00       0.00       0.00       0.54       3.78       5.60
      1927      28.80     -30.62       0.00       0.00       0.00       0.26       3.58       5.60
      1986      31.24     -34.82       0.00       0.00       0.00       1.77       3.71       5.60
      2175      32.46     -34.47       0.00       0.00       0.00       0.00       3.80       5.60
      2337      32.49     -33.56       0.35       0.00       0.00       0.00       3.86       5.60
      2473      36.76     -41.71       0.35       0.00       0.00       3.75       3.92       5.60
      2574      38.27     -38.35       0.64       0.00       0.00       0.00       3.80       5.60
      2645      38.85     -43.57       0.42       0.00       0.00       3.75       3.92       5.60
      2962      39.95     -38.95       1.00       0.00       0.00       0.00       3.80       5.60
      3368      40.78     -38.92       1.16       0.00       0.00       0.00       3.62       5.60
      3569      40.91     -39.26       1.09       0.00       0.00       0.00       3.62       5.60
      3722      41.39     -39.50       1.17       0.00       0.00       0.00       3.62       5.60
      4060      41.52     -39.27       1.47       0.00       0.00       0.00       3.88       5.60
      4174      41.58     -40.29       0.98       0.00       0.00       0.00       3.62       5.60
      4268      44.39     -42.10       1.49       0.00       0.00       0.00       3.88       5.60
      4670      44.71     -42.95       1.30       0.00       0.00       0.00       3.88       5.60
      4907      44.99     -45.73       0.47       0.00       0.00       0.00       3.88       5.60
      5364      45.18     -46.12       0.41       0.00       0.00       0.00       3.88       5.60
      5590      45.63     -45.73       0.68       0.00       0.00       0.00       3.88       5.60
      5647      45.75     -46.20       0.56       0.00       0.00       0.00       3.87       5.60
      5862      45.88     -45.73       0.77       0.00       0.00       0.00       3.88       5.60
      5882      46.07     -46.39       0.61       0.00       0.00       0.00       3.88       5.60
      5936      46.18     -46.44       0.60       0.00       0.00       0.00       3.83       5.60
--------------------------------------------------------------------------------
Best docking solution after GA:
      6000      46.18     -46.44       0.60       0.00       0.00       0.00       3.83       5.60

#ops:       6000 #mutates:   3006 #cross:     2994 #dups:      1595 
#niche:     3608 #errors:      64 
--------------------------------------------------------------------------------

Doing AMOEBA simplex on best individual
Done simplexing #iterations 807, best score  58.27

Ligand is stored in gold_soln_prep_ligand_10_m1_4.mol2


--------------------------------------------------------------------------------
--- CHEMPLP breakdown of terms                                               ---
--------------------------------------------------------------------------------
CHEMPLP = - ( 1.0000*S(PLP) + -3.0000*S(hbond) + -6.0000*S(metal) + -3.0000*S(cho) )

Score = CHEMPLP - 1.0000*DE(clash) - 2.0000*DE(tors)

Internal energy term has been corrected with the best internal energy encountered.

--------------------------------------------------------------------------------


     Score     S(PLP)   S(hbond)     S(cho)   S(metal)  DE(clash)   DE(tors)     intcor
     58.27     -53.14       2.39       0.00       0.00       0.00       3.82       5.60

--------------------------------------------------------------------------------
--- PLP analysis of protein-ligand interactions                              ---
--------------------------------------------------------------------------------
hydrogen bonding        :      -6.78
metal                   :       0.00
buried (polar-nonpolar) :      -9.52
nonpolar                :     -37.78
repulsive               :       0.31
--------------------------------------------------------------------------------


--------------------------------------------------------------------------------
--- ChemScore analysis of protein-ligand interactions                        ---
--------------------------------------------------------------------------------

* Hydrogen bonds                                                                
Ligand donor    4 hydrogen   29 Protein acceptor 2706 bond energy  1.00 wt 1.00
Ligand donor    6 hydrogen   30 Protein acceptor 2696 bond energy  1.00 wt 1.00
Protein donor 5227 hydrogen 5229 Ligand acceptor   16 bond energy  1.00 wt 0.39


* CH..O interactions                                                            
  CH group selection                       : activated ring CH (adjacent to hetatom)

--------------------------------------------------------------------------------


--------------------------------------------------------------------------------
--- Intra-ligand clashes                                                     ---
--------------------------------------------------------------------------------

Ligand
--------------------------------------------------------------------------------


--------------------------------------------------------------------------------
--- Chromosome decoded                                                       ---
--------------------------------------------------------------------------------
Ligand Torsions
[   4    3    2    1]  -92.66
[  29    4    3    2]   77.87
[  30    6    5    3]   81.46
[   1    2    7    8]   63.60
[   9    8    7    2] -105.02
[  10    9    8    7]  -18.01
[  16   15    7    2]  112.98
[   7   15   18   23]  110.84    matched torsion: disubstituted sulphonamide aromatic sulponamide 2
Protein Torsions
[ 489  484  483  480]  -70.18 
[1635 1626 1625 1623]   55.35 
[1707 1702 1701 1698] -133.21 
[1839 1828 1827 1826]  135.59 
Mapping
Ligand acceptors to protein hydrogens (mapping then atom ids)
Ligand hydrogens to protein acceptors (mapping then atom ids)
Ligand shape atoms to protein points (mapping then atom ids & coords)
  5  3030 [ 11->(-17.500  21.250  19.000)]
  6  2423 [ 12->(-18.750  21.750  19.000)]
  9  5924 [ 19->(-12.750  15.250  20.500)]
 12  6652 [ 22->(-11.500  15.250  19.750)]
Chromosome values
Integers:
  -1   -1   -1   -1   -1   -1   -1   -1   -1   -1   -1   -1 
  -1 3029 2422   -1   -1 5923   -1   -1 6651 
--------------------------------------------------------------------------------

Current Ranking  2  1  4  3

--------------------------------------------------------------------------------

* GA execution time :                                                           
  total  0.1026 user  0.1026 sys  0.0000

--------------------------------------------------------------------------------
Fitness function evaluations: 12537

--------------------------------------------------------------------------------
** Docking run number  5 **
--------------------------------------------------------------------------------
  Rank fitness base is 5000.00 ; increment is 11.2233

* Initialising population(s) ...                                                
Number of constraints mappings 0
Number of constraints 0
  Population no.                           :      1
  Population size                          :    100
  Number of duplicates                     :      0
  Number of niche violations               :      0
  Number of errors                         :     41


Doing GA, no. of population(s) 1 size 100 selection pressure 1.100000

 Operation      Score     S(PLP)   S(hbond)     S(cho)   S(metal)  DE(clash)   DE(tors)     intcor
         0     -19.73      11.79       0.06       0.00       0.00       5.95       3.88       5.60
        49     -10.41      -0.91       0.00       0.00       0.00      10.73       3.10       5.60
       306      -9.75       3.09       0.49       0.00       0.00       5.95       3.88       5.60
       589      -6.75       6.57       0.33       0.00       0.00       0.00       3.38       5.60
       620       8.49     -30.96       0.00       0.00       0.00      21.16       3.46       5.60
      1015      20.65     -21.53       0.03       0.00       0.00       0.00       3.28       5.60
      1388      22.77     -26.73       1.31       0.00       0.00       7.70       2.90       5.60
      1531      22.77     -26.73       1.31       0.00       0.00       7.70       2.90       5.60
      1708      28.55     -31.43       0.11       0.00       0.00       1.85       3.49       5.60
      2048      33.95     -38.92       0.37       0.00       0.00       5.53       3.09       5.60
      2080      34.66     -39.86       0.47       0.00       0.00       5.99       3.11       5.60
      2246      37.95     -42.83       0.40       0.00       0.00       5.53       3.09       5.60
      2435      38.50     -43.73       0.46       0.00       0.00       5.99       3.11       5.60
      2535      40.79     -43.88       1.33       0.00       0.00       6.46       3.12       5.60
      2966      44.40     -44.85       1.58       0.00       0.00       4.35       3.21       5.60
      3271      47.43     -46.33       1.46       0.00       0.00       1.85       3.52       5.60
      3442      47.54     -45.55       2.31       0.00       0.00       4.16       3.19       5.60
      3494      48.25     -46.10       2.30       0.00       0.00       3.97       3.19       5.60
      3526      49.41     -45.82       2.33       0.00       0.00       1.97       3.52       5.60
      3706      49.65     -48.72       1.40       0.00       0.00       1.85       3.52       5.60
      3770      53.12     -51.94       1.49       0.00       0.00       1.85       3.52       5.60
      4505      54.50     -51.23       2.22       0.00       0.00       1.97       3.52       5.60
      4538      54.50     -51.23       2.21       0.00       0.00       1.97       3.50       5.60
      4854      55.34     -51.53       2.35       0.00       0.00       1.85       3.50       5.60
      4995      56.03     -49.84       2.58       0.00       0.00       0.00       3.58       5.60
      5117      56.57     -52.10       2.58       0.00       0.00       1.85       3.52       5.60
      5443      56.57     -52.10       2.58       0.00       0.00       1.85       3.52       5.60
      5699      56.68     -52.17       2.58       0.00       0.00       1.85       3.50       5.60
--------------------------------------------------------------------------------
Best docking solution after GA:
      6000      56.68     -52.17       2.58       0.00       0.00       1.85       3.50       5.60

#ops:       6000 #mutates:   3024 #cross:     2976 #dups:      1731 
#niche:     3152 #errors:      99 
--------------------------------------------------------------------------------

Doing AMOEBA simplex on best individual
Done simplexing #iterations 1118, best score  65.12

Ligand is stored in gold_soln_prep_ligand_10_m1_5.mol2


--------------------------------------------------------------------------------
--- CHEMPLP breakdown of terms                                               ---
--------------------------------------------------------------------------------
CHEMPLP = - ( 1.0000*S(PLP) + -3.0000*S(hbond) + -6.0000*S(metal) + -3.0000*S(cho) )

Score = CHEMPLP - 1.0000*DE(clash) - 2.0000*DE(tors)

Internal energy term has been corrected with the best internal energy encountered.

--------------------------------------------------------------------------------


     Score     S(PLP)   S(hbond)     S(cho)   S(metal)  DE(clash)   DE(tors)     intcor
     65.12     -60.07       2.19       0.00       0.00       0.05       3.54       5.60

--------------------------------------------------------------------------------
--- PLP analysis of protein-ligand interactions                              ---
--------------------------------------------------------------------------------
hydrogen bonding        :      -5.48
metal                   :       0.00
buried (polar-nonpolar) :      -3.91
nonpolar                :     -52.26
repulsive               :       0.20
--------------------------------------------------------------------------------


--------------------------------------------------------------------------------
--- ChemScore analysis of protein-ligand interactions                        ---
--------------------------------------------------------------------------------

* Hydrogen bonds                                                                
Ligand donor    4 hydrogen   29 Protein acceptor  386 bond energy  1.00 wt 1.00
Ligand donor   24 hydrogen   42 Protein acceptor 2706 bond energy  1.00 wt 0.39
Protein donor 5227 hydrogen 5229 Ligand acceptor   16 bond energy  1.00 wt 0.80


* CH..O interactions                                                            
  CH group selection                       : activated ring CH (adjacent to hetatom)

--------------------------------------------------------------------------------


--------------------------------------------------------------------------------
--- Intra-ligand clashes                                                     ---
--------------------------------------------------------------------------------

Ligand
 14 (C14  ) -   2 (C2   ):   0.05 (dist   3.00)
--------------------------------------------------------------------------------


--------------------------------------------------------------------------------
--- Chromosome decoded                                                       ---
--------------------------------------------------------------------------------
Ligand Torsions
[   4    3    2    1]  -37.80
[  29    4    3    2]   87.18
[  30    6    5    3]   17.20
[   1    2    7    8]  -94.14
[   9    8    7    2]  -75.68
[  10    9    8    7] -172.80
[  16   15    7    2]   44.68
[   7   15   18   23]  -80.57    matched torsion: disubstituted sulphonamide aromatic sulponamide 2
Protein Torsions
[ 489  484  483  480]  123.51 
[1635 1626 1625 1623]  141.00 
[1707 1702 1701 1698] -159.04 
[1839 1828 1827 1826]  116.87 
Mapping
Ligand acceptors to protein hydrogens (mapping then atom ids)
Ligand hydrogens to protein acceptors (mapping then atom ids)
Ligand shape atoms to protein points (mapping then atom ids & coords)
  6  5360 [ 12->(-13.500  10.000  19.000)]
  7  6818 [ 13->(-11.000  12.500  18.750)]
  9  4510 [ 19->(-15.500  18.000  21.500)]
Chromosome values
Integers:
  -1   -1   -1   -1   -1   -1   -1   -1   -1   -1   -1   -1 
  -1   -1 5359 6817   -1 4509   -1   -1   -1 
--------------------------------------------------------------------------------

Current Ranking  5  2  1  4  3

--------------------------------------------------------------------------------

* GA execution time :                                                           
  total  0.1047 user  0.1017 sys  0.0030

--------------------------------------------------------------------------------
Fitness function evaluations: 12930

--------------------------------------------------------------------------------
** Docking run number  6 **
--------------------------------------------------------------------------------
  Rank fitness base is 5000.00 ; increment is 11.2233

* Initialising population(s) ...                                                
Number of constraints mappings 0
Number of constraints 0
  Population no.                           :      1
  Population size                          :    100
  Number of duplicates                     :      0
  Number of niche violations               :      0
  Number of errors                         :     39


Doing GA, no. of population(s) 1 size 100 selection pressure 1.100000

 Operation      Score     S(PLP)   S(hbond)     S(cho)   S(metal)  DE(clash)   DE(tors)     intcor
         0      -4.96      -5.34       0.07       0.00       0.00       9.28       3.41       5.60
       236      -4.96      -5.34       0.07       0.00       0.00       9.28       3.41       5.60
       281      -4.86      -5.65       0.00       0.00       0.00       9.28       3.41       5.60
       374      -3.91      -2.00       0.04       0.00       0.00       5.38       3.13       5.60
       598       4.07      -5.78       0.00       0.00       0.00       0.73       3.29       5.60
       639       6.46      -8.55       0.00       0.00       0.00       0.71       3.49       5.60
      1478       6.72     -10.92       0.79       0.00       0.00       6.13       3.03       5.60
      1489      11.62     -14.20       1.33       0.00       0.00       6.13       3.03       5.60
      1517      12.36     -12.82       0.51       0.00       0.00       0.71       3.44       5.60
      1522      16.99     -24.55       1.17       0.00       0.00       9.33       3.67       5.60
      2368      17.52     -19.21       0.15       0.00       0.00       0.00       3.88       5.60
      2421      18.89     -20.83       0.00       0.00       0.00       0.62       3.46       5.60
      2925      19.12     -20.83       0.07       0.00       0.00       0.62       3.46       5.60
      2951      20.29     -21.95       0.07       0.00       0.00       0.62       3.42       5.60
      2998      27.11     -29.10       0.00       0.00       0.00       0.71       3.44       5.60
      5463      34.03     -36.17       0.51       0.00       0.00       2.16       3.56       5.60
      5740      35.99     -37.11       0.65       0.00       0.00       1.54       3.56       5.60
--------------------------------------------------------------------------------
Best docking solution after GA:
      6000      35.99     -37.11       0.65       0.00       0.00       1.54       3.56       5.60

#ops:       6000 #mutates:   3036 #cross:     2964 #dups:      1279 
#niche:     2922 #errors:      41 
--------------------------------------------------------------------------------

Doing AMOEBA simplex on best individual
Done simplexing #iterations 859, best score  46.44

Ligand is stored in gold_soln_prep_ligand_10_m1_6.mol2


--------------------------------------------------------------------------------
--- CHEMPLP breakdown of terms                                               ---
--------------------------------------------------------------------------------
CHEMPLP = - ( 1.0000*S(PLP) + -3.0000*S(hbond) + -6.0000*S(metal) + -3.0000*S(cho) )

Score = CHEMPLP - 1.0000*DE(clash) - 2.0000*DE(tors)

Internal energy term has been corrected with the best internal energy encountered.

--------------------------------------------------------------------------------


     Score     S(PLP)   S(hbond)     S(cho)   S(metal)  DE(clash)   DE(tors)     intcor
     46.44     -44.30       0.80       0.00       0.00       0.00       2.93       5.60

--------------------------------------------------------------------------------
--- PLP analysis of protein-ligand interactions                              ---
--------------------------------------------------------------------------------
hydrogen bonding        :      -2.68
metal                   :       0.00
buried (polar-nonpolar) :      -8.87
nonpolar                :     -33.86
repulsive               :       0.29
--------------------------------------------------------------------------------


--------------------------------------------------------------------------------
--- ChemScore analysis of protein-ligand interactions                        ---
--------------------------------------------------------------------------------

* Hydrogen bonds                                                                
Protein donor 5227 hydrogen 5229 Ligand acceptor   16 bond energy  1.00 wt 0.80


* CH..O interactions                                                            
  CH group selection                       : activated ring CH (adjacent to hetatom)

--------------------------------------------------------------------------------


--------------------------------------------------------------------------------
--- Intra-ligand clashes                                                     ---
--------------------------------------------------------------------------------

Ligand
--------------------------------------------------------------------------------


--------------------------------------------------------------------------------
--- Chromosome decoded                                                       ---
--------------------------------------------------------------------------------
Ligand Torsions
[   4    3    2    1]  -60.78
[  29    4    3    2]  -18.77
[  30    6    5    3]  172.17
[   1    2    7    8]  -85.12
[   9    8    7    2] -125.21
[  10    9    8    7]   66.22
[  16   15    7    2]  -50.74
[   7   15   18   23]   75.96    matched torsion: disubstituted sulphonamide aromatic sulponamide 2
Protein Torsions
[ 489  484  483  480]  130.59 
[1635 1626 1625 1623]  -73.51 
[1707 1702 1701 1698]  118.66 
[1839 1828 1827 1826] -158.70 
Mapping
Ligand acceptors to protein hydrogens (mapping then atom ids)
Ligand hydrogens to protein acceptors (mapping then atom ids)
Ligand shape atoms to protein points (mapping then atom ids & coords)
  2  3201 [  2->(-17.000  17.000  20.000)]
  3  3606 [  8->(-16.500  16.750  19.500)]
  6  5014 [ 12->(-14.250  11.250  19.250)]
  7  5280 [ 13->(-13.750  14.000  20.250)]
  8  5265 [ 14->(-13.750  12.250  20.250)]
 11  6651 [ 21->(-11.500  15.250  19.500)]
Chromosome values
Integers:
  -1   -1   -1   -1   -1   -1   -1   -1   -1   -1 3200 3605 
  -1   -1 5013 5279 5264   -1   -1 6650   -1 
--------------------------------------------------------------------------------

Current Ranking  5  2  1  4  3  6

--------------------------------------------------------------------------------

* GA execution time :                                                           
  total  0.1022 user  0.1022 sys  0.0000

--------------------------------------------------------------------------------
Fitness function evaluations: 12708

--------------------------------------------------------------------------------
** Docking run number  7 **
--------------------------------------------------------------------------------
  Rank fitness base is 5000.00 ; increment is 11.2233

* Initialising population(s) ...                                                
Number of constraints mappings 0
Number of constraints 0
  Population no.                           :      1
  Population size                          :    100
  Number of duplicates                     :      0
  Number of niche violations               :      0
  Number of errors                         :     41


Doing GA, no. of population(s) 1 size 100 selection pressure 1.100000

 Operation      Score     S(PLP)   S(hbond)     S(cho)   S(metal)  DE(clash)   DE(tors)     intcor
         0     -10.32       7.32       0.98       0.00       0.00       5.36       3.08       5.60
        77     -10.32       7.32       0.98       0.00       0.00       5.36       3.08       5.60
       166       6.37     -23.40       1.77       0.00       0.00      20.07       3.94       5.60
       176       6.64     -28.66       0.10       0.00       0.00      20.07       3.94       5.60
       237      17.52     -19.31       0.00       0.00       0.00       0.00       3.70       5.60
       549      18.98     -20.77       0.00       0.00       0.00       0.00       3.70       5.60
       900      19.33     -21.08       0.00       0.00       0.00       0.00       3.68       5.60
      1183      22.30     -23.64       0.55       0.00       0.00       1.28       3.66       5.60
      1351      27.85     -37.81       0.96       0.00       0.00      10.96       3.74       5.60
      1381      29.38     -29.41       0.59       0.00       0.00       1.28       3.05       5.60
      1509      30.09     -38.88       1.35       0.00       0.00      10.96       3.74       5.60
      1644      30.13     -40.52       0.81       0.00       0.00      10.96       3.74       5.60
      1737      31.39     -40.04       1.40       0.00       0.00      10.96       3.74       5.60
      2034      32.59     -41.97       1.34       0.00       0.00      11.50       3.75       5.60
      2281      33.11     -41.92       1.34       0.00       0.00      10.96       3.74       5.60
      2324      35.58     -35.13       0.78       0.00       0.00       0.00       3.74       5.60
      2503      35.87     -35.33       0.81       0.00       0.00       0.00       3.74       5.60
      2513      38.35     -37.60       0.88       0.00       0.00       0.00       3.74       5.60
      2557      38.89     -38.33       0.82       0.00       0.00       0.00       3.74       5.60
      2826      39.67     -38.80       0.92       0.00       0.00       0.00       3.74       5.60
      3340      39.90     -38.89       0.90       0.00       0.00       0.00       3.64       5.60
      3403      40.19     -38.85       1.07       0.00       0.00       0.00       3.74       5.60
      4511      41.06     -38.53       1.41       0.00       0.00       1.28       3.02       5.60
      4657      41.13     -37.36       1.85       0.00       0.00       1.28       3.05       5.60
      4738      42.30     -38.25       1.92       0.00       0.00       1.28       3.02       5.60
      5396      43.02     -38.54       2.07       0.00       0.00       1.28       3.02       5.60
      5532      43.16     -38.70       2.02       0.00       0.00       1.28       2.96       5.60
      5689      43.31     -39.15       1.92       0.00       0.00       1.28       2.96       5.60
      5878      43.38     -39.78       1.98       0.00       0.00       2.05       2.95       5.60
      5923      43.62     -39.74       2.04       0.00       0.00       2.05       2.90       5.60
--------------------------------------------------------------------------------
Best docking solution after GA:
      6000      43.62     -39.74       2.04       0.00       0.00       2.05       2.90       5.60

#ops:       6000 #mutates:   3019 #cross:     2981 #dups:      1321 
#niche:     3538 #errors:      46 
--------------------------------------------------------------------------------

Doing AMOEBA simplex on best individual
Done simplexing #iterations 729, best score  49.56

Ligand is stored in gold_soln_prep_ligand_10_m1_7.mol2


--------------------------------------------------------------------------------
--- CHEMPLP breakdown of terms                                               ---
--------------------------------------------------------------------------------
CHEMPLP = - ( 1.0000*S(PLP) + -3.0000*S(hbond) + -6.0000*S(metal) + -3.0000*S(cho) )

Score = CHEMPLP - 1.0000*DE(clash) - 2.0000*DE(tors)

Internal energy term has been corrected with the best internal energy encountered.

--------------------------------------------------------------------------------


     Score     S(PLP)   S(hbond)     S(cho)   S(metal)  DE(clash)   DE(tors)     intcor
     49.56     -44.37       2.29       0.00       0.00       1.42       2.94       5.60

--------------------------------------------------------------------------------
--- PLP analysis of protein-ligand interactions                              ---
--------------------------------------------------------------------------------
hydrogen bonding        :      -5.05
metal                   :       0.00
buried (polar-nonpolar) :       0.76
nonpolar                :     -40.57
repulsive               :       0.34
--------------------------------------------------------------------------------


--------------------------------------------------------------------------------
--- ChemScore analysis of protein-ligand interactions                        ---
--------------------------------------------------------------------------------

* Hydrogen bonds                                                                
Ligand donor    4 hydrogen   29 Protein acceptor 2696 bond energy  1.00 wt 1.00
Ligand donor    6 hydrogen   30 Protein acceptor 5335 bond energy  1.00 wt 0.67
Protein donor 5227 hydrogen 5229 Ligand acceptor   16 bond energy  1.00 wt 0.63


* CH..O interactions                                                            
  CH group selection                       : activated ring CH (adjacent to hetatom)

--------------------------------------------------------------------------------


--------------------------------------------------------------------------------
--- Intra-ligand clashes                                                     ---
--------------------------------------------------------------------------------

Ligand
 24 (N24  ) -  16 (O16  ):   1.42 (dist   2.46)
--------------------------------------------------------------------------------


--------------------------------------------------------------------------------
--- Chromosome decoded                                                       ---
--------------------------------------------------------------------------------
Ligand Torsions
[   4    3    2    1]   67.94
[  29    4    3    2]  -72.41
[  30    6    5    3]  -63.02
[   1    2    7    8]   67.44
[   9    8    7    2] -123.81
[  10    9    8    7] -124.99
[  16   15    7    2]  117.35
[   7   15   18   23]  125.40    matched torsion: disubstituted sulphonamide aromatic sulponamide 2
Protein Torsions
[ 489  484  483  480]  -41.68 
[1635 1626 1625 1623]  -25.79 
[1707 1702 1701 1698] -144.78 
[1839 1828 1827 1826]  -11.94 
Mapping
Ligand acceptors to protein hydrogens (mapping then atom ids)
Ligand hydrogens to protein acceptors (mapping then atom ids)
  2  18 [ 30->5335]
Ligand shape atoms to protein points (mapping then atom ids & coords)
  1  3554 [  1->(-16.500  15.750  19.000)]
  3  2842 [  8->(-17.750  18.000  19.750)]
  4  3003 [ 10->(-17.500  18.750  21.500)]
  9  5905 [ 19->(-12.750  14.500  20.000)]
 10  6608 [ 20->(-11.500  12.500  19.750)]
Chromosome values
Integers:
  -1   -1   -1   -1   -1   -1   17   -1   -1 3553   -1 2841 
3002   -1   -1   -1   -1 5904 6607   -1   -1 
--------------------------------------------------------------------------------

Current Ranking  5  2  1  4  3  7  6

--------------------------------------------------------------------------------

* GA execution time :                                                           
  total  0.1032 user  0.1022 sys  0.0010

--------------------------------------------------------------------------------
Fitness function evaluations: 12485

--------------------------------------------------------------------------------
** Docking run number  8 **
--------------------------------------------------------------------------------
  Rank fitness base is 5000.00 ; increment is 11.2233

* Initialising population(s) ...                                                
Number of constraints mappings 0
Number of constraints 0
  Population no.                           :      1
  Population size                          :    100
  Number of duplicates                     :      0
  Number of niche violations               :      0
  Number of errors                         :     38


Doing GA, no. of population(s) 1 size 100 selection pressure 1.100000

 Operation      Score     S(PLP)   S(hbond)     S(cho)   S(metal)  DE(clash)   DE(tors)     intcor
         0      15.78     -17.32       0.51       0.00       0.00       2.44       3.12       5.60
      1690      15.86     -18.14       0.00       0.00       0.00       1.59       3.15       5.60
      1880      15.95     -13.84       1.23       0.00       0.00       1.34       2.93       5.60
      1983      17.68     -20.73       0.01       0.00       0.00       2.44       3.12       5.60
      2223      18.76     -21.25       0.01       0.00       0.00       1.90       3.10       5.60
      2729      23.05     -25.34       0.00       0.00       0.00       1.59       3.15       5.60
      4722      23.72     -26.01       0.00       0.00       0.00       1.59       3.15       5.60
      5074      27.39     -29.08       1.36       0.00       0.00       4.90       3.24       5.60
      5088      32.95     -35.75       0.99       0.00       0.00       4.90       3.24       5.60
      5421      34.00     -36.86       0.98       0.00       0.00       4.90       3.26       5.60
      5729      34.64     -37.19       1.09       0.00       0.00       4.90       3.26       5.60
      5748      35.14     -34.21       0.87       0.00       0.00       0.00       3.64       5.60
      5846      36.60     -37.96       0.18       0.00       0.00       1.21       3.14       5.60
--------------------------------------------------------------------------------
Best docking solution after GA:
      6000      36.60     -37.96       0.18       0.00       0.00       1.21       3.14       5.60

#ops:       6000 #mutates:   3013 #cross:     2987 #dups:      1081 
#niche:     2922 #errors:      89 
--------------------------------------------------------------------------------

Doing AMOEBA simplex on best individual
Done simplexing #iterations 751, best score  48.20

Ligand is stored in gold_soln_prep_ligand_10_m1_8.mol2


--------------------------------------------------------------------------------
--- CHEMPLP breakdown of terms                                               ---
--------------------------------------------------------------------------------
CHEMPLP = - ( 1.0000*S(PLP) + -3.0000*S(hbond) + -6.0000*S(metal) + -3.0000*S(cho) )

Score = CHEMPLP - 1.0000*DE(clash) - 2.0000*DE(tors)

Internal energy term has been corrected with the best internal energy encountered.

--------------------------------------------------------------------------------


     Score     S(PLP)   S(hbond)     S(cho)   S(metal)  DE(clash)   DE(tors)     intcor
     48.20     -43.85       1.72       0.00       0.00       0.00       3.20       5.60

--------------------------------------------------------------------------------
--- PLP analysis of protein-ligand interactions                              ---
--------------------------------------------------------------------------------
hydrogen bonding        :      -3.00
metal                   :       0.00
buried (polar-nonpolar) :      -2.35
nonpolar                :     -39.37
repulsive               :       0.77
--------------------------------------------------------------------------------


--------------------------------------------------------------------------------
--- ChemScore analysis of protein-ligand interactions                        ---
--------------------------------------------------------------------------------

* Hydrogen bonds                                                                
Ligand donor    6 hydrogen   30 Protein acceptor  412 bond energy  1.00 wt 1.00
Protein donor 5227 hydrogen 5229 Ligand acceptor   16 bond energy  1.00 wt 0.72


* CH..O interactions                                                            
  CH group selection                       : activated ring CH (adjacent to hetatom)

--------------------------------------------------------------------------------


--------------------------------------------------------------------------------
--- Intra-ligand clashes                                                     ---
--------------------------------------------------------------------------------

Ligand
--------------------------------------------------------------------------------


--------------------------------------------------------------------------------
--- Chromosome decoded                                                       ---
--------------------------------------------------------------------------------
Ligand Torsions
[   4    3    2    1]  130.60
[  29    4    3    2]   45.32
[  30    6    5    3]  -80.29
[   1    2    7    8]   35.17
[   9    8    7    2]   59.09
[  10    9    8    7]   55.80
[  16   15    7    2] -122.11
[   7   15   18   23] -123.50    matched torsion: disubstituted sulphonamide aromatic sulponamide 2
Protein Torsions
[ 489  484  483  480] -110.29 
[1635 1626 1625 1623]    7.26 
[1707 1702 1701 1698] -138.90 
[1839 1828 1827 1826]  127.73 
Mapping
Ligand acceptors to protein hydrogens (mapping then atom ids)
  4  20 [ 16->5229]
Ligand hydrogens to protein acceptors (mapping then atom ids)
Ligand shape atoms to protein points (mapping then atom ids & coords)
  1  4342 [  1->(-15.750  18.250  21.750)]
  6  2001 [ 12->(-19.500  20.500  19.000)]
  8  2500 [ 14->(-18.500  18.250  21.500)]
  9  4733 [ 19->(-15.000  14.750  19.500)]
 11  5834 [ 21->(-12.750  10.750  19.500)]
 12  5563 [ 22->(-13.250  13.500  20.000)]
Chromosome values
Integers:
  -1   -1   -1   19   -1   -1   -1   -1   -1 4341   -1   -1 
  -1   -1 2000   -1 2499 4732   -1 5833 5562 
--------------------------------------------------------------------------------

Current Ranking  5  2  1  4  3  7  8  6

--------------------------------------------------------------------------------

* GA execution time :                                                           
  total  0.1024 user  0.1024 sys  0.0000

--------------------------------------------------------------------------------
Fitness function evaluations: 12698

--------------------------------------------------------------------------------
** Docking run number  9 **
--------------------------------------------------------------------------------
  Rank fitness base is 5000.00 ; increment is 11.2233

* Initialising population(s) ...                                                
Number of constraints mappings 0
Number of constraints 0
  Population no.                           :      1
  Population size                          :    100
  Number of duplicates                     :      0
  Number of niche violations               :      0
  Number of errors                         :     49


Doing GA, no. of population(s) 1 size 100 selection pressure 1.100000

 Operation      Score     S(PLP)   S(hbond)     S(cho)   S(metal)  DE(clash)   DE(tors)     intcor
         0      -7.66     -13.00       1.02       0.00       0.00      22.25       3.53       5.51
       261      -7.18      -2.92       0.00       0.00       0.00       8.75       3.43       5.51
       382      -1.50      -3.56       0.00       0.00       0.00       3.74       3.42       5.51
       437      11.11     -11.29       0.12       0.00       0.00       0.00       3.02       5.51
       667      15.97     -21.97       0.03       0.00       0.00       4.88       3.36       5.51
       736      23.10     -20.95       1.08       0.00       0.00       0.00       3.30       5.51
      1746      28.51     -33.28       0.61       0.00       0.00       5.25       3.43       5.51
      2028      30.69     -33.03       0.43       0.00       0.00       1.35       3.90       5.51
      2419      30.81     -33.40       0.35       0.00       0.00       2.45       3.35       5.51
      2519      38.55     -40.71       0.50       0.00       0.00       1.35       3.91       5.51
      2841      38.61     -42.74       0.31       0.00       0.00       3.74       3.42       5.51
      2845      39.19     -41.05       0.59       0.00       0.00       1.35       3.90       5.51
      3049      39.43     -41.37       0.58       0.00       0.00       1.35       3.92       5.51
      3383      41.03     -42.98       0.55       0.00       0.00       2.45       3.33       5.51
      4165      43.71     -45.20       0.70       0.00       0.00       2.45       3.33       5.51
      4620      44.49     -44.64       1.15       0.00       0.00       2.45       3.33       5.51
      5515      45.53     -46.78       0.78       0.00       0.00       2.45       3.33       5.51
      5610      45.53     -46.78       0.78       0.00       0.00       2.45       3.33       5.51
      5744      47.48     -45.73       0.89       0.00       0.00       0.00       3.22       5.51
      5858      47.99     -45.15       1.27       0.00       0.00       0.00       3.25       5.51
      5909      48.38     -49.13       1.37       0.00       0.00       2.45       3.97       5.51
      5992      48.39     -45.73       1.20       0.00       0.00       0.00       3.23       5.51
--------------------------------------------------------------------------------
Best docking solution after GA:
      6000      48.39     -45.73       1.20       0.00       0.00       0.00       3.23       5.51

#ops:       6000 #mutates:   2962 #cross:     3038 #dups:      1465 
#niche:     3098 #errors:      67 
--------------------------------------------------------------------------------

Doing AMOEBA simplex on best individual
Done simplexing #iterations 1014, best score  61.72

Ligand is stored in gold_soln_prep_ligand_10_m1_9.mol2


--------------------------------------------------------------------------------
--- CHEMPLP breakdown of terms                                               ---
--------------------------------------------------------------------------------
CHEMPLP = - ( 1.0000*S(PLP) + -3.0000*S(hbond) + -6.0000*S(metal) + -3.0000*S(cho) )

Score = CHEMPLP - 1.0000*DE(clash) - 2.0000*DE(tors)

Internal energy term has been corrected with the best internal energy encountered.

--------------------------------------------------------------------------------


     Score     S(PLP)   S(hbond)     S(cho)   S(metal)  DE(clash)   DE(tors)     intcor
     61.72     -57.32       1.70       0.00       0.00       0.00       3.12       5.51

--------------------------------------------------------------------------------
--- PLP analysis of protein-ligand interactions                              ---
--------------------------------------------------------------------------------
hydrogen bonding        :      -5.52
metal                   :       0.00
buried (polar-nonpolar) :      -6.32
nonpolar                :     -46.27
repulsive               :       0.97
--------------------------------------------------------------------------------


--------------------------------------------------------------------------------
--- ChemScore analysis of protein-ligand interactions                        ---
--------------------------------------------------------------------------------

* Hydrogen bonds                                                                
Ligand donor    4 hydrogen   29 Protein acceptor  386 bond energy  1.00 wt 0.12
Ligand donor   24 hydrogen   42 Protein acceptor 2465 bond energy  1.00 wt 0.82
Protein donor 5227 hydrogen 5229 Ligand acceptor    5 bond energy  1.00 wt 0.77


* CH..O interactions                                                            
  CH group selection                       : activated ring CH (adjacent to hetatom)

--------------------------------------------------------------------------------


--------------------------------------------------------------------------------
--- Intra-ligand clashes                                                     ---
--------------------------------------------------------------------------------

Ligand
--------------------------------------------------------------------------------


--------------------------------------------------------------------------------
--- Chromosome decoded                                                       ---
--------------------------------------------------------------------------------
Ligand Torsions
[   4    3    2    1]  -62.54
[  29    4    3    2]  158.97
[  30    6    5    3] -162.57
[   1    2    7    8]   62.85
[   9    8    7    2] -124.41
[  10    9    8    7]  -79.71
[  16   15    7    2]   79.37
[   7   15   18   23]   83.95    matched torsion: disubstituted sulphonamide aromatic sulponamide 2
Protein Torsions
[ 489  484  483  480]   39.04 
[1635 1626 1625 1623]  152.85 
[1707 1702 1701 1698]  106.78 
[1839 1828 1827 1826]   82.69 
Mapping
Ligand acceptors to protein hydrogens (mapping then atom ids)
Ligand hydrogens to protein acceptors (mapping then atom ids)
Ligand shape atoms to protein points (mapping then atom ids & coords)
  2  5451 [  2->(-13.500  15.750  20.000)]
  6  5118 [ 12->(-14.000  10.750  19.500)]
  7  5858 [ 13->(-12.750  12.000  19.000)]
  8  6579 [ 14->(-11.500  11.500  18.500)]
 10  2509 [ 20->(-18.500  18.500  21.250)]
 11  3279 [ 21->(-17.000  19.000  21.250)]
 12  2519 [ 22->(-18.500  19.000  20.250)]
Chromosome values
Integers:
  -1   -1   -1   -1   -1   -1   -1   -1   -1   -1 5450   -1 
  -1   -1 5117 5857 6578   -1 2508 3278 2518 
--------------------------------------------------------------------------------

Current Ranking  5  2  9  1  4  3  7  8  6

--------------------------------------------------------------------------------

* GA execution time :                                                           
  total  0.1041 user  0.1031 sys  0.0010

--------------------------------------------------------------------------------
Fitness function evaluations: 12962

--------------------------------------------------------------------------------
** Docking run number 10 **
--------------------------------------------------------------------------------
  Rank fitness base is 5000.00 ; increment is 11.2233

* Initialising population(s) ...                                                
Number of constraints mappings 0
Number of constraints 0
  Population no.                           :      1
  Population size                          :    100
  Number of duplicates                     :      0
  Number of niche violations               :      0
  Number of errors                         :     41


Doing GA, no. of population(s) 1 size 100 selection pressure 1.100000

 Operation      Score     S(PLP)   S(hbond)     S(cho)   S(metal)  DE(clash)   DE(tors)     intcor
         0      -6.48       3.95       0.73       0.00       0.00       3.46       3.39       5.51
       577      -1.80       0.63       0.07       0.00       0.00       0.44       3.23       5.51
       613      19.41     -20.20       0.00       0.00       0.00       0.00       3.15       5.51
      1343      20.20     -18.83       1.31       0.00       0.00       1.40       3.34       5.51
      1738      21.97     -27.87       0.47       0.00       0.00       6.05       3.39       5.51
      1978      23.28     -20.93       1.49       0.00       0.00       0.97       3.33       5.51
      2088      25.12     -31.42       0.34       0.00       0.00       6.05       3.39       5.51
      3248      25.31     -26.64       0.32       0.00       0.00       1.78       3.01       5.51
      3505      30.80     -31.75       0.32       0.00       0.00       1.34       3.04       5.51
      4500      34.26     -34.97       0.40       0.00       0.00       1.34       3.04       5.51
      4566      37.26     -36.10       1.20       0.00       0.00       1.55       3.20       5.51
      5413      41.50     -40.90       1.39       0.00       0.00       1.69       3.71       5.51
      5919      41.65     -41.09       1.39       0.00       0.00       1.69       3.71       5.51
      5949      41.73     -40.39       1.25       0.00       0.00       0.84       3.54       5.51
--------------------------------------------------------------------------------
Best docking solution after GA:
      6000      41.73     -40.39       1.25       0.00       0.00       0.84       3.54       5.51

#ops:       6000 #mutates:   2910 #cross:     3090 #dups:      1371 
#niche:     3123 #errors:      60 
--------------------------------------------------------------------------------

Doing AMOEBA simplex on best individual
Done simplexing #iterations 827, best score  46.15

Ligand is stored in gold_soln_prep_ligand_10_m1_10.mol2


--------------------------------------------------------------------------------
--- CHEMPLP breakdown of terms                                               ---
--------------------------------------------------------------------------------
CHEMPLP = - ( 1.0000*S(PLP) + -3.0000*S(hbond) + -6.0000*S(metal) + -3.0000*S(cho) )

Score = CHEMPLP - 1.0000*DE(clash) - 2.0000*DE(tors)

Internal energy term has been corrected with the best internal energy encountered.

--------------------------------------------------------------------------------


     Score     S(PLP)   S(hbond)     S(cho)   S(metal)  DE(clash)   DE(tors)     intcor
     46.15     -43.34       1.50       0.00       0.00       0.00       3.60       5.51

--------------------------------------------------------------------------------
--- PLP analysis of protein-ligand interactions                              ---
--------------------------------------------------------------------------------
hydrogen bonding        :      -5.63
metal                   :       0.00
buried (polar-nonpolar) :      -4.66
nonpolar                :     -34.03
repulsive               :       0.13
--------------------------------------------------------------------------------


--------------------------------------------------------------------------------
--- ChemScore analysis of protein-ligand interactions                        ---
--------------------------------------------------------------------------------

* Hydrogen bonds                                                                
Ligand donor    4 hydrogen   29 Protein acceptor 2465 bond energy  1.00 wt 1.00
Protein donor 5227 hydrogen 5229 Ligand acceptor    5 bond energy  1.00 wt 0.50


* CH..O interactions                                                            
  CH group selection                       : activated ring CH (adjacent to hetatom)

--------------------------------------------------------------------------------


--------------------------------------------------------------------------------
--- Intra-ligand clashes                                                     ---
--------------------------------------------------------------------------------

Ligand
--------------------------------------------------------------------------------


--------------------------------------------------------------------------------
--- Chromosome decoded                                                       ---
--------------------------------------------------------------------------------
Ligand Torsions
[   4    3    2    1]   24.14
[  29    4    3    2]   90.11
[  30    6    5    3]  155.67
[   1    2    7    8]   61.97
[   9    8    7    2]   75.27
[  10    9    8    7]   56.30
[  16   15    7    2] -167.17
[   7   15   18   23]  -85.06    matched torsion: disubstituted sulphonamide aromatic sulponamide 2
Protein Torsions
[ 489  484  483  480] -139.94 
[1635 1626 1625 1623]  146.70 
[1707 1702 1701 1698]   53.45 
[1839 1828 1827 1826]  -21.45 
Mapping
Ligand acceptors to protein hydrogens (mapping then atom ids)
Ligand hydrogens to protein acceptors (mapping then atom ids)
Ligand shape atoms to protein points (mapping then atom ids & coords)
  2  3836 [  2->(-16.250  16.750  18.500)]
  3  3558 [  8->(-16.500  15.750  20.000)]
  8  4839 [ 14->(-14.750  14.000  19.750)]
 12  2124 [ 22->(-19.250  20.250  19.250)]
Chromosome values
Integers:
  -1   -1   -1   -1   -1   -1   -1   -1   -1   -1 3835 3557 
  -1   -1   -1   -1 4838   -1   -1   -1 2123 
--------------------------------------------------------------------------------

Current Ranking  5  2  9  1  4  3  7  8  6 10

--------------------------------------------------------------------------------

* GA execution time :                                                           
  total  0.0998 user  0.0998 sys  0.0000

--------------------------------------------------------------------------------
Fitness function evaluations: 12869

--------------------------------------------------------------------------------
--- Ranking analysis                                                         ---
--------------------------------------------------------------------------------


* Final ranked order of GA solutions:                                           
   5  2  9  1  4  3  7  8  6 10 

  _______________________________
  RMSD Matrix of RANKED solutions

        2    3    4    5    6    7    8    9   10  

   1 :  0.7  2.5  2.0  6.9  6.8  6.8  6.4  5.1  4.0
   2 :       2.7  2.2  6.8  6.7  6.7  6.5  5.2  4.1
   3 :            1.5  6.7  6.7  6.6  6.2  4.4  3.6
   4 :                 6.8  6.7  6.7  6.6  5.0  3.5
   5 :                      0.6  1.3  3.6  4.7  6.1
   6 :                           1.2  3.5  4.7  6.1
   7 :                                3.6  4.5  6.1
   8 :                                     4.6  6.4
   9 :                                          5.4

  Clustering method                        : complete linkage
  Structure ids in cluster table           : rank nos.
  Ordering of clusters and their members   : by rank (order if from rms_analysis)

  Distance | Clusters
   0.62    |  1 |  2 |  3 |  4 |  5  6 |  7 |  8 |  9 | 10 |
   0.69    |  1  2 |  3 |  4 |  5  6 |  7 |  8 |  9 | 10 |
   1.30    |  1  2 |  3 |  4 |  5  6  7 |  8 |  9 | 10 |
   1.52    |  1  2 |  3  4 |  5  6  7 |  8 |  9 | 10 |
   2.72    |  1  2  3  4 |  5  6  7 |  8 |  9 | 10 |
   3.56    |  1  2  3  4 |  5  6  7  8 |  9 | 10 |
   4.10    |  1  2  3  4 10 |  5  6  7  8 |  9 |
   4.75    |  1  2  3  4 10 |  5  6  7  8  9 |
   6.86    |  1  2  3  4  5  6  7  8  9 10 |
  Finished Docking Ligand                  : /nfs/home/myuecel3/Frontiers_MedChem/data/output/gold_docking_step1/prep_ligand_10.mol2
--------------------------------------------------------------------------------

  Relative_Ligand_Energy (best encountered) :   5.514
  Relative_Ligand_Energy: fitness values have been corrected using this amount
