
--------------------------------------------------------------------------------
--- Ligand                                                                   ---
--------------------------------------------------------------------------------
  Ligand loaded from file                  : /nfs/home/myuecel3/Frontiers_MedChem/data/output/gold_docking_step1/prep_ligand_5.mol2
  Ligand name                              :  
  "RDKit          3D                                                        "

--------------------------------------------------------------------------------
  N.plc donors                             : 
  none found

  Acidic nitrogen acceptors                : 
  none found
  Sulfur acceptors                         :
  none found


  Donor atoms                              :      1
  6   
  Acceptor atoms                           :      1
  6   

  Hydrogens                                :  (n = 1)
  23   

  Lone pairs added to molecule             :      2
  Numbering                                : from 39 to 40

--------------------------------------------------------------------------------
--- Postprocessing of typing                                                 ---
--------------------------------------------------------------------------------
  Fragment file                            : /appl/ccdc/CSDS2022/Discovery_2022/GOLD/gold/rotatable_bond_override.mol2
  acylurea fragment                        : no matches
  thioacylthiourea fragment                : no matches
  acylthiourea fragment                    : no matches
  thioacylurea fragment                    : no matches
  diarylamine fragment >C.ar-NH-C.ar<      : no matches
  sec-amine (1) fragment                   : no matches
  sec-amine (2) fragment                   : no matches
  sec-amine (3) fragment                   : no matches
  carboxylic ester                         : no matches

* Rotatable bonds in /nfs/home/myuecel3/F  :
  [   5    6] 
  No. of rotatable bonds                   :      1


* Reading torsional distributions from file:
  /appl/ccdc/CSDS2022/Discovery_2022/GOLD/gold/gold.tordist
  No. of bins in torsional distributions   :     36
  Minimum size of largest peak             :      0
  Removing high energy torsions            : on
  Delta E set to                           :   2.500

* Fragments found in /nfs/home/myuecel3/F  :


* Checking torsion distributions:                                               
  No. of matched torsions                  :      0

--------------------------------------------------------------------------------
--- Shape fitting atoms selection (hydrophobic atoms)                        ---
--------------------------------------------------------------------------------
  Molecule                                 : /nfs/home/myuecel3/Frontiers_MedChem/data/output/gold_docking_step1/prep_ligand_5.mol2
  Selection                                : carbons only
  Atom numbers                             :  (n = 12)
  1    4    5    7    9    10   11   12   13   14   
  15   16   


--------------------------------------------------------------------------------
--- ChemScore ligand setup summary                                           ---
--------------------------------------------------------------------------------
  ChemScore ligand acceptors               :      1
  6 
  ChemScore ligand donors                  :      1
  6 ( 23  ) 
  ChemScore ligand CH donors               :      0
  

  ChemScore ligand lipophilic atoms        :  (n = 15)
  1    2    3    4    5    7    8    9    10   11   
  12   13   14   15   16   

  ChemScore ligand rotatable bonds         :      1
  5   (C5 ) - 6   (O6 ): SP3_SP3_BOND

--------------------------------------------------------------------------------
--- PLP ligand setup summary                                                 ---
--------------------------------------------------------------------------------
    1    C1   C.3 NONPOLAR
    2    C2   C.2 NONPOLAR
    3    C3   C.2 NONPOLAR
    4    C4   C.3 NONPOLAR
    5    C5   C.3 NONPOLAR
    6    O6   O.3 DONACC
    7    C7   C.3 NONPOLAR
    8    C8   C.3 NONPOLAR
    9    C9   C.3 NONPOLAR
   10   C10   C.3 NONPOLAR
   11   C11   C.3 NONPOLAR
   12   C12   C.3 NONPOLAR
   13   C13   C.3 NONPOLAR
   14   C14   C.3 NONPOLAR
   15   C15   C.3 NONPOLAR
   16   C16   C.3 NONPOLAR

--------------------------------------------------------------------------------
--- Automatic parameter setting                                              ---
--------------------------------------------------------------------------------
  Contribution base                        :   2500
  Contribution per rotatable bond          :   6000
  Contribution per df                      :   4000
  Contribution per water                   :  10000
  Ligand rotatable bonds                   :      1
  Protein flexible side chain bonds        :      0
  Total rotatable bonds                    :      1
  Hydrophobic vol ratio (P/L)              :   1.211
  Base multiplier (polar)                  :   0.400
  Base multiplier (apolar)                 :   2.907
  Base contribution                        : 7500.000
  Fitting points                           :      2
  Estimated maxops needed (optimal)        :  14000
  Autoscale factor (in percent)            :     10
  Scaled maxops                            :   1500

--------------------------------------------------------------------------------

* Population settings                                                           
  maxops                                   :   1500
  popsiz                                   :    100
  select_pressure                          :   1.100
  n_islands                                :      1
  niche_siz                                :      2

* GA settings                                                                   
  pt_crosswt                               :    100
  allele_mutatewt                          :    100
  migratewt                                :      0

* Search settings                                                               
  start_vdw_linear_cutoff                  :   4.000
  initial_virtual_pt_match_max             :   3.000

--------------------------------------------------------------------------------

* Ligand initialisation time :                                                  
  total  0.0022 user  0.0022 sys  0.0000

--------------------------------------------------------------------------------

--------------------------------------------------------------------------------
** Docking run number  1 **
--------------------------------------------------------------------------------
  Rank fitness base is 5000.00 ; increment is 11.2233

* Initialising population(s) ...                                                
Number of constraints mappings 0
Number of constraints 0
  Population no.                           :      1
  Population size                          :    100
  Number of duplicates                     :      0
  Number of niche violations               :      4
  Number of errors                         :     12


Doing GA, no. of population(s) 1 size 100 selection pressure 1.100000

 Operation      Score     S(PLP)   S(hbond)     S(cho)   S(metal)  DE(clash)   DE(tors)     intcor
         0      35.06     -35.06       0.00       0.00       0.00       0.00       0.00       0.00
       516      37.25     -34.69       0.85       0.00       0.00       0.00       0.00       0.00
      1350      37.78     -34.95       0.94       0.00       0.00       0.00       0.00       0.00
      1437      37.95     -34.95       1.00       0.00       0.00       0.00       0.00       0.00
--------------------------------------------------------------------------------
Best docking solution after GA:
      1500      37.95     -34.95       1.00       0.00       0.00       0.00       0.00       0.00

#ops:       1500 #mutates:    725 #cross:      775 #dups:       285 
#niche:     1064 #errors:      16 
--------------------------------------------------------------------------------

Doing AMOEBA simplex on best individual
Done simplexing #iterations 610, best score  43.14

Ligand is stored in gold_soln_prep_ligand_5_m1_1.mol2


--------------------------------------------------------------------------------
--- CHEMPLP breakdown of terms                                               ---
--------------------------------------------------------------------------------
CHEMPLP = - ( 1.0000*S(PLP) + -3.0000*S(hbond) + -6.0000*S(metal) + -3.0000*S(cho) )

Score = CHEMPLP - 1.0000*DE(clash) - 2.0000*DE(tors)

Internal energy term has been corrected with the best internal energy encountered.

--------------------------------------------------------------------------------


     Score     S(PLP)   S(hbond)     S(cho)   S(metal)  DE(clash)   DE(tors)     intcor
     43.14     -40.14       1.00       0.00       0.00       0.00       0.00       0.00

--------------------------------------------------------------------------------
--- PLP analysis of protein-ligand interactions                              ---
--------------------------------------------------------------------------------
hydrogen bonding        :      -1.00
metal                   :       0.00
buried (polar-nonpolar) :      -1.26
nonpolar                :     -38.44
repulsive               :       0.00
--------------------------------------------------------------------------------


--------------------------------------------------------------------------------
--- ChemScore analysis of protein-ligand interactions                        ---
--------------------------------------------------------------------------------

* Hydrogen bonds                                                                
Ligand donor    6 hydrogen   23 Protein acceptor  386 bond energy  1.00 wt 1.00


* CH..O interactions                                                            
  CH group selection                       : activated ring CH (adjacent to hetatom)

--------------------------------------------------------------------------------


--------------------------------------------------------------------------------
--- Intra-ligand clashes                                                     ---
--------------------------------------------------------------------------------

Ligand
--------------------------------------------------------------------------------


--------------------------------------------------------------------------------
--- Chromosome decoded                                                       ---
--------------------------------------------------------------------------------
Ligand Torsions
[  23    6    5    4] -156.85
Protein Torsions
[ 489  484  483  480] -138.60 
[1635 1626 1625 1623]  167.23 
[1707 1702 1701 1698]   95.59 
[1839 1828 1827 1826]   89.36 
Mapping
Ligand acceptors to protein hydrogens (mapping then atom ids)
Ligand hydrogens to protein acceptors (mapping then atom ids)
Ligand shape atoms to protein points (mapping then atom ids & coords)
  1  5394 [  1->(-13.500  12.250  19.750)]
  3  5956 [  5->(-12.750  16.250  20.500)]
  4  5479 [  7->(-13.500  16.500  20.750)]
  6  4587 [ 10->(-15.250  14.500  19.250)]
 11  5185 [ 15->(-14.000  16.000  20.000)]
Chromosome values
Integers:
  -1   -1 5393   -1 5955 5478   -1 4586   -1   -1   -1   -1 
5184   -1 
--------------------------------------------------------------------------------

Current Ranking  1

--------------------------------------------------------------------------------

* GA execution time :                                                           
  total  0.0330 user  0.0320 sys  0.0010

--------------------------------------------------------------------------------
Fitness function evaluations: 5811

--------------------------------------------------------------------------------
** Docking run number  2 **
--------------------------------------------------------------------------------
  Rank fitness base is 5000.00 ; increment is 11.2233

* Initialising population(s) ...                                                
Number of constraints mappings 0
Number of constraints 0
  Population no.                           :      1
  Population size                          :    100
  Number of duplicates                     :      0
  Number of niche violations               :      1
  Number of errors                         :      9


Doing GA, no. of population(s) 1 size 100 selection pressure 1.100000

 Operation      Score     S(PLP)   S(hbond)     S(cho)   S(metal)  DE(clash)   DE(tors)     intcor
         0      32.81     -32.81       0.00       0.00       0.00       0.00       0.00       0.00
       517      32.83     -32.81       0.01       0.00       0.00       0.00       0.00       0.00
       619      36.38     -36.38       0.00       0.00       0.00       0.00       0.00       0.00
       667      36.41     -33.41       1.00       0.00       0.00       0.00       0.00       0.00
      1102      36.96     -35.85       0.37       0.00       0.00       0.00       0.00       0.00
      1167      37.14     -37.14       0.00       0.00       0.00       0.00       0.00       0.00
      1303      38.85     -35.85       1.00       0.00       0.00       0.00       0.00       0.00
--------------------------------------------------------------------------------
Best docking solution after GA:
      1500      38.85     -35.85       1.00       0.00       0.00       0.00       0.00       0.00

#ops:       1500 #mutates:    767 #cross:      733 #dups:       257 
#niche:     1111 #errors:      16 
--------------------------------------------------------------------------------

Doing AMOEBA simplex on best individual
Done simplexing #iterations 366, best score  39.58

Ligand is stored in gold_soln_prep_ligand_5_m1_2.mol2


--------------------------------------------------------------------------------
--- CHEMPLP breakdown of terms                                               ---
--------------------------------------------------------------------------------
CHEMPLP = - ( 1.0000*S(PLP) + -3.0000*S(hbond) + -6.0000*S(metal) + -3.0000*S(cho) )

Score = CHEMPLP - 1.0000*DE(clash) - 2.0000*DE(tors)

Internal energy term has been corrected with the best internal energy encountered.

--------------------------------------------------------------------------------


     Score     S(PLP)   S(hbond)     S(cho)   S(metal)  DE(clash)   DE(tors)     intcor
     39.58     -36.60       0.99       0.00       0.00       0.00       0.00       0.00

--------------------------------------------------------------------------------
--- PLP analysis of protein-ligand interactions                              ---
--------------------------------------------------------------------------------
hydrogen bonding        :      -1.37
metal                   :       0.00
buried (polar-nonpolar) :      -4.11
nonpolar                :     -31.24
repulsive               :       0.00
--------------------------------------------------------------------------------


--------------------------------------------------------------------------------
--- ChemScore analysis of protein-ligand interactions                        ---
--------------------------------------------------------------------------------

* Hydrogen bonds                                                                
Ligand donor    6 hydrogen   23 Protein acceptor 2696 bond energy  1.00 wt 0.99


* CH..O interactions                                                            
  CH group selection                       : activated ring CH (adjacent to hetatom)

--------------------------------------------------------------------------------


--------------------------------------------------------------------------------
--- Intra-ligand clashes                                                     ---
--------------------------------------------------------------------------------

Ligand
--------------------------------------------------------------------------------


--------------------------------------------------------------------------------
--- Chromosome decoded                                                       ---
--------------------------------------------------------------------------------
Ligand Torsions
[  23    6    5    4]  -30.02
Protein Torsions
[ 489  484  483  480]  128.22 
[1635 1626 1625 1623]  -87.22 
[1707 1702 1701 1698] -169.52 
[1839 1828 1827 1826]   27.29 
Mapping
Ligand acceptors to protein hydrogens (mapping then atom ids)
Ligand hydrogens to protein acceptors (mapping then atom ids)
Ligand shape atoms to protein points (mapping then atom ids & coords)
  1  3266 [  1->(-17.000  18.500  21.000)]
  3  4562 [  5->(-15.250  12.500  19.750)]
  8  5773 [ 12->(-13.000  15.750  19.750)]
  9  6953 [ 13->(-10.750  15.750  20.250)]
 10  6407 [ 14->(-12.000  16.250  18.750)]
 11  5915 [ 15->(-12.750  15.000  19.750)]
 12  5950 [ 16->(-12.750  16.000  21.250)]
Chromosome values
Integers:
  -1   -1 3265   -1 4561   -1   -1   -1   -1 5772 6952 6406 
5914 5949 
--------------------------------------------------------------------------------

Current Ranking  1  2

--------------------------------------------------------------------------------

* GA execution time :                                                           
  total  0.0320 user  0.0320 sys  0.0000

--------------------------------------------------------------------------------
Fitness function evaluations: 5357

--------------------------------------------------------------------------------
** Docking run number  3 **
--------------------------------------------------------------------------------
  Rank fitness base is 5000.00 ; increment is 11.2233

* Initialising population(s) ...                                                
Number of constraints mappings 0
Number of constraints 0
  Population no.                           :      1
  Population size                          :    100
  Number of duplicates                     :      0
  Number of niche violations               :      0
  Number of errors                         :      6


Doing GA, no. of population(s) 1 size 100 selection pressure 1.100000

 Operation      Score     S(PLP)   S(hbond)     S(cho)   S(metal)  DE(clash)   DE(tors)     intcor
         0      31.59     -30.69       0.30       0.00       0.00       0.00       0.00       0.00
       555      33.89     -33.89       0.00       0.00       0.00       0.00       0.00       0.00
       911      38.89     -36.65       0.75       0.00       0.00       0.00       0.00       0.00
--------------------------------------------------------------------------------
Best docking solution after GA:
      1500      38.89     -36.65       0.75       0.00       0.00       0.00       0.00       0.00

#ops:       1500 #mutates:    754 #cross:      746 #dups:       260 
#niche:     1033 #errors:      29 
--------------------------------------------------------------------------------

Doing AMOEBA simplex on best individual
Done simplexing #iterations 481, best score  41.59

Ligand is stored in gold_soln_prep_ligand_5_m1_3.mol2


--------------------------------------------------------------------------------
--- CHEMPLP breakdown of terms                                               ---
--------------------------------------------------------------------------------
CHEMPLP = - ( 1.0000*S(PLP) + -3.0000*S(hbond) + -6.0000*S(metal) + -3.0000*S(cho) )

Score = CHEMPLP - 1.0000*DE(clash) - 2.0000*DE(tors)

Internal energy term has been corrected with the best internal energy encountered.

--------------------------------------------------------------------------------


     Score     S(PLP)   S(hbond)     S(cho)   S(metal)  DE(clash)   DE(tors)     intcor
     41.59     -38.61       0.99       0.00       0.00       0.00       0.00       0.00

--------------------------------------------------------------------------------
--- PLP analysis of protein-ligand interactions                              ---
--------------------------------------------------------------------------------
hydrogen bonding        :      -1.69
metal                   :       0.00
buried (polar-nonpolar) :       0.26
nonpolar                :     -38.83
repulsive               :       0.00
--------------------------------------------------------------------------------


--------------------------------------------------------------------------------
--- ChemScore analysis of protein-ligand interactions                        ---
--------------------------------------------------------------------------------

* Hydrogen bonds                                                                
Ligand donor    6 hydrogen   23 Protein acceptor  386 bond energy  1.00 wt 0.99


* CH..O interactions                                                            
  CH group selection                       : activated ring CH (adjacent to hetatom)

--------------------------------------------------------------------------------


--------------------------------------------------------------------------------
--- Intra-ligand clashes                                                     ---
--------------------------------------------------------------------------------

Ligand
--------------------------------------------------------------------------------


--------------------------------------------------------------------------------
--- Chromosome decoded                                                       ---
--------------------------------------------------------------------------------
Ligand Torsions
[  23    6    5    4]  -93.65
Protein Torsions
[ 489  484  483  480]  -40.72 
[1635 1626 1625 1623]   -6.90 
[1707 1702 1701 1698]    9.20 
[1839 1828 1827 1826]  -82.09 
Mapping
Ligand acceptors to protein hydrogens (mapping then atom ids)
Ligand hydrogens to protein acceptors (mapping then atom ids)
Ligand shape atoms to protein points (mapping then atom ids & coords)
  1  5413 [  1->(-13.500  13.500  20.250)]
  2  5767 [  4->(-13.000  15.500  20.250)]
  5  4846 [  9->(-14.750  14.750  20.000)]
  6  3717 [ 10->(-16.250  14.250  18.750)]
  7  4937 [ 11->(-14.500  13.000  19.750)]
 12  5060 [ 16->(-14.250  15.750  19.750)]
Chromosome values
Integers:
  -1   -1 5412 5766   -1   -1 4845 3716 4936   -1   -1   -1 
  -1 5059 
--------------------------------------------------------------------------------

Current Ranking  1  3  2

--------------------------------------------------------------------------------

* GA execution time :                                                           
  total  0.0281 user  0.0271 sys  0.0010

--------------------------------------------------------------------------------
Fitness function evaluations: 5611

--------------------------------------------------------------------------------
** Docking run number  4 **
--------------------------------------------------------------------------------
  Rank fitness base is 5000.00 ; increment is 11.2233

* Initialising population(s) ...                                                
Number of constraints mappings 0
Number of constraints 0
  Population no.                           :      1
  Population size                          :    100
  Number of duplicates                     :      0
  Number of niche violations               :      1
  Number of errors                         :      8


Doing GA, no. of population(s) 1 size 100 selection pressure 1.100000

 Operation      Score     S(PLP)   S(hbond)     S(cho)   S(metal)  DE(clash)   DE(tors)     intcor
         0      34.45     -34.45       0.00       0.00       0.00       0.00       0.00       0.00
        54      34.45     -34.45       0.00       0.00       0.00       0.00       0.00       0.00
       677      37.70     -37.70       0.00       0.00       0.00       0.00       0.00       0.00
       737      38.99     -38.99       0.00       0.00       0.00       0.00       0.00       0.00
       773      39.44     -38.99       0.15       0.00       0.00       0.00       0.00       0.00
       992      39.49     -38.99       0.17       0.00       0.00       0.00       0.00       0.00
      1314      39.77     -39.77       0.00       0.00       0.00       0.00       0.00       0.00
      1317      40.22     -38.89       0.44       0.00       0.00       0.00       0.00       0.00
--------------------------------------------------------------------------------
Best docking solution after GA:
      1500      40.22     -38.89       0.44       0.00       0.00       0.00       0.00       0.00

#ops:       1500 #mutates:    764 #cross:      736 #dups:       278 
#niche:     1095 #errors:      12 
--------------------------------------------------------------------------------

Doing AMOEBA simplex on best individual
Done simplexing #iterations 315, best score  41.52

Ligand is stored in gold_soln_prep_ligand_5_m1_4.mol2


--------------------------------------------------------------------------------
--- CHEMPLP breakdown of terms                                               ---
--------------------------------------------------------------------------------
CHEMPLP = - ( 1.0000*S(PLP) + -3.0000*S(hbond) + -6.0000*S(metal) + -3.0000*S(cho) )

Score = CHEMPLP - 1.0000*DE(clash) - 2.0000*DE(tors)

Internal energy term has been corrected with the best internal energy encountered.

--------------------------------------------------------------------------------


     Score     S(PLP)   S(hbond)     S(cho)   S(metal)  DE(clash)   DE(tors)     intcor
     41.52     -38.54       0.99       0.00       0.00       0.00       0.00       0.00

--------------------------------------------------------------------------------
--- PLP analysis of protein-ligand interactions                              ---
--------------------------------------------------------------------------------
hydrogen bonding        :      -2.00
metal                   :       0.00
buried (polar-nonpolar) :      -2.90
nonpolar                :     -34.44
repulsive               :       0.00
--------------------------------------------------------------------------------


--------------------------------------------------------------------------------
--- ChemScore analysis of protein-ligand interactions                        ---
--------------------------------------------------------------------------------

* Hydrogen bonds                                                                
Ligand donor    6 hydrogen   23 Protein acceptor 2696 bond energy  1.00 wt 0.99


* CH..O interactions                                                            
  CH group selection                       : activated ring CH (adjacent to hetatom)

--------------------------------------------------------------------------------


--------------------------------------------------------------------------------
--- Intra-ligand clashes                                                     ---
--------------------------------------------------------------------------------

Ligand
--------------------------------------------------------------------------------


--------------------------------------------------------------------------------
--- Chromosome decoded                                                       ---
--------------------------------------------------------------------------------
Ligand Torsions
[  23    6    5    4] -157.18
Protein Torsions
[ 489  484  483  480]   53.16 
[1635 1626 1625 1623]   15.30 
[1707 1702 1701 1698]   92.50 
[1839 1828 1827 1826]   -7.45 
Mapping
Ligand acceptors to protein hydrogens (mapping then atom ids)
Ligand hydrogens to protein acceptors (mapping then atom ids)
Ligand shape atoms to protein points (mapping then atom ids & coords)
  1  6047 [  1->(-12.500  13.250  20.000)]
  3  4731 [  5->(-15.000  14.500  19.750)]
  4  4944 [  7->(-14.500  14.250  19.750)]
  6  5195 [ 10->(-14.000  16.250  20.750)]
  7  6534 [ 11->(-11.750  15.750  19.750)]
  8  5198 [ 12->(-14.000  16.250  21.500)]
  9  4988 [ 13->(-14.500  17.250  21.500)]
 10  5655 [ 14->(-13.250  17.000  20.750)]
 11  4879 [ 15->(-14.750  16.750  21.000)]
 12  5167 [ 16->(-14.000  15.000  20.750)]
Chromosome values
Integers:
  -1   -1 6046   -1 4730 4943   -1 5194 6533 5197 4987 5654 
4878 5166 
--------------------------------------------------------------------------------

Current Ranking  1  3  4  2

--------------------------------------------------------------------------------

* GA execution time :                                                           
  total  0.0327 user  0.0327 sys  0.0000

--------------------------------------------------------------------------------
Fitness function evaluations: 5345

--------------------------------------------------------------------------------
** Docking run number  5 **
--------------------------------------------------------------------------------
  Rank fitness base is 5000.00 ; increment is 11.2233

* Initialising population(s) ...                                                
Number of constraints mappings 0
Number of constraints 0
  Population no.                           :      1
  Population size                          :    100
  Number of duplicates                     :      0
  Number of niche violations               :      3
  Number of errors                         :     11


Doing GA, no. of population(s) 1 size 100 selection pressure 1.100000

 Operation      Score     S(PLP)   S(hbond)     S(cho)   S(metal)  DE(clash)   DE(tors)     intcor
         0      36.17     -36.17       0.00       0.00       0.00       0.00       0.00       0.00
       110      39.17     -36.17       1.00       0.00       0.00       0.00       0.00       0.00
       753      39.22     -36.22       1.00       0.00       0.00       0.00       0.00       0.00
--------------------------------------------------------------------------------
Best docking solution after GA:
      1500      39.22     -36.22       1.00       0.00       0.00       0.00       0.00       0.00

#ops:       1500 #mutates:    729 #cross:      771 #dups:       253 
#niche:     1015 #errors:      24 
--------------------------------------------------------------------------------

Doing AMOEBA simplex on best individual
Done simplexing #iterations 313, best score  39.81

Ligand is stored in gold_soln_prep_ligand_5_m1_5.mol2


--------------------------------------------------------------------------------
--- CHEMPLP breakdown of terms                                               ---
--------------------------------------------------------------------------------
CHEMPLP = - ( 1.0000*S(PLP) + -3.0000*S(hbond) + -6.0000*S(metal) + -3.0000*S(cho) )

Score = CHEMPLP - 1.0000*DE(clash) - 2.0000*DE(tors)

Internal energy term has been corrected with the best internal energy encountered.

--------------------------------------------------------------------------------


     Score     S(PLP)   S(hbond)     S(cho)   S(metal)  DE(clash)   DE(tors)     intcor
     39.81     -36.81       1.00       0.00       0.00       0.00       0.00       0.00

--------------------------------------------------------------------------------
--- PLP analysis of protein-ligand interactions                              ---
--------------------------------------------------------------------------------
hydrogen bonding        :      -1.00
metal                   :       0.00
buried (polar-nonpolar) :       0.46
nonpolar                :     -36.32
repulsive               :       0.00
--------------------------------------------------------------------------------


--------------------------------------------------------------------------------
--- ChemScore analysis of protein-ligand interactions                        ---
--------------------------------------------------------------------------------

* Hydrogen bonds                                                                
Ligand donor    6 hydrogen   23 Protein acceptor 2696 bond energy  1.00 wt 1.00


* CH..O interactions                                                            
  CH group selection                       : activated ring CH (adjacent to hetatom)

--------------------------------------------------------------------------------


--------------------------------------------------------------------------------
--- Intra-ligand clashes                                                     ---
--------------------------------------------------------------------------------

Ligand
--------------------------------------------------------------------------------


--------------------------------------------------------------------------------
--- Chromosome decoded                                                       ---
--------------------------------------------------------------------------------
Ligand Torsions
[  23    6    5    4]  -30.08
Protein Torsions
[ 489  484  483  480]  141.08 
[1635 1626 1625 1623]  -12.14 
[1707 1702 1701 1698] -173.80 
[1839 1828 1827 1826]  -17.03 
Mapping
Ligand acceptors to protein hydrogens (mapping then atom ids)
Ligand hydrogens to protein acceptors (mapping then atom ids)
Ligand shape atoms to protein points (mapping then atom ids & coords)
  2  4211 [  4->(-15.750  14.250  19.250)]
  8  6540 [ 12->(-11.750  16.000  19.500)]
  9  7007 [ 13->(-10.500  15.000  19.500)]
 11  6616 [ 15->(-11.500  13.000  19.500)]
 12  6202 [ 16->(-12.250  13.500  19.500)]
Chromosome values
Integers:
  -1   -1   -1 4210   -1   -1   -1   -1   -1 6539 7006   -1 
6615 6201 
--------------------------------------------------------------------------------

Current Ranking  1  3  4  5  2

--------------------------------------------------------------------------------

* GA execution time :                                                           
  total  0.0275 user  0.0275 sys  0.0000

--------------------------------------------------------------------------------
Fitness function evaluations: 5379

--------------------------------------------------------------------------------
** Docking run number  6 **
--------------------------------------------------------------------------------
  Rank fitness base is 5000.00 ; increment is 11.2233

* Initialising population(s) ...                                                
Number of constraints mappings 0
Number of constraints 0
  Population no.                           :      1
  Population size                          :    100
  Number of duplicates                     :      0
  Number of niche violations               :      2
  Number of errors                         :     10


Doing GA, no. of population(s) 1 size 100 selection pressure 1.100000

 Operation      Score     S(PLP)   S(hbond)     S(cho)   S(metal)  DE(clash)   DE(tors)     intcor
         0      30.25     -30.25       0.00       0.00       0.00       0.00       0.00       0.00
        11      30.36     -30.36       0.00       0.00       0.00       0.00       0.00       0.00
       146      30.37     -30.36       0.00       0.00       0.00       0.00       0.00       0.00
       391      31.43     -31.43       0.00       0.00       0.00       0.00       0.00       0.00
       432      35.84     -35.84       0.00       0.00       0.00       0.00       0.00       0.00
       783      36.25     -36.25       0.00       0.00       0.00       0.00       0.00       0.00
      1138      36.38     -34.72       0.55       0.00       0.00       0.00       0.00       0.00
      1140      36.47     -34.72       0.59       0.00       0.00       0.00       0.00       0.00
      1156      37.20     -36.25       0.32       0.00       0.00       0.00       0.00       0.00
      1218      37.30     -36.25       0.35       0.00       0.00       0.00       0.00       0.00
      1287      37.39     -36.25       0.38       0.00       0.00       0.00       0.00       0.00
--------------------------------------------------------------------------------
Best docking solution after GA:
      1500      37.39     -36.25       0.38       0.00       0.00       0.00       0.00       0.00

#ops:       1500 #mutates:    776 #cross:      724 #dups:       310 
#niche:     1077 #errors:      11 
--------------------------------------------------------------------------------

Doing AMOEBA simplex on best individual
Done simplexing #iterations 450, best score  41.74

Ligand is stored in gold_soln_prep_ligand_5_m1_6.mol2


--------------------------------------------------------------------------------
--- CHEMPLP breakdown of terms                                               ---
--------------------------------------------------------------------------------
CHEMPLP = - ( 1.0000*S(PLP) + -3.0000*S(hbond) + -6.0000*S(metal) + -3.0000*S(cho) )

Score = CHEMPLP - 1.0000*DE(clash) - 2.0000*DE(tors)

Internal energy term has been corrected with the best internal energy encountered.

--------------------------------------------------------------------------------


     Score     S(PLP)   S(hbond)     S(cho)   S(metal)  DE(clash)   DE(tors)     intcor
     41.74     -38.77       0.99       0.00       0.00       0.00       0.00       0.00

--------------------------------------------------------------------------------
--- PLP analysis of protein-ligand interactions                              ---
--------------------------------------------------------------------------------
hydrogen bonding        :      -2.00
metal                   :       0.00
buried (polar-nonpolar) :      -4.14
nonpolar                :     -33.62
repulsive               :       0.00
--------------------------------------------------------------------------------


--------------------------------------------------------------------------------
--- ChemScore analysis of protein-ligand interactions                        ---
--------------------------------------------------------------------------------

* Hydrogen bonds                                                                
Ligand donor    6 hydrogen   23 Protein acceptor 2696 bond energy  1.00 wt 0.99


* CH..O interactions                                                            
  CH group selection                       : activated ring CH (adjacent to hetatom)

--------------------------------------------------------------------------------


--------------------------------------------------------------------------------
--- Intra-ligand clashes                                                     ---
--------------------------------------------------------------------------------

Ligand
--------------------------------------------------------------------------------


--------------------------------------------------------------------------------
--- Chromosome decoded                                                       ---
--------------------------------------------------------------------------------
Ligand Torsions
[  23    6    5    4] -151.72
Protein Torsions
[ 489  484  483  480]  -46.02 
[1635 1626 1625 1623] -124.42 
[1707 1702 1701 1698]  159.37 
[1839 1828 1827 1826]   27.84 
Mapping
Ligand acceptors to protein hydrogens (mapping then atom ids)
Ligand hydrogens to protein acceptors (mapping then atom ids)
Ligand shape atoms to protein points (mapping then atom ids & coords)
  1  5884 [  1->(-12.750  13.250  19.500)]
  3  5148 [  5->(-14.000  12.750  19.750)]
  4  4439 [  7->(-15.500  15.250  19.500)]
  6  5204 [ 10->(-14.000  16.500  21.500)]
  7  6937 [ 11->(-10.750  14.500  20.000)]
  8  5652 [ 12->(-13.250  16.750  21.750)]
 10  4802 [ 14->(-15.000  19.000  21.750)]
 12  4763 [ 16->(-15.000  16.500  21.000)]
Chromosome values
Integers:
  -1   -1 5883   -1 5147 4438   -1 5203 6936 5651   -1 4801 
  -1 4762 
--------------------------------------------------------------------------------

Current Ranking  1  6  3  4  5  2

--------------------------------------------------------------------------------

* GA execution time :                                                           
  total  0.0281 user  0.0281 sys  0.0000

--------------------------------------------------------------------------------
Fitness function evaluations: 5524

--------------------------------------------------------------------------------
** Docking run number  7 **
--------------------------------------------------------------------------------
  Rank fitness base is 5000.00 ; increment is 11.2233

* Initialising population(s) ...                                                
Number of constraints mappings 0
Number of constraints 0
  Population no.                           :      1
  Population size                          :    100
  Number of duplicates                     :      0
  Number of niche violations               :      0
  Number of errors                         :      6


Doing GA, no. of population(s) 1 size 100 selection pressure 1.100000

 Operation      Score     S(PLP)   S(hbond)     S(cho)   S(metal)  DE(clash)   DE(tors)     intcor
         0      33.58     -33.58       0.00       0.00       0.00       0.00       0.00       0.00
       682      34.10     -33.58       0.17       0.00       0.00       0.00       0.00       0.00
       764      34.92     -34.92       0.00       0.00       0.00       0.00       0.00       0.00
       943      36.27     -32.06       1.40       0.00       0.00       0.00       0.00       0.00
--------------------------------------------------------------------------------
Best docking solution after GA:
      1500      36.27     -32.06       1.40       0.00       0.00       0.00       0.00       0.00

#ops:       1500 #mutates:    752 #cross:      748 #dups:       252 
#niche:     1015 #errors:       7 
--------------------------------------------------------------------------------

Doing AMOEBA simplex on best individual
Done simplexing #iterations 352, best score  39.98

Ligand is stored in gold_soln_prep_ligand_5_m1_7.mol2


--------------------------------------------------------------------------------
--- CHEMPLP breakdown of terms                                               ---
--------------------------------------------------------------------------------
CHEMPLP = - ( 1.0000*S(PLP) + -3.0000*S(hbond) + -6.0000*S(metal) + -3.0000*S(cho) )

Score = CHEMPLP - 1.0000*DE(clash) - 2.0000*DE(tors)

Internal energy term has been corrected with the best internal energy encountered.

--------------------------------------------------------------------------------


     Score     S(PLP)   S(hbond)     S(cho)   S(metal)  DE(clash)   DE(tors)     intcor
     39.98     -33.98       2.00       0.00       0.00       0.00       0.00       0.00

--------------------------------------------------------------------------------
--- PLP analysis of protein-ligand interactions                              ---
--------------------------------------------------------------------------------
hydrogen bonding        :      -3.00
metal                   :       0.00
buried (polar-nonpolar) :      -2.19
nonpolar                :     -29.08
repulsive               :       0.00
--------------------------------------------------------------------------------


--------------------------------------------------------------------------------
--- ChemScore analysis of protein-ligand interactions                        ---
--------------------------------------------------------------------------------

* Hydrogen bonds                                                                
Ligand donor    6 hydrogen   23 Protein acceptor  386 bond energy  1.00 wt 1.00
Protein donor 5035 hydrogen 5036 Ligand acceptor    6 bond energy  1.00 wt 1.00


* CH..O interactions                                                            
  CH group selection                       : activated ring CH (adjacent to hetatom)

--------------------------------------------------------------------------------


--------------------------------------------------------------------------------
--- Intra-ligand clashes                                                     ---
--------------------------------------------------------------------------------

Ligand
--------------------------------------------------------------------------------


--------------------------------------------------------------------------------
--- Chromosome decoded                                                       ---
--------------------------------------------------------------------------------
Ligand Torsions
[  23    6    5    4]   -2.94
Protein Torsions
[ 489  484  483  480] -168.43 
[1635 1626 1625 1623]   15.55 
[1707 1702 1701 1698] -102.92 
[1839 1828 1827 1826]   33.40 
Mapping
Ligand acceptors to protein hydrogens (mapping then atom ids)
Ligand hydrogens to protein acceptors (mapping then atom ids)
Ligand shape atoms to protein points (mapping then atom ids & coords)
  1  4487 [  1->(-15.500  16.750  21.000)]
  7  4844 [ 11->(-14.750  14.500  20.000)]
 10  6325 [ 14->(-12.000  11.750  19.500)]
 11  5729 [ 15->(-13.000  13.750  19.750)]
Chromosome values
Integers:
  -1   -1 4486   -1   -1   -1   -1   -1 4843   -1   -1 6324 
5728   -1 
--------------------------------------------------------------------------------

Current Ranking  1  6  3  4  7  5  2

--------------------------------------------------------------------------------

* GA execution time :                                                           
  total  0.0281 user  0.0281 sys  0.0000

--------------------------------------------------------------------------------
Fitness function evaluations: 5404

--------------------------------------------------------------------------------
** Docking run number  8 **
--------------------------------------------------------------------------------
  Rank fitness base is 5000.00 ; increment is 11.2233

* Initialising population(s) ...                                                
Number of constraints mappings 0
Number of constraints 0
  Population no.                           :      1
  Population size                          :    100
  Number of duplicates                     :      0
  Number of niche violations               :      2
  Number of errors                         :     12


Doing GA, no. of population(s) 1 size 100 selection pressure 1.100000

 Operation      Score     S(PLP)   S(hbond)     S(cho)   S(metal)  DE(clash)   DE(tors)     intcor
         0      27.85     -27.85       0.00       0.00       0.00       0.00       0.00       0.00
       255      27.86     -27.86       0.00       0.00       0.00       0.00       0.00       0.00
       266      30.82     -29.27       0.52       0.00       0.00       0.00       0.00       0.00
       318      34.07     -34.07       0.00       0.00       0.00       0.00       0.00       0.00
       558      35.57     -35.55       0.01       0.00       0.00       0.00       0.00       0.00
       685      36.99     -35.55       0.48       0.00       0.00       0.00       0.00       0.00
      1131      37.48     -34.48       1.00       0.00       0.00       0.00       0.00       0.00
--------------------------------------------------------------------------------
Best docking solution after GA:
      1500      37.48     -34.48       1.00       0.00       0.00       0.00       0.00       0.00

#ops:       1500 #mutates:    744 #cross:      756 #dups:       269 
#niche:     1062 #errors:      16 
--------------------------------------------------------------------------------

Doing AMOEBA simplex on best individual
Done simplexing #iterations 654, best score  40.89

Ligand is stored in gold_soln_prep_ligand_5_m1_8.mol2


--------------------------------------------------------------------------------
--- CHEMPLP breakdown of terms                                               ---
--------------------------------------------------------------------------------
CHEMPLP = - ( 1.0000*S(PLP) + -3.0000*S(hbond) + -6.0000*S(metal) + -3.0000*S(cho) )

Score = CHEMPLP - 1.0000*DE(clash) - 2.0000*DE(tors)

Internal energy term has been corrected with the best internal energy encountered.

--------------------------------------------------------------------------------


     Score     S(PLP)   S(hbond)     S(cho)   S(metal)  DE(clash)   DE(tors)     intcor
     40.89     -38.16       0.91       0.00       0.00       0.00       0.00       0.00

--------------------------------------------------------------------------------
--- PLP analysis of protein-ligand interactions                              ---
--------------------------------------------------------------------------------
hydrogen bonding        :      -1.65
metal                   :       0.00
buried (polar-nonpolar) :      -3.32
nonpolar                :     -32.83
repulsive               :       0.00
--------------------------------------------------------------------------------


--------------------------------------------------------------------------------
--- ChemScore analysis of protein-ligand interactions                        ---
--------------------------------------------------------------------------------

* Hydrogen bonds                                                                
Ligand donor    6 hydrogen   23 Protein acceptor 2696 bond energy  1.00 wt 0.91


* CH..O interactions                                                            
  CH group selection                       : activated ring CH (adjacent to hetatom)

--------------------------------------------------------------------------------


--------------------------------------------------------------------------------
--- Intra-ligand clashes                                                     ---
--------------------------------------------------------------------------------

Ligand
--------------------------------------------------------------------------------


--------------------------------------------------------------------------------
--- Chromosome decoded                                                       ---
--------------------------------------------------------------------------------
Ligand Torsions
[  23    6    5    4]  -34.48
Protein Torsions
[ 489  484  483  480] -134.98 
[1635 1626 1625 1623] -112.73 
[1707 1702 1701 1698]  -81.19 
[1839 1828 1827 1826]  -67.49 
Mapping
Ligand acceptors to protein hydrogens (mapping then atom ids)
Ligand hydrogens to protein acceptors (mapping then atom ids)
Ligand shape atoms to protein points (mapping then atom ids & coords)
  1  4764 [  1->(-15.000  16.750  20.750)]
  2  3772 [  4->(-16.250  15.500  19.750)]
  6  5981 [ 10->(-12.750  17.000  20.250)]
  8  5953 [ 12->(-12.750  16.250  19.750)]
  9  6779 [ 13->(-11.250  15.750  20.250)]
 10  6956 [ 14->(-10.750  16.000  20.000)]
 11  6737 [ 15->(-11.250  13.500  19.250)]
Chromosome values
Integers:
  -1   -1 4763 3771   -1   -1   -1 5980   -1 5952 6778 6955 
6736   -1 
--------------------------------------------------------------------------------

Current Ranking  1  6  3  4  8  7  5  2

--------------------------------------------------------------------------------

* GA execution time :                                                           
  total  0.0288 user  0.0288 sys  0.0000

--------------------------------------------------------------------------------
Fitness function evaluations: 5845

--------------------------------------------------------------------------------
** Docking run number  9 **
--------------------------------------------------------------------------------
  Rank fitness base is 5000.00 ; increment is 11.2233

* Initialising population(s) ...                                                
Number of constraints mappings 0
Number of constraints 0
  Population no.                           :      1
  Population size                          :    100
  Number of duplicates                     :      0
  Number of niche violations               :      0
  Number of errors                         :     14


Doing GA, no. of population(s) 1 size 100 selection pressure 1.100000

 Operation      Score     S(PLP)   S(hbond)     S(cho)   S(metal)  DE(clash)   DE(tors)     intcor
         0      31.97     -31.97       0.00       0.00       0.00       0.00       0.00       0.00
       362      35.46     -35.40       0.02       0.00       0.00       0.00       0.00       0.00
       427      38.42     -36.26       0.72       0.00       0.00       0.00       0.00       0.00
       520      38.47     -36.26       0.74       0.00       0.00       0.00       0.00       0.00
      1421      38.85     -36.26       0.86       0.00       0.00       0.00       0.00       0.00
--------------------------------------------------------------------------------
Best docking solution after GA:
      1500      38.85     -36.26       0.86       0.00       0.00       0.00       0.00       0.00

#ops:       1500 #mutates:    742 #cross:      758 #dups:       264 
#niche:     1065 #errors:       7 
--------------------------------------------------------------------------------

Doing AMOEBA simplex on best individual
Done simplexing #iterations 329, best score  40.65

Ligand is stored in gold_soln_prep_ligand_5_m1_9.mol2


--------------------------------------------------------------------------------
--- CHEMPLP breakdown of terms                                               ---
--------------------------------------------------------------------------------
CHEMPLP = - ( 1.0000*S(PLP) + -3.0000*S(hbond) + -6.0000*S(metal) + -3.0000*S(cho) )

Score = CHEMPLP - 1.0000*DE(clash) - 2.0000*DE(tors)

Internal energy term has been corrected with the best internal energy encountered.

--------------------------------------------------------------------------------


     Score     S(PLP)   S(hbond)     S(cho)   S(metal)  DE(clash)   DE(tors)     intcor
     40.65     -37.68       0.99       0.00       0.00       0.00       0.00       0.00

--------------------------------------------------------------------------------
--- PLP analysis of protein-ligand interactions                              ---
--------------------------------------------------------------------------------
hydrogen bonding        :      -1.46
metal                   :       0.00
buried (polar-nonpolar) :      -2.81
nonpolar                :     -32.72
repulsive               :       0.00
--------------------------------------------------------------------------------


--------------------------------------------------------------------------------
--- ChemScore analysis of protein-ligand interactions                        ---
--------------------------------------------------------------------------------

* Hydrogen bonds                                                                
Ligand donor    6 hydrogen   23 Protein acceptor 2696 bond energy  1.00 wt 0.99


* CH..O interactions                                                            
  CH group selection                       : activated ring CH (adjacent to hetatom)

--------------------------------------------------------------------------------


--------------------------------------------------------------------------------
--- Intra-ligand clashes                                                     ---
--------------------------------------------------------------------------------

Ligand
--------------------------------------------------------------------------------


--------------------------------------------------------------------------------
--- Chromosome decoded                                                       ---
--------------------------------------------------------------------------------
Ligand Torsions
[  23    6    5    4]  -35.14
Protein Torsions
[ 489  484  483  480]  -56.10 
[1635 1626 1625 1623] -130.09 
[1707 1702 1701 1698] -178.03 
[1839 1828 1827 1826]  158.52 
Mapping
Ligand acceptors to protein hydrogens (mapping then atom ids)
Ligand hydrogens to protein acceptors (mapping then atom ids)
Ligand shape atoms to protein points (mapping then atom ids & coords)
  1  4336 [  1->(-15.750  18.000  22.000)]
  2  4587 [  4->(-15.250  14.500  19.250)]
  3  3937 [  5->(-16.000  12.750  20.000)]
  4  5406 [  7->(-13.500  13.000  20.000)]
  6  5610 [ 10->(-13.250  15.750  20.250)]
 11  6186 [ 15->(-12.250  12.500  19.000)]
 12  6066 [ 16->(-12.500  14.500  20.250)]
Chromosome values
Integers:
  -1   -1 4335 4586 3936 5405   -1 5609   -1   -1   -1   -1 
6185 6065 
--------------------------------------------------------------------------------

Current Ranking  1  6  3  4  8  9  7  5  2

--------------------------------------------------------------------------------

* GA execution time :                                                           
  total  0.0280 user  0.0280 sys  0.0000

--------------------------------------------------------------------------------
Fitness function evaluations: 5417

--------------------------------------------------------------------------------
** Docking run number 10 **
--------------------------------------------------------------------------------
  Rank fitness base is 5000.00 ; increment is 11.2233

* Initialising population(s) ...                                                
Number of constraints mappings 0
Number of constraints 0
  Population no.                           :      1
  Population size                          :    100
  Number of duplicates                     :      0
  Number of niche violations               :      4
  Number of errors                         :     13


Doing GA, no. of population(s) 1 size 100 selection pressure 1.100000

 Operation      Score     S(PLP)   S(hbond)     S(cho)   S(metal)  DE(clash)   DE(tors)     intcor
         0      33.20     -33.20       0.00       0.00       0.00       0.00       0.00       0.00
       131      36.59     -33.20       1.13       0.00       0.00       0.00       0.00       0.00
       788      36.73     -33.20       1.18       0.00       0.00       0.00       0.00       0.00
       867      38.45     -36.23       0.74       0.00       0.00       0.00       0.00       0.00
      1357      38.50     -36.40       0.70       0.00       0.00       0.00       0.00       0.00
      1428      39.01     -36.67       0.78       0.00       0.00       0.00       0.00       0.00
      1497      39.15     -36.15       1.00       0.00       0.00       0.00       0.00       0.00
--------------------------------------------------------------------------------
Best docking solution after GA:
      1500      39.15     -36.15       1.00       0.00       0.00       0.00       0.00       0.00

#ops:       1500 #mutates:    722 #cross:      778 #dups:       282 
#niche:     1077 #errors:       7 
--------------------------------------------------------------------------------

Doing AMOEBA simplex on best individual
Done simplexing #iterations 317, best score  41.31

Ligand is stored in gold_soln_prep_ligand_5_m1_10.mol2


--------------------------------------------------------------------------------
--- CHEMPLP breakdown of terms                                               ---
--------------------------------------------------------------------------------
CHEMPLP = - ( 1.0000*S(PLP) + -3.0000*S(hbond) + -6.0000*S(metal) + -3.0000*S(cho) )

Score = CHEMPLP - 1.0000*DE(clash) - 2.0000*DE(tors)

Internal energy term has been corrected with the best internal energy encountered.

--------------------------------------------------------------------------------


     Score     S(PLP)   S(hbond)     S(cho)   S(metal)  DE(clash)   DE(tors)     intcor
     41.31     -38.31       1.00       0.00       0.00       0.00       0.00       0.00

--------------------------------------------------------------------------------
--- PLP analysis of protein-ligand interactions                              ---
--------------------------------------------------------------------------------
hydrogen bonding        :      -2.00
metal                   :       0.00
buried (polar-nonpolar) :      -4.41
nonpolar                :     -33.45
repulsive               :       0.00
--------------------------------------------------------------------------------


--------------------------------------------------------------------------------
--- ChemScore analysis of protein-ligand interactions                        ---
--------------------------------------------------------------------------------

* Hydrogen bonds                                                                
Ligand donor    6 hydrogen   23 Protein acceptor 2696 bond energy  1.00 wt 1.00


* CH..O interactions                                                            
  CH group selection                       : activated ring CH (adjacent to hetatom)

--------------------------------------------------------------------------------


--------------------------------------------------------------------------------
--- Intra-ligand clashes                                                     ---
--------------------------------------------------------------------------------

Ligand
--------------------------------------------------------------------------------


--------------------------------------------------------------------------------
--- Chromosome decoded                                                       ---
--------------------------------------------------------------------------------
Ligand Torsions
[  23    6    5    4] -158.98
Protein Torsions
[ 489  484  483  480]   39.62 
[1635 1626 1625 1623] -120.93 
[1707 1702 1701 1698]  -17.03 
[1839 1828 1827 1826] -161.88 
Mapping
Ligand acceptors to protein hydrogens (mapping then atom ids)
Ligand hydrogens to protein acceptors (mapping then atom ids)
  1  12 [ 23->2696]
Ligand shape atoms to protein points (mapping then atom ids & coords)
  1  6821 [  1->(-11.000  12.500  19.500)]
  5  5056 [  9->(-14.250  15.500  20.000)]
  6  6433 [ 10->(-12.000  16.750  20.750)]
  7  6092 [ 11->(-12.500  15.750  19.500)]
 11  3860 [ 15->(-16.250  17.500  21.500)]
 12  4643 [ 16->(-15.250  17.000  21.500)]
Chromosome values
Integers:
  -1   11 6820   -1   -1   -1 5055 6432 6091   -1   -1   -1 
3859 4642 
--------------------------------------------------------------------------------

Current Ranking  1  6  3  4 10  8  9  7  5  2

--------------------------------------------------------------------------------

* GA execution time :                                                           
  total  0.0283 user  0.0273 sys  0.0010

--------------------------------------------------------------------------------
Fitness function evaluations: 5390

--------------------------------------------------------------------------------
--- Ranking analysis                                                         ---
--------------------------------------------------------------------------------


* Final ranked order of GA solutions:                                           
   1  6  3  4 10  8  9  7  5  2 

  _______________________________
  RMSD Matrix of RANKED solutions

        2    3    4    5    6    7    8    9   10  

   1 :  3.8  0.5  3.8  3.8  4.7  4.8  3.8  4.7  4.6
   2 :       3.9  0.2  0.3  3.5  3.6  4.8  3.6  3.5
   3 :            3.9  3.8  4.7  4.8  3.7  4.8  4.6
   4 :                 0.4  3.5  3.6  4.8  3.5  3.5
   5 :                      3.6  3.6  4.9  3.6  3.5
   6 :                           0.4  3.7  0.6  0.9
   7 :                                3.6  0.5  1.3
   8 :                                     3.7  3.9
   9 :                                          1.3

  Clustering method                        : complete linkage
  Structure ids in cluster table           : rank nos.
  Ordering of clusters and their members   : by rank (order if from rms_analysis)

  Distance | Clusters
   0.18    |  1 |  2  4 |  3 |  5 |  6 |  7 |  8 |  9 | 10 |
   0.36    |  1 |  2  4 |  3 |  5 |  6  7 |  8 |  9 | 10 |
   0.42    |  1 |  2  4  5 |  3 |  6  7 |  8 |  9 | 10 |
   0.46    |  1  3 |  2  4  5 |  6  7 |  8 |  9 | 10 |
   0.61    |  1  3 |  2  4  5 |  6  7  9 |  8 | 10 |
   1.32    |  1  3 |  2  4  5 |  6  7  9 10 |  8 |
   3.64    |  1  3 |  2  4  5  6  7  9 10 |  8 |
   3.78    |  1  3  8 |  2  4  5  6  7  9 10 |
   4.88    |  1  2  3  4  5  6  7  8  9 10 |
  Finished Docking Ligand                  : /nfs/home/myuecel3/Frontiers_MedChem/data/output/gold_docking_step1/prep_ligand_5.mol2
--------------------------------------------------------------------------------

  Relative_Ligand_Energy (best encountered) :   0.000
  Relative_Ligand_Energy: fitness values have been corrected using this amount
