
--------------------------------------------------------------------------------
--- Ligand                                                                   ---
--------------------------------------------------------------------------------
  Ligand loaded from file                  : /nfs/home/myuecel3/Frontiers_MedChem/data/output/gold_docking_step1/prep_ligand_0.mol2
  Ligand name                              :  
  "RDKit          3D                                                        "

--------------------------------------------------------------------------------
  N.plc donors                             : 
  none found

  Acidic nitrogen acceptors                : 
  none found
  Sulfur acceptors                         :
  none found

  15 (SO2 acceptor)
  16 (SO2 acceptor)

  Donor atoms                              :      0
  
  Acceptor atoms                           :      5
  4   8   12  15  16  

  Hydrogens                                :  (n = 0)
    none found


  Lone pairs added to molecule             :      6
  Numbering                                : from 55 to 16

--------------------------------------------------------------------------------
--- Postprocessing of typing                                                 ---
--------------------------------------------------------------------------------
  Fragment file                            : /appl/ccdc/CSDS2022/Discovery_2022/GOLD/gold/rotatable_bond_override.mol2
  acylurea fragment                        : no matches
  thioacylthiourea fragment                : no matches
  acylthiourea fragment                    : no matches
  thioacylurea fragment                    : no matches
  diarylamine fragment >C.ar-NH-C.ar<      : no matches
  sec-amine (1) fragment                   : no matches
  sec-amine (2) fragment                   : no matches
  sec-amine (3) fragment                   : no matches
  carboxylic ester                         : no matches

* Rotatable bonds in /nfs/home/myuecel3/F  :
  [   2    3] [   3    5 (flip) ]     [   8    9] [   9   10] 
  [  10   12] [  12   14] [  14   17] 
  No. of rotatable bonds                   :      7


* Reading torsional distributions from file:
  /appl/ccdc/CSDS2022/Discovery_2022/GOLD/gold/gold.tordist
  No. of bins in torsional distributions   :     36
  Minimum size of largest peak             :      0
  Removing high energy torsions            : on
  Delta E set to                           :   2.500

* Fragments found in /nfs/home/myuecel3/F  :
  atom  17: benzene
  atom  18: benzene
  atom  19: benzene
  atom  20: benzene
  atom  22: benzene
  atom  23: benzene


* Checking torsion distributions:                                               
  Rotatable bond [12 14 17 23] matches torsion: disubstituted sulphonamide aromatic sulponamide 2
   N ( C  C ) | S ( =O.2  =O.2 ) | C.ar ( ~C.ar ) | C.ar 
  No. of matched torsions                  :      1

--------------------------------------------------------------------------------
--- Shape fitting atoms selection (hydrophobic atoms)                        ---
--------------------------------------------------------------------------------
  Molecule                                 : /nfs/home/myuecel3/Frontiers_MedChem/data/output/gold_docking_step1/prep_ligand_0.mol2
  Selection                                : carbons only
  Atom numbers                             :  (n = 15)
  1    2    6    7    9    10   11   13   18   19   
  21   22   23   24   25   


--------------------------------------------------------------------------------
--- ChemScore ligand setup summary                                           ---
--------------------------------------------------------------------------------
  ChemScore ligand acceptors               :      5
  4 8 12 15 16 
  ChemScore ligand donors                  :      0
  
  ChemScore ligand CH donors               :      0
  

  ChemScore ligand lipophilic atoms        :  (n = 17)
  1    2    6    7    9    10   11   13   17   18   
  19   20   21   22   23   24   25   

  ChemScore ligand rotatable bonds         :      7
  2   (C2 ) - 3   (C3 ): SP3_SP2_BOND
  3   (C3 ) - 5   (N5 ): SP2_SP2_BOND
  8   (N8 ) - 9   (C9 ): SP3_SP3_BOND
  9   (C9 ) - 10  (C10): SP3_SP3_BOND
  10  (C10) - 12  (N12): SP3_SP3_BOND
  12  (N12) - 14  (S14): SP3_SP2_BOND
  14  (S14) - 17  (C17): SP2_SP2_BOND

--------------------------------------------------------------------------------
--- PLP ligand setup summary                                                 ---
--------------------------------------------------------------------------------
    1    C1   C.3 NONPOLAR
    2    C2   C.3 NONPOLAR
    3    C3   C.2 NONPOLAR
    4    O4   O.2 ACCEPTOR
    5    N5  N.am NONPOLAR
    6    C6   C.3 NONPOLAR
    7    C7   C.3 NONPOLAR
    8    N8   N.3 ACCEPTOR
    9    C9   C.3 NONPOLAR
   10   C10   C.3 NONPOLAR
   11   C11   C.3 NONPOLAR
   12   N12   N.3 ACCEPTOR
   13   C13   C.3 NONPOLAR
   14   S14  S.o2 NONPOLAR
   15   O15   O.2 ACCEPTOR
   16   O16   O.2 ACCEPTOR
   17   C17  C.ar NONPOLAR
   18   C18  C.ar NONPOLAR
   19   C19  C.ar NONPOLAR
   20   C20  C.ar NONPOLAR
   21   C21   C.3 NONPOLAR
   22   C22  C.ar NONPOLAR
   23   C23  C.ar NONPOLAR
   24   C24   C.3 NONPOLAR
   25   C25   C.3 NONPOLAR

--------------------------------------------------------------------------------
--- Automatic parameter setting                                              ---
--------------------------------------------------------------------------------
  Contribution base                        :   2500
  Contribution per rotatable bond          :   6000
  Contribution per df                      :   4000
  Contribution per water                   :  10000
  Ligand rotatable bonds                   :      7
  Protein flexible side chain bonds        :      0
  Total rotatable bonds                    :      7
  Hydrophobic vol ratio (P/L)              :   0.969
  Base multiplier (polar)                  :   1.000
  Base multiplier (apolar)                 :   2.907
  Base contribution                        : 7500.000
  Fitting points                           :      5
  Estimated maxops needed (optimal)        :  50000
  Autoscale factor (in percent)            :     10
  Scaled maxops                            :   5250

--------------------------------------------------------------------------------

* Population settings                                                           
  maxops                                   :   5250
  popsiz                                   :    100
  select_pressure                          :   1.100
  n_islands                                :      1
  niche_siz                                :      2

* GA settings                                                                   
  pt_crosswt                               :    100
  allele_mutatewt                          :    100
  migratewt                                :      0

* Search settings                                                               
  start_vdw_linear_cutoff                  :   4.000
  initial_virtual_pt_match_max             :   3.000

--------------------------------------------------------------------------------

* Ligand initialisation time :                                                  
  total  0.0084 user  0.0084 sys  0.0000

--------------------------------------------------------------------------------

--------------------------------------------------------------------------------
** Docking run number  1 **
--------------------------------------------------------------------------------
  Rank fitness base is 5000.00 ; increment is 11.2233

* Initialising population(s) ...                                                
Number of constraints mappings 0
Number of constraints 0
  Population no.                           :      1
  Population size                          :    100
  Number of duplicates                     :      0
  Number of niche violations               :      0
  Number of errors                         :     26


Doing GA, no. of population(s) 1 size 100 selection pressure 1.100000

 Operation      Score     S(PLP)   S(hbond)     S(cho)   S(metal)  DE(clash)   DE(tors)     intcor
         0      16.39     -21.34       0.00       0.00       0.00       3.33       3.11       3.49
       434      22.02     -23.27       0.10       0.00       0.00       0.00       2.51       3.49
      1095      23.31     -25.52       0.00       0.00       0.00       0.00       2.86       3.49
      1213      23.61     -25.82       0.00       0.00       0.00       0.00       2.86       3.49
      1271      25.34     -26.63       0.08       0.00       0.00       0.00       2.51       3.49
      1361      28.36     -28.69       1.31       0.00       0.00       1.67       3.04       3.49
      1551      33.06     -33.16       0.78       0.00       0.00       0.00       2.97       3.49
      2157      35.33     -39.62       0.56       0.00       0.00       3.68       2.82       3.36
      2491      38.88     -38.59       0.78       0.00       0.00       0.00       2.71       3.36
      2870      40.49     -42.26       0.48       0.00       0.00       0.00       3.28       3.36
      4252      40.60     -42.71       0.43       0.00       0.00       0.00       3.39       3.36
--------------------------------------------------------------------------------
Best docking solution after GA:
      5250      40.60     -42.71       0.43       0.00       0.00       0.00       3.39       3.36

#ops:       5250 #mutates:   2623 #cross:     2627 #dups:       944 
#niche:     2705 #errors:     122 
--------------------------------------------------------------------------------

Doing AMOEBA simplex on best individual
Done simplexing #iterations 1001, best score  48.92

Ligand is stored in gold_soln_prep_ligand_0_m1_1.mol2


--------------------------------------------------------------------------------
--- CHEMPLP breakdown of terms                                               ---
--------------------------------------------------------------------------------
CHEMPLP = - ( 1.0000*S(PLP) + -3.0000*S(hbond) + -6.0000*S(metal) + -3.0000*S(cho) )

Score = CHEMPLP - 1.0000*DE(clash) - 2.0000*DE(tors)

Internal energy term has been corrected with the best internal energy encountered.

--------------------------------------------------------------------------------


     Score     S(PLP)   S(hbond)     S(cho)   S(metal)  DE(clash)   DE(tors)     intcor
     48.92     -49.55       0.57       0.00       0.00       0.00       2.84       3.36

--------------------------------------------------------------------------------
--- PLP analysis of protein-ligand interactions                              ---
--------------------------------------------------------------------------------
hydrogen bonding        :      -2.00
metal                   :       0.00
buried (polar-nonpolar) :      -8.53
nonpolar                :     -40.85
repulsive               :       0.48
--------------------------------------------------------------------------------


--------------------------------------------------------------------------------
--- ChemScore analysis of protein-ligand interactions                        ---
--------------------------------------------------------------------------------

* Hydrogen bonds                                                                
Protein donor 5227 hydrogen 5229 Ligand acceptor   15 bond energy  1.00 wt 0.43
Protein donor 5035 hydrogen 5036 Ligand acceptor    4 bond energy  1.00 wt 0.13


* CH..O interactions                                                            
  CH group selection                       : activated ring CH (adjacent to hetatom)

--------------------------------------------------------------------------------


--------------------------------------------------------------------------------
--- Intra-ligand clashes                                                     ---
--------------------------------------------------------------------------------

Ligand
--------------------------------------------------------------------------------


--------------------------------------------------------------------------------
--- Chromosome decoded                                                       ---
--------------------------------------------------------------------------------
Ligand Torsions
[   1    2    3    4]    1.84
[   2    3    5    6]   -0.03
[   7    8    9   10]  116.96
[  11   10    9    8]   26.24
[  13   12   10    9]  161.39
[  15   14   12   10]  -20.73
[  12   14   17   23]  -50.28    matched torsion: disubstituted sulphonamide aromatic sulponamide 2
Protein Torsions
[ 489  484  483  480]   -5.39 
[1635 1626 1625 1623]  -52.00 
[1707 1702 1701 1698]    2.29 
[1839 1828 1827 1826]   64.71 
Mapping
Ligand acceptors to protein hydrogens (mapping then atom ids)
Ligand shape atoms to protein points (mapping then atom ids & coords)
  3  6501 [  6->(-11.750  14.000  19.250)]
  5  4496 [  9->(-15.500  17.250  21.750)]
  6  4320 [ 10->(-15.750  17.500  21.000)]
  9  2521 [ 18->(-18.500  19.250  20.000)]
 11   928 [ 21->(-21.500  20.750  20.250)]
 12   880 [ 22->(-21.500  19.500  20.000)]
 13  1869 [ 23->(-19.750  20.000  20.000)]
 14  5655 [ 24->(-13.250  17.000  20.750)]
Chromosome values
Integers:
  -1   -1   -1   -1   -1   -1   -1 6500   -1 4495 4319   -1 
  -1 2520   -1  927  879 1868 5654   -1 
--------------------------------------------------------------------------------

Current Ranking  1

--------------------------------------------------------------------------------

* GA execution time :                                                           
  total  0.0916 user  0.0906 sys  0.0010

--------------------------------------------------------------------------------
Fitness function evaluations: 11900

--------------------------------------------------------------------------------
** Docking run number  2 **
--------------------------------------------------------------------------------
  Rank fitness base is 5000.00 ; increment is 11.2233

* Initialising population(s) ...                                                
Number of constraints mappings 0
Number of constraints 0
  Population no.                           :      1
  Population size                          :    100
  Number of duplicates                     :      0
  Number of niche violations               :      0
  Number of errors                         :     16


Doing GA, no. of population(s) 1 size 100 selection pressure 1.100000

 Operation      Score     S(PLP)   S(hbond)     S(cho)   S(metal)  DE(clash)   DE(tors)     intcor
         0      -3.24      -4.88       0.00       0.00       0.00       4.94       3.27       3.36
       273      12.45     -15.72       0.00       0.00       0.00       1.68       2.47       3.36
       392      12.69     -15.96       0.00       0.00       0.00       1.68       2.47       3.36
       535      28.64     -31.91       0.00       0.00       0.00       1.68       2.47       3.36
      1269      28.71     -31.73       0.00       0.00       0.00       1.68       2.35       3.36
      1305      30.94     -34.19       0.00       0.00       0.00       1.68       2.46       3.36
      1850      31.20     -34.46       0.00       0.00       0.00       1.68       2.47       3.36
      1949      32.37     -33.86       0.00       0.00       0.00       0.00       2.42       3.36
      1987      33.14     -34.63       0.00       0.00       0.00       0.00       2.42       3.36
      2770      33.48     -34.96       0.00       0.00       0.00       0.00       2.42       3.36
      3150      34.80     -36.28       0.06       0.00       0.00       0.00       2.51       3.36
      3562      34.92     -36.03       0.18       0.00       0.00       0.00       2.51       3.36
      3760      36.46     -37.05       0.91       0.00       0.00       0.89       2.90       3.36
      3965      37.86     -37.93       0.66       0.00       0.00       0.00       2.70       3.36
      4607      40.50     -41.79       0.83       0.00       0.00       2.30       2.42       3.36
      4714      42.21     -40.36       1.00       0.00       0.00       0.00       2.26       3.36
      4763      46.85     -45.03       0.99       0.00       0.00       0.00       2.26       3.36
      5052      47.43     -45.75       0.94       0.00       0.00       0.00       2.26       3.36
      5186      47.62     -45.76       0.93       0.00       0.00       0.00       2.14       3.36
--------------------------------------------------------------------------------
Best docking solution after GA:
      5250      47.62     -45.76       0.93       0.00       0.00       0.00       2.14       3.36

#ops:       5250 #mutates:   2594 #cross:     2656 #dups:      1329 
#niche:     3370 #errors:      67 
--------------------------------------------------------------------------------

Doing AMOEBA simplex on best individual
Done simplexing #iterations 764, best score  50.38

Ligand is stored in gold_soln_prep_ligand_0_m1_2.mol2


--------------------------------------------------------------------------------
--- CHEMPLP breakdown of terms                                               ---
--------------------------------------------------------------------------------
CHEMPLP = - ( 1.0000*S(PLP) + -3.0000*S(hbond) + -6.0000*S(metal) + -3.0000*S(cho) )

Score = CHEMPLP - 1.0000*DE(clash) - 2.0000*DE(tors)

Internal energy term has been corrected with the best internal energy encountered.

--------------------------------------------------------------------------------


     Score     S(PLP)   S(hbond)     S(cho)   S(metal)  DE(clash)   DE(tors)     intcor
     50.38     -48.35       0.99       0.00       0.00       0.00       2.15       3.36

--------------------------------------------------------------------------------
--- PLP analysis of protein-ligand interactions                              ---
--------------------------------------------------------------------------------
hydrogen bonding        :      -3.00
metal                   :       0.00
buried (polar-nonpolar) :      -8.04
nonpolar                :     -38.35
repulsive               :       0.35
--------------------------------------------------------------------------------


--------------------------------------------------------------------------------
--- ChemScore analysis of protein-ligand interactions                        ---
--------------------------------------------------------------------------------

* Hydrogen bonds                                                                
Protein donor 5227 hydrogen 5229 Ligand acceptor   15 bond energy  1.00 wt 0.99


* CH..O interactions                                                            
  CH group selection                       : activated ring CH (adjacent to hetatom)

--------------------------------------------------------------------------------


--------------------------------------------------------------------------------
--- Intra-ligand clashes                                                     ---
--------------------------------------------------------------------------------

Ligand
--------------------------------------------------------------------------------


--------------------------------------------------------------------------------
--- Chromosome decoded                                                       ---
--------------------------------------------------------------------------------
Ligand Torsions
[   1    2    3    4]  112.94
[   2    3    5    6]   -0.03
[   7    8    9   10]  151.45
[  11   10    9    8]   66.39
[  13   12   10    9]  170.61
[  15   14   12   10]    7.90
[  12   14   17   23]   60.83    matched torsion: disubstituted sulphonamide aromatic sulponamide 2
Protein Torsions
[ 489  484  483  480] -150.40 
[1635 1626 1625 1623] -124.76 
[1707 1702 1701 1698]   92.98 
[1839 1828 1827 1826]  -72.54 
Mapping
Ligand acceptors to protein hydrogens (mapping then atom ids)
Ligand shape atoms to protein points (mapping then atom ids & coords)
  1  1817 [  1->(-20.000  23.500  19.250)]
  2  1637 [  2->(-20.250  21.750  20.250)]
  3  2147 [  6->(-19.250  21.250  20.000)]
  4  3153 [  7->(-17.250  22.000  19.750)]
  5  3633 [  9->(-16.500  17.750  21.500)]
 10  6933 [ 19->(-10.750  14.250  19.500)]
 11  6581 [ 21->(-11.500  11.500  19.000)]
 13  5727 [ 23->(-13.000  13.500  20.000)]
 14  2485 [ 24->(-18.500  18.000  21.000)]
 15  1707 [ 25->(-20.000  19.000  20.000)]
Chromosome values
Integers:
  -1   -1   -1   -1   -1 1816 1636 2146 3152 3632   -1   -1 
  -1   -1 6932 6580   -1 5726 2484 1706 
--------------------------------------------------------------------------------

Current Ranking  2  1

--------------------------------------------------------------------------------

* GA execution time :                                                           
  total  0.0922 user  0.0913 sys  0.0010

--------------------------------------------------------------------------------
Fitness function evaluations: 11559

--------------------------------------------------------------------------------
** Docking run number  3 **
--------------------------------------------------------------------------------
  Rank fitness base is 5000.00 ; increment is 11.2233

* Initialising population(s) ...                                                
Number of constraints mappings 0
Number of constraints 0
  Population no.                           :      1
  Population size                          :    100
  Number of duplicates                     :      0
  Number of niche violations               :      0
  Number of errors                         :     16


Doing GA, no. of population(s) 1 size 100 selection pressure 1.100000

 Operation      Score     S(PLP)   S(hbond)     S(cho)   S(metal)  DE(clash)   DE(tors)     intcor
         0       5.00     -17.32       1.00       0.00       0.00      13.20       2.74       3.36
        42       5.00     -17.32       1.00       0.00       0.00      13.20       2.74       3.36
        95       8.01     -13.15       0.34       0.00       0.00       4.20       2.65       3.36
       193      14.03     -17.27       0.20       0.00       0.00       1.21       3.00       3.36
       589      17.65     -20.06       0.07       0.00       0.00       0.91       2.53       3.33
       609      22.87     -31.03       0.00       0.00       0.00       5.51       2.99       3.33
       674      33.23     -39.25       0.00       0.00       0.00       4.20       2.57       3.33
      1063      35.33     -41.30       0.00       0.00       0.00       4.20       2.55       3.33
      1377      35.62     -41.51       0.00       0.00       0.00       4.20       2.51       3.33
      1624      35.73     -41.55       0.00       0.00       0.00       4.20       2.48       3.33
      1715      36.76     -39.92       0.00       0.00       0.00       2.08       2.20       3.33
      2344      38.86     -40.13       0.47       0.00       0.00       0.91       2.55       3.33
      2366      38.86     -40.13       0.47       0.00       0.00       0.91       2.55       3.33
      2741      40.69     -39.65       0.72       0.00       0.00       0.00       2.22       3.33
      2946      41.01     -39.64       1.00       0.00       0.00       0.00       2.48       3.33
      3855      41.03     -40.13       0.72       0.00       0.00       0.00       2.22       3.17
      4303      41.51     -39.93       1.00       0.00       0.00       0.00       2.30       3.17
      4872      43.30     -43.39       0.43       0.00       0.00       0.00       2.27       3.15
      4942      44.62     -44.01       0.55       0.00       0.00       0.00       2.09       3.15
      5170      45.08     -44.14       0.64       0.00       0.00       0.00       2.07       3.15
      5223      45.38     -43.49       1.00       0.00       0.00       0.00       2.13       3.15
--------------------------------------------------------------------------------
Best docking solution after GA:
      5250      45.38     -43.49       1.00       0.00       0.00       0.00       2.13       3.15

#ops:       5250 #mutates:   2605 #cross:     2645 #dups:       935 
#niche:     2797 #errors:      60 
--------------------------------------------------------------------------------

Doing AMOEBA simplex on best individual
Done simplexing #iterations 548, best score  48.07

Ligand is stored in gold_soln_prep_ligand_0_m1_3.mol2


--------------------------------------------------------------------------------
--- CHEMPLP breakdown of terms                                               ---
--------------------------------------------------------------------------------
CHEMPLP = - ( 1.0000*S(PLP) + -3.0000*S(hbond) + -6.0000*S(metal) + -3.0000*S(cho) )

Score = CHEMPLP - 1.0000*DE(clash) - 2.0000*DE(tors)

Internal energy term has been corrected with the best internal energy encountered.

--------------------------------------------------------------------------------


     Score     S(PLP)   S(hbond)     S(cho)   S(metal)  DE(clash)   DE(tors)     intcor
     48.07     -46.06       0.99       0.00       0.00       0.00       2.06       3.15

--------------------------------------------------------------------------------
--- PLP analysis of protein-ligand interactions                              ---
--------------------------------------------------------------------------------
hydrogen bonding        :      -1.65
metal                   :       0.00
buried (polar-nonpolar) :      -6.27
nonpolar                :     -39.05
repulsive               :       0.28
--------------------------------------------------------------------------------


--------------------------------------------------------------------------------
--- ChemScore analysis of protein-ligand interactions                        ---
--------------------------------------------------------------------------------

* Hydrogen bonds                                                                
Protein donor 5227 hydrogen 5229 Ligand acceptor   16 bond energy  1.00 wt 0.99


* CH..O interactions                                                            
  CH group selection                       : activated ring CH (adjacent to hetatom)

--------------------------------------------------------------------------------


--------------------------------------------------------------------------------
--- Intra-ligand clashes                                                     ---
--------------------------------------------------------------------------------

Ligand
--------------------------------------------------------------------------------


--------------------------------------------------------------------------------
--- Chromosome decoded                                                       ---
--------------------------------------------------------------------------------
Ligand Torsions
[   1    2    3    4]  -57.68
[   2    3    5    6]   -0.03
[   7    8    9   10]   72.66
[  11   10    9    8]   61.60
[  13   12   10    9]  -79.24
[  15   14   12   10]  -76.66
[  12   14   17   23] -124.99    matched torsion: disubstituted sulphonamide aromatic sulponamide 2
Protein Torsions
[ 489  484  483  480]   31.09 
[1635 1626 1625 1623]  -12.00 
[1707 1702 1701 1698] -117.73 
[1839 1828 1827 1826]    7.34 
Mapping
Ligand acceptors to protein hydrogens (mapping then atom ids)
Ligand shape atoms to protein points (mapping then atom ids & coords)
  3  4157 [  6->(-16.000  22.000  20.500)]
  5  2927 [  9->(-17.500  16.750  21.000)]
  6  2933 [ 10->(-17.500  17.000  21.000)]
  7  4121 [ 11->(-16.000  18.250  22.000)]
 11  6010 [ 21->(-12.500  11.500  19.750)]
 12  6773 [ 22->(-11.250  15.500  20.250)]
Chromosome values
Integers:
  -1   -1   -1   -1   -1   -1   -1 4156   -1 2926 2932 4120 
  -1   -1   -1 6009 6772   -1   -1   -1 
--------------------------------------------------------------------------------

Current Ranking  2  1  3

--------------------------------------------------------------------------------

* GA execution time :                                                           
  total  0.0936 user  0.0926 sys  0.0010

--------------------------------------------------------------------------------
Fitness function evaluations: 11272

--------------------------------------------------------------------------------
** Docking run number  4 **
--------------------------------------------------------------------------------
  Rank fitness base is 5000.00 ; increment is 11.2233

* Initialising population(s) ...                                                
Number of constraints mappings 0
Number of constraints 0
  Population no.                           :      1
  Population size                          :    100
  Number of duplicates                     :      0
  Number of niche violations               :      0
  Number of errors                         :     22


Doing GA, no. of population(s) 1 size 100 selection pressure 1.100000

 Operation      Score     S(PLP)   S(hbond)     S(cho)   S(metal)  DE(clash)   DE(tors)     intcor
         0       7.47     -18.84       0.00       0.00       0.00       7.00       3.76       3.15
       110       7.50     -19.38       0.00       0.00       0.00      10.54       2.25       3.15
       232      11.42     -13.50       0.05       0.00       0.00       0.00       2.69       3.15
       324      13.23     -14.63       1.19       0.00       0.00       3.29       2.41       3.15
       384      14.12     -19.10       0.03       0.00       0.00       3.29       2.46       3.15
       387      16.40     -14.73       1.10       0.00       0.00       0.00       2.39       3.15
       547      28.87     -35.56       0.63       0.00       0.00       7.25       2.24       3.15
      1276      30.41     -29.99       1.39       0.00       0.00       1.97       2.47       3.15
      1455      33.19     -31.32       0.95       0.00       0.00       0.00       2.06       3.15
      1956      35.82     -36.73       0.36       0.00       0.00       0.00       2.57       3.15
      1994      36.27     -36.28       0.66       0.00       0.00       0.00       2.57       3.15
      2937      37.90     -37.72       0.72       0.00       0.00       0.00       2.57       3.15
      3322      38.85     -38.24       0.86       0.00       0.00       0.00       2.57       3.15
      3341      40.26     -41.35       0.59       0.00       0.00       0.00       3.00       3.15
      3784      40.62     -40.27       0.85       0.00       0.00       0.00       2.67       3.15
      4420      41.58     -40.23       1.15       0.00       0.00       0.00       2.63       3.15
      4919      41.73     -40.46       1.37       0.00       0.00       0.00       2.99       3.15
      4921      42.72     -42.68       0.90       0.00       0.00       0.00       2.90       3.15
      5014      45.14     -43.64       1.20       0.00       0.00       0.00       2.63       3.15
--------------------------------------------------------------------------------
Best docking solution after GA:
      5250      45.14     -43.64       1.20       0.00       0.00       0.00       2.63       3.15

#ops:       5250 #mutates:   2679 #cross:     2571 #dups:       997 
#niche:     2941 #errors:     103 
--------------------------------------------------------------------------------

Doing AMOEBA simplex on best individual
Done simplexing #iterations 907, best score  54.10

Ligand is stored in gold_soln_prep_ligand_0_m1_4.mol2


--------------------------------------------------------------------------------
--- CHEMPLP breakdown of terms                                               ---
--------------------------------------------------------------------------------
CHEMPLP = - ( 1.0000*S(PLP) + -3.0000*S(hbond) + -6.0000*S(metal) + -3.0000*S(cho) )

Score = CHEMPLP - 1.0000*DE(clash) - 2.0000*DE(tors)

Internal energy term has been corrected with the best internal energy encountered.

--------------------------------------------------------------------------------


     Score     S(PLP)   S(hbond)     S(cho)   S(metal)  DE(clash)   DE(tors)     intcor
     54.10     -52.86       0.97       0.00       0.00       0.00       2.41       3.15

--------------------------------------------------------------------------------
--- PLP analysis of protein-ligand interactions                              ---
--------------------------------------------------------------------------------
hydrogen bonding        :      -2.00
metal                   :       0.00
buried (polar-nonpolar) :      -5.53
nonpolar                :     -45.26
repulsive               :       0.28
--------------------------------------------------------------------------------


--------------------------------------------------------------------------------
--- ChemScore analysis of protein-ligand interactions                        ---
--------------------------------------------------------------------------------

* Hydrogen bonds                                                                
Protein donor 5227 hydrogen 5229 Ligand acceptor   15 bond energy  1.00 wt 0.88
Protein donor 5275 hydrogen 5277 Ligand acceptor    4 bond energy  1.00 wt 0.09


* CH..O interactions                                                            
  CH group selection                       : activated ring CH (adjacent to hetatom)

--------------------------------------------------------------------------------


--------------------------------------------------------------------------------
--- Intra-ligand clashes                                                     ---
--------------------------------------------------------------------------------

Ligand
 18 (C18  ) -  13 (C13  ):   0.00 (dist   3.00)
--------------------------------------------------------------------------------


--------------------------------------------------------------------------------
--- Chromosome decoded                                                       ---
--------------------------------------------------------------------------------
Ligand Torsions
[   1    2    3    4]   -4.10
[   2    3    5    6]   -0.03
[   7    8    9   10]  -73.29
[  11   10    9    8]   74.50
[  13   12   10    9] -179.56
[  15   14   12   10]  -24.15
[  12   14   17   23]  133.34    matched torsion: disubstituted sulphonamide aromatic sulponamide 2
Protein Torsions
[ 489  484  483  480]  -35.92 
[1635 1626 1625 1623]  125.67 
[1707 1702 1701 1698]   28.58 
[1839 1828 1827 1826]    1.96 
Mapping
Ligand acceptors to protein hydrogens (mapping then atom ids)
Ligand shape atoms to protein points (mapping then atom ids & coords)
  1   108 [  1->(-23.500  20.500  19.750)]
  3  1613 [  6->(-20.250  21.000  19.500)]
  5  3234 [  9->(-17.000  17.750  20.750)]
  6  3625 [ 10->(-16.500  17.250  21.500)]
  8  4864 [ 13->(-14.750  15.750  20.750)]
  9  5895 [ 18->(-12.750  14.000  19.750)]
 10  5742 [ 19->(-13.000  14.500  20.000)]
 11  6993 [ 21->(-10.500  13.750  19.250)]
 13  6411 [ 23->(-12.000  16.250  19.750)]
Chromosome values
Integers:
  -1   -1   -1   -1   -1  107   -1 1612   -1 3233 3624   -1 
4863 5894 5741 6992   -1 6410   -1   -1 
--------------------------------------------------------------------------------

Current Ranking  4  2  1  3

--------------------------------------------------------------------------------

* GA execution time :                                                           
  total  0.0974 user  0.0974 sys  0.0000

--------------------------------------------------------------------------------
Fitness function evaluations: 11718

--------------------------------------------------------------------------------
** Docking run number  5 **
--------------------------------------------------------------------------------
  Rank fitness base is 5000.00 ; increment is 11.2233

* Initialising population(s) ...                                                
Number of constraints mappings 0
Number of constraints 0
  Population no.                           :      1
  Population size                          :    100
  Number of duplicates                     :      0
  Number of niche violations               :      0
  Number of errors                         :     20


Doing GA, no. of population(s) 1 size 100 selection pressure 1.100000

 Operation      Score     S(PLP)   S(hbond)     S(cho)   S(metal)  DE(clash)   DE(tors)     intcor
         0      -1.87     -10.37       0.00       0.00       0.00       9.63       2.88       3.15
       131       3.69     -17.71       0.04       0.00       0.00      11.70       2.79       3.15
       172       8.36     -20.16       0.23       0.00       0.00      10.16       2.74       3.15
       201      13.16     -15.51       0.00       0.00       0.00       0.00       2.75       3.15
       895      14.65     -16.47       0.18       0.00       0.00       0.00       2.75       3.15
      1105      16.09     -18.40       0.00       0.00       0.00       0.00       2.73       3.15
      1251      21.74     -25.40       0.00       0.00       0.00       0.00       3.40       3.15
      1499      27.86     -30.03       0.00       0.00       0.00       0.00       2.66       3.15
      1933      27.99     -28.53       0.85       0.00       0.00       0.00       3.12       3.15
      1958      28.45     -30.56       0.00       0.00       0.00       0.00       2.63       3.15
      2440      29.52     -31.94       0.00       0.00       0.00       0.00       2.79       3.15
      2504      32.24     -31.67       1.84       0.00       0.00       1.11       3.49       3.15
      2516      34.56     -34.06       1.82       0.00       0.00       1.11       3.49       3.15
      2543      39.04     -39.70       0.38       0.00       0.00       0.00       2.48       3.15
      2965      39.40     -40.24       0.32       0.00       0.00       0.00       2.47       3.15
      4936      40.27     -40.62       0.52       0.00       0.00       0.00       2.54       3.15
      5045      41.05     -41.44       0.47       0.00       0.00       0.00       2.48       3.15
--------------------------------------------------------------------------------
Best docking solution after GA:
      5250      41.05     -41.44       0.47       0.00       0.00       0.00       2.48       3.15

#ops:       5250 #mutates:   2584 #cross:     2666 #dups:      1050 
#niche:     2707 #errors:     144 
--------------------------------------------------------------------------------

Doing AMOEBA simplex on best individual
Done simplexing #iterations 878, best score  47.04

Ligand is stored in gold_soln_prep_ligand_0_m1_5.mol2


--------------------------------------------------------------------------------
--- CHEMPLP breakdown of terms                                               ---
--------------------------------------------------------------------------------
CHEMPLP = - ( 1.0000*S(PLP) + -3.0000*S(hbond) + -6.0000*S(metal) + -3.0000*S(cho) )

Score = CHEMPLP - 1.0000*DE(clash) - 2.0000*DE(tors)

Internal energy term has been corrected with the best internal energy encountered.

--------------------------------------------------------------------------------


     Score     S(PLP)   S(hbond)     S(cho)   S(metal)  DE(clash)   DE(tors)     intcor
     47.04     -46.70       0.76       0.00       0.00       0.00       2.55       3.15

--------------------------------------------------------------------------------
--- PLP analysis of protein-ligand interactions                              ---
--------------------------------------------------------------------------------
hydrogen bonding        :      -2.00
metal                   :       0.00
buried (polar-nonpolar) :      -8.07
nonpolar                :     -37.35
repulsive               :       0.36
--------------------------------------------------------------------------------


--------------------------------------------------------------------------------
--- ChemScore analysis of protein-ligand interactions                        ---
--------------------------------------------------------------------------------

* Hydrogen bonds                                                                
Protein donor 5227 hydrogen 5229 Ligand acceptor   16 bond energy  1.00 wt 0.76


* CH..O interactions                                                            
  CH group selection                       : activated ring CH (adjacent to hetatom)

--------------------------------------------------------------------------------


--------------------------------------------------------------------------------
--- Intra-ligand clashes                                                     ---
--------------------------------------------------------------------------------

Ligand
--------------------------------------------------------------------------------


--------------------------------------------------------------------------------
--- Chromosome decoded                                                       ---
--------------------------------------------------------------------------------
Ligand Torsions
[   1    2    3    4]    5.45
[   2    3    5    6]  179.97
[   7    8    9   10]   50.87
[  11   10    9    8]  116.74
[  13   12   10    9]  170.15
[  15   14   12   10]  -17.50
[  12   14   17   23]  -76.55    matched torsion: disubstituted sulphonamide aromatic sulponamide 2
Protein Torsions
[ 489  484  483  480]  119.51 
[1635 1626 1625 1623]  155.18 
[1707 1702 1701 1698]  168.82 
[1839 1828 1827 1826]   97.53 
Mapping
Ligand acceptors to protein hydrogens (mapping then atom ids)
Ligand shape atoms to protein points (mapping then atom ids & coords)
  3  2139 [  6->(-19.250  21.000  19.500)]
  4  2654 [  7->(-18.250  20.250  19.750)]
  9  4837 [ 18->(-14.750  13.750  20.000)]
 13  6289 [ 23->(-12.250  17.000  19.500)]
 15  1931 [ 25->(-19.750  22.750  19.750)]
Chromosome values
Integers:
  -1   -1   -1   -1   -1   -1   -1 2138 2653   -1   -1   -1 
  -1 4836   -1   -1   -1 6288   -1 1930 
--------------------------------------------------------------------------------

Current Ranking  4  2  1  3  5

--------------------------------------------------------------------------------

* GA execution time :                                                           
  total  0.0893 user  0.0883 sys  0.0010

--------------------------------------------------------------------------------
Fitness function evaluations: 11750

--------------------------------------------------------------------------------
** Docking run number  6 **
--------------------------------------------------------------------------------
  Rank fitness base is 5000.00 ; increment is 11.2233

* Initialising population(s) ...                                                
Number of constraints mappings 0
Number of constraints 0
  Population no.                           :      1
  Population size                          :    100
  Number of duplicates                     :      0
  Number of niche violations               :      0
  Number of errors                         :     24


Doing GA, no. of population(s) 1 size 100 selection pressure 1.100000

 Operation      Score     S(PLP)   S(hbond)     S(cho)   S(metal)  DE(clash)   DE(tors)     intcor
         0      -6.08     -17.59       0.00       0.00       0.00      19.08       3.87       3.15
         2       8.68     -14.52       0.08       0.00       0.00       2.42       3.41       3.15
        13      10.26     -16.85       0.15       0.00       0.00       2.90       3.64       3.15
       365      12.87     -20.37       0.00       0.00       0.00       2.42       4.12       3.15
       376      29.96     -35.35       0.18       0.00       0.00       2.42       3.33       3.15
       570      31.49     -37.03       0.13       0.00       0.00       2.42       3.33       3.15
      1076      31.94     -37.34       0.13       0.00       0.00       2.34       3.30       3.15
      1327      32.47     -38.03       0.14       0.00       0.00       2.42       3.36       3.15
      1465      32.90     -38.33       0.14       0.00       0.00       2.34       3.33       3.15
      1824      33.10     -42.38       0.52       0.00       0.00       9.14       2.42       3.15
      1843      34.63     -39.12       0.13       0.00       0.00       3.11       2.46       3.15
      1903      35.22     -39.09       0.00       0.00       0.00       0.00       3.51       3.15
      2092      38.03     -41.90       0.00       0.00       0.00       0.00       3.51       3.15
      2344      40.51     -44.37       0.00       0.00       0.00       0.00       3.51       3.15
      3162      40.56     -42.24       0.19       0.00       0.00       0.00       2.64       3.03
      3322      40.70     -42.80       0.14       0.00       0.00       0.00       2.78       3.03
      3587      41.11     -42.46       0.30       0.00       0.00       0.00       2.64       3.03
      3654      41.65     -43.41       0.26       0.00       0.00       0.00       2.78       3.03
      4083      42.11     -43.96       0.22       0.00       0.00       0.00       2.78       3.03
      4205      42.12     -43.59       0.32       0.00       0.00       0.00       2.72       3.03
      4221      42.44     -43.72       0.42       0.00       0.00       0.00       2.78       3.03
      4222      42.83     -44.39       0.32       0.00       0.00       0.00       2.78       3.03
      4264      43.01     -44.53       0.34       0.00       0.00       0.00       2.78       3.03
      4502      43.59     -46.78       0.47       0.00       0.00       3.90       1.87       3.03
      4708      43.65     -46.53       0.56       0.00       0.00       3.90       1.85       3.03
      4860      44.84     -47.87       0.51       0.00       0.00       3.90       1.85       3.03
      4907      45.13     -48.16       0.53       0.00       0.00       3.90       1.87       3.03
      5003      46.26     -49.40       0.49       0.00       0.00       3.90       1.87       3.03
--------------------------------------------------------------------------------
Best docking solution after GA:
      5250      46.26     -49.40       0.49       0.00       0.00       3.90       1.87       3.03

#ops:       5250 #mutates:   2660 #cross:     2590 #dups:      1038 
#niche:     3587 #errors:      38 
--------------------------------------------------------------------------------

Doing AMOEBA simplex on best individual
Done simplexing #iterations 980, best score  52.40

Ligand is stored in gold_soln_prep_ligand_0_m1_6.mol2


--------------------------------------------------------------------------------
--- CHEMPLP breakdown of terms                                               ---
--------------------------------------------------------------------------------
CHEMPLP = - ( 1.0000*S(PLP) + -3.0000*S(hbond) + -6.0000*S(metal) + -3.0000*S(cho) )

Score = CHEMPLP - 1.0000*DE(clash) - 2.0000*DE(tors)

Internal energy term has been corrected with the best internal energy encountered.

--------------------------------------------------------------------------------


     Score     S(PLP)   S(hbond)     S(cho)   S(metal)  DE(clash)   DE(tors)     intcor
     52.40     -51.51       0.56       0.00       0.00       0.01       1.90       3.03

--------------------------------------------------------------------------------
--- PLP analysis of protein-ligand interactions                              ---
--------------------------------------------------------------------------------
hydrogen bonding        :      -2.00
metal                   :       0.00
buried (polar-nonpolar) :      -7.84
nonpolar                :     -42.31
repulsive               :       0.33
--------------------------------------------------------------------------------


--------------------------------------------------------------------------------
--- ChemScore analysis of protein-ligand interactions                        ---
--------------------------------------------------------------------------------

* Hydrogen bonds                                                                
Protein donor 5227 hydrogen 5229 Ligand acceptor   16 bond energy  1.00 wt 0.56


* CH..O interactions                                                            
  CH group selection                       : activated ring CH (adjacent to hetatom)

--------------------------------------------------------------------------------


--------------------------------------------------------------------------------
--- Intra-ligand clashes                                                     ---
--------------------------------------------------------------------------------

Ligand
 11 (C11  ) -   7 (C7   ):   0.01 (dist   3.00)
--------------------------------------------------------------------------------


--------------------------------------------------------------------------------
--- Chromosome decoded                                                       ---
--------------------------------------------------------------------------------
Ligand Torsions
[   1    2    3    4]  -10.26
[   2    3    5    6]   -0.03
[   7    8    9   10]  -67.05
[  11   10    9    8]   34.53
[  13   12   10    9]  159.64
[  15   14   12   10]  -74.71
[  12   14   17   23]  -50.00    matched torsion: disubstituted sulphonamide aromatic sulponamide 2
Protein Torsions
[ 489  484  483  480] -114.78 
[1635 1626 1625 1623] -140.33 
[1707 1702 1701 1698]  127.91 
[1839 1828 1827 1826]  -74.77 
Mapping
Ligand acceptors to protein hydrogens (mapping then atom ids)
Ligand shape atoms to protein points (mapping then atom ids & coords)
  3  5930 [  6->(-12.750  15.500  20.250)]
  5  4613 [  9->(-15.250  15.750  20.250)]
  6  4318 [ 10->(-15.750  17.250  21.500)]
 11   702 [ 21->(-22.000  20.750  20.000)]
 13  2642 [ 23->(-18.250  19.250  19.750)]
 15  5731 [ 25->(-13.000  13.750  20.250)]
Chromosome values
Integers:
  -1   -1   -1   -1   -1   -1   -1 5929   -1 4612 4317   -1 
  -1   -1   -1  701   -1 2641   -1 5730 
--------------------------------------------------------------------------------

Current Ranking  4  6  2  1  3  5

--------------------------------------------------------------------------------

* GA execution time :                                                           
  total  0.0951 user  0.0951 sys  0.0000

--------------------------------------------------------------------------------
Fitness function evaluations: 11752

--------------------------------------------------------------------------------
** Docking run number  7 **
--------------------------------------------------------------------------------
  Rank fitness base is 5000.00 ; increment is 11.2233

* Initialising population(s) ...                                                
Number of constraints mappings 0
Number of constraints 0
  Population no.                           :      1
  Population size                          :    100
  Number of duplicates                     :      0
  Number of niche violations               :      0
  Number of errors                         :     22


Doing GA, no. of population(s) 1 size 100 selection pressure 1.100000

 Operation      Score     S(PLP)   S(hbond)     S(cho)   S(metal)  DE(clash)   DE(tors)     intcor
         0       6.17      -5.85       1.30       0.00       0.00       0.00       3.30       3.03
       104      10.24     -12.78       1.72       0.00       0.00       3.96       3.39       3.03
       231      14.49     -27.80       0.02       0.00       0.00      10.12       3.14       3.03
       304      25.35     -33.82       0.00       0.00       0.00       5.60       2.95       3.03
       750      29.42     -34.96       0.98       0.00       0.00       5.60       2.95       3.03
       827      29.42     -34.96       0.98       0.00       0.00       5.60       2.95       3.03
      1040      29.97     -32.30       0.22       0.00       0.00       0.00       3.01       3.03
      1209      33.75     -39.44       0.93       0.00       0.00       5.60       2.95       3.03
      1241      38.06     -40.44       0.56       0.00       0.00       0.00       3.54       3.03
      1640      41.38     -43.38       0.68       0.00       0.00       0.00       3.53       3.03
      1931      41.41     -42.65       0.98       0.00       0.00       0.00       3.60       3.03
      2105      41.68     -44.81       0.39       0.00       0.00       0.00       3.67       3.03
      2546      41.74     -43.10       0.91       0.00       0.00       0.00       3.56       3.03
      2748      41.99     -43.27       0.94       0.00       0.00       0.00       3.56       3.03
      2831      42.13     -43.42       0.94       0.00       0.00       0.00       3.56       3.03
      3040      42.98     -44.28       0.91       0.00       0.00       0.00       3.53       3.03
      3099      43.58     -44.85       1.00       0.00       0.00       0.08       3.61       3.03
      3172      43.72     -44.84       1.00       0.00       0.00       0.08       3.54       3.03
      3182      44.77     -45.90       1.00       0.00       0.00       0.08       3.54       3.03
      3227      44.89     -46.07       1.00       0.00       0.00       0.08       3.56       3.03
      3316      45.29     -46.47       1.00       0.00       0.00       0.08       3.56       3.03
      3634      46.16     -47.78       0.98       0.00       0.00       0.00       3.79       3.03
      4199      46.47     -48.28       0.91       0.00       0.00       0.00       3.79       3.03
      4236      46.49     -48.36       0.91       0.00       0.00       0.00       3.81       3.03
      4684      46.54     -48.57       0.91       0.00       0.00       0.00       3.90       3.03
      5180      46.55     -48.58       0.91       0.00       0.00       0.00       3.90       3.03
      5218      46.55     -48.63       0.91       0.00       0.00       0.00       3.92       3.03
--------------------------------------------------------------------------------
Best docking solution after GA:
      5250      46.55     -48.63       0.91       0.00       0.00       0.00       3.92       3.03

#ops:       5250 #mutates:   2636 #cross:     2614 #dups:      1529 
#niche:     3122 #errors:      76 
--------------------------------------------------------------------------------

Doing AMOEBA simplex on best individual
Done simplexing #iterations 749, best score  50.65

Ligand is stored in gold_soln_prep_ligand_0_m1_7.mol2


--------------------------------------------------------------------------------
--- CHEMPLP breakdown of terms                                               ---
--------------------------------------------------------------------------------
CHEMPLP = - ( 1.0000*S(PLP) + -3.0000*S(hbond) + -6.0000*S(metal) + -3.0000*S(cho) )

Score = CHEMPLP - 1.0000*DE(clash) - 2.0000*DE(tors)

Internal energy term has been corrected with the best internal energy encountered.

--------------------------------------------------------------------------------


     Score     S(PLP)   S(hbond)     S(cho)   S(metal)  DE(clash)   DE(tors)     intcor
     50.65     -51.55       0.85       0.00       0.00       0.00       3.23       3.03

--------------------------------------------------------------------------------
--- PLP analysis of protein-ligand interactions                              ---
--------------------------------------------------------------------------------
hydrogen bonding        :      -1.45
metal                   :       0.00
buried (polar-nonpolar) :      -8.29
nonpolar                :     -43.78
repulsive               :       0.28
--------------------------------------------------------------------------------


--------------------------------------------------------------------------------
--- ChemScore analysis of protein-ligand interactions                        ---
--------------------------------------------------------------------------------

* Hydrogen bonds                                                                
Protein donor 5227 hydrogen 5229 Ligand acceptor   16 bond energy  1.00 wt 0.85


* CH..O interactions                                                            
  CH group selection                       : activated ring CH (adjacent to hetatom)

--------------------------------------------------------------------------------


--------------------------------------------------------------------------------
--- Intra-ligand clashes                                                     ---
--------------------------------------------------------------------------------

Ligand
--------------------------------------------------------------------------------


--------------------------------------------------------------------------------
--- Chromosome decoded                                                       ---
--------------------------------------------------------------------------------
Ligand Torsions
[   1    2    3    4]   -8.53
[   2    3    5    6]   -0.03
[   7    8    9   10]  155.25
[  11   10    9    8]  -12.59
[  13   12   10    9]  -82.09
[  15   14   12   10]  -95.30
[  12   14   17   23]   57.70    matched torsion: disubstituted sulphonamide aromatic sulponamide 2
Protein Torsions
[ 489  484  483  480] -126.68 
[1635 1626 1625 1623]   76.04 
[1707 1702 1701 1698]  -86.38 
[1839 1828 1827 1826]   87.14 
Mapping
Ligand acceptors to protein hydrogens (mapping then atom ids)
Ligand shape atoms to protein points (mapping then atom ids & coords)
  2  1780 [  2->(-20.000  22.000  18.750)]
  3  3910 [  6->(-16.250  21.750  20.000)]
  5  3642 [  9->(-16.500  18.000  22.000)]
  6  3067 [ 10->(-17.250  17.500  21.250)]
  7  4362 [ 11->(-15.750  19.250  22.000)]
  9  6762 [ 18->(-11.250  15.000  20.000)]
 10  6050 [ 19->(-12.500  13.500  19.750)]
 11  5527 [ 21->(-13.250  11.250  20.000)]
 12  6192 [ 22->(-12.250  12.750  19.500)]
 14  1990 [ 24->(-19.500  19.500  19.750)]
Chromosome values
Integers:
  -1   -1   -1   -1   -1   -1 1779 3909   -1 3641 3066 4361 
  -1 6761 6049 5526 6191   -1 1989   -1 
--------------------------------------------------------------------------------

Current Ranking  4  6  7  2  1  3  5

--------------------------------------------------------------------------------

* GA execution time :                                                           
  total  0.0894 user  0.0894 sys  0.0000

--------------------------------------------------------------------------------
Fitness function evaluations: 11314

--------------------------------------------------------------------------------
** Docking run number  8 **
--------------------------------------------------------------------------------
  Rank fitness base is 5000.00 ; increment is 11.2233

* Initialising population(s) ...                                                
Number of constraints mappings 0
Number of constraints 0
  Population no.                           :      1
  Population size                          :    100
  Number of duplicates                     :      0
  Number of niche violations               :      0
  Number of errors                         :     17


Doing GA, no. of population(s) 1 size 100 selection pressure 1.100000

 Operation      Score     S(PLP)   S(hbond)     S(cho)   S(metal)  DE(clash)   DE(tors)     intcor
         0       7.11     -21.21       0.04       0.00       0.00      10.11       3.57       3.03
       127       8.63     -12.52       0.00       0.00       0.00       1.37       2.77       3.03
       255      11.47     -13.89       0.49       0.00       0.00       1.37       2.77       3.03
       347      11.47     -13.89       0.49       0.00       0.00       1.37       2.77       3.03
       384      15.49     -19.62       0.00       0.00       0.00       0.00       3.58       3.03
       688      18.15     -19.19       1.00       0.00       0.00       0.95       3.06       3.03
       877      18.68     -19.66       0.74       0.00       0.00       0.70       2.77       3.03
       901      24.67     -28.61       1.00       0.00       0.00       2.87       3.55       3.03
       993      31.55     -37.63       0.32       0.00       0.00       2.87       3.60       3.03
      1139      36.43     -42.08       0.47       0.00       0.00       2.87       3.60       3.03
      2229      36.76     -42.40       0.47       0.00       0.00       2.87       3.60       3.03
      2523      37.14     -42.14       0.68       0.00       0.00       2.87       3.60       3.03
      2756      40.34     -45.09       0.77       0.00       0.00       2.87       3.60       3.03
      3035      41.12     -42.30       0.94       0.00       0.00       0.75       3.14       3.03
      3185      41.32     -42.33       1.00       0.00       0.00       0.75       3.14       3.03
      3211      42.04     -43.34       0.94       0.00       0.00       0.75       3.21       3.03
      3477      47.08     -48.59       0.87       0.00       0.00       0.75       3.21       3.03
      4407      47.16     -48.29       1.00       0.00       0.00       0.75       3.21       3.03
      4548      47.57     -48.90       0.94       0.00       0.00       0.75       3.21       3.03
      4944      47.75     -48.98       0.94       0.00       0.00       0.75       3.17       3.03
      5228      47.85     -49.13       0.93       0.00       0.00       0.75       3.17       3.03
--------------------------------------------------------------------------------
Best docking solution after GA:
      5250      47.85     -49.13       0.93       0.00       0.00       0.75       3.17       3.03

#ops:       5250 #mutates:   2633 #cross:     2617 #dups:      1210 
#niche:     3294 #errors:      59 
--------------------------------------------------------------------------------

Doing AMOEBA simplex on best individual
Done simplexing #iterations 633, best score  51.83

Ligand is stored in gold_soln_prep_ligand_0_m1_8.mol2


--------------------------------------------------------------------------------
--- CHEMPLP breakdown of terms                                               ---
--------------------------------------------------------------------------------
CHEMPLP = - ( 1.0000*S(PLP) + -3.0000*S(hbond) + -6.0000*S(metal) + -3.0000*S(cho) )

Score = CHEMPLP - 1.0000*DE(clash) - 2.0000*DE(tors)

Internal energy term has been corrected with the best internal energy encountered.

--------------------------------------------------------------------------------


     Score     S(PLP)   S(hbond)     S(cho)   S(metal)  DE(clash)   DE(tors)     intcor
     51.83     -51.59       0.94       0.00       0.00       0.07       2.78       3.03

--------------------------------------------------------------------------------
--- PLP analysis of protein-ligand interactions                              ---
--------------------------------------------------------------------------------
hydrogen bonding        :      -2.32
metal                   :       0.00
buried (polar-nonpolar) :      -8.70
nonpolar                :     -41.71
repulsive               :       0.38
--------------------------------------------------------------------------------


--------------------------------------------------------------------------------
--- ChemScore analysis of protein-ligand interactions                        ---
--------------------------------------------------------------------------------

* Hydrogen bonds                                                                
Protein donor 5227 hydrogen 5229 Ligand acceptor   15 bond energy  1.00 wt 0.94


* CH..O interactions                                                            
  CH group selection                       : activated ring CH (adjacent to hetatom)

--------------------------------------------------------------------------------


--------------------------------------------------------------------------------
--- Intra-ligand clashes                                                     ---
--------------------------------------------------------------------------------

Ligand
 11 (C11  ) -   7 (C7   ):   0.01 (dist   3.00)
 13 (C13  ) -   7 (C7   ):   0.07 (dist   3.00)
--------------------------------------------------------------------------------


--------------------------------------------------------------------------------
--- Chromosome decoded                                                       ---
--------------------------------------------------------------------------------
Ligand Torsions
[   1    2    3    4]    1.55
[   2    3    5    6]  179.97
[   7    8    9   10]  -21.84
[  11   10    9    8]  -42.88
[  13   12   10    9]  -88.66
[  15   14   12   10]  -75.45
[  12   14   17   23]   50.45    matched torsion: disubstituted sulphonamide aromatic sulponamide 2
Protein Torsions
[ 489  484  483  480]   55.32 
[1635 1626 1625 1623] -159.86 
[1707 1702 1701 1698]   43.53 
[1839 1828 1827 1826] -149.89 
Mapping
Ligand acceptors to protein hydrogens (mapping then atom ids)
Ligand shape atoms to protein points (mapping then atom ids & coords)
  1   604 [  1->(-22.250  21.000  19.750)]
  4  2217 [  7->(-19.000  18.000  20.750)]
  5  4902 [  9->(-14.750  18.000  21.500)]
  6  4362 [ 10->(-15.750  19.250  22.000)]
 11  6590 [ 21->(-11.500  11.750  19.500)]
 14  3124 [ 24->(-17.250  19.750  20.000)]
Chromosome values
Integers:
  -1   -1   -1   -1   -1  603   -1   -1 2216 4901 4361   -1 
  -1   -1   -1 6589   -1   -1 3123   -1 
--------------------------------------------------------------------------------

Current Ranking  4  6  8  7  2  1  3  5

--------------------------------------------------------------------------------

* GA execution time :                                                           
  total  0.0906 user  0.0906 sys  0.0000

--------------------------------------------------------------------------------
Fitness function evaluations: 11235

--------------------------------------------------------------------------------
** Docking run number  9 **
--------------------------------------------------------------------------------
  Rank fitness base is 5000.00 ; increment is 11.2233

* Initialising population(s) ...                                                
Number of constraints mappings 0
Number of constraints 0
  Population no.                           :      1
  Population size                          :    100
  Number of duplicates                     :      0
  Number of niche violations               :      0
  Number of errors                         :     23


Doing GA, no. of population(s) 1 size 100 selection pressure 1.100000

 Operation      Score     S(PLP)   S(hbond)     S(cho)   S(metal)  DE(clash)   DE(tors)     intcor
         0      10.79     -25.64       0.00       0.00       0.00      10.75       3.56       3.03
       109      17.14     -25.45       0.22       0.00       0.00       5.10       3.45       3.03
       205      24.73     -25.89       0.66       0.00       0.00       0.00       3.08       3.03
       480      34.55     -37.41       0.26       0.00       0.00       0.00       3.34       3.03
       661      39.79     -38.67       0.56       0.00       0.00       0.00       1.80       3.03
       734      40.22     -39.80       0.32       0.00       0.00       0.00       1.78       3.03
       867      43.26     -43.80       0.00       0.00       0.00       0.00       1.78       3.03
       988      44.47     -44.12       0.30       0.00       0.00       0.00       1.78       3.03
      1125      47.32     -47.26       0.20       0.00       0.00       0.00       1.78       3.03
      1368      47.37     -47.28       0.20       0.00       0.00       0.00       1.77       3.03
      1570      47.38     -47.34       0.19       0.00       0.00       0.00       1.77       3.03
      1931      47.38     -47.35       0.19       0.00       0.00       0.00       1.78       3.03
      1940      49.15     -47.22       0.82       0.00       0.00       0.00       1.77       3.03
      2640      49.20     -47.21       0.83       0.00       0.00       0.00       1.76       3.03
      3093      49.21     -47.37       0.88       0.00       0.00       0.00       1.91       3.03
      3344      49.46     -47.40       0.83       0.00       0.00       0.00       1.73       3.03
      4021      49.76     -47.97       0.83       0.00       0.00       0.00       1.86       3.03
      4330      50.05     -48.82       0.77       0.00       0.00       0.00       2.05       3.03
      4757      50.23     -48.28       0.86       0.00       0.00       0.00       1.84       3.03
      5107      50.24     -48.29       0.86       0.00       0.00       0.00       1.84       3.03
      5225      50.70     -48.82       0.88       0.00       0.00       0.00       1.90       3.03
--------------------------------------------------------------------------------
Best docking solution after GA:
      5250      50.70     -48.82       0.88       0.00       0.00       0.00       1.90       3.03

#ops:       5250 #mutates:   2600 #cross:     2650 #dups:      1642 
#niche:     3746 #errors:      40 
--------------------------------------------------------------------------------

Doing AMOEBA simplex on best individual
Done simplexing #iterations 475, best score  52.14

Ligand is stored in gold_soln_prep_ligand_0_m1_9.mol2


--------------------------------------------------------------------------------
--- CHEMPLP breakdown of terms                                               ---
--------------------------------------------------------------------------------
CHEMPLP = - ( 1.0000*S(PLP) + -3.0000*S(hbond) + -6.0000*S(metal) + -3.0000*S(cho) )

Score = CHEMPLP - 1.0000*DE(clash) - 2.0000*DE(tors)

Internal energy term has been corrected with the best internal energy encountered.

--------------------------------------------------------------------------------


     Score     S(PLP)   S(hbond)     S(cho)   S(metal)  DE(clash)   DE(tors)     intcor
     52.14     -50.37       0.88       0.00       0.00       0.00       1.95       3.03

--------------------------------------------------------------------------------
--- PLP analysis of protein-ligand interactions                              ---
--------------------------------------------------------------------------------
hydrogen bonding        :      -1.00
metal                   :       0.00
buried (polar-nonpolar) :      -7.25
nonpolar                :     -41.42
repulsive               :       0.21
--------------------------------------------------------------------------------


--------------------------------------------------------------------------------
--- ChemScore analysis of protein-ligand interactions                        ---
--------------------------------------------------------------------------------

* Hydrogen bonds                                                                
Protein donor 5227 hydrogen 5229 Ligand acceptor   15 bond energy  1.00 wt 0.88


* CH..O interactions                                                            
  CH group selection                       : activated ring CH (adjacent to hetatom)

--------------------------------------------------------------------------------


--------------------------------------------------------------------------------
--- Intra-ligand clashes                                                     ---
--------------------------------------------------------------------------------

Ligand
--------------------------------------------------------------------------------


--------------------------------------------------------------------------------
--- Chromosome decoded                                                       ---
--------------------------------------------------------------------------------
Ligand Torsions
[   1    2    3    4]   52.63
[   2    3    5    6]  179.97
[   7    8    9   10]   71.62
[  11   10    9    8]   51.75
[  13   12   10    9]  -60.69
[  15   14   12   10]  -70.02
[  12   14   17   23] -140.00    matched torsion: disubstituted sulphonamide aromatic sulponamide 2
Protein Torsions
[ 489  484  483  480]   -8.74 
[1635 1626 1625 1623]   -6.06 
[1707 1702 1701 1698]   49.06 
[1839 1828 1827 1826]  158.20 
Mapping
Ligand acceptors to protein hydrogens (mapping then atom ids)
  3  20 [ 12->5229]
Ligand shape atoms to protein points (mapping then atom ids & coords)
  3  3151 [  6->(-17.250  21.750  19.750)]
  4  4360 [  7->(-15.750  19.250  21.500)]
  5  2614 [  9->(-18.250  18.250  20.500)]
  9  5749 [ 18->(-13.000  14.750  20.500)]
 11  5844 [ 21->(-12.750  11.250  19.750)]
 12  6731 [ 22->(-11.250  13.000  19.500)]
 13  6544 [ 23->(-11.750  16.000  20.500)]
 15  2139 [ 25->(-19.250  21.000  19.500)]
Chromosome values
Integers:
  -1   -1   19   -1   -1   -1   -1 3150 4359 2613   -1   -1 
  -1 5748   -1 5843 6730 6543   -1 2138 
--------------------------------------------------------------------------------

Current Ranking  4  6  9  8  7  2  1  3  5

--------------------------------------------------------------------------------

* GA execution time :                                                           
  total  0.0926 user  0.0916 sys  0.0010

--------------------------------------------------------------------------------
Fitness function evaluations: 11114

--------------------------------------------------------------------------------
** Docking run number 10 **
--------------------------------------------------------------------------------
  Rank fitness base is 5000.00 ; increment is 11.2233

* Initialising population(s) ...                                                
Number of constraints mappings 0
Number of constraints 0
  Population no.                           :      1
  Population size                          :    100
  Number of duplicates                     :      0
  Number of niche violations               :      0
  Number of errors                         :     17


Doing GA, no. of population(s) 1 size 100 selection pressure 1.100000

 Operation      Score     S(PLP)   S(hbond)     S(cho)   S(metal)  DE(clash)   DE(tors)     intcor
         0       8.79     -29.65       0.22       0.00       0.00      18.38       3.08       3.03
       159      10.30     -31.11       0.22       0.00       0.00      18.38       3.07       3.03
       453      13.20     -33.79       0.29       0.00       0.00      18.38       3.05       3.03
       568      13.53     -34.25       0.20       0.00       0.00      18.38       2.97       3.03
       650      18.39     -27.36       1.32       0.00       0.00      11.76       2.10       3.03
       823      20.13     -30.14       0.98       0.00       0.00      11.76       2.10       3.03
      1060      28.02     -29.97       0.63       0.00       0.00       1.19       2.85       3.03
      1086      32.32     -42.24       0.00       0.00       0.00       4.93       4.01       3.03
      1548      47.81     -46.62       1.11       0.00       0.00       0.00       2.58       3.03
      3489      49.74     -46.38       1.83       0.00       0.00       0.00       2.58       3.03
      3952      50.49     -47.19       1.80       0.00       0.00       0.00       2.56       3.03
      5065      51.02     -47.82       1.82       0.00       0.00       0.00       2.64       3.03
      5106      51.64     -48.35       1.80       0.00       0.00       0.00       2.56       3.03
--------------------------------------------------------------------------------
Best docking solution after GA:
      5250      51.64     -48.35       1.80       0.00       0.00       0.00       2.56       3.03

#ops:       5250 #mutates:   2650 #cross:     2600 #dups:      1061 
#niche:     2960 #errors:      72 
--------------------------------------------------------------------------------

Doing AMOEBA simplex on best individual
Done simplexing #iterations 750, best score  58.25

Ligand is stored in gold_soln_prep_ligand_0_m1_10.mol2


--------------------------------------------------------------------------------
--- CHEMPLP breakdown of terms                                               ---
--------------------------------------------------------------------------------
CHEMPLP = - ( 1.0000*S(PLP) + -3.0000*S(hbond) + -6.0000*S(metal) + -3.0000*S(cho) )

Score = CHEMPLP - 1.0000*DE(clash) - 2.0000*DE(tors)

Internal energy term has been corrected with the best internal energy encountered.

--------------------------------------------------------------------------------


     Score     S(PLP)   S(hbond)     S(cho)   S(metal)  DE(clash)   DE(tors)     intcor
     58.25     -54.63       1.85       0.00       0.00       0.00       2.48       3.03

--------------------------------------------------------------------------------
--- PLP analysis of protein-ligand interactions                              ---
--------------------------------------------------------------------------------
hydrogen bonding        :      -3.00
metal                   :       0.00
buried (polar-nonpolar) :      -5.59
nonpolar                :     -45.86
repulsive               :       0.25
--------------------------------------------------------------------------------


--------------------------------------------------------------------------------
--- ChemScore analysis of protein-ligand interactions                        ---
--------------------------------------------------------------------------------

* Hydrogen bonds                                                                
Protein donor  438 hydrogen  446 Ligand acceptor    4 bond energy  1.00 wt 0.95
Protein donor 5227 hydrogen 5229 Ligand acceptor   15 bond energy  1.00 wt 0.90


* CH..O interactions                                                            
  CH group selection                       : activated ring CH (adjacent to hetatom)

--------------------------------------------------------------------------------


--------------------------------------------------------------------------------
--- Intra-ligand clashes                                                     ---
--------------------------------------------------------------------------------

Ligand
--------------------------------------------------------------------------------


--------------------------------------------------------------------------------
--- Chromosome decoded                                                       ---
--------------------------------------------------------------------------------
Ligand Torsions
[   1    2    3    4]  -54.63
[   2    3    5    6]   -0.03
[   7    8    9   10]  -61.89
[  11   10    9    8]   62.88
[  13   12   10    9] -176.99
[  15   14   12   10]  -38.95
[  12   14   17   23]  140.00    matched torsion: disubstituted sulphonamide aromatic sulponamide 2
Protein Torsions
[ 489  484  483  480] -116.10 
[1635 1626 1625 1623]  -24.91 
[1707 1702 1701 1698]  -49.04 
[1839 1828 1827 1826] -122.14 
Mapping
Ligand acceptors to protein hydrogens (mapping then atom ids)
Ligand shape atoms to protein points (mapping then atom ids & coords)
  1    72 [  1->(-23.750  21.250  20.250)]
  2  1165 [  2->(-21.000  20.000  21.000)]
  4  2904 [  7->(-17.750  20.000  19.500)]
  5  3104 [  9->(-17.250  18.250  21.750)]
  7  4299 [ 11->(-15.750  16.500  18.500)]
  8  4215 [ 13->(-15.750  14.500  18.750)]
  9  6377 [ 18->(-12.000  15.000  19.750)]
 12  6984 [ 22->(-10.500  13.000  19.250)]
 13  6232 [ 23->(-12.250  15.250  19.500)]
 15  1552 [ 25->(-20.250  18.500  21.500)]
Chromosome values
Integers:
  -1   -1   -1   -1   -1   71 1164   -1 2903 3103   -1 4298 
4214 6376   -1   -1 6983 6231   -1 1551 
--------------------------------------------------------------------------------

Current Ranking 10  4  6  9  8  7  2  1  3  5

--------------------------------------------------------------------------------

* GA execution time :                                                           
  total  0.0900 user  0.0890 sys  0.0010

--------------------------------------------------------------------------------
Fitness function evaluations: 11539

--------------------------------------------------------------------------------
--- Ranking analysis                                                         ---
--------------------------------------------------------------------------------


* Final ranked order of GA solutions:                                           
  10  4  6  9  8  7  2  1  3  5 

  _______________________________
  RMSD Matrix of RANKED solutions

        2    3    4    5    6    7    8    9   10  

   1 :  0.5  9.3  3.0  1.7  2.3  2.3  9.4  3.4  3.1
   2 :       9.3  3.1  1.7  2.3  2.2  9.4  3.5  3.0
   3 :            9.1  8.9  9.1  9.0  1.5  8.8  9.2
   4 :                 2.5  1.4  1.8  8.9  1.1  2.0
   5 :                      1.5  1.6  9.0  3.0  2.8
   6 :                           1.2  9.0  1.9  2.0
   7 :                                9.0  2.1  2.2
   8 :                                     8.7  9.1
   9 :                                          2.3

  Clustering method                        : complete linkage
  Structure ids in cluster table           : rank nos.
  Ordering of clusters and their members   : by rank (order if from rms_analysis)

  Distance | Clusters
   0.46    |  1  2 |  3 |  4 |  5 |  6 |  7 |  8 |  9 | 10 |
   1.08    |  1  2 |  3 |  4  9 |  5 |  6 |  7 |  8 | 10 |
   1.22    |  1  2 |  3 |  4  9 |  5 |  6  7 |  8 | 10 |
   1.53    |  1  2 |  3  8 |  4  9 |  5 |  6  7 | 10 |
   1.56    |  1  2 |  3  8 |  4  9 |  5  6  7 | 10 |
   2.30    |  1  2 |  3  8 |  4  9 10 |  5  6  7 |
   2.32    |  1  2  5  6  7 |  3  8 |  4  9 10 |
   3.47    |  1  2  4  5  6  7  9 10 |  3  8 |
   9.42    |  1  2  3  4  5  6  7  8  9 10 |
  Finished Docking Ligand                  : /nfs/home/myuecel3/Frontiers_MedChem/data/output/gold_docking_step1/prep_ligand_0.mol2
--------------------------------------------------------------------------------

  Relative_Ligand_Energy (best encountered) :   3.027
  Relative_Ligand_Energy: fitness values have been corrected using this amount
