
--------------------------------------------------------------------------------
--- Ligand                                                                   ---
--------------------------------------------------------------------------------
  Ligand loaded from file                  : /nfs/home/myuecel3/Frontiers_MedChem/data/output/gold_docking_step1/prep_ligand_2.mol2
  Ligand name                              :  
  "RDKit          3D                                                        "

--------------------------------------------------------------------------------
  N.plc donors                             : 
  none found

  Acidic nitrogen acceptors                : 
  none found
  Sulfur acceptors                         :
  22 : (thiol or thioether)    (S)  
  15 (SO2 acceptor)
  16 (SO2 acceptor)
  N.1 atom 26 is not an acceptor (skipped)

  Donor atoms                              :      1
  19  
  Acceptor atoms                           :      6
  9   15  16  17  21  26  

  Hydrogens                                :  (n = 1)
  42   

  Lone pairs added to molecule             :      7
  Numbering                                : from 47 to 51

--------------------------------------------------------------------------------
--- Postprocessing of typing                                                 ---
--------------------------------------------------------------------------------
  Fragment file                            : /appl/ccdc/CSDS2022/Discovery_2022/GOLD/gold/rotatable_bond_override.mol2
  acylurea fragment                        : no matches
  thioacylthiourea fragment                : no matches
  acylthiourea fragment                    : no matches
  thioacylurea fragment                    : no matches
  diarylamine fragment >C.ar-NH-C.ar<      : no matches
  sec-amine (1) fragment                   : no matches
  sec-amine (2) fragment                   : no matches
  sec-amine (3) fragment                   : no matches
  carboxylic ester                         : no matches

* Rotatable bonds in /nfs/home/myuecel3/F  :
  [   2    5] [   8    9] [   9   10] [  13   14] 
  [  14   17] [  24   25] 
  No. of rotatable bonds                   :      6

# WARNING No torsional FF parameters for C.ar S.o2 N.2 C.2 torsion, bond type  1
# WARNING No torsional FF parameters for O.2 S.o2 N.2 C.2 torsion, bond type  1
# WARNING No torsional FF parameters for O.2 S.o2 N.2 C.2 torsion, bond type  1

* Reading torsional distributions from file:
  /appl/ccdc/CSDS2022/Discovery_2022/GOLD/gold/gold.tordist
  No. of bins in torsional distributions   :     36
  Minimum size of largest peak             :      0
  Removing high energy torsions            : on
  Delta E set to                           :   2.500

* Fragments found in /nfs/home/myuecel3/F  :
  atom   5: benzene
  atom   6: benzene
  atom   7: benzene
  atom   8: benzene
  atom  10: benzene
  atom  11: benzene
  atom  12: benzene
  atom  13: benzene
  atom  23: benzene
  atom  24: benzene
  atom  27: benzene
  atom  28: benzene


* Checking torsion distributions:                                               
  No. of matched torsions                  :      0

--------------------------------------------------------------------------------
--- Shape fitting atoms selection (hydrophobic atoms)                        ---
--------------------------------------------------------------------------------
  Molecule                                 : /nfs/home/myuecel3/Frontiers_MedChem/data/output/gold_docking_step1/prep_ligand_2.mol2
  Selection                                : carbons only
  Atom numbers                             :  (n = 11)
  1    3    4    6    7    11   12   20   23   27   
  28   


--------------------------------------------------------------------------------
--- ChemScore ligand setup summary                                           ---
--------------------------------------------------------------------------------
  ChemScore ligand acceptors               :      6
  9 15 16 17 21 26 
  ChemScore ligand donors                  :      1
  19 ( 42  ) 
  ChemScore ligand CH donors               :      1
  20 ( 43 ) 

  ChemScore ligand lipophilic atoms        :  (n = 17)
  1    2    3    4    5    6    7    8    10   11   
  12   13   22   23   24   27   28   

  ChemScore ligand rotatable bonds         :      6
  2   (C2 ) - 5   (C5 ): SP3_SP2_BOND
  8   (C8 ) - 9   (O9 ): SP3_SP2_BOND
  9   (O9 ) - 10  (C10): SP3_SP2_BOND
  13  (C13) - 14  (S14): SP2_SP2_BOND
  14  (S14) - 17  (N17): SP2_SP2_BOND
  24  (C24) - 25  (C25): UNKNOWN_BOND

--------------------------------------------------------------------------------
--- PLP ligand setup summary                                                 ---
--------------------------------------------------------------------------------
    1    C1   C.3 NONPOLAR
    2    C2   C.3 NONPOLAR
    3    C3   C.3 NONPOLAR
    4    C4   C.3 NONPOLAR
    5    C5  C.ar NONPOLAR
    6    C6  C.ar NONPOLAR
    7    C7  C.ar NONPOLAR
    8    C8  C.ar NONPOLAR
    9    O9   O.3 ACCEPTOR
   10   C10  C.ar NONPOLAR
   11   C11  C.ar NONPOLAR
   12   C12  C.ar NONPOLAR
   13   C13  C.ar NONPOLAR
   14   S14  S.o2 NONPOLAR
   15   O15   O.2 ACCEPTOR
   16   O16   O.2 ACCEPTOR
   17   N17   N.2 ACCEPTOR
   18   C18   C.2 NONPOLAR
   19   N19 N.pl3 DONOR
   20   C20   C.2 NONPOLAR
   21   N21   N.2 ACCEPTOR
   22   S22   S.3 NONPOLAR
   23   C23  C.ar NONPOLAR
   24   C24  C.ar NONPOLAR
   25   C25   C.1 NONPOLAR
   26   N26   N.1 ACCEPTOR
   27   C27  C.ar NONPOLAR
   28   C28  C.ar NONPOLAR

--------------------------------------------------------------------------------
--- Automatic parameter setting                                              ---
--------------------------------------------------------------------------------
  Contribution base                        :   2500
  Contribution per rotatable bond          :   6000
  Contribution per df                      :   4000
  Contribution per water                   :  10000
  Ligand rotatable bonds                   :      6
  Protein flexible side chain bonds        :      0
  Total rotatable bonds                    :      6
  Hydrophobic vol ratio (P/L)              :   1.321
  Base multiplier (polar)                  :   1.400
  Base multiplier (apolar)                 :   2.907
  Base contribution                        : 10000.000
  Fitting points                           :      7
  Estimated maxops needed (optimal)        :  46500
  Autoscale factor (in percent)            :     10
  Scaled maxops                            :   4750

--------------------------------------------------------------------------------

* Population settings                                                           
  maxops                                   :   4750
  popsiz                                   :    100
  select_pressure                          :   1.100
  n_islands                                :      1
  niche_siz                                :      2

* GA settings                                                                   
  pt_crosswt                               :    100
  allele_mutatewt                          :    100
  migratewt                                :      0

* Search settings                                                               
  start_vdw_linear_cutoff                  :   4.000
  initial_virtual_pt_match_max             :   3.000

--------------------------------------------------------------------------------

* Ligand initialisation time :                                                  
  total  0.0093 user  0.0083 sys  0.0010

--------------------------------------------------------------------------------

--------------------------------------------------------------------------------
** Docking run number  1 **
--------------------------------------------------------------------------------
  Rank fitness base is 5000.00 ; increment is 11.2233

* Initialising population(s) ...                                                
Number of constraints mappings 0
Number of constraints 0
  Population no.                           :      1
  Population size                          :    100
  Number of duplicates                     :      0
  Number of niche violations               :      0
  Number of errors                         :    146


Doing GA, no. of population(s) 1 size 100 selection pressure 1.100000

 Operation      Score     S(PLP)   S(hbond)     S(cho)   S(metal)  DE(clash)   DE(tors)     intcor
         0      12.17     -13.17       0.00       0.00       0.00       0.00       2.19       3.38
       322      12.56     -13.57       0.00       0.00       0.00       0.00       2.20       3.38
       829      20.90     -18.38       0.26       1.00       0.00       0.00       2.32       3.38
      1116      20.90     -18.38       0.26       1.00       0.00       0.00       2.32       3.38
      1159      20.90     -18.39       0.26       1.00       0.00       0.00       2.32       3.38
      1839      30.09     -30.64       0.00       0.00       0.00       0.00       1.97       3.38
      2096      30.09     -30.64       0.00       0.00       0.00       0.00       1.97       3.38
      3079      30.48     -30.48       0.50       0.14       0.00       0.00       2.64       3.38
      3352      34.70     -33.99       0.33       0.53       0.00       0.00       2.62       3.38
      3805      36.68     -34.91       0.45       0.76       0.00       0.00       2.62       3.38
      4545      37.20     -36.35       0.35       0.62       0.00       0.00       2.72       3.36
      4645      43.42     -38.14       0.98       1.00       0.00       0.00       2.01       3.36
--------------------------------------------------------------------------------
Best docking solution after GA:
      4750      43.42     -38.14       0.98       1.00       0.00       0.00       2.01       3.36

#ops:       4750 #mutates:   2391 #cross:     2359 #dups:       862 
#niche:     2290 #errors:     167 
--------------------------------------------------------------------------------

Doing AMOEBA simplex on best individual
Done simplexing #iterations 631, best score  55.17

Ligand is stored in gold_soln_prep_ligand_2_m1_1.mol2


--------------------------------------------------------------------------------
--- CHEMPLP breakdown of terms                                               ---
--------------------------------------------------------------------------------
CHEMPLP = - ( 1.0000*S(PLP) + -3.0000*S(hbond) + -6.0000*S(metal) + -3.0000*S(cho) )

Score = CHEMPLP - 1.0000*DE(clash) - 2.0000*DE(tors)

Internal energy term has been corrected with the best internal energy encountered.

--------------------------------------------------------------------------------


     Score     S(PLP)   S(hbond)     S(cho)   S(metal)  DE(clash)   DE(tors)     intcor
     55.17     -49.91       1.00       1.00       0.00       0.00       2.05       3.36

--------------------------------------------------------------------------------
--- PLP analysis of protein-ligand interactions                              ---
--------------------------------------------------------------------------------
hydrogen bonding        :      -1.87
metal                   :       0.00
buried (polar-nonpolar) :     -11.43
nonpolar                :     -37.97
repulsive               :       0.62
--------------------------------------------------------------------------------


--------------------------------------------------------------------------------
--- ChemScore analysis of protein-ligand interactions                        ---
--------------------------------------------------------------------------------

* Hydrogen bonds                                                                
Protein donor 1636 hydrogen 1644 Ligand acceptor   21 bond energy  1.00 wt 1.00


* CH..O interactions                                                            
  CH group selection                       : activated ring CH (adjacent to hetatom)
Ligand carbon   20 hydrogen   43 Protein acceptor 1639 bond energy  1.00 wt 1.00

--------------------------------------------------------------------------------


--------------------------------------------------------------------------------
--- Intra-ligand clashes                                                     ---
--------------------------------------------------------------------------------

Ligand
--------------------------------------------------------------------------------


--------------------------------------------------------------------------------
--- Chromosome decoded                                                       ---
--------------------------------------------------------------------------------
Ligand Torsions
[   1    2    5    6]  -64.04
[   7    8    9   10]   -0.89
[  11   10    9    8]  -99.28
[  15   14   13   12]  159.12
[  18   17   14   13]  153.05
[  26   25   24   23]  -25.80
Protein Torsions
[ 489  484  483  480]   55.96 
[1635 1626 1625 1623] -146.27 
[1707 1702 1701 1698] -179.91 
[1839 1828 1827 1826] -114.01 
Mapping
Ligand acceptors to protein hydrogens (mapping then atom ids)
Ligand hydrogens to protein acceptors (mapping then atom ids)
Ligand shape atoms to protein points (mapping then atom ids & coords)
  4  2291 [  6->(-19.000  21.750  19.750)]
  8  6482 [ 20->(-11.750  12.500  19.500)]
  9  4956 [ 23->(-14.500  15.500  20.250)]
 11  2291 [ 28->(-19.000  21.750  19.750)]
Chromosome values
Integers:
  -1   -1   -1   -1   -1   -1   -1   -1   -1   -1 2290   -1 
  -1   -1 6481 4955   -1 2290 
--------------------------------------------------------------------------------

Current Ranking  1

--------------------------------------------------------------------------------

* GA execution time :                                                           
  total  0.0872 user  0.0872 sys  0.0000

--------------------------------------------------------------------------------
Fitness function evaluations: 10779

--------------------------------------------------------------------------------
** Docking run number  2 **
--------------------------------------------------------------------------------
  Rank fitness base is 5000.00 ; increment is 11.2233

* Initialising population(s) ...                                                
Number of constraints mappings 0
Number of constraints 0
  Population no.                           :      1
  Population size                          :    100
  Number of duplicates                     :      0
  Number of niche violations               :      0
  Number of errors                         :    151


Doing GA, no. of population(s) 1 size 100 selection pressure 1.100000

 Operation      Score     S(PLP)   S(hbond)     S(cho)   S(metal)  DE(clash)   DE(tors)     intcor
         0      -6.34       6.11       0.19       0.00       0.00       0.00       2.08       3.36
       207      -4.82      -4.21       0.67       0.00       0.00       9.11       2.65       3.36
       342       7.78      -7.30       0.43       0.00       0.00       0.00       2.08       3.36
       476      14.45     -15.69       0.00       0.00       0.00       0.00       2.30       3.36
       733      24.74     -25.20       0.00       0.33       0.00       0.00       2.41       3.36
      1198      26.59     -28.05       0.00       0.00       0.00       0.00       2.41       3.36
      2212      29.87     -32.74       0.00       0.00       0.00       1.97       2.13       3.36
      2463      31.18     -34.65       0.00       0.79       0.00       3.95       2.62       3.36
      2575      34.22     -37.04       0.00       1.00       0.00       3.95       2.62       3.36
      3024      34.86     -37.68       0.00       1.00       0.00       3.95       2.62       3.36
      3570      34.87     -37.69       0.00       1.00       0.00       3.95       2.62       3.36
      3924      39.78     -37.65       0.14       0.99       0.00       0.00       2.31       3.36
      4556      40.11     -39.48       0.00       0.63       0.00       0.00       2.31       3.36
      4605      42.88     -40.65       0.00       1.00       0.00       0.00       2.07       3.36
      4644      44.01     -42.38       0.00       0.96       0.00       0.00       2.31       3.36
--------------------------------------------------------------------------------
Best docking solution after GA:
      4750      44.01     -42.38       0.00       0.96       0.00       0.00       2.31       3.36

#ops:       4750 #mutates:   2393 #cross:     2357 #dups:       848 
#niche:     2553 #errors:     130 
--------------------------------------------------------------------------------

Doing AMOEBA simplex on best individual
Done simplexing #iterations 553, best score  47.93

Ligand is stored in gold_soln_prep_ligand_2_m1_2.mol2


--------------------------------------------------------------------------------
--- CHEMPLP breakdown of terms                                               ---
--------------------------------------------------------------------------------
CHEMPLP = - ( 1.0000*S(PLP) + -3.0000*S(hbond) + -6.0000*S(metal) + -3.0000*S(cho) )

Score = CHEMPLP - 1.0000*DE(clash) - 2.0000*DE(tors)

Internal energy term has been corrected with the best internal energy encountered.

--------------------------------------------------------------------------------


     Score     S(PLP)   S(hbond)     S(cho)   S(metal)  DE(clash)   DE(tors)     intcor
     47.93     -44.98       0.00       1.00       0.00       0.00       1.69       3.33

--------------------------------------------------------------------------------
--- PLP analysis of protein-ligand interactions                              ---
--------------------------------------------------------------------------------
hydrogen bonding        :      -0.67
metal                   :       0.00
buried (polar-nonpolar) :      -4.72
nonpolar                :     -40.08
repulsive               :       0.97
--------------------------------------------------------------------------------


--------------------------------------------------------------------------------
--- ChemScore analysis of protein-ligand interactions                        ---
--------------------------------------------------------------------------------

* Hydrogen bonds                                                                


* CH..O interactions                                                            
  CH group selection                       : activated ring CH (adjacent to hetatom)
Ligand carbon   20 hydrogen   43 Protein acceptor 2414 bond energy  1.00 wt 1.00

--------------------------------------------------------------------------------


--------------------------------------------------------------------------------
--- Intra-ligand clashes                                                     ---
--------------------------------------------------------------------------------

Ligand
--------------------------------------------------------------------------------


--------------------------------------------------------------------------------
--- Chromosome decoded                                                       ---
--------------------------------------------------------------------------------
Ligand Torsions
[   1    2    5    6]    1.94
[   7    8    9   10]  175.16
[  11   10    9    8]  121.30
[  15   14   13   12]  -50.71
[  18   17   14   13]  140.73
[  26   25   24   23] -119.94
Protein Torsions
[ 489  484  483  480]   36.75 
[1635 1626 1625 1623]  -21.76 
[1707 1702 1701 1698]  -75.99 
[1839 1828 1827 1826] -173.17 
Mapping
Ligand acceptors to protein hydrogens (mapping then atom ids)
Ligand hydrogens to protein acceptors (mapping then atom ids)
Ligand shape atoms to protein points (mapping then atom ids & coords)
  1  6314 [  1->(-12.000  11.500  18.500)]
  4  5755 [  6->(-13.000  15.000  20.500)]
  5  6370 [  7->(-12.000  14.500  20.250)]
  6  3894 [ 11->(-16.250  18.750  21.500)]
  7  4097 [ 12->(-16.000  17.500  21.250)]
  8  1506 [ 20->(-20.500  22.000  19.750)]
 10  4191 [ 27->(-15.750  13.000  20.250)]
Chromosome values
Integers:
  -1   -1   -1   -1   -1   -1   -1 6313   -1   -1 5754 6369 
3893 4096 1505   -1 4190   -1 
--------------------------------------------------------------------------------

Current Ranking  1  2

--------------------------------------------------------------------------------

* GA execution time :                                                           
  total  0.0823 user  0.0823 sys  0.0000

--------------------------------------------------------------------------------
Fitness function evaluations: 10556

--------------------------------------------------------------------------------
** Docking run number  3 **
--------------------------------------------------------------------------------
  Rank fitness base is 5000.00 ; increment is 11.2233

* Initialising population(s) ...                                                
Number of constraints mappings 0
Number of constraints 0
  Population no.                           :      1
  Population size                          :    100
  Number of duplicates                     :      0
  Number of niche violations               :      0
  Number of errors                         :    141


Doing GA, no. of population(s) 1 size 100 selection pressure 1.100000

 Operation      Score     S(PLP)   S(hbond)     S(cho)   S(metal)  DE(clash)   DE(tors)     intcor
         0     -10.95       9.35       0.02       0.44       0.00       0.00       3.17       3.33
        54     -10.95       9.35       0.02       0.44       0.00       0.00       3.17       3.33
       115     -10.05       4.77       1.00       0.00       0.00       6.25       2.68       3.33
       245       5.04     -21.04       0.00       0.00       0.00      15.47       1.94       3.33
       468       7.42     -23.43       0.00       0.00       0.00      15.47       1.94       3.33
      1080      14.22     -30.74       0.34       0.00       0.00      14.39       3.24       3.33
      2173      14.48     -13.46       1.00       0.48       0.00       0.33       3.22       3.33
      2599      23.20     -22.14       1.00       0.50       0.00       0.33       3.22       3.33
      2997      23.84     -24.23       1.00       0.48       0.00       1.86       3.14       3.33
      3326      23.85     -24.23       1.00       0.48       0.00       1.86       3.14       3.33
      3359      23.85     -24.23       1.00       0.48       0.00       1.86       3.14       3.33
      3566      24.23     -24.62       1.00       0.48       0.00       1.86       3.14       3.33
      3975      24.37     -24.67       1.00       0.48       0.00       1.86       3.10       3.33
      4178      24.91     -24.30       1.00       0.81       0.00       1.86       3.14       3.33
      4361      25.57     -23.02       1.28       0.00       0.00       0.00       2.32       3.33
      4554      25.60     -23.05       1.28       0.00       0.00       0.00       2.32       3.33
--------------------------------------------------------------------------------
Best docking solution after GA:
      4750      25.60     -23.05       1.28       0.00       0.00       0.00       2.32       3.33

#ops:       4750 #mutates:   2357 #cross:     2393 #dups:       836 
#niche:     2440 #errors:     126 
--------------------------------------------------------------------------------

Doing AMOEBA simplex on best individual
Done simplexing #iterations 1129, best score  38.59

Ligand is stored in gold_soln_prep_ligand_2_m1_3.mol2


--------------------------------------------------------------------------------
--- CHEMPLP breakdown of terms                                               ---
--------------------------------------------------------------------------------
CHEMPLP = - ( 1.0000*S(PLP) + -3.0000*S(hbond) + -6.0000*S(metal) + -3.0000*S(cho) )

Score = CHEMPLP - 1.0000*DE(clash) - 2.0000*DE(tors)

Internal energy term has been corrected with the best internal energy encountered.

--------------------------------------------------------------------------------


     Score     S(PLP)   S(hbond)     S(cho)   S(metal)  DE(clash)   DE(tors)     intcor
     38.59     -33.41       1.81       0.00       0.00       0.00       1.80       3.33

--------------------------------------------------------------------------------
--- PLP analysis of protein-ligand interactions                              ---
--------------------------------------------------------------------------------
hydrogen bonding        :      -4.41
metal                   :       0.00
buried (polar-nonpolar) :      -2.23
nonpolar                :     -30.05
repulsive               :       2.50
--------------------------------------------------------------------------------


--------------------------------------------------------------------------------
--- ChemScore analysis of protein-ligand interactions                        ---
--------------------------------------------------------------------------------

* Hydrogen bonds                                                                
Protein donor 5035 hydrogen 5036 Ligand acceptor   15 bond energy  1.00 wt 0.81
Protein donor 1636 hydrogen 1644 Ligand acceptor   21 bond energy  1.00 wt 1.00


* CH..O interactions                                                            
  CH group selection                       : activated ring CH (adjacent to hetatom)

--------------------------------------------------------------------------------


--------------------------------------------------------------------------------
--- Intra-ligand clashes                                                     ---
--------------------------------------------------------------------------------

Ligand
--------------------------------------------------------------------------------


--------------------------------------------------------------------------------
--- Chromosome decoded                                                       ---
--------------------------------------------------------------------------------
Ligand Torsions
[   1    2    5    6]  -59.38
[   7    8    9   10]  128.32
[  11   10    9    8]   56.61
[  15   14   13   12]    1.53
[  18   17   14   13]   89.66
[  26   25   24   23]   58.07
Protein Torsions
[ 489  484  483  480]  101.89 
[1635 1626 1625 1623]   69.62 
[1707 1702 1701 1698]    7.58 
[1839 1828 1827 1826]  151.40 
Mapping
Ligand acceptors to protein hydrogens (mapping then atom ids)
  5  51 [ 21->1644]
Ligand hydrogens to protein acceptors (mapping then atom ids)
Ligand shape atoms to protein points (mapping then atom ids & coords)
  1   844 [  1->(-21.750  22.000  19.250)]
  2   948 [  3->(-21.500  21.500  20.000)]
  4  2404 [  6->(-18.750  20.500  19.750)]
  7  5645 [ 12->(-13.250  16.750  20.000)]
  8  6961 [ 20->(-10.500  12.000  18.750)]
  9  4858 [ 23->(-14.750  15.500  20.250)]
 10  4142 [ 27->(-16.000  19.000  22.250)]
Chromosome values
Integers:
  -1   -1   -1   -1   50   -1   -1  843  947   -1 2403   -1 
  -1 5644 6960 4857 4141   -1 
--------------------------------------------------------------------------------

Current Ranking  1  2  3

--------------------------------------------------------------------------------

* GA execution time :                                                           
  total  0.0856 user  0.0856 sys  0.0000

--------------------------------------------------------------------------------
Fitness function evaluations: 11527

--------------------------------------------------------------------------------
** Docking run number  4 **
--------------------------------------------------------------------------------
  Rank fitness base is 5000.00 ; increment is 11.2233

* Initialising population(s) ...                                                
Number of constraints mappings 0
Number of constraints 0
  Population no.                           :      1
  Population size                          :    100
  Number of duplicates                     :      0
  Number of niche violations               :      0
  Number of errors                         :    146


Doing GA, no. of population(s) 1 size 100 selection pressure 1.100000

 Operation      Score     S(PLP)   S(hbond)     S(cho)   S(metal)  DE(clash)   DE(tors)     intcor
         0      20.76     -20.48       0.74       0.00       0.00       0.94       2.16       3.33
       114      21.67     -20.94       0.74       0.00       0.00       0.94       1.93       3.33
      1191      21.68     -20.95       0.74       0.00       0.00       0.94       1.93       3.33
      1283      21.68     -20.95       0.74       0.00       0.00       0.94       1.93       3.33
      2320      21.80     -20.51       0.74       0.00       0.00       0.43       1.91       3.33
      2524      22.06     -22.37       0.83       0.00       0.00       0.00       3.07       3.33
      2643      26.46     -22.55       1.00       0.77       0.00       0.00       2.37       3.33
      3153      26.79     -22.88       1.00       0.77       0.00       0.00       2.37       3.33
      3510      28.97     -25.71       1.00       0.42       0.00       0.00       2.16       3.33
      3601      29.28     -25.81       0.80       0.69       0.00       0.00       2.16       3.33
      3845      35.11     -34.96       0.37       0.00       0.00       0.43       1.93       3.33
      4467      35.11     -34.96       0.37       0.00       0.00       0.43       1.93       3.33
      4518      35.11     -34.96       0.37       0.00       0.00       0.43       1.93       3.33
--------------------------------------------------------------------------------
Best docking solution after GA:
      4750      35.11     -34.96       0.37       0.00       0.00       0.43       1.93       3.33

#ops:       4750 #mutates:   2387 #cross:     2363 #dups:       924 
#niche:     2211 #errors:     186 
--------------------------------------------------------------------------------

Doing AMOEBA simplex on best individual
Done simplexing #iterations 1027, best score  43.35

Ligand is stored in gold_soln_prep_ligand_2_m1_4.mol2


--------------------------------------------------------------------------------
--- CHEMPLP breakdown of terms                                               ---
--------------------------------------------------------------------------------
CHEMPLP = - ( 1.0000*S(PLP) + -3.0000*S(hbond) + -6.0000*S(metal) + -3.0000*S(cho) )

Score = CHEMPLP - 1.0000*DE(clash) - 2.0000*DE(tors)

Internal energy term has been corrected with the best internal energy encountered.

--------------------------------------------------------------------------------


     Score     S(PLP)   S(hbond)     S(cho)   S(metal)  DE(clash)   DE(tors)     intcor
     43.35     -41.40       0.94       0.00       0.00       0.00       2.10       3.33

--------------------------------------------------------------------------------
--- PLP analysis of protein-ligand interactions                              ---
--------------------------------------------------------------------------------
hydrogen bonding        :      -1.93
metal                   :       0.00
buried (polar-nonpolar) :      -3.75
nonpolar                :     -36.42
repulsive               :       0.31
--------------------------------------------------------------------------------


--------------------------------------------------------------------------------
--- ChemScore analysis of protein-ligand interactions                        ---
--------------------------------------------------------------------------------

* Hydrogen bonds                                                                
Protein donor 5227 hydrogen 5229 Ligand acceptor   16 bond energy  1.00 wt 0.94


* CH..O interactions                                                            
  CH group selection                       : activated ring CH (adjacent to hetatom)

--------------------------------------------------------------------------------


--------------------------------------------------------------------------------
--- Intra-ligand clashes                                                     ---
--------------------------------------------------------------------------------

Ligand
--------------------------------------------------------------------------------


--------------------------------------------------------------------------------
--- Chromosome decoded                                                       ---
--------------------------------------------------------------------------------
Ligand Torsions
[   1    2    5    6]  -48.65
[   7    8    9   10]  127.36
[  11   10    9    8]   -7.43
[  15   14   13   12]  114.25
[  18   17   14   13] -159.24
[  26   25   24   23]  154.23
Protein Torsions
[ 489  484  483  480]  108.15 
[1635 1626 1625 1623]  118.99 
[1707 1702 1701 1698]  -99.14 
[1839 1828 1827 1826]    2.06 
Mapping
Ligand acceptors to protein hydrogens (mapping then atom ids)
Ligand hydrogens to protein acceptors (mapping then atom ids)
Ligand shape atoms to protein points (mapping then atom ids & coords)
  4  1244 [  6->(-21.000  23.000  18.750)]
  5   800 [  7->(-21.750  20.250  21.000)]
  9  2958 [ 23->(-17.500  17.750  20.750)]
Chromosome values
Integers:
  -1   -1   -1   -1   -1   -1   -1   -1   -1   -1 1243  799 
  -1   -1   -1 2957   -1   -1 
--------------------------------------------------------------------------------

Current Ranking  1  2  4  3

--------------------------------------------------------------------------------

* GA execution time :                                                           
  total  0.0830 user  0.0830 sys  0.0000

--------------------------------------------------------------------------------
Fitness function evaluations: 11300

--------------------------------------------------------------------------------
** Docking run number  5 **
--------------------------------------------------------------------------------
  Rank fitness base is 5000.00 ; increment is 11.2233

* Initialising population(s) ...                                                
Number of constraints mappings 0
Number of constraints 0
  Population no.                           :      1
  Population size                          :    100
  Number of duplicates                     :      0
  Number of niche violations               :      0
  Number of errors                         :    116


Doing GA, no. of population(s) 1 size 100 selection pressure 1.100000

 Operation      Score     S(PLP)   S(hbond)     S(cho)   S(metal)  DE(clash)   DE(tors)     intcor
         0       7.86      -8.95       0.00       0.00       0.00       0.00       2.21       3.33
       183       7.86      -8.95       0.00       0.00       0.00       0.00       2.21       3.33
       194      22.45     -23.35       0.00       0.00       0.00       0.00       2.12       3.33
      1146      22.49     -23.39       0.00       0.00       0.00       0.00       2.12       3.33
      1185      22.57     -23.47       0.00       0.00       0.00       0.00       2.12       3.33
      1391      23.13     -24.04       0.00       0.00       0.00       0.00       2.12       3.33
      1850      23.63     -24.53       0.00       0.00       0.00       0.00       2.12       3.33
      2118      25.02     -25.63       0.00       0.00       0.00       0.00       1.97       3.33
      2335      25.05     -25.65       0.00       0.00       0.00       0.00       1.97       3.33
      2630      25.49     -26.09       0.00       0.00       0.00       0.00       1.97       3.33
      2838      29.03     -28.06       0.53       0.00       0.00       0.00       1.97       3.33
      2881      31.39     -29.97       0.67       0.00       0.00       0.00       1.97       3.33
      3640      31.54     -30.08       0.70       0.00       0.00       0.00       1.99       3.33
      3749      31.65     -30.17       0.72       0.00       0.00       0.00       2.01       3.33
      3794      33.47     -29.62       1.48       0.00       0.00       0.00       1.96       3.33
      4625      33.47     -29.62       1.48       0.00       0.00       0.00       1.96       3.33
      4654      33.54     -29.62       1.48       0.00       0.00       0.00       1.93       3.33
      4748      34.71     -30.66       1.53       0.00       0.00       0.00       1.93       3.33
--------------------------------------------------------------------------------
Best docking solution after GA:
      4750      34.71     -30.66       1.53       0.00       0.00       0.00       1.93       3.33

#ops:       4750 #mutates:   2341 #cross:     2409 #dups:      1270 
#niche:     2334 #errors:     115 
--------------------------------------------------------------------------------

Doing AMOEBA simplex on best individual
Done simplexing #iterations 790, best score  38.75

Ligand is stored in gold_soln_prep_ligand_2_m1_5.mol2


--------------------------------------------------------------------------------
--- CHEMPLP breakdown of terms                                               ---
--------------------------------------------------------------------------------
CHEMPLP = - ( 1.0000*S(PLP) + -3.0000*S(hbond) + -6.0000*S(metal) + -3.0000*S(cho) )

Score = CHEMPLP - 1.0000*DE(clash) - 2.0000*DE(tors)

Internal energy term has been corrected with the best internal energy encountered.

--------------------------------------------------------------------------------


     Score     S(PLP)   S(hbond)     S(cho)   S(metal)  DE(clash)   DE(tors)     intcor
     38.75     -35.09       1.48       0.00       0.00       0.00       2.06       3.33

--------------------------------------------------------------------------------
--- PLP analysis of protein-ligand interactions                              ---
--------------------------------------------------------------------------------
hydrogen bonding        :      -2.00
metal                   :       0.00
buried (polar-nonpolar) :      -4.71
nonpolar                :     -34.10
repulsive               :       4.81
--------------------------------------------------------------------------------


--------------------------------------------------------------------------------
--- ChemScore analysis of protein-ligand interactions                        ---
--------------------------------------------------------------------------------

* Hydrogen bonds                                                                
Ligand donor   19 hydrogen   42 Protein acceptor 2414 bond energy  1.00 wt 0.98
Protein donor 2493 hydrogen 2498 Ligand acceptor   16 bond energy  1.00 wt 0.51


* CH..O interactions                                                            
  CH group selection                       : activated ring CH (adjacent to hetatom)

--------------------------------------------------------------------------------


--------------------------------------------------------------------------------
--- Intra-ligand clashes                                                     ---
--------------------------------------------------------------------------------

Ligand
--------------------------------------------------------------------------------


--------------------------------------------------------------------------------
--- Chromosome decoded                                                       ---
--------------------------------------------------------------------------------
Ligand Torsions
[   1    2    5    6] -175.44
[   7    8    9   10]   77.24
[  11   10    9    8]   68.65
[  15   14   13   12]   21.56
[  18   17   14   13] -178.91
[  26   25   24   23]  -29.41
Protein Torsions
[ 489  484  483  480]   41.08 
[1635 1626 1625 1623]   68.61 
[1707 1702 1701 1698]  139.88 
[1839 1828 1827 1826]   12.78 
Mapping
Ligand acceptors to protein hydrogens (mapping then atom ids)
Ligand hydrogens to protein acceptors (mapping then atom ids)
Ligand shape atoms to protein points (mapping then atom ids & coords)
  6  2604 [ 11->(-18.250  18.000  21.500)]
  9  3904 [ 23->(-16.250  21.500  19.750)]
 10  4787 [ 27->(-15.000  17.750  22.250)]
 11  5319 [ 28->(-13.750  16.000  21.250)]
Chromosome values
Integers:
  -1   -1   -1   -1   -1   -1   -1   -1   -1   -1   -1   -1 
2603   -1   -1 3903 4786 5318 
--------------------------------------------------------------------------------

Current Ranking  1  2  4  5  3

--------------------------------------------------------------------------------

* GA execution time :                                                           
  total  0.0821 user  0.0821 sys  0.0000

--------------------------------------------------------------------------------
Fitness function evaluations: 10943

--------------------------------------------------------------------------------
** Docking run number  6 **
--------------------------------------------------------------------------------
  Rank fitness base is 5000.00 ; increment is 11.2233

* Initialising population(s) ...                                                
Number of constraints mappings 0
Number of constraints 0
  Population no.                           :      1
  Population size                          :    100
  Number of duplicates                     :      0
  Number of niche violations               :      0
  Number of errors                         :    159


Doing GA, no. of population(s) 1 size 100 selection pressure 1.100000

 Operation      Score     S(PLP)   S(hbond)     S(cho)   S(metal)  DE(clash)   DE(tors)     intcor
         0      -3.23       4.68       1.00       0.00       0.00       0.00       2.45       3.33
         4      -2.99       2.62       1.27       0.00       0.00       1.94       2.79       3.33
        11      -2.99       2.62       1.27       0.00       0.00       1.94       2.79       3.33
       151       3.53      -2.08       0.04       1.00       0.00       0.00       2.50       3.33
       410       4.15      -2.67       0.05       1.00       0.00       0.00       2.50       3.33
       449      10.25     -13.16       0.00       0.00       0.00       0.00       3.13       3.33
       653      13.73     -12.38       0.16       0.85       0.00       0.00       2.50       3.33
       774      14.89     -17.13       0.00       0.00       0.00       0.00       2.78       3.33
      1392      15.90     -17.05       0.00       0.00       0.00       0.00       2.24       3.33
      2015      20.53     -18.74       1.36       0.00       0.00       0.00       2.81       3.33
      2350      20.75     -20.42       0.63       0.00       0.00       0.00       2.45       3.33
      2471      23.00     -23.64       0.31       0.00       0.00       0.00       2.45       3.33
      3184      25.31     -25.50       0.58       0.00       0.00       0.00       2.64       3.33
      3468      29.96     -30.51       1.22       0.00       0.00       1.94       2.81       3.33
      3887      32.37     -30.43       0.77       0.63       0.00       0.00       2.80       3.33
      4138      32.43     -30.49       0.77       0.63       0.00       0.00       2.80       3.33
      4411      33.75     -29.55       1.38       0.78       0.00       0.00       2.80       3.33
      4516      33.76     -29.56       1.38       0.78       0.00       0.00       2.80       3.33
      4524      34.94     -30.44       1.30       0.79       0.00       0.00       2.56       3.33
      4666      35.08     -30.30       1.36       0.95       0.00       0.00       2.73       3.33
      4747      35.09     -30.30       1.36       0.95       0.00       0.00       2.73       3.33
--------------------------------------------------------------------------------
Best docking solution after GA:
      4750      35.09     -30.30       1.36       0.95       0.00       0.00       2.73       3.33

#ops:       4750 #mutates:   2362 #cross:     2388 #dups:       844 
#niche:     2252 #errors:     134 
--------------------------------------------------------------------------------

Doing AMOEBA simplex on best individual
Done simplexing #iterations 748, best score  39.90

Ligand is stored in gold_soln_prep_ligand_2_m1_6.mol2


--------------------------------------------------------------------------------
--- CHEMPLP breakdown of terms                                               ---
--------------------------------------------------------------------------------
CHEMPLP = - ( 1.0000*S(PLP) + -3.0000*S(hbond) + -6.0000*S(metal) + -3.0000*S(cho) )

Score = CHEMPLP - 1.0000*DE(clash) - 2.0000*DE(tors)

Internal energy term has been corrected with the best internal energy encountered.

--------------------------------------------------------------------------------


     Score     S(PLP)   S(hbond)     S(cho)   S(metal)  DE(clash)   DE(tors)     intcor
     39.90     -33.01       1.57       0.91       0.00       0.00       1.94       3.33

--------------------------------------------------------------------------------
--- PLP analysis of protein-ligand interactions                              ---
--------------------------------------------------------------------------------
hydrogen bonding        :      -3.46
metal                   :       0.00
buried (polar-nonpolar) :      -4.12
nonpolar                :     -29.50
repulsive               :       2.76
--------------------------------------------------------------------------------


--------------------------------------------------------------------------------
--- ChemScore analysis of protein-ligand interactions                        ---
--------------------------------------------------------------------------------

* Hydrogen bonds                                                                
Protein donor 2493 hydrogen 2498 Ligand acceptor   16 bond energy  1.00 wt 0.71
Protein donor 2469 hydrogen 2481 Ligand acceptor   16 bond energy  1.00 wt 0.86


* CH..O interactions                                                            
  CH group selection                       : activated ring CH (adjacent to hetatom)
Ligand carbon   20 hydrogen   43 Protein acceptor  444 bond energy  1.00 wt 0.91

--------------------------------------------------------------------------------


--------------------------------------------------------------------------------
--- Intra-ligand clashes                                                     ---
--------------------------------------------------------------------------------

Ligand
--------------------------------------------------------------------------------


--------------------------------------------------------------------------------
--- Chromosome decoded                                                       ---
--------------------------------------------------------------------------------
Ligand Torsions
[   1    2    5    6]   -5.38
[   7    8    9   10]  -66.12
[  11   10    9    8]  108.78
[  15   14   13   12]   51.62
[  18   17   14   13]  -89.43
[  26   25   24   23]  -40.33
Protein Torsions
[ 489  484  483  480]  151.67 
[1635 1626 1625 1623] -100.38 
[1707 1702 1701 1698]  -35.95 
[1839 1828 1827 1826]  156.29 
Mapping
Ligand acceptors to protein hydrogens (mapping then atom ids)
  3  82 [ 16->2481]
Ligand hydrogens to protein acceptors (mapping then atom ids)
Ligand shape atoms to protein points (mapping then atom ids & coords)
  1  5408 [  1->(-13.500  13.250  19.750)]
  2  6650 [  3->(-11.500  15.250  19.250)]
Chromosome values
Integers:
  -1   -1   81   -1   -1   -1   -1 5407 6649   -1   -1   -1 
  -1   -1   -1   -1   -1   -1 
--------------------------------------------------------------------------------

Current Ranking  1  2  4  6  5  3

--------------------------------------------------------------------------------

* GA execution time :                                                           
  total  0.0837 user  0.0837 sys  0.0000

--------------------------------------------------------------------------------
Fitness function evaluations: 11076

--------------------------------------------------------------------------------
** Docking run number  7 **
--------------------------------------------------------------------------------
  Rank fitness base is 5000.00 ; increment is 11.2233

* Initialising population(s) ...                                                
Number of constraints mappings 0
Number of constraints 0
  Population no.                           :      1
  Population size                          :    100
  Number of duplicates                     :      0
  Number of niche violations               :      0
  Number of errors                         :    143


Doing GA, no. of population(s) 1 size 100 selection pressure 1.100000

 Operation      Score     S(PLP)   S(hbond)     S(cho)   S(metal)  DE(clash)   DE(tors)     intcor
         0      -9.51       7.49       0.03       0.00       0.00       0.00       2.73       3.33
        66      -4.75       2.73       0.00       0.00       0.00       0.61       2.37       3.33
       270      -4.59       2.57       0.00       0.00       0.00       0.61       2.37       3.33
       331      -4.41       2.39       0.00       0.00       0.00       0.61       2.37       3.33
       354      -1.14      -0.04       0.05       0.00       0.00       0.00       2.34       3.33
       440      10.25      -8.44       0.00       0.97       0.00       0.00       2.21       3.33
       512      29.83     -28.37       0.00       0.85       0.00       0.00       2.21       3.33
      2197      31.45     -29.70       0.00       1.00       0.00       0.00       2.29       3.32
      3340      32.87     -31.07       0.00       1.00       0.00       0.00       2.26       3.32
      3858      34.31     -32.29       0.05       1.00       0.00       0.00       2.22       3.32
      4078      34.32     -32.29       0.05       1.00       0.00       0.00       2.22       3.32
      4515      34.33     -32.30       0.05       1.00       0.00       0.00       2.22       3.32
      4590      34.52     -33.99       0.00       0.55       0.00       0.00       2.22       3.32
      4684      34.59     -34.56       0.00       0.39       0.00       0.00       2.23       3.32
      4704      36.38     -36.00       0.00       0.50       0.00       0.00       2.22       3.32
--------------------------------------------------------------------------------
Best docking solution after GA:
      4750      36.38     -36.00       0.00       0.50       0.00       0.00       2.22       3.32

#ops:       4750 #mutates:   2337 #cross:     2413 #dups:       834 
#niche:     2163 #errors:     182 
--------------------------------------------------------------------------------

Doing AMOEBA simplex on best individual
Done simplexing #iterations 755, best score  47.98

Ligand is stored in gold_soln_prep_ligand_2_m1_7.mol2


--------------------------------------------------------------------------------
--- CHEMPLP breakdown of terms                                               ---
--------------------------------------------------------------------------------
CHEMPLP = - ( 1.0000*S(PLP) + -3.0000*S(hbond) + -6.0000*S(metal) + -3.0000*S(cho) )

Score = CHEMPLP - 1.0000*DE(clash) - 2.0000*DE(tors)

Internal energy term has been corrected with the best internal energy encountered.

--------------------------------------------------------------------------------


     Score     S(PLP)   S(hbond)     S(cho)   S(metal)  DE(clash)   DE(tors)     intcor
     47.98     -45.39       0.00       1.00       0.00       0.00       1.87       3.32

--------------------------------------------------------------------------------
--- PLP analysis of protein-ligand interactions                              ---
--------------------------------------------------------------------------------
hydrogen bonding        :       0.00
metal                   :       0.00
buried (polar-nonpolar) :      -2.53
nonpolar                :     -44.46
repulsive               :       1.35
--------------------------------------------------------------------------------


--------------------------------------------------------------------------------
--- ChemScore analysis of protein-ligand interactions                        ---
--------------------------------------------------------------------------------

* Hydrogen bonds                                                                


* CH..O interactions                                                            
  CH group selection                       : activated ring CH (adjacent to hetatom)
Ligand carbon   20 hydrogen   43 Protein acceptor 2414 bond energy  1.00 wt 1.00

--------------------------------------------------------------------------------


--------------------------------------------------------------------------------
--- Intra-ligand clashes                                                     ---
--------------------------------------------------------------------------------

Ligand
--------------------------------------------------------------------------------


--------------------------------------------------------------------------------
--- Chromosome decoded                                                       ---
--------------------------------------------------------------------------------
Ligand Torsions
[   1    2    5    6]  128.78
[   7    8    9   10]    1.66
[  11   10    9    8]  116.81
[  15   14   13   12]  -59.28
[  18   17   14   13]  117.81
[  26   25   24   23]   31.08
Protein Torsions
[ 489  484  483  480]  -59.70 
[1635 1626 1625 1623]  -54.78 
[1707 1702 1701 1698] -166.88 
[1839 1828 1827 1826]   23.63 
Mapping
Ligand acceptors to protein hydrogens (mapping then atom ids)
Ligand hydrogens to protein acceptors (mapping then atom ids)
Ligand shape atoms to protein points (mapping then atom ids & coords)
  1  6178 [  1->(-12.250  12.000  19.500)]
  4  5139 [  6->(-14.000  12.000  20.250)]
  6  3859 [ 11->(-16.250  17.500  21.250)]
  7  4511 [ 12->(-15.500  18.000  21.750)]
  8  1109 [ 20->(-21.250  24.000  18.500)]
 10  6872 [ 27->(-11.000  15.750  19.500)]
 11  5884 [ 28->(-12.750  13.250  19.500)]
Chromosome values
Integers:
  -1   -1   -1   -1   -1   -1   -1 6177   -1   -1 5138   -1 
3858 4510 1108   -1 6871 5883 
--------------------------------------------------------------------------------

Current Ranking  1  7  2  4  6  5  3

--------------------------------------------------------------------------------

* GA execution time :                                                           
  total  0.0820 user  0.0820 sys  0.0000

--------------------------------------------------------------------------------
Fitness function evaluations: 10950

--------------------------------------------------------------------------------
** Docking run number  8 **
--------------------------------------------------------------------------------
  Rank fitness base is 5000.00 ; increment is 11.2233

* Initialising population(s) ...                                                
Number of constraints mappings 0
Number of constraints 0
  Population no.                           :      1
  Population size                          :    100
  Number of duplicates                     :      0
  Number of niche violations               :      0
  Number of errors                         :    144


Doing GA, no. of population(s) 1 size 100 selection pressure 1.100000

 Operation      Score     S(PLP)   S(hbond)     S(cho)   S(metal)  DE(clash)   DE(tors)     intcor
         0       6.23      -7.26       0.20       0.00       0.00       0.00       2.48       3.32
       190       7.72      -8.03       0.23       0.00       0.00       0.00       2.15       3.32
       394      17.39     -18.71       0.11       0.00       0.00       0.00       2.48       3.32
       608      17.39     -18.71       0.11       0.00       0.00       0.00       2.48       3.32
       792      26.83     -26.30       1.00       0.00       0.00       0.00       2.89       3.32
       811      28.29     -27.76       1.00       0.00       0.00       0.00       2.89       3.32
      1089      30.05     -29.52       1.00       0.00       0.00       0.00       2.89       3.32
      1205      31.84     -31.30       1.00       0.00       0.00       0.00       2.89       3.32
      2519      33.46     -31.69       1.00       0.00       0.00       0.00       2.28       3.32
      3095      33.62     -31.85       1.00       0.00       0.00       0.00       2.28       3.32
      3526      33.62     -31.85       1.00       0.00       0.00       0.00       2.28       3.32
      3693      33.76     -34.76       0.01       0.00       0.00       0.00       2.18       3.32
      3944      37.45     -38.73       0.00       0.00       0.00       0.00       2.30       3.32
      4022      38.52     -37.51       0.00       0.76       0.00       0.00       2.30       3.32
      4289      38.59     -37.58       0.00       0.76       0.00       0.00       2.30       3.32
      4344      41.41     -37.51       0.00       1.73       0.00       0.00       2.30       3.32
      4502      42.01     -38.82       0.00       1.50       0.00       0.00       2.32       3.32
--------------------------------------------------------------------------------
Best docking solution after GA:
      4750      42.01     -38.82       0.00       1.50       0.00       0.00       2.32       3.32

#ops:       4750 #mutates:   2339 #cross:     2411 #dups:       937 
#niche:     2671 #errors:      82 
--------------------------------------------------------------------------------

Doing AMOEBA simplex on best individual
Done simplexing #iterations 1034, best score  48.33

Ligand is stored in gold_soln_prep_ligand_2_m1_8.mol2


--------------------------------------------------------------------------------
--- CHEMPLP breakdown of terms                                               ---
--------------------------------------------------------------------------------
CHEMPLP = - ( 1.0000*S(PLP) + -3.0000*S(hbond) + -6.0000*S(metal) + -3.0000*S(cho) )

Score = CHEMPLP - 1.0000*DE(clash) - 2.0000*DE(tors)

Internal energy term has been corrected with the best internal energy encountered.

--------------------------------------------------------------------------------


     Score     S(PLP)   S(hbond)     S(cho)   S(metal)  DE(clash)   DE(tors)     intcor
     48.33     -44.82       0.00       1.57       0.00       0.00       2.27       3.32

--------------------------------------------------------------------------------
--- PLP analysis of protein-ligand interactions                              ---
--------------------------------------------------------------------------------
hydrogen bonding        :      -1.62
metal                   :       0.00
buried (polar-nonpolar) :      -1.69
nonpolar                :     -41.66
repulsive               :       0.63
--------------------------------------------------------------------------------


--------------------------------------------------------------------------------
--- ChemScore analysis of protein-ligand interactions                        ---
--------------------------------------------------------------------------------

* Hydrogen bonds                                                                


* CH..O interactions                                                            
  CH group selection                       : activated ring CH (adjacent to hetatom)
Ligand carbon   20 hydrogen   43 Protein acceptor 1626 bond energy  1.00 wt 0.91
Ligand carbon   20 hydrogen   43 Protein acceptor 1658 bond energy  1.00 wt 0.66

--------------------------------------------------------------------------------


--------------------------------------------------------------------------------
--- Intra-ligand clashes                                                     ---
--------------------------------------------------------------------------------

Ligand
--------------------------------------------------------------------------------


--------------------------------------------------------------------------------
--- Chromosome decoded                                                       ---
--------------------------------------------------------------------------------
Ligand Torsions
[   1    2    5    6]   59.59
[   7    8    9   10]  162.31
[  11   10    9    8]   93.72
[  15   14   13   12] -114.35
[  18   17   14   13]  163.30
[  26   25   24   23]  153.80
Protein Torsions
[ 489  484  483  480]   72.08 
[1635 1626 1625 1623]  132.19 
[1707 1702 1701 1698]  -41.37 
[1839 1828 1827 1826]   81.84 
Mapping
Ligand acceptors to protein hydrogens (mapping then atom ids)
Ligand hydrogens to protein acceptors (mapping then atom ids)
Ligand shape atoms to protein points (mapping then atom ids & coords)
  3  1148 [  4->(-21.000  19.750  19.250)]
  6  5205 [ 11->(-14.000  16.500  21.750)]
 11  2909 [ 28->(-17.750  20.250  19.500)]
Chromosome values
Integers:
  -1   -1   -1   -1   -1   -1   -1   -1   -1 1147   -1   -1 
5204   -1   -1   -1   -1 2908 
--------------------------------------------------------------------------------

Current Ranking  1  8  7  2  4  6  5  3

--------------------------------------------------------------------------------

* GA execution time :                                                           
  total  0.0848 user  0.0848 sys  0.0000

--------------------------------------------------------------------------------
Fitness function evaluations: 11176

--------------------------------------------------------------------------------
** Docking run number  9 **
--------------------------------------------------------------------------------
  Rank fitness base is 5000.00 ; increment is 11.2233

* Initialising population(s) ...                                                
Number of constraints mappings 0
Number of constraints 0
  Population no.                           :      1
  Population size                          :    100
  Number of duplicates                     :      0
  Number of niche violations               :      0
  Number of errors                         :    150


Doing GA, no. of population(s) 1 size 100 selection pressure 1.100000

 Operation      Score     S(PLP)   S(hbond)     S(cho)   S(metal)  DE(clash)   DE(tors)     intcor
         0       6.68      -3.22       1.05       0.84       0.00       0.00       2.77       3.32
       589       6.77      -3.32       1.05       0.84       0.00       0.00       2.77       3.32
       602      15.37     -10.15       1.05       0.84       0.00       0.00       1.89       3.32
       893      18.06     -23.20       0.00       0.43       0.00       4.88       2.44       3.32
       982      18.06     -23.20       0.00       0.43       0.00       4.88       2.44       3.32
      1322      19.05     -16.83       1.32       0.00       0.00       0.00       2.54       3.32
      1888      26.91     -24.36       1.15       0.00       0.00       0.00       2.11       3.32
      2273      27.84     -25.10       1.23       0.00       0.00       0.00       2.14       3.32
      2855      39.77     -39.32       0.47       0.00       0.00       0.00       2.14       3.32
      3539      39.77     -39.33       0.47       0.00       0.00       0.00       2.14       3.32
      3862      40.23     -39.95       0.41       0.00       0.00       0.00       2.14       3.32
      4380      42.87     -39.95       1.29       0.00       0.00       0.00       2.14       3.32
      4552      43.43     -40.10       1.41       0.00       0.00       0.00       2.12       3.32
--------------------------------------------------------------------------------
Best docking solution after GA:
      4750      43.43     -40.10       1.41       0.00       0.00       0.00       2.12       3.32

#ops:       4750 #mutates:   2409 #cross:     2341 #dups:       958 
#niche:     2388 #errors:      99 
--------------------------------------------------------------------------------

Doing AMOEBA simplex on best individual
Done simplexing #iterations 910, best score  57.85

Ligand is stored in gold_soln_prep_ligand_2_m1_9.mol2


--------------------------------------------------------------------------------
--- CHEMPLP breakdown of terms                                               ---
--------------------------------------------------------------------------------
CHEMPLP = - ( 1.0000*S(PLP) + -3.0000*S(hbond) + -6.0000*S(metal) + -3.0000*S(cho) )

Score = CHEMPLP - 1.0000*DE(clash) - 2.0000*DE(tors)

Internal energy term has been corrected with the best internal energy encountered.

--------------------------------------------------------------------------------


     Score     S(PLP)   S(hbond)     S(cho)   S(metal)  DE(clash)   DE(tors)     intcor
     57.85     -52.93       2.01       0.00       0.00       0.00       2.22       3.32

--------------------------------------------------------------------------------
--- PLP analysis of protein-ligand interactions                              ---
--------------------------------------------------------------------------------
hydrogen bonding        :      -6.40
metal                   :       0.00
buried (polar-nonpolar) :      -7.90
nonpolar                :     -41.84
repulsive               :       2.43
--------------------------------------------------------------------------------


--------------------------------------------------------------------------------
--- ChemScore analysis of protein-ligand interactions                        ---
--------------------------------------------------------------------------------

* Hydrogen bonds                                                                
Protein donor 5482 hydrogen 5484 Ligand acceptor   15 bond energy  1.00 wt 0.01
Protein donor 5035 hydrogen 5036 Ligand acceptor   15 bond energy  1.00 wt 1.00
Protein donor 1626 hydrogen 1635 Ligand acceptor   21 bond energy  1.00 wt 1.00


* CH..O interactions                                                            
  CH group selection                       : activated ring CH (adjacent to hetatom)

--------------------------------------------------------------------------------


--------------------------------------------------------------------------------
--- Intra-ligand clashes                                                     ---
--------------------------------------------------------------------------------

Ligand
--------------------------------------------------------------------------------


--------------------------------------------------------------------------------
--- Chromosome decoded                                                       ---
--------------------------------------------------------------------------------
Ligand Torsions
[   1    2    5    6]  -52.78
[   7    8    9   10]   -2.00
[  11   10    9    8]   85.69
[  15   14   13   12]   16.21
[  18   17   14   13] -139.19
[  26   25   24   23]   49.25
Protein Torsions
[ 489  484  483  480]  150.81 
[1635 1626 1625 1623]  -32.67 
[1707 1702 1701 1698]  -71.49 
[1839 1828 1827 1826]  108.26 
Mapping
Ligand acceptors to protein hydrogens (mapping then atom ids)
Ligand hydrogens to protein acceptors (mapping then atom ids)
Ligand shape atoms to protein points (mapping then atom ids & coords)
  1   603 [  1->(-22.250  21.000  19.500)]
  2   927 [  3->(-21.500  20.750  20.000)]
  3   785 [  4->(-21.750  20.000  20.000)]
  4  2382 [  6->(-18.750  18.750  20.750)]
  6  5101 [ 11->(-14.250  17.500  21.500)]
  9  5471 [ 23->(-13.500  16.250  21.000)]
Chromosome values
Integers:
  -1   -1   -1   -1   -1   -1   -1  602  926  784 2381   -1 
5100   -1   -1 5470   -1   -1 
--------------------------------------------------------------------------------

Current Ranking  9  1  8  7  2  4  6  5  3

--------------------------------------------------------------------------------

* GA execution time :                                                           
  total  0.0847 user  0.0837 sys  0.0010

--------------------------------------------------------------------------------
Fitness function evaluations: 11114

--------------------------------------------------------------------------------
** Docking run number 10 **
--------------------------------------------------------------------------------
  Rank fitness base is 5000.00 ; increment is 11.2233

* Initialising population(s) ...                                                
Number of constraints mappings 0
Number of constraints 0
  Population no.                           :      1
  Population size                          :    100
  Number of duplicates                     :      0
  Number of niche violations               :      0
  Number of errors                         :    161


Doing GA, no. of population(s) 1 size 100 selection pressure 1.100000

 Operation      Score     S(PLP)   S(hbond)     S(cho)   S(metal)  DE(clash)   DE(tors)     intcor
         0       2.20      -3.50       0.00       0.00       0.00       0.00       2.31       3.32
       347       2.85      -2.34       1.00       0.00       0.00       0.00       2.91       3.32
       947      15.92     -16.56       0.71       0.00       0.00       0.00       3.05       3.32
      1256      15.94     -16.48       0.74       0.00       0.00       0.00       3.05       3.32
      1539      17.79     -16.59       1.00       0.00       0.00       0.00       2.56       3.32
      1759      18.04     -16.81       1.00       0.00       0.00       0.00       2.54       3.32
      2205      18.48     -21.20       0.00       0.00       0.00       0.00       3.02       3.32
      2220      19.30     -19.31       0.83       0.00       0.00       0.00       2.91       3.32
      2353      23.21     -23.57       0.88       0.00       0.00       0.00       3.16       3.32
      2423      23.82     -26.60       0.00       0.00       0.00       0.00       3.05       3.32
      2496      24.42     -27.16       0.00       0.00       0.00       0.00       3.03       3.32
      3002      26.98     -27.69       0.52       0.00       0.00       0.00       2.80       3.32
      3255      27.40     -28.12       0.52       0.00       0.00       0.00       2.80       3.32
      3598      27.41     -28.13       0.52       0.00       0.00       0.00       2.80       3.32
      3971      27.44     -28.16       0.52       0.00       0.00       0.00       2.80       3.32
      4147      27.44     -28.16       0.52       0.00       0.00       0.00       2.80       3.32
      4482      28.90     -27.57       0.52       0.69       0.00       0.00       2.81       3.32
--------------------------------------------------------------------------------
Best docking solution after GA:
      4750      28.90     -27.57       0.52       0.69       0.00       0.00       2.81       3.32

#ops:       4750 #mutates:   2403 #cross:     2347 #dups:      1111 
#niche:     2096 #errors:     145 
--------------------------------------------------------------------------------

Doing AMOEBA simplex on best individual
Done simplexing #iterations 1120, best score  40.09

Ligand is stored in gold_soln_prep_ligand_2_m1_10.mol2


--------------------------------------------------------------------------------
--- CHEMPLP breakdown of terms                                               ---
--------------------------------------------------------------------------------
CHEMPLP = - ( 1.0000*S(PLP) + -3.0000*S(hbond) + -6.0000*S(metal) + -3.0000*S(cho) )

Score = CHEMPLP - 1.0000*DE(clash) - 2.0000*DE(tors)

Internal energy term has been corrected with the best internal energy encountered.

--------------------------------------------------------------------------------


     Score     S(PLP)   S(hbond)     S(cho)   S(metal)  DE(clash)   DE(tors)     intcor
     40.09     -35.59       1.27       1.00       0.00       0.00       2.83       3.32

--------------------------------------------------------------------------------
--- PLP analysis of protein-ligand interactions                              ---
--------------------------------------------------------------------------------
hydrogen bonding        :      -3.57
metal                   :       0.00
buried (polar-nonpolar) :      -7.65
nonpolar                :     -25.11
repulsive               :       0.28
--------------------------------------------------------------------------------


--------------------------------------------------------------------------------
--- ChemScore analysis of protein-ligand interactions                        ---
--------------------------------------------------------------------------------

* Hydrogen bonds                                                                
Protein donor  438 hydrogen  446 Ligand acceptor   26 bond energy  1.00 wt 0.27
Protein donor 1737 hydrogen 1750 Ligand acceptor   16 bond energy  1.00 wt 1.00


* CH..O interactions                                                            
  CH group selection                       : activated ring CH (adjacent to hetatom)
Ligand carbon   20 hydrogen   43 Protein acceptor  444 bond energy  1.00 wt 1.00

--------------------------------------------------------------------------------


--------------------------------------------------------------------------------
--- Intra-ligand clashes                                                     ---
--------------------------------------------------------------------------------

Ligand
--------------------------------------------------------------------------------


--------------------------------------------------------------------------------
--- Chromosome decoded                                                       ---
--------------------------------------------------------------------------------
Ligand Torsions
[   1    2    5    6]   34.43
[   7    8    9   10] -112.97
[  11   10    9    8]    3.83
[  15   14   13   12]  148.17
[  18   17   14   13]  -62.14
[  26   25   24   23]  -20.81
Protein Torsions
[ 489  484  483  480] -101.15 
[1635 1626 1625 1623] -133.21 
[1707 1702 1701 1698] -138.57 
[1839 1828 1827 1826]   -5.75 
Mapping
Ligand acceptors to protein hydrogens (mapping then atom ids)
  3  90 [ 16->1750]
Ligand hydrogens to protein acceptors (mapping then atom ids)
Ligand shape atoms to protein points (mapping then atom ids & coords)
  2  5193 [  3->(-14.000  16.250  20.250)]
  4  3594 [  6->(-16.500  16.500  19.000)]
Chromosome values
Integers:
  -1   -1   89   -1   -1   -1   -1   -1 5192   -1 3593   -1 
  -1   -1   -1   -1   -1   -1 
--------------------------------------------------------------------------------

Current Ranking  9  1  8  7  2  4 10  6  5  3

--------------------------------------------------------------------------------

* GA execution time :                                                           
  total  0.0819 user  0.0809 sys  0.0010

--------------------------------------------------------------------------------
Fitness function evaluations: 11344

--------------------------------------------------------------------------------
--- Ranking analysis                                                         ---
--------------------------------------------------------------------------------


* Final ranked order of GA solutions:                                           
   9  1  8  7  2  4 10  6  5  3 

  _______________________________
  RMSD Matrix of RANKED solutions

        2    3    4    5    6    7    8    9   10  

   1 :  3.8  1.8  9.4  9.5  5.0  9.1  9.6 10.2  2.3
   2 :       4.1  9.9 10.0  2.9  9.7  9.8 10.0  2.7
   3 :            9.5  9.6  5.6  9.5  9.8 10.4  2.6
   4 :                 0.6 10.3  5.9  4.1  3.7  9.5
   5 :                     10.4  5.8  4.0  3.7  9.7
   6 :                           9.3  9.7 10.0  4.5
   7 :                                3.7  4.9  9.7
   8 :                                     2.2  9.9
   9 :                                         10.2

  Clustering method                        : complete linkage
  Structure ids in cluster table           : rank nos.
  Ordering of clusters and their members   : by rank (order if from rms_analysis)

  Distance | Clusters
   0.64    |  1 |  2 |  3 |  4  5 |  6 |  7 |  8 |  9 | 10 |
   1.76    |  1  3 |  2 |  4  5 |  6 |  7 |  8 |  9 | 10 |
   2.21    |  1  3 |  2 |  4  5 |  6 |  7 |  8  9 | 10 |
   2.61    |  1  3 10 |  2 |  4  5 |  6 |  7 |  8  9 |
   2.88    |  1  3 10 |  2  6 |  4  5 |  7 |  8  9 |
   4.11    |  1  3 10 |  2  6 |  4  5  8  9 |  7 |
   5.62    |  1  2  3  6 10 |  4  5  8  9 |  7 |
   5.88    |  1  2  3  6 10 |  4  5  7  8  9 |
  10.41    |  1  2  3  4  5  6  7  8  9 10 |
  Finished Docking Ligand                  : /nfs/home/myuecel3/Frontiers_MedChem/data/output/gold_docking_step1/prep_ligand_2.mol2
--------------------------------------------------------------------------------

  Relative_Ligand_Energy (best encountered) :   3.324
  Relative_Ligand_Energy: fitness values have been corrected using this amount
